-------------fold:0 training-------------
Epoch 1 Step 780 - avg_train_loss: 0.4139  avg_val_loss: 0.2557
Epoch 1 Step 780 - Score: 0.5029
Epoch 1 Step 780 - Save Best Score: 0.5029 Model
-------------fold:0 training-------------
Epoch 1 Step 780 - avg_train_loss: 0.4128  avg_val_loss: 0.2547
Epoch 1 Step 780 - Score: 0.5019
Epoch 1 Step 780 - Save Best Score: 0.5019 Model
Epoch 1 Step 1560 - avg_train_loss: 0.3250  avg_val_loss: 0.2367
Epoch 1 Step 1560 - Score: 0.4850
Epoch 1 Step 1560 - Save Best Score: 0.4850 Model
Epoch 1 - avg_train_loss: 0.3249  avg_val_loss: 0.2367  time: 786s
Epoch 1 - Score: 0.4850
Epoch 2 Step 780 - avg_train_loss: 0.2065  avg_val_loss: 0.2284
Epoch 2 Step 780 - Score: 0.4751
Epoch 2 Step 780 - Save Best Score: 0.4751 Model
Epoch 2 Step 1560 - avg_train_loss: 0.2021  avg_val_loss: 0.2177
Epoch 2 Step 1560 - Score: 0.4654
Epoch 2 Step 1560 - Save Best Score: 0.4654 Model
Epoch 2 - avg_train_loss: 0.2023  avg_val_loss: 0.2177  time: 790s
Epoch 2 - Score: 0.4654
Epoch 3 Step 780 - avg_train_loss: 0.1527  avg_val_loss: 0.2109
Epoch 3 Step 780 - Score: 0.4586
Epoch 3 Step 780 - Save Best Score: 0.4586 Model
Epoch 3 Step 1560 - avg_train_loss: 0.1474  avg_val_loss: 0.2104
Epoch 3 Step 1560 - Score: 0.4582
Epoch 3 Step 1560 - Save Best Score: 0.4582 Model
Epoch 3 - avg_train_loss: 0.1473  avg_val_loss: 0.2104  time: 789s
Epoch 3 - Score: 0.4582
========== fold: 0 result ==========
Score: 0.4582
-------------fold:1 training-------------
Epoch 1 Step 780 - avg_train_loss: 0.4182  avg_val_loss: 0.2504
Epoch 1 Step 780 - Score: 0.5001
Epoch 1 Step 780 - Save Best Score: 0.5001 Model
Epoch 1 Step 1560 - avg_train_loss: 0.3389  avg_val_loss: 0.2413
Epoch 1 Step 1560 - Score: 0.4899
Epoch 1 Step 1560 - Save Best Score: 0.4899 Model
Epoch 1 - avg_train_loss: 0.3386  avg_val_loss: 0.2413  time: 777s
Epoch 1 - Score: 0.4899
Epoch 2 Step 780 - avg_train_loss: 0.2064  avg_val_loss: 0.2252
Epoch 2 Step 780 - Score: 0.4736
Epoch 2 Step 780 - Save Best Score: 0.4736 Model
Epoch 2 Step 1560 - avg_train_loss: 0.2032  avg_val_loss: 0.2637
Epoch 2 Step 1560 - Score: 0.5125
Epoch 2 - avg_train_loss: 0.2032  avg_val_loss: 0.2637  time: 779s
Epoch 2 - Score: 0.5125
Epoch 3 Step 780 - avg_train_loss: 0.1537  avg_val_loss: 0.2383
Epoch 3 Step 780 - Score: 0.4871
Epoch 3 Step 1560 - avg_train_loss: 0.1484  avg_val_loss: 0.2215
Epoch 3 Step 1560 - Score: 0.4699
Epoch 3 Step 1560 - Save Best Score: 0.4699 Model
Epoch 3 - avg_train_loss: 0.1484  avg_val_loss: 0.2215  time: 777s
Epoch 3 - Score: 0.4699
========== fold: 1 result ==========
Score: 0.4699
-------------fold:2 training-------------
Epoch 1 Step 780 - avg_train_loss: 0.3873  avg_val_loss: 0.2604
Epoch 1 Step 780 - Score: 0.5086
Epoch 1 Step 780 - Save Best Score: 0.5086 Model
Epoch 1 Step 1560 - avg_train_loss: 0.3130  avg_val_loss: 0.2572
Epoch 1 Step 1560 - Score: 0.5063
Epoch 1 Step 1560 - Save Best Score: 0.5063 Model
Epoch 1 - avg_train_loss: 0.3129  avg_val_loss: 0.2572  time: 788s
Epoch 1 - Score: 0.5063
Epoch 2 Step 780 - avg_train_loss: 0.2026  avg_val_loss: 0.2393
Epoch 2 Step 780 - Score: 0.4875
Epoch 2 Step 780 - Save Best Score: 0.4875 Model
Epoch 2 Step 1560 - avg_train_loss: 0.1992  avg_val_loss: 0.2260
Epoch 2 Step 1560 - Score: 0.4752
Epoch 2 Step 1560 - Save Best Score: 0.4752 Model
Epoch 2 - avg_train_loss: 0.1993  avg_val_loss: 0.2260  time: 803s
Epoch 2 - Score: 0.4752
Epoch 3 Step 780 - avg_train_loss: 0.1438  avg_val_loss: 0.2336
Epoch 3 Step 780 - Score: 0.4829
Epoch 3 Step 1560 - avg_train_loss: 0.1432  avg_val_loss: 0.2273
Epoch 3 Step 1560 - Score: 0.4762
Epoch 3 - avg_train_loss: 0.1433  avg_val_loss: 0.2273  time: 776s
Epoch 3 - Score: 0.4762
========== fold: 2 result ==========
Score: 0.4752
-------------fold:3 training-------------
Epoch 1 Step 780 - avg_train_loss: 0.3756  avg_val_loss: 0.2486
Epoch 1 Step 780 - Score: 0.4977
Epoch 1 Step 780 - Save Best Score: 0.4977 Model
Epoch 1 Step 1560 - avg_train_loss: 0.3101  avg_val_loss: 0.2194
Epoch 1 Step 1560 - Score: 0.4673
Epoch 1 Step 1560 - Save Best Score: 0.4673 Model
Epoch 1 - avg_train_loss: 0.3098  avg_val_loss: 0.2194  time: 784s
Epoch 1 - Score: 0.4673
Epoch 2 Step 780 - avg_train_loss: 0.2059  avg_val_loss: 0.2214
Epoch 2 Step 780 - Score: 0.4691
Epoch 2 Step 1560 - avg_train_loss: 0.2008  avg_val_loss: 0.2190
Epoch 2 Step 1560 - Score: 0.4670
Epoch 2 Step 1560 - Save Best Score: 0.4670 Model
Epoch 2 - avg_train_loss: 0.2007  avg_val_loss: 0.2190  time: 782s
Epoch 2 - Score: 0.4670
Epoch 3 Step 780 - avg_train_loss: 0.1413  avg_val_loss: 0.2276
Epoch 3 Step 780 - Score: 0.4763
Epoch 3 Step 1560 - avg_train_loss: 0.1378  avg_val_loss: 0.2226
Epoch 3 Step 1560 - Score: 0.4712
Epoch 3 - avg_train_loss: 0.1378  avg_val_loss: 0.2226  time: 771s
Epoch 3 - Score: 0.4712
========== fold: 3 result ==========
Score: 0.4670
-------------fold:4 training-------------
Epoch 1 Step 780 - avg_train_loss: 0.4309  avg_val_loss: 0.2345
Epoch 1 Step 780 - Score: 0.4831
Epoch 1 Step 780 - Save Best Score: 0.4831 Model
Epoch 1 Step 1560 - avg_train_loss: 0.3371  avg_val_loss: 0.2195
Epoch 1 Step 1560 - Score: 0.4678
Epoch 1 Step 1560 - Save Best Score: 0.4678 Model
Epoch 1 - avg_train_loss: 0.3370  avg_val_loss: 0.2195  time: 779s
Epoch 1 - Score: 0.4678
Epoch 2 Step 780 - avg_train_loss: 0.2060  avg_val_loss: 0.2690
Epoch 2 Step 780 - Score: 0.5152
Epoch 2 Step 1560 - avg_train_loss: 0.2021  avg_val_loss: 0.2088
Epoch 2 Step 1560 - Score: 0.4564
Epoch 2 Step 1560 - Save Best Score: 0.4564 Model
Epoch 2 - avg_train_loss: 0.2021  avg_val_loss: 0.2088  time: 782s
Epoch 2 - Score: 0.4564
Epoch 3 Step 780 - avg_train_loss: 0.1502  avg_val_loss: 0.2182
Epoch 3 Step 780 - Score: 0.4668
Epoch 3 Step 1560 - avg_train_loss: 0.1449  avg_val_loss: 0.2143
Epoch 3 Step 1560 - Score: 0.4624
Epoch 3 - avg_train_loss: 0.1450  avg_val_loss: 0.2143  time: 773s
Epoch 3 - Score: 0.4624
========== fold: 4 result ==========
Score: 0.4564
========== CV ==========
Score: 0.4655
