We have available 2, GPUs! but using 2 GPUs
Running basic DDP example on rank 1.
Running basic DDP example on rank 0.
-------------fold:0 training-------------
Epoch: [1][0/1564] Elapsed 0m 1s (remain 47m 20s) Loss: 10.6883(10.6883) 
Epoch: [1][100/1564] Elapsed 1m 55s (remain 27m 57s) Loss: 0.9892(2.8131) 
Epoch: [1][200/1564] Elapsed 3m 53s (remain 26m 26s) Loss: 0.2570(1.5672) 
Epoch: [1][300/1564] Elapsed 5m 46s (remain 24m 13s) Loss: 0.2308(1.1295) 
Epoch: [1][400/1564] Elapsed 7m 40s (remain 22m 14s) Loss: 0.2535(0.9121) 
Epoch: [1][500/1564] Elapsed 9m 37s (remain 20m 25s) Loss: 0.3991(0.7825) 
Epoch: [1][600/1564] Elapsed 11m 31s (remain 18m 27s) Loss: 0.9901(0.7046) 
Epoch: [1][700/1564] Elapsed 13m 26s (remain 16m 33s) Loss: 0.4253(0.6364) 
Epoch: [1][800/1564] Elapsed 15m 22s (remain 14m 38s) Loss: 0.2032(0.5910) 
Epoch: [1][900/1564] Elapsed 17m 17s (remain 12m 43s) Loss: 0.1489(0.5499) 
Epoch: [1][1000/1564] Elapsed 19m 13s (remain 10m 49s) Loss: 0.3111(0.5171) 
Epoch: [1][1100/1564] Elapsed 21m 11s (remain 8m 54s) Loss: 0.3224(0.4944) 
Epoch: [1][1200/1564] Elapsed 23m 8s (remain 6m 59s) Loss: 0.3012(0.4732) 
Epoch: [1][1300/1564] Elapsed 25m 6s (remain 5m 4s) Loss: 0.3958(0.4537) 
Epoch: [1][1400/1564] Elapsed 27m 7s (remain 3m 9s) Loss: 0.2077(0.4356) 
Epoch: [1][1500/1564] Elapsed 29m 5s (remain 1m 13s) Loss: 0.0772(0.4208) 
Epoch: [1][1563/1564] Elapsed 30m 19s (remain 0m 0s) Loss: 0.1274(0.4126) 
EVAL: [0/196] Elapsed 0m 0s (remain 0m 49s) Loss: 0.2198(0.2198) 
EVAL: [100/196] Elapsed 0m 53s (remain 0m 50s) Loss: 0.1304(0.2016) 
EVAL: [195/196] Elapsed 1m 44s (remain 0m 0s) Loss: 0.1545(0.2097) 
Epoch 1 - avg_train_loss: 0.4031  avg_val_loss: 0.2197  time: 1932s
Epoch 1 - Score: 0.4682
Epoch 1 - Save Best Score: 0.4682 Model
Epoch: [2][0/1564] Elapsed 0m 1s (remain 27m 48s) Loss: 0.1287(0.1287) 
Epoch: [2][100/1564] Elapsed 1m 59s (remain 28m 54s) Loss: 0.6171(0.2286) 
Epoch: [2][200/1564] Elapsed 3m 59s (remain 27m 6s) Loss: 0.9177(0.2279) 
Epoch: [2][300/1564] Elapsed 5m 55s (remain 24m 51s) Loss: 0.2087(0.2152) 
Epoch: [2][400/1564] Elapsed 7m 55s (remain 22m 59s) Loss: 0.2332(0.2115) 
Epoch: [2][500/1564] Elapsed 9m 54s (remain 21m 2s) Loss: 0.2909(0.2130) 
Epoch: [2][600/1564] Elapsed 11m 50s (remain 18m 59s) Loss: 0.3725(0.2174) 
Epoch: [2][700/1564] Elapsed 13m 49s (remain 17m 0s) Loss: 0.1677(0.2119) 
Epoch: [2][800/1564] Elapsed 15m 45s (remain 15m 1s) Loss: 0.2107(0.2142) 
Epoch: [2][900/1564] Elapsed 17m 44s (remain 13m 3s) Loss: 0.1388(0.2111) 
Epoch: [2][1000/1564] Elapsed 19m 43s (remain 11m 5s) Loss: 0.1870(0.2093) 
Epoch: [2][1100/1564] Elapsed 21m 42s (remain 9m 7s) Loss: 0.3231(0.2106) 
Epoch: [2][1200/1564] Elapsed 23m 40s (remain 7m 9s) Loss: 0.2320(0.2088) 
Epoch: [2][1300/1564] Elapsed 25m 39s (remain 5m 11s) Loss: 0.2499(0.2067) 
Epoch: [2][1400/1564] Elapsed 27m 39s (remain 3m 13s) Loss: 0.1679(0.2038) 
Epoch: [2][1500/1564] Elapsed 29m 41s (remain 1m 14s) Loss: 0.0498(0.2022) 
Epoch: [2][1563/1564] Elapsed 30m 54s (remain 0m 0s) Loss: 0.1268(0.2018) 
EVAL: [0/196] Elapsed 0m 0s (remain 1m 15s) Loss: 0.2464(0.2464) 
EVAL: [100/196] Elapsed 0m 50s (remain 0m 47s) Loss: 0.1347(0.2022) 
EVAL: [195/196] Elapsed 1m 39s (remain 0m 0s) Loss: 0.1565(0.2099) 
Epoch 2 - avg_train_loss: 0.2001  avg_val_loss: 0.2210  time: 1961s
Epoch 2 - Score: 0.4694
Epoch: [3][0/1564] Elapsed 0m 1s (remain 28m 3s) Loss: 0.1311(0.1311) 
Epoch: [3][100/1564] Elapsed 1m 59s (remain 28m 46s) Loss: 0.6645(0.1856) 
Epoch: [3][200/1564] Elapsed 3m 59s (remain 27m 4s) Loss: 0.8899(0.1859) 
Epoch: [3][300/1564] Elapsed 5m 54s (remain 24m 49s) Loss: 0.1403(0.1788) 
Epoch: [3][400/1564] Elapsed 7m 55s (remain 22m 59s) Loss: 0.2165(0.1729) 
Epoch: [3][500/1564] Elapsed 9m 55s (remain 21m 3s) Loss: 0.2422(0.1731) 
Epoch: [3][600/1564] Elapsed 11m 51s (remain 19m 0s) Loss: 0.1196(0.1739) 
Epoch: [3][700/1564] Elapsed 13m 50s (remain 17m 2s) Loss: 0.0616(0.1675) 
Epoch: [3][800/1564] Elapsed 15m 50s (remain 15m 5s) Loss: 0.2442(0.1686) 
Epoch: [3][900/1564] Elapsed 17m 50s (remain 13m 7s) Loss: 0.1354(0.1658) 
Epoch: [3][1000/1564] Elapsed 19m 51s (remain 11m 10s) Loss: 0.1266(0.1639) 
Epoch: [3][1100/1564] Elapsed 21m 51s (remain 9m 11s) Loss: 0.3250(0.1638) 
Epoch: [3][1200/1564] Elapsed 23m 52s (remain 7m 12s) Loss: 0.1426(0.1610) 
Epoch: [3][1300/1564] Elapsed 25m 51s (remain 5m 13s) Loss: 0.1337(0.1585) 
Epoch: [3][1400/1564] Elapsed 27m 51s (remain 3m 14s) Loss: 0.1005(0.1556) 
Epoch: [3][1500/1564] Elapsed 29m 51s (remain 1m 15s) Loss: 0.1013(0.1541) 
Epoch: [3][1563/1564] Elapsed 31m 5s (remain 0m 0s) Loss: 0.1145(0.1546) 
EVAL: [0/196] Elapsed 0m 0s (remain 2m 21s) Loss: 0.3100(0.3100) 
EVAL: [100/196] Elapsed 0m 55s (remain 0m 51s) Loss: 0.1881(0.2430) 
EVAL: [195/196] Elapsed 1m 47s (remain 0m 0s) Loss: 0.2904(0.2492) 
Epoch 3 - avg_train_loss: 0.1523  avg_val_loss: 0.2595  time: 1973s
Epoch 3 - Score: 0.5078
Epoch: [4][0/1564] Elapsed 0m 0s (remain 24m 28s) Loss: 0.1387(0.1387) 
Epoch: [4][100/1564] Elapsed 1m 57s (remain 28m 16s) Loss: 0.3783(0.1307) 
Epoch: [4][200/1564] Elapsed 3m 55s (remain 26m 38s) Loss: 0.3793(0.1336) 
Epoch: [4][300/1564] Elapsed 5m 53s (remain 24m 43s) Loss: 0.0488(0.1326) 
Epoch: [4][400/1564] Elapsed 7m 53s (remain 22m 52s) Loss: 0.1738(0.1265) 
Epoch: [4][500/1564] Elapsed 9m 53s (remain 20m 59s) Loss: 0.1396(0.1246) 
Epoch: [4][600/1564] Elapsed 11m 52s (remain 19m 1s) Loss: 0.0961(0.1271) 
Epoch: [4][700/1564] Elapsed 13m 49s (remain 17m 1s) Loss: 0.0567(0.1231) 
Epoch: [4][800/1564] Elapsed 15m 49s (remain 15m 4s) Loss: 0.1161(0.1236) 
Epoch: [4][900/1564] Elapsed 17m 46s (remain 13m 5s) Loss: 0.1128(0.1223) 
Epoch: [4][1000/1564] Elapsed 19m 46s (remain 11m 7s) Loss: 0.0383(0.1206) 
Epoch: [4][1100/1564] Elapsed 21m 45s (remain 9m 8s) Loss: 0.1930(0.1245) 
Epoch: [4][1200/1564] Elapsed 23m 44s (remain 7m 10s) Loss: 0.1976(0.1247) 
Epoch: [4][1300/1564] Elapsed 25m 43s (remain 5m 12s) Loss: 0.0778(0.1235) 
Epoch: [4][1400/1564] Elapsed 27m 42s (remain 3m 13s) Loss: 0.0722(0.1223) 
Epoch: [4][1500/1564] Elapsed 29m 43s (remain 1m 14s) Loss: 0.3150(0.1232) 
Epoch: [4][1563/1564] Elapsed 30m 58s (remain 0m 0s) Loss: 0.0649(0.1244) 
EVAL: [0/196] Elapsed 0m 0s (remain 0m 53s) Loss: 0.1141(0.1141) 
EVAL: [100/196] Elapsed 0m 52s (remain 0m 49s) Loss: 0.1704(0.1936) 
EVAL: [195/196] Elapsed 1m 40s (remain 0m 0s) Loss: 0.1689(0.2070) 
Epoch 4 - avg_train_loss: 0.1211  avg_val_loss: 0.2176  time: 1962s
Epoch 4 - Score: 0.4661
Epoch 4 - Save Best Score: 0.4661 Model
========== fold: 0 result ==========
Score: 0.4661
Running basic DDP example on rank 1.
Running basic DDP example on rank 0.
-------------fold:1 training-------------
Epoch: [1][0/1564] Elapsed 0m 1s (remain 42m 32s) Loss: 10.0501(10.0501) 
Epoch: [1][100/1564] Elapsed 1m 57s (remain 28m 27s) Loss: 0.0437(2.7993) 
Epoch: [1][200/1564] Elapsed 3m 54s (remain 26m 31s) Loss: 0.0467(1.5714) 
Epoch: [1][300/1564] Elapsed 5m 52s (remain 24m 39s) Loss: 0.4354(1.1418) 
Epoch: [1][400/1564] Elapsed 7m 49s (remain 22m 41s) Loss: 0.3913(0.9240) 
Epoch: [1][500/1564] Elapsed 9m 43s (remain 20m 39s) Loss: 0.1685(0.7931) 
Epoch: [1][600/1564] Elapsed 11m 40s (remain 18m 42s) Loss: 0.2670(0.7016) 
Epoch: [1][700/1564] Elapsed 13m 38s (remain 16m 47s) Loss: 0.1583(0.6345) 
Epoch: [1][800/1564] Elapsed 15m 36s (remain 14m 51s) Loss: 0.2509(0.5853) 
Epoch: [1][900/1564] Elapsed 17m 32s (remain 12m 54s) Loss: 0.0849(0.5462) 
Epoch: [1][1000/1564] Elapsed 19m 29s (remain 10m 57s) Loss: 0.2454(0.5178) 
Epoch: [1][1100/1564] Elapsed 21m 28s (remain 9m 2s) Loss: 0.1250(0.4929) 
Epoch: [1][1200/1564] Elapsed 23m 25s (remain 7m 4s) Loss: 0.2864(0.4713) 
Epoch: [1][1300/1564] Elapsed 25m 22s (remain 5m 7s) Loss: 0.4260(0.4504) 
Epoch: [1][1400/1564] Elapsed 27m 18s (remain 3m 10s) Loss: 0.4126(0.4351) 
Epoch: [1][1500/1564] Elapsed 29m 16s (remain 1m 13s) Loss: 0.0359(0.4204) 
Epoch: [1][1563/1564] Elapsed 30m 30s (remain 0m 0s) Loss: 0.2069(0.4146) 
EVAL: [0/196] Elapsed 0m 0s (remain 0m 27s) Loss: 0.1831(0.1831) 
EVAL: [100/196] Elapsed 0m 53s (remain 0m 50s) Loss: 0.3282(0.2187) 
EVAL: [195/196] Elapsed 1m 44s (remain 0m 0s) Loss: 0.2226(0.2281) 
Epoch 1 - avg_train_loss: 0.4194  avg_val_loss: 0.2255  time: 1936s
Epoch 1 - Score: 0.4746
Epoch 1 - Save Best Score: 0.4746 Model
Epoch: [2][0/1564] Elapsed 0m 0s (remain 19m 10s) Loss: 0.1380(0.1380) 
Epoch: [2][100/1564] Elapsed 1m 58s (remain 28m 38s) Loss: 0.0055(0.2083) 
Epoch: [2][200/1564] Elapsed 3m 56s (remain 26m 40s) Loss: 0.0273(0.2081) 
Epoch: [2][300/1564] Elapsed 5m 54s (remain 24m 46s) Loss: 0.2385(0.2055) 
Epoch: [2][400/1564] Elapsed 7m 51s (remain 22m 47s) Loss: 0.3507(0.2096) 
Epoch: [2][500/1564] Elapsed 9m 49s (remain 20m 50s) Loss: 0.1078(0.2119) 
Epoch: [2][600/1564] Elapsed 11m 46s (remain 18m 51s) Loss: 0.2300(0.2090) 
Epoch: [2][700/1564] Elapsed 13m 44s (remain 16m 54s) Loss: 0.1577(0.2050) 
Epoch: [2][800/1564] Elapsed 15m 43s (remain 14m 58s) Loss: 0.3273(0.2040) 
Epoch: [2][900/1564] Elapsed 17m 43s (remain 13m 2s) Loss: 0.0967(0.2023) 
Epoch: [2][1000/1564] Elapsed 19m 42s (remain 11m 5s) Loss: 0.2291(0.2030) 
Epoch: [2][1100/1564] Elapsed 21m 40s (remain 9m 6s) Loss: 0.1217(0.2015) 
Epoch: [2][1200/1564] Elapsed 23m 39s (remain 7m 8s) Loss: 0.2787(0.2010) 
Epoch: [2][1300/1564] Elapsed 25m 40s (remain 5m 11s) Loss: 0.3147(0.1985) 
Epoch: [2][1400/1564] Elapsed 27m 35s (remain 3m 12s) Loss: 0.2557(0.1974) 
Epoch: [2][1500/1564] Elapsed 29m 34s (remain 1m 14s) Loss: 0.0471(0.1949) 
Epoch: [2][1563/1564] Elapsed 30m 47s (remain 0m 0s) Loss: 0.0903(0.1938) 
EVAL: [0/196] Elapsed 0m 0s (remain 0m 35s) Loss: 0.1356(0.1356) 
EVAL: [100/196] Elapsed 0m 53s (remain 0m 50s) Loss: 0.3792(0.2210) 
EVAL: [195/196] Elapsed 1m 43s (remain 0m 0s) Loss: 0.3288(0.2251) 
Epoch 2 - avg_train_loss: 0.1965  avg_val_loss: 0.2224  time: 1952s
Epoch 2 - Score: 0.4711
Epoch 2 - Save Best Score: 0.4711 Model
Epoch: [3][0/1564] Elapsed 0m 1s (remain 28m 17s) Loss: 0.2597(0.2597) 
Epoch: [3][100/1564] Elapsed 1m 56s (remain 28m 4s) Loss: 0.0074(0.1751) 
Epoch: [3][200/1564] Elapsed 3m 54s (remain 26m 32s) Loss: 0.0280(0.1709) 
Epoch: [3][300/1564] Elapsed 5m 52s (remain 24m 38s) Loss: 0.2184(0.1668) 
Epoch: [3][400/1564] Elapsed 7m 49s (remain 22m 43s) Loss: 0.3246(0.1708) 
Epoch: [3][500/1564] Elapsed 9m 47s (remain 20m 46s) Loss: 0.0658(0.1691) 
Epoch: [3][600/1564] Elapsed 11m 45s (remain 18m 50s) Loss: 0.2123(0.1662) 
Epoch: [3][700/1564] Elapsed 13m 42s (remain 16m 52s) Loss: 0.1323(0.1632) 
Epoch: [3][800/1564] Elapsed 15m 41s (remain 14m 56s) Loss: 0.2733(0.1624) 
Epoch: [3][900/1564] Elapsed 17m 42s (remain 13m 1s) Loss: 0.1073(0.1602) 
Epoch: [3][1000/1564] Elapsed 19m 38s (remain 11m 2s) Loss: 0.2350(0.1586) 
Epoch: [3][1100/1564] Elapsed 21m 38s (remain 9m 5s) Loss: 0.0930(0.1562) 
Epoch: [3][1200/1564] Elapsed 23m 38s (remain 7m 8s) Loss: 0.2008(0.1555) 
Epoch: [3][1300/1564] Elapsed 25m 37s (remain 5m 10s) Loss: 0.1388(0.1535) 
Epoch: [3][1400/1564] Elapsed 27m 34s (remain 3m 12s) Loss: 0.2313(0.1509) 
Epoch: [3][1500/1564] Elapsed 29m 30s (remain 1m 14s) Loss: 0.0578(0.1492) 
Epoch: [3][1563/1564] Elapsed 30m 43s (remain 0m 0s) Loss: 0.1003(0.1490) 
EVAL: [0/196] Elapsed 0m 0s (remain 1m 53s) Loss: 0.1918(0.1918) 
EVAL: [100/196] Elapsed 0m 58s (remain 0m 55s) Loss: 0.4378(0.2457) 
EVAL: [195/196] Elapsed 1m 51s (remain 0m 0s) Loss: 0.1687(0.2569) 
Epoch 3 - avg_train_loss: 0.1502  avg_val_loss: 0.2512  time: 1955s
Epoch 3 - Score: 0.5007
Epoch: [4][0/1564] Elapsed 0m 1s (remain 27m 45s) Loss: 0.1272(0.1272) 
Epoch: [4][100/1564] Elapsed 1m 56s (remain 28m 14s) Loss: 0.0189(0.1261) 
Epoch: [4][200/1564] Elapsed 3m 56s (remain 26m 45s) Loss: 0.0337(0.1210) 
Epoch: [4][300/1564] Elapsed 5m 54s (remain 24m 48s) Loss: 0.1587(0.1252) 
Epoch: [4][400/1564] Elapsed 7m 53s (remain 22m 54s) Loss: 0.1488(0.1309) 
Epoch: [4][500/1564] Elapsed 9m 52s (remain 20m 56s) Loss: 0.1317(0.1299) 
Epoch: [4][600/1564] Elapsed 11m 52s (remain 19m 2s) Loss: 0.1557(0.1275) 
Epoch: [4][700/1564] Elapsed 13m 50s (remain 17m 2s) Loss: 0.1116(0.1241) 
Epoch: [4][800/1564] Elapsed 15m 47s (remain 15m 3s) Loss: 0.2584(0.1228) 
Epoch: [4][900/1564] Elapsed 17m 49s (remain 13m 7s) Loss: 0.0546(0.1205) 
Epoch: [4][1000/1564] Elapsed 19m 47s (remain 11m 7s) Loss: 0.1893(0.1190) 
Epoch: [4][1100/1564] Elapsed 21m 49s (remain 9m 10s) Loss: 0.0904(0.1180) 
Epoch: [4][1200/1564] Elapsed 23m 49s (remain 7m 11s) Loss: 0.1395(0.1190) 
Epoch: [4][1300/1564] Elapsed 25m 48s (remain 5m 13s) Loss: 0.0947(0.1179) 
Epoch: [4][1400/1564] Elapsed 27m 43s (remain 3m 13s) Loss: 0.1593(0.1160) 
Epoch: [4][1500/1564] Elapsed 29m 39s (remain 1m 14s) Loss: 0.0548(0.1160) 
Epoch: [4][1563/1564] Elapsed 30m 54s (remain 0m 0s) Loss: 0.0818(0.1163) 
EVAL: [0/196] Elapsed 0m 0s (remain 1m 57s) Loss: 0.1514(0.1514) 
EVAL: [100/196] Elapsed 0m 52s (remain 0m 49s) Loss: 0.4336(0.2275) 
EVAL: [195/196] Elapsed 1m 38s (remain 0m 0s) Loss: 0.1565(0.2287) 
Epoch 4 - avg_train_loss: 0.1183  avg_val_loss: 0.2268  time: 1960s
Epoch 4 - Score: 0.4758
========== fold: 1 result ==========
Score: 0.4711
Running basic DDP example on rank 0.
Running basic DDP example on rank 1.
-------------fold:2 training-------------
Epoch: [1][0/1564] Elapsed 0m 1s (remain 49m 12s) Loss: 7.1130(7.1130) 
Epoch: [1][100/1564] Elapsed 1m 59s (remain 28m 47s) Loss: 0.4456(3.0595) 
Epoch: [1][200/1564] Elapsed 4m 3s (remain 27m 28s) Loss: 0.2478(1.6958) 
Epoch: [1][300/1564] Elapsed 6m 0s (remain 25m 11s) Loss: 0.1088(1.2197) 
Epoch: [1][400/1564] Elapsed 7m 57s (remain 23m 3s) Loss: 0.3466(0.9891) 
Epoch: [1][500/1564] Elapsed 9m 55s (remain 21m 3s) Loss: 0.2140(0.8394) 
Epoch: [1][600/1564] Elapsed 11m 53s (remain 19m 3s) Loss: 0.2620(0.7424) 
Epoch: [1][700/1564] Elapsed 13m 53s (remain 17m 6s) Loss: 0.4517(0.6701) 
Epoch: [1][800/1564] Elapsed 15m 53s (remain 15m 8s) Loss: 0.4249(0.6184) 
Epoch: [1][900/1564] Elapsed 17m 48s (remain 13m 6s) Loss: 0.2165(0.5759) 
Epoch: [1][1000/1564] Elapsed 19m 46s (remain 11m 7s) Loss: 0.1968(0.5431) 
Epoch: [1][1100/1564] Elapsed 21m 42s (remain 9m 7s) Loss: 0.1719(0.5122) 
Epoch: [1][1200/1564] Elapsed 23m 43s (remain 7m 10s) Loss: 0.1003(0.4891) 
Epoch: [1][1300/1564] Elapsed 25m 42s (remain 5m 11s) Loss: 0.1759(0.4708) 
Epoch: [1][1400/1564] Elapsed 27m 39s (remain 3m 13s) Loss: 0.1814(0.4528) 
Epoch: [1][1500/1564] Elapsed 29m 38s (remain 1m 14s) Loss: 0.2945(0.4396) 
Epoch: [1][1563/1564] Elapsed 30m 52s (remain 0m 0s) Loss: 0.2296(0.4310) 
EVAL: [0/196] Elapsed 0m 0s (remain 2m 13s) Loss: 0.1876(0.1876) 
EVAL: [100/196] Elapsed 0m 53s (remain 0m 50s) Loss: 0.2904(0.2286) 
EVAL: [195/196] Elapsed 1m 41s (remain 0m 0s) Loss: 0.1405(0.2383) 
Epoch 1 - avg_train_loss: 0.4132  avg_val_loss: 0.2361  time: 1960s
Epoch 1 - Score: 0.4845
Epoch 1 - Save Best Score: 0.4845 Model
Epoch: [2][0/1564] Elapsed 0m 0s (remain 18m 8s) Loss: 0.8011(0.8011) 
Epoch: [2][100/1564] Elapsed 1m 58s (remain 28m 38s) Loss: 0.2672(0.2639) 
Epoch: [2][200/1564] Elapsed 4m 0s (remain 27m 8s) Loss: 0.3172(0.2505) 
Epoch: [2][300/1564] Elapsed 5m 57s (remain 24m 58s) Loss: 0.1005(0.2469) 
Epoch: [2][400/1564] Elapsed 7m 53s (remain 22m 53s) Loss: 0.3643(0.2410) 
Epoch: [2][500/1564] Elapsed 9m 52s (remain 20m 57s) Loss: 0.2149(0.2342) 
Epoch: [2][600/1564] Elapsed 11m 50s (remain 18m 58s) Loss: 0.2271(0.2299) 
Epoch: [2][700/1564] Elapsed 13m 50s (remain 17m 1s) Loss: 0.5008(0.2237) 
Epoch: [2][800/1564] Elapsed 15m 49s (remain 15m 4s) Loss: 0.3788(0.2218) 
Epoch: [2][900/1564] Elapsed 17m 47s (remain 13m 5s) Loss: 0.1555(0.2179) 
Epoch: [2][1000/1564] Elapsed 19m 45s (remain 11m 6s) Loss: 0.2008(0.2171) 
Epoch: [2][1100/1564] Elapsed 21m 42s (remain 9m 7s) Loss: 0.1495(0.2134) 
Epoch: [2][1200/1564] Elapsed 23m 41s (remain 7m 9s) Loss: 0.1064(0.2121) 
Epoch: [2][1300/1564] Elapsed 25m 41s (remain 5m 11s) Loss: 0.1124(0.2117) 
Epoch: [2][1400/1564] Elapsed 27m 38s (remain 3m 12s) Loss: 0.1563(0.2099) 
Epoch: [2][1500/1564] Elapsed 29m 36s (remain 1m 14s) Loss: 0.2524(0.2090) 
Epoch: [2][1563/1564] Elapsed 30m 50s (remain 0m 0s) Loss: 0.1649(0.2085) 
EVAL: [0/196] Elapsed 0m 0s (remain 2m 19s) Loss: 0.2475(0.2475) 
EVAL: [100/196] Elapsed 0m 50s (remain 0m 47s) Loss: 0.2918(0.2243) 
EVAL: [195/196] Elapsed 1m 42s (remain 0m 0s) Loss: 0.1678(0.2343) 
Epoch 2 - avg_train_loss: 0.2057  avg_val_loss: 0.2300  time: 1964s
Epoch 2 - Score: 0.4786
Epoch 2 - Save Best Score: 0.4786 Model
Epoch: [3][0/1564] Elapsed 0m 1s (remain 28m 22s) Loss: 0.7897(0.7897) 
Epoch: [3][100/1564] Elapsed 2m 0s (remain 29m 8s) Loss: 0.2075(0.2192) 
Epoch: [3][200/1564] Elapsed 4m 0s (remain 27m 11s) Loss: 0.2046(0.2067) 
Epoch: [3][300/1564] Elapsed 5m 57s (remain 25m 2s) Loss: 0.1026(0.2025) 
Epoch: [3][400/1564] Elapsed 7m 54s (remain 22m 57s) Loss: 0.3014(0.1964) 
Epoch: [3][500/1564] Elapsed 9m 53s (remain 21m 0s) Loss: 0.1759(0.1922) 
Epoch: [3][600/1564] Elapsed 11m 52s (remain 19m 1s) Loss: 0.1452(0.1879) 
Epoch: [3][700/1564] Elapsed 13m 51s (remain 17m 3s) Loss: 0.4129(0.1824) 
Epoch: [3][800/1564] Elapsed 15m 50s (remain 15m 5s) Loss: 0.3099(0.1807) 
Epoch: [3][900/1564] Elapsed 17m 50s (remain 13m 7s) Loss: 0.0990(0.1763) 
Epoch: [3][1000/1564] Elapsed 19m 47s (remain 11m 7s) Loss: 0.1586(0.1752) 
Epoch: [3][1100/1564] Elapsed 21m 47s (remain 9m 9s) Loss: 0.1289(0.1727) 
Epoch: [3][1200/1564] Elapsed 23m 46s (remain 7m 11s) Loss: 0.1069(0.1717) 
Epoch: [3][1300/1564] Elapsed 25m 45s (remain 5m 12s) Loss: 0.1038(0.1702) 
Epoch: [3][1400/1564] Elapsed 27m 41s (remain 3m 13s) Loss: 0.1439(0.1683) 
Epoch: [3][1500/1564] Elapsed 29m 41s (remain 1m 14s) Loss: 0.1987(0.1668) 
Epoch: [3][1563/1564] Elapsed 30m 56s (remain 0m 0s) Loss: 0.1273(0.1662) 
EVAL: [0/196] Elapsed 0m 0s (remain 1m 43s) Loss: 0.2342(0.2342) 
EVAL: [100/196] Elapsed 0m 51s (remain 0m 48s) Loss: 0.2285(0.2291) 
EVAL: [195/196] Elapsed 1m 42s (remain 0m 0s) Loss: 0.1727(0.2397) 
Epoch 3 - avg_train_loss: 0.1656  avg_val_loss: 0.2348  time: 1964s
Epoch 3 - Score: 0.4838
Epoch: [4][0/1564] Elapsed 0m 0s (remain 24m 14s) Loss: 0.6655(0.6655) 
Epoch: [4][100/1564] Elapsed 1m 58s (remain 28m 31s) Loss: 0.1563(0.1606) 
Epoch: [4][200/1564] Elapsed 3m 59s (remain 27m 6s) Loss: 0.1707(0.1468) 
Epoch: [4][300/1564] Elapsed 5m 55s (remain 24m 51s) Loss: 0.1419(0.1467) 
Epoch: [4][400/1564] Elapsed 7m 52s (remain 22m 50s) Loss: 0.1094(0.1453) 
Epoch: [4][500/1564] Elapsed 9m 48s (remain 20m 49s) Loss: 0.0990(0.1453) 
Epoch: [4][600/1564] Elapsed 11m 45s (remain 18m 50s) Loss: 0.0677(0.1422) 
Epoch: [4][700/1564] Elapsed 13m 42s (remain 16m 52s) Loss: 0.2544(0.1397) 
Epoch: [4][800/1564] Elapsed 15m 41s (remain 14m 57s) Loss: 0.2156(0.1377) 
Epoch: [4][900/1564] Elapsed 17m 41s (remain 13m 1s) Loss: 0.0892(0.1349) 
Epoch: [4][1000/1564] Elapsed 19m 40s (remain 11m 3s) Loss: 0.1196(0.1341) 
Epoch: [4][1100/1564] Elapsed 21m 38s (remain 9m 6s) Loss: 0.1906(0.1329) 
Epoch: [4][1200/1564] Elapsed 23m 37s (remain 7m 8s) Loss: 0.1435(0.1323) 
Epoch: [4][1300/1564] Elapsed 25m 37s (remain 5m 10s) Loss: 0.0937(0.1315) 
Epoch: [4][1400/1564] Elapsed 27m 33s (remain 3m 12s) Loss: 0.1277(0.1316) 
Epoch: [4][1500/1564] Elapsed 29m 32s (remain 1m 14s) Loss: 0.1140(0.1310) 
Epoch: [4][1563/1564] Elapsed 30m 46s (remain 0m 0s) Loss: 0.1244(0.1317) 
EVAL: [0/196] Elapsed 0m 0s (remain 2m 13s) Loss: 0.2750(0.2750) 
EVAL: [100/196] Elapsed 0m 53s (remain 0m 49s) Loss: 0.2821(0.2423) 
EVAL: [195/196] Elapsed 1m 45s (remain 0m 0s) Loss: 0.2242(0.2610) 
Epoch 4 - avg_train_loss: 0.1323  avg_val_loss: 0.2562  time: 1957s
Epoch 4 - Score: 0.5054
========== fold: 2 result ==========
Score: 0.4786
Running basic DDP example on rank 1.
Running basic DDP example on rank 0.
-------------fold:3 training-------------
Epoch: [1][0/1564] Elapsed 0m 1s (remain 36m 49s) Loss: 8.1063(8.1063) 
Epoch: [1][100/1564] Elapsed 1m 56s (remain 28m 13s) Loss: 0.5708(2.7786) 
Epoch: [1][200/1564] Elapsed 3m 54s (remain 26m 33s) Loss: 0.2751(1.5603) 
Epoch: [1][300/1564] Elapsed 5m 51s (remain 24m 33s) Loss: 0.2356(1.1116) 
Epoch: [1][400/1564] Elapsed 7m 49s (remain 22m 40s) Loss: 0.0678(0.8928) 
Epoch: [1][500/1564] Elapsed 9m 47s (remain 20m 46s) Loss: 0.3443(0.7639) 
Epoch: [1][600/1564] Elapsed 11m 44s (remain 18m 48s) Loss: 0.2686(0.6801) 
Epoch: [1][700/1564] Elapsed 13m 39s (remain 16m 48s) Loss: 0.0933(0.6172) 
Epoch: [1][800/1564] Elapsed 15m 36s (remain 14m 51s) Loss: 0.1994(0.5674) 
Epoch: [1][900/1564] Elapsed 17m 32s (remain 12m 54s) Loss: 0.1187(0.5309) 
Epoch: [1][1000/1564] Elapsed 19m 31s (remain 10m 58s) Loss: 0.0923(0.5002) 
Epoch: [1][1100/1564] Elapsed 21m 30s (remain 9m 2s) Loss: 0.3005(0.4801) 
Epoch: [1][1200/1564] Elapsed 23m 27s (remain 7m 5s) Loss: 0.6466(0.4580) 
Epoch: [1][1300/1564] Elapsed 25m 21s (remain 5m 7s) Loss: 0.0907(0.4401) 
Epoch: [1][1400/1564] Elapsed 27m 20s (remain 3m 10s) Loss: 0.1317(0.4256) 
Epoch: [1][1500/1564] Elapsed 29m 15s (remain 1m 13s) Loss: 0.1758(0.4127) 
Epoch: [1][1563/1564] Elapsed 30m 27s (remain 0m 0s) Loss: 0.0774(0.4060) 
EVAL: [0/196] Elapsed 0m 0s (remain 1m 9s) Loss: 0.4529(0.4529) 
EVAL: [100/196] Elapsed 0m 51s (remain 0m 48s) Loss: 0.0800(0.2439) 
EVAL: [195/196] Elapsed 1m 39s (remain 0m 0s) Loss: 0.0804(0.2430) 
Epoch 1 - avg_train_loss: 0.4057  avg_val_loss: 0.2543  time: 1933s
Epoch 1 - Score: 0.5034
Epoch 1 - Save Best Score: 0.5034 Model
Epoch: [2][0/1564] Elapsed 0m 1s (remain 28m 32s) Loss: 0.2678(0.2678) 
Epoch: [2][100/1564] Elapsed 2m 0s (remain 29m 0s) Loss: 0.2974(0.2501) 
Epoch: [2][200/1564] Elapsed 3m 54s (remain 26m 29s) Loss: 0.1948(0.2249) 
Epoch: [2][300/1564] Elapsed 5m 50s (remain 24m 29s) Loss: 0.2613(0.2118) 
Epoch: [2][400/1564] Elapsed 7m 48s (remain 22m 37s) Loss: 0.0615(0.2050) 
Epoch: [2][500/1564] Elapsed 9m 45s (remain 20m 43s) Loss: 0.3012(0.2073) 
Epoch: [2][600/1564] Elapsed 11m 43s (remain 18m 47s) Loss: 0.2798(0.2103) 
Epoch: [2][700/1564] Elapsed 13m 38s (remain 16m 48s) Loss: 0.0926(0.2086) 
Epoch: [2][800/1564] Elapsed 15m 33s (remain 14m 49s) Loss: 0.0973(0.2053) 
Epoch: [2][900/1564] Elapsed 17m 29s (remain 12m 52s) Loss: 0.0698(0.2040) 
Epoch: [2][1000/1564] Elapsed 19m 26s (remain 10m 55s) Loss: 0.1093(0.2021) 
Epoch: [2][1100/1564] Elapsed 21m 20s (remain 8m 58s) Loss: 0.3014(0.2051) 
Epoch: [2][1200/1564] Elapsed 23m 18s (remain 7m 2s) Loss: 0.3662(0.2040) 
Epoch: [2][1300/1564] Elapsed 25m 15s (remain 5m 6s) Loss: 0.0821(0.2025) 
Epoch: [2][1400/1564] Elapsed 27m 13s (remain 3m 10s) Loss: 0.1080(0.2017) 
Epoch: [2][1500/1564] Elapsed 29m 9s (remain 1m 13s) Loss: 0.1713(0.2012) 
Epoch: [2][1563/1564] Elapsed 30m 22s (remain 0m 0s) Loss: 0.0664(0.2019) 
EVAL: [0/196] Elapsed 0m 0s (remain 2m 34s) Loss: 0.4164(0.4164) 
EVAL: [100/196] Elapsed 0m 54s (remain 0m 51s) Loss: 0.0774(0.2222) 
EVAL: [195/196] Elapsed 1m 45s (remain 0m 0s) Loss: 0.0813(0.2234) 
Epoch 2 - avg_train_loss: 0.2025  avg_val_loss: 0.2318  time: 1930s
Epoch 2 - Score: 0.4806
Epoch 2 - Save Best Score: 0.4806 Model
Epoch: [3][0/1564] Elapsed 0m 0s (remain 21m 22s) Loss: 0.3322(0.3322) 
Epoch: [3][100/1564] Elapsed 1m 58s (remain 28m 30s) Loss: 0.2422(0.1954) 
Epoch: [3][200/1564] Elapsed 3m 55s (remain 26m 33s) Loss: 0.1440(0.1829) 
Epoch: [3][300/1564] Elapsed 5m 54s (remain 24m 48s) Loss: 0.2504(0.1762) 
Epoch: [3][400/1564] Elapsed 7m 51s (remain 22m 46s) Loss: 0.0754(0.1711) 
Epoch: [3][500/1564] Elapsed 9m 48s (remain 20m 47s) Loss: 0.2411(0.1740) 
Epoch: [3][600/1564] Elapsed 11m 43s (remain 18m 47s) Loss: 0.1436(0.1746) 
Epoch: [3][700/1564] Elapsed 13m 38s (remain 16m 48s) Loss: 0.0925(0.1718) 
Epoch: [3][800/1564] Elapsed 15m 37s (remain 14m 53s) Loss: 0.1191(0.1674) 
Epoch: [3][900/1564] Elapsed 17m 36s (remain 12m 57s) Loss: 0.0564(0.1650) 
Epoch: [3][1000/1564] Elapsed 19m 32s (remain 10m 59s) Loss: 0.1369(0.1607) 
Epoch: [3][1100/1564] Elapsed 21m 31s (remain 9m 2s) Loss: 0.1373(0.1628) 
Epoch: [3][1200/1564] Elapsed 23m 26s (remain 7m 4s) Loss: 0.1966(0.1619) 
Epoch: [3][1300/1564] Elapsed 25m 21s (remain 5m 7s) Loss: 0.0710(0.1593) 
Epoch: [3][1400/1564] Elapsed 27m 18s (remain 3m 10s) Loss: 0.0753(0.1577) 
Epoch: [3][1500/1564] Elapsed 29m 16s (remain 1m 13s) Loss: 0.1604(0.1572) 
Epoch: [3][1563/1564] Elapsed 30m 29s (remain 0m 0s) Loss: 0.0528(0.1571) 
EVAL: [0/196] Elapsed 0m 0s (remain 2m 29s) Loss: 0.4427(0.4427) 
EVAL: [100/196] Elapsed 0m 52s (remain 0m 49s) Loss: 0.0835(0.2053) 
EVAL: [195/196] Elapsed 1m 41s (remain 0m 0s) Loss: 0.0746(0.2110) 
Epoch 3 - avg_train_loss: 0.1578  avg_val_loss: 0.2170  time: 1936s
Epoch 3 - Score: 0.4652
Epoch 3 - Save Best Score: 0.4652 Model
Epoch: [4][0/1564] Elapsed 0m 1s (remain 28m 1s) Loss: 0.3035(0.3035) 
Epoch: [4][100/1564] Elapsed 1m 58s (remain 28m 36s) Loss: 0.1642(0.1336) 
Epoch: [4][200/1564] Elapsed 3m 53s (remain 26m 26s) Loss: 0.1009(0.1267) 
Epoch: [4][300/1564] Elapsed 5m 52s (remain 24m 40s) Loss: 0.1979(0.1266) 
Epoch: [4][400/1564] Elapsed 7m 51s (remain 22m 46s) Loss: 0.1439(0.1258) 
Epoch: [4][500/1564] Elapsed 9m 50s (remain 20m 52s) Loss: 0.1671(0.1301) 
Epoch: [4][600/1564] Elapsed 11m 47s (remain 18m 54s) Loss: 0.1498(0.1290) 
Epoch: [4][700/1564] Elapsed 13m 45s (remain 16m 56s) Loss: 0.0651(0.1269) 
Epoch: [4][800/1564] Elapsed 15m 42s (remain 14m 57s) Loss: 0.1036(0.1289) 
Epoch: [4][900/1564] Elapsed 17m 41s (remain 13m 0s) Loss: 0.0770(0.1295) 
Epoch: [4][1000/1564] Elapsed 19m 38s (remain 11m 2s) Loss: 0.1249(0.1267) 
Epoch: [4][1100/1564] Elapsed 21m 36s (remain 9m 5s) Loss: 0.1005(0.1291) 
Epoch: [4][1200/1564] Elapsed 23m 33s (remain 7m 7s) Loss: 0.1352(0.1275) 
Epoch: [4][1300/1564] Elapsed 25m 30s (remain 5m 9s) Loss: 0.0806(0.1256) 
Epoch: [4][1400/1564] Elapsed 27m 29s (remain 3m 11s) Loss: 0.1068(0.1253) 
Epoch: [4][1500/1564] Elapsed 29m 28s (remain 1m 14s) Loss: 0.0843(0.1239) 
Epoch: [4][1563/1564] Elapsed 30m 39s (remain 0m 0s) Loss: 0.0482(0.1237) 
EVAL: [0/196] Elapsed 0m 0s (remain 2m 35s) Loss: 0.3799(0.3799) 
EVAL: [100/196] Elapsed 0m 54s (remain 0m 51s) Loss: 0.0933(0.2235) 
EVAL: [195/196] Elapsed 1m 44s (remain 0m 0s) Loss: 0.1176(0.2256) 
Epoch 4 - avg_train_loss: 0.1241  avg_val_loss: 0.2295  time: 1946s
Epoch 4 - Score: 0.4781
========== fold: 3 result ==========
Score: 0.4652
Running basic DDP example on rank 1.
Running basic DDP example on rank 0.
-------------fold:4 training-------------
Epoch: [1][0/1564] Elapsed 0m 1s (remain 40m 26s) Loss: 11.6330(11.6330) 
Epoch: [1][100/1564] Elapsed 1m 59s (remain 28m 48s) Loss: 0.5996(2.9547) 
Epoch: [1][200/1564] Elapsed 3m 55s (remain 26m 35s) Loss: 0.1356(1.6258) 
Epoch: [1][300/1564] Elapsed 5m 52s (remain 24m 40s) Loss: 0.0324(1.1939) 
Epoch: [1][400/1564] Elapsed 7m 53s (remain 22m 53s) Loss: 0.1111(0.9615) 
Epoch: [1][500/1564] Elapsed 9m 51s (remain 20m 54s) Loss: 0.0778(0.8175) 
Epoch: [1][600/1564] Elapsed 11m 51s (remain 19m 0s) Loss: 0.4419(0.7219) 
Epoch: [1][700/1564] Elapsed 13m 50s (remain 17m 2s) Loss: 0.2017(0.6488) 
Epoch: [1][800/1564] Elapsed 15m 47s (remain 15m 2s) Loss: 0.2088(0.6028) 
Epoch: [1][900/1564] Elapsed 17m 44s (remain 13m 3s) Loss: 0.0186(0.5614) 
Epoch: [1][1000/1564] Elapsed 19m 41s (remain 11m 4s) Loss: 0.1207(0.5285) 
Epoch: [1][1100/1564] Elapsed 21m 37s (remain 9m 5s) Loss: 0.1438(0.4992) 
Epoch: [1][1200/1564] Elapsed 23m 32s (remain 7m 6s) Loss: 0.2336(0.4780) 
Epoch: [1][1300/1564] Elapsed 25m 28s (remain 5m 9s) Loss: 0.1108(0.4593) 
Epoch: [1][1400/1564] Elapsed 27m 26s (remain 3m 11s) Loss: 0.2717(0.4424) 
Epoch: [1][1500/1564] Elapsed 29m 24s (remain 1m 14s) Loss: 0.5037(0.4280) 
Epoch: [1][1563/1564] Elapsed 30m 37s (remain 0m 0s) Loss: 0.1786(0.4187) 
EVAL: [0/196] Elapsed 0m 0s (remain 1m 47s) Loss: 0.1271(0.1271) 
EVAL: [100/196] Elapsed 0m 53s (remain 0m 50s) Loss: 0.2640(0.2369) 
EVAL: [195/196] Elapsed 1m 45s (remain 0m 0s) Loss: 0.2306(0.2231) 
Epoch 1 - avg_train_loss: 0.4166  avg_val_loss: 0.2227  time: 1945s
Epoch 1 - Score: 0.4715
Epoch 1 - Save Best Score: 0.4715 Model
Epoch: [2][0/1564] Elapsed 0m 0s (remain 25m 7s) Loss: 0.0608(0.0608) 
Epoch: [2][100/1564] Elapsed 2m 1s (remain 29m 16s) Loss: 0.4059(0.1975) 
Epoch: [2][200/1564] Elapsed 3m 58s (remain 26m 55s) Loss: 0.1428(0.2110) 
Epoch: [2][300/1564] Elapsed 5m 53s (remain 24m 41s) Loss: 0.0465(0.2238) 
Epoch: [2][400/1564] Elapsed 7m 54s (remain 22m 55s) Loss: 0.1291(0.2212) 
Epoch: [2][500/1564] Elapsed 9m 53s (remain 20m 59s) Loss: 0.0489(0.2171) 
Epoch: [2][600/1564] Elapsed 11m 53s (remain 19m 3s) Loss: 0.3106(0.2127) 
Epoch: [2][700/1564] Elapsed 13m 49s (remain 17m 0s) Loss: 0.1288(0.2070) 
Epoch: [2][800/1564] Elapsed 15m 51s (remain 15m 6s) Loss: 0.2327(0.2085) 
Epoch: [2][900/1564] Elapsed 17m 46s (remain 13m 4s) Loss: 0.0298(0.2056) 
Epoch: [2][1000/1564] Elapsed 19m 44s (remain 11m 6s) Loss: 0.1895(0.2032) 
Epoch: [2][1100/1564] Elapsed 21m 41s (remain 9m 7s) Loss: 0.1375(0.2012) 
Epoch: [2][1200/1564] Elapsed 23m 41s (remain 7m 9s) Loss: 0.1379(0.2019) 
Epoch: [2][1300/1564] Elapsed 25m 36s (remain 5m 10s) Loss: 0.1021(0.2016) 
Epoch: [2][1400/1564] Elapsed 27m 34s (remain 3m 12s) Loss: 0.2305(0.2004) 
Epoch: [2][1500/1564] Elapsed 29m 30s (remain 1m 14s) Loss: 0.2743(0.1996) 
Epoch: [2][1563/1564] Elapsed 30m 43s (remain 0m 0s) Loss: 0.1409(0.1984) 
EVAL: [0/196] Elapsed 0m 0s (remain 1m 55s) Loss: 0.1178(0.1178) 
EVAL: [100/196] Elapsed 0m 54s (remain 0m 51s) Loss: 0.2344(0.2319) 
EVAL: [195/196] Elapsed 1m 47s (remain 0m 0s) Loss: 0.3002(0.2185) 
Epoch 2 - avg_train_loss: 0.2043  avg_val_loss: 0.2184  time: 1951s
Epoch 2 - Score: 0.4669
Epoch 2 - Save Best Score: 0.4669 Model
Epoch: [3][0/1564] Elapsed 0m 1s (remain 28m 46s) Loss: 0.0634(0.0634) 
Epoch: [3][100/1564] Elapsed 1m 59s (remain 28m 46s) Loss: 0.4127(0.1736) 
Epoch: [3][200/1564] Elapsed 3m 56s (remain 26m 42s) Loss: 0.1371(0.1838) 
Epoch: [3][300/1564] Elapsed 5m 51s (remain 24m 35s) Loss: 0.0478(0.1852) 
Epoch: [3][400/1564] Elapsed 7m 50s (remain 22m 43s) Loss: 0.1186(0.1839) 
Epoch: [3][500/1564] Elapsed 9m 50s (remain 20m 52s) Loss: 0.0385(0.1785) 
Epoch: [3][600/1564] Elapsed 11m 50s (remain 18m 58s) Loss: 0.2805(0.1732) 
Epoch: [3][700/1564] Elapsed 13m 47s (remain 16m 59s) Loss: 0.0709(0.1694) 
Epoch: [3][800/1564] Elapsed 15m 45s (remain 15m 0s) Loss: 0.1643(0.1680) 
Epoch: [3][900/1564] Elapsed 17m 44s (remain 13m 3s) Loss: 0.0614(0.1652) 
Epoch: [3][1000/1564] Elapsed 19m 42s (remain 11m 5s) Loss: 0.1086(0.1619) 
Epoch: [3][1100/1564] Elapsed 21m 38s (remain 9m 6s) Loss: 0.1336(0.1605) 
Epoch: [3][1200/1564] Elapsed 23m 37s (remain 7m 8s) Loss: 0.0566(0.1609) 
Epoch: [3][1300/1564] Elapsed 25m 34s (remain 5m 10s) Loss: 0.0771(0.1601) 
Epoch: [3][1400/1564] Elapsed 27m 30s (remain 3m 11s) Loss: 0.1148(0.1580) 
Epoch: [3][1500/1564] Elapsed 29m 25s (remain 1m 14s) Loss: 0.1250(0.1573) 
Epoch: [3][1563/1564] Elapsed 30m 37s (remain 0m 0s) Loss: 0.1037(0.1561) 
EVAL: [0/196] Elapsed 0m 0s (remain 1m 48s) Loss: 0.1192(0.1192) 
EVAL: [100/196] Elapsed 0m 54s (remain 0m 51s) Loss: 0.2070(0.2329) 
EVAL: [195/196] Elapsed 1m 50s (remain 0m 0s) Loss: 0.3981(0.2211) 
Epoch 3 - avg_train_loss: 0.1597  avg_val_loss: 0.2241  time: 1947s
Epoch 3 - Score: 0.4730
Epoch: [4][0/1564] Elapsed 0m 0s (remain 23m 53s) Loss: 0.1093(0.1093) 
Epoch: [4][100/1564] Elapsed 1m 55s (remain 27m 51s) Loss: 0.2792(0.1306) 
Epoch: [4][200/1564] Elapsed 3m 50s (remain 26m 1s) Loss: 0.1502(0.1378) 
Epoch: [4][300/1564] Elapsed 5m 46s (remain 24m 15s) Loss: 0.0306(0.1323) 
Epoch: [4][400/1564] Elapsed 7m 46s (remain 22m 31s) Loss: 0.1436(0.1317) 
Epoch: [4][500/1564] Elapsed 9m 44s (remain 20m 40s) Loss: 0.0296(0.1288) 
Epoch: [4][600/1564] Elapsed 11m 44s (remain 18m 48s) Loss: 0.1825(0.1263) 
Epoch: [4][700/1564] Elapsed 13m 43s (remain 16m 54s) Loss: 0.0408(0.1260) 
Epoch: [4][800/1564] Elapsed 15m 44s (remain 14m 59s) Loss: 0.1404(0.1259) 
Epoch: [4][900/1564] Elapsed 17m 43s (remain 13m 2s) Loss: 0.0726(0.1236) 
Epoch: [4][1000/1564] Elapsed 19m 38s (remain 11m 2s) Loss: 0.0537(0.1258) 
Epoch: [4][1100/1564] Elapsed 21m 33s (remain 9m 4s) Loss: 0.1463(0.1264) 
Epoch: [4][1200/1564] Elapsed 23m 30s (remain 7m 6s) Loss: 0.0328(0.1276) 
Epoch: [4][1300/1564] Elapsed 25m 30s (remain 5m 9s) Loss: 0.0620(0.1276) 
Epoch: [4][1400/1564] Elapsed 27m 28s (remain 3m 11s) Loss: 0.0739(0.1266) 
Epoch: [4][1500/1564] Elapsed 29m 24s (remain 1m 14s) Loss: 0.1017(0.1274) 
Epoch: [4][1563/1564] Elapsed 30m 36s (remain 0m 0s) Loss: 0.0662(0.1263) 
EVAL: [0/196] Elapsed 0m 0s (remain 0m 21s) Loss: 0.1115(0.1115) 
EVAL: [100/196] Elapsed 0m 52s (remain 0m 49s) Loss: 0.1970(0.2579) 
EVAL: [195/196] Elapsed 1m 43s (remain 0m 0s) Loss: 0.5308(0.2414) 
Epoch 4 - avg_train_loss: 0.1262  avg_val_loss: 0.2439  time: 1941s
Epoch 4 - Score: 0.4934
========== fold: 4 result ==========
Score: 0.4669
========== CV ==========
Score: 0.4698
