-------------fold:0 training-------------
-------------fold:3 training-------------
Fold: [0] Epoch: [1][0/3129] Elapsed 0m 1s (remain 61m 50s) 
Fold: [3] Epoch: [1][0/3129] Elapsed 0m 1s (remain 73m 23s) 
Fold: [0] Epoch: [1][100/3129] Elapsed 1m 53s (remain 56m 35s) 
Fold: [3] Epoch: [1][100/3129] Elapsed 2m 19s (remain 69m 53s) 
Fold: [0] Epoch: [1][200/3129] Elapsed 3m 47s (remain 55m 12s) 
Fold: [3] Epoch: [1][200/3129] Elapsed 4m 40s (remain 68m 12s) 
Fold: [0] Epoch: [1][300/3129] Elapsed 5m 42s (remain 53m 40s) 
Fold: [3] Epoch: [1][300/3129] Elapsed 7m 2s (remain 66m 12s) 
Fold: [0] Epoch: [1][400/3129] Elapsed 7m 38s (remain 52m 0s) 
Fold: [3] Epoch: [1][400/3129] Elapsed 9m 22s (remain 63m 49s) 
Fold: [0] Epoch: [1][500/3129] Elapsed 9m 36s (remain 50m 24s) 
Fold: [0] Epoch: [1][600/3129] Elapsed 11m 34s (remain 48m 39s) 
Fold: [3] Epoch: [1][500/3129] Elapsed 11m 39s (remain 61m 11s) 
Fold: [0] Epoch: [1][700/3129] Elapsed 13m 32s (remain 46m 53s) 
Fold: [3] Epoch: [1][600/3129] Elapsed 13m 57s (remain 58m 41s) 
Fold: [0] Epoch: [1][800/3129] Elapsed 15m 30s (remain 45m 5s) 
Fold: [3] Epoch: [1][700/3129] Elapsed 16m 16s (remain 56m 23s) 
Fold: [0] Epoch: [1][900/3129] Elapsed 17m 29s (remain 43m 16s) 
Fold: [3] Epoch: [1][800/3129] Elapsed 18m 37s (remain 54m 8s) 
Fold: [0] Epoch: [1][1000/3129] Elapsed 19m 25s (remain 41m 18s) 
Fold: [3] Epoch: [1][900/3129] Elapsed 20m 57s (remain 51m 48s) 
Fold: [0] Epoch: [1][1100/3129] Elapsed 21m 24s (remain 39m 25s) 
Fold: [3] Epoch: [1][1000/3129] Elapsed 23m 19s (remain 49m 35s) 
Fold: [0] Epoch: [1][1200/3129] Elapsed 23m 21s (remain 37m 29s) 
Fold: [0] Epoch: [1][1300/3129] Elapsed 25m 17s (remain 35m 31s) 
Fold: [3] Epoch: [1][1100/3129] Elapsed 25m 38s (remain 47m 13s) 
Fold: [0] Epoch: [1][1400/3129] Elapsed 27m 11s (remain 33m 32s) 
Fold: [3] Epoch: [1][1200/3129] Elapsed 27m 55s (remain 44m 50s) 
Fold: [0] Epoch: [1][1500/3129] Elapsed 29m 7s (remain 31m 35s) 
Fold: [3] Epoch: [1][1300/3129] Elapsed 30m 17s (remain 42m 34s) 
Fold: [0] EVAL: [0/391] Elapsed 0m 0s (remain 5m 38s) 
Fold: [0] EVAL: [100/391] Elapsed 1m 46s (remain 5m 5s) 
Fold: [3] Epoch: [1][1400/3129] Elapsed 32m 38s (remain 40m 16s) 
Fold: [0] EVAL: [200/391] Elapsed 3m 32s (remain 3m 21s) 
Fold: [3] Epoch: [1][1500/3129] Elapsed 34m 56s (remain 37m 54s) 
Fold: [0] EVAL: [300/391] Elapsed 5m 20s (remain 1m 35s) 
Fold: [3] EVAL: [0/391] Elapsed 0m 1s (remain 8m 8s) 
Fold: [0] EVAL: [390/391] Elapsed 6m 57s (remain 0m 0s) 
Epoch 1 Step 1560 - avg_train_loss: 0.4674  avg_val_loss: 0.2155
Epoch 1 Step 1560 - Score: 0.4638
Epoch 1 Step 1560 - Save Best Score: 0.4638 Model
Fold: [0] Epoch: [1][1600/3129] Elapsed 38m 11s (remain 36m 26s) 
Fold: [3] EVAL: [100/391] Elapsed 1m 55s (remain 5m 30s) 
Fold: [0] Epoch: [1][1700/3129] Elapsed 40m 12s (remain 33m 45s) 
Fold: [3] EVAL: [200/391] Elapsed 3m 54s (remain 3m 41s) 
Fold: [0] Epoch: [1][1800/3129] Elapsed 42m 12s (remain 31m 7s) 
Fold: [3] EVAL: [300/391] Elapsed 5m 51s (remain 1m 44s) 
Fold: [3] EVAL: [390/391] Elapsed 7m 37s (remain 0m 0s) 
Epoch 1 Step 1560 - avg_train_loss: 0.4561  avg_val_loss: 0.2385
Epoch 1 Step 1560 - Score: 0.4875
Epoch 1 Step 1560 - Save Best Score: 0.4875 Model
Fold: [0] Epoch: [1][1900/3129] Elapsed 44m 7s (remain 28m 30s) 
Fold: [3] Epoch: [1][1600/3129] Elapsed 45m 2s (remain 42m 59s) 
Fold: [0] Epoch: [1][2000/3129] Elapsed 46m 4s (remain 25m 58s) 
Fold: [3] Epoch: [1][1700/3129] Elapsed 47m 23s (remain 39m 46s) 
Fold: [0] Epoch: [1][2100/3129] Elapsed 48m 1s (remain 23m 30s) 
Fold: [3] Epoch: [1][1800/3129] Elapsed 49m 42s (remain 36m 39s) 
Fold: [0] Epoch: [1][2200/3129] Elapsed 49m 59s (remain 21m 4s) 
Fold: [0] Epoch: [1][2300/3129] Elapsed 51m 54s (remain 18m 40s) 
Fold: [3] Epoch: [1][1900/3129] Elapsed 52m 3s (remain 33m 37s) 
Fold: [0] Epoch: [1][2400/3129] Elapsed 53m 51s (remain 16m 19s) 
Fold: [3] Epoch: [1][2000/3129] Elapsed 54m 21s (remain 30m 38s) 
Fold: [0] Epoch: [1][2500/3129] Elapsed 55m 48s (remain 14m 0s) 
Fold: [3] Epoch: [1][2100/3129] Elapsed 56m 39s (remain 27m 43s) 
Fold: [0] Epoch: [1][2600/3129] Elapsed 57m 46s (remain 11m 43s) 
Fold: [3] Epoch: [1][2200/3129] Elapsed 59m 0s (remain 24m 52s) 
Fold: [0] Epoch: [1][2700/3129] Elapsed 59m 43s (remain 9m 27s) 
Fold: [3] Epoch: [1][2300/3129] Elapsed 61m 22s (remain 22m 5s) 
Fold: [0] Epoch: [1][2800/3129] Elapsed 61m 40s (remain 7m 13s) 
Fold: [0] Epoch: [1][2900/3129] Elapsed 63m 37s (remain 5m 0s) 
Fold: [3] Epoch: [1][2400/3129] Elapsed 63m 40s (remain 19m 18s) 
Fold: [0] Epoch: [1][3000/3129] Elapsed 65m 33s (remain 2m 47s) 
Fold: [3] Epoch: [1][2500/3129] Elapsed 66m 1s (remain 16m 34s) 
Fold: [0] Epoch: [1][3100/3129] Elapsed 67m 32s (remain 0m 36s) 
Fold: [0] EVAL: [0/391] Elapsed 0m 1s (remain 7m 22s) 
Fold: [3] Epoch: [1][2600/3129] Elapsed 68m 21s (remain 13m 52s) 
Fold: [0] EVAL: [100/391] Elapsed 1m 46s (remain 5m 5s) 
Fold: [3] Epoch: [1][2700/3129] Elapsed 70m 41s (remain 11m 12s) 
Fold: [0] EVAL: [200/391] Elapsed 3m 34s (remain 3m 22s) 
Fold: [3] Epoch: [1][2800/3129] Elapsed 73m 1s (remain 8m 33s) 
Fold: [0] EVAL: [300/391] Elapsed 5m 20s (remain 1m 35s) 
Fold: [0] EVAL: [390/391] Elapsed 6m 53s (remain 0m 0s) 
Epoch 1 Step 3120 - avg_train_loss: 0.3492  avg_val_loss: 0.2383
Epoch 1 Step 3120 - Score: 0.4871
Fold: [0] Epoch: [1][3128/3129] Elapsed 74m 58s (remain 0m 0s) 
Epoch 1 - avg_train_loss: 0.3489  avg_val_loss: 0.2383  time: 4498s
Epoch 1 - Score: 0.4871
Fold: [0] Epoch: [2][0/3129] Elapsed 0m 1s (remain 54m 55s) 
Fold: [3] Epoch: [1][2900/3129] Elapsed 75m 21s (remain 5m 55s) 
Fold: [0] Epoch: [2][100/3129] Elapsed 1m 58s (remain 59m 16s) 
Fold: [3] Epoch: [1][3000/3129] Elapsed 77m 39s (remain 3m 18s) 
Fold: [0] Epoch: [2][200/3129] Elapsed 3m 57s (remain 57m 37s) 
Fold: [3] Epoch: [1][3100/3129] Elapsed 79m 57s (remain 0m 43s) 
Fold: [3] EVAL: [0/391] Elapsed 0m 1s (remain 8m 28s) 
Fold: [0] Epoch: [2][300/3129] Elapsed 5m 59s (remain 56m 17s) 
Fold: [3] EVAL: [100/391] Elapsed 2m 1s (remain 5m 48s) 
Fold: [0] Epoch: [2][400/3129] Elapsed 8m 4s (remain 54m 54s) 
Fold: [3] EVAL: [200/391] Elapsed 4m 3s (remain 3m 50s) 
Fold: [0] Epoch: [2][500/3129] Elapsed 10m 9s (remain 53m 15s) 
Fold: [3] EVAL: [300/391] Elapsed 6m 1s (remain 1m 47s) 
Fold: [0] Epoch: [2][600/3129] Elapsed 12m 12s (remain 51m 21s) 
Fold: [3] EVAL: [390/391] Elapsed 7m 47s (remain 0m 0s) 
Epoch 1 Step 3120 - avg_train_loss: 0.3464  avg_val_loss: 0.2435
Epoch 1 Step 3120 - Score: 0.4919
Fold: [3] Epoch: [1][3128/3129] Elapsed 88m 26s (remain 0m 0s) 
Epoch 1 - avg_train_loss: 0.3461  avg_val_loss: 0.2435  time: 5306s
Epoch 1 - Score: 0.4919
Fold: [3] Epoch: [2][0/3129] Elapsed 0m 1s (remain 67m 44s) 
Fold: [0] Epoch: [2][700/3129] Elapsed 14m 12s (remain 49m 12s) 
Fold: [3] Epoch: [2][100/3129] Elapsed 2m 22s (remain 71m 24s) 
Fold: [0] Epoch: [2][800/3129] Elapsed 16m 10s (remain 46m 59s) 
Fold: [0] Epoch: [2][900/3129] Elapsed 18m 8s (remain 44m 50s) 
Fold: [3] Epoch: [2][200/3129] Elapsed 4m 45s (remain 69m 20s) 
Fold: [0] Epoch: [2][1000/3129] Elapsed 20m 7s (remain 42m 46s) 
Fold: [3] Epoch: [2][300/3129] Elapsed 7m 8s (remain 67m 8s) 
Fold: [0] Epoch: [2][1100/3129] Elapsed 22m 4s (remain 40m 39s) 
Fold: [3] Epoch: [2][400/3129] Elapsed 9m 31s (remain 64m 48s) 
Fold: [0] Epoch: [2][1200/3129] Elapsed 24m 3s (remain 38m 37s) 
Fold: [3] Epoch: [2][500/3129] Elapsed 11m 53s (remain 62m 20s) 
Fold: [0] Epoch: [2][1300/3129] Elapsed 26m 4s (remain 36m 38s) 
Fold: [3] Epoch: [2][600/3129] Elapsed 14m 14s (remain 59m 56s) 
Fold: [0] Epoch: [2][1400/3129] Elapsed 28m 5s (remain 34m 38s) 
Fold: [0] Epoch: [2][1500/3129] Elapsed 30m 4s (remain 32m 37s) 
Fold: [3] Epoch: [2][700/3129] Elapsed 16m 35s (remain 57m 28s) 
Fold: [0] EVAL: [0/391] Elapsed 0m 1s (remain 7m 35s) 
Fold: [3] Epoch: [2][800/3129] Elapsed 18m 56s (remain 55m 2s) 
Fold: [0] EVAL: [100/391] Elapsed 1m 48s (remain 5m 12s) 
Fold: [3] Epoch: [2][900/3129] Elapsed 21m 18s (remain 52m 42s) 
Fold: [0] EVAL: [200/391] Elapsed 3m 35s (remain 3m 23s) 
Fold: [0] EVAL: [300/391] Elapsed 5m 21s (remain 1m 36s) 
Fold: [3] Epoch: [2][1000/3129] Elapsed 23m 36s (remain 50m 11s) 
Fold: [0] EVAL: [390/391] Elapsed 6m 57s (remain 0m 0s) 
Epoch 2 Step 1560 - avg_train_loss: 0.2048  avg_val_loss: 0.2180
Epoch 2 Step 1560 - Score: 0.4657
Fold: [0] Epoch: [2][1600/3129] Elapsed 38m 59s (remain 37m 13s) 
Fold: [3] Epoch: [2][1100/3129] Elapsed 25m 58s (remain 47m 50s) 
Fold: [0] Epoch: [2][1700/3129] Elapsed 41m 1s (remain 34m 26s) 
Fold: [3] Epoch: [2][1200/3129] Elapsed 28m 20s (remain 45m 30s) 
Fold: [0] Epoch: [2][1800/3129] Elapsed 43m 1s (remain 31m 43s) 
Fold: [3] Epoch: [2][1300/3129] Elapsed 30m 42s (remain 43m 8s) 
Fold: [0] Epoch: [2][1900/3129] Elapsed 45m 1s (remain 29m 5s) 
Fold: [3] Epoch: [2][1400/3129] Elapsed 33m 0s (remain 40m 42s) 
Fold: [0] Epoch: [2][2000/3129] Elapsed 47m 0s (remain 26m 29s) 
Fold: [3] Epoch: [2][1500/3129] Elapsed 35m 21s (remain 38m 20s) 
Fold: [0] Epoch: [2][2100/3129] Elapsed 49m 0s (remain 23m 58s) 
Fold: [3] EVAL: [0/391] Elapsed 0m 1s (remain 8m 15s) 
Fold: [0] Epoch: [2][2200/3129] Elapsed 50m 57s (remain 21m 29s) 
Fold: [3] EVAL: [100/391] Elapsed 1m 59s (remain 5m 41s) 
Fold: [0] Epoch: [2][2300/3129] Elapsed 52m 59s (remain 19m 4s) 
Fold: [3] EVAL: [200/391] Elapsed 3m 58s (remain 3m 45s) 
Fold: [0] Epoch: [2][2400/3129] Elapsed 54m 59s (remain 16m 40s) 
Fold: [3] EVAL: [300/391] Elapsed 5m 54s (remain 1m 46s) 
Fold: [0] Epoch: [2][2500/3129] Elapsed 56m 56s (remain 14m 17s) 
Fold: [3] EVAL: [390/391] Elapsed 7m 42s (remain 0m 0s) 
Epoch 2 Step 1560 - avg_train_loss: 0.1979  avg_val_loss: 0.2185
Epoch 2 Step 1560 - Score: 0.4669
Epoch 2 Step 1560 - Save Best Score: 0.4669 Model
Fold: [0] Epoch: [2][2600/3129] Elapsed 58m 53s (remain 11m 57s) 
Fold: [3] Epoch: [2][1600/3129] Elapsed 45m 33s (remain 43m 28s) 
Fold: [0] Epoch: [2][2700/3129] Elapsed 60m 52s (remain 9m 38s) 
Fold: [3] Epoch: [2][1700/3129] Elapsed 47m 57s (remain 40m 15s) 
Fold: [0] Epoch: [2][2800/3129] Elapsed 62m 51s (remain 7m 21s) 
Fold: [3] Epoch: [2][1800/3129] Elapsed 50m 16s (remain 37m 4s) 
Fold: [0] Epoch: [2][2900/3129] Elapsed 64m 50s (remain 5m 5s) 
Fold: [3] Epoch: [2][1900/3129] Elapsed 52m 37s (remain 33m 59s) 
Fold: [0] Epoch: [2][3000/3129] Elapsed 66m 48s (remain 2m 50s) 
Fold: [3] Epoch: [2][2000/3129] Elapsed 54m 57s (remain 30m 58s) 
Fold: [0] Epoch: [2][3100/3129] Elapsed 68m 47s (remain 0m 37s) 
Fold: [0] EVAL: [0/391] Elapsed 0m 1s (remain 7m 18s) 
Fold: [3] Epoch: [2][2100/3129] Elapsed 57m 16s (remain 28m 1s) 
Fold: [0] EVAL: [100/391] Elapsed 1m 47s (remain 5m 9s) 
Fold: [0] EVAL: [200/391] Elapsed 3m 33s (remain 3m 21s) 
Fold: [3] Epoch: [2][2200/3129] Elapsed 59m 38s (remain 25m 8s) 
Fold: [0] EVAL: [300/391] Elapsed 5m 19s (remain 1m 35s) 
Fold: [3] Epoch: [2][2300/3129] Elapsed 61m 58s (remain 22m 18s) 
Fold: [0] EVAL: [390/391] Elapsed 6m 56s (remain 0m 0s) 
Epoch 2 Step 3120 - avg_train_loss: 0.1970  avg_val_loss: 0.2062
Epoch 2 Step 3120 - Score: 0.4534
Epoch 2 Step 3120 - Save Best Score: 0.4534 Model
Fold: [0] Epoch: [2][3128/3129] Elapsed 76m 26s (remain 0m 0s) 
Epoch 2 - avg_train_loss: 0.1968  avg_val_loss: 0.2062  time: 4587s
Epoch 2 - Score: 0.4534
Fold: [0] Epoch: [3][0/3129] Elapsed 0m 1s (remain 63m 11s) 
Fold: [3] Epoch: [2][2400/3129] Elapsed 64m 19s (remain 19m 30s) 
Fold: [0] Epoch: [3][100/3129] Elapsed 1m 59s (remain 59m 57s) 
Fold: [3] Epoch: [2][2500/3129] Elapsed 66m 42s (remain 16m 44s) 
Fold: [0] Epoch: [3][200/3129] Elapsed 4m 0s (remain 58m 30s) 
Fold: [0] Epoch: [3][300/3129] Elapsed 6m 0s (remain 56m 24s) 
Fold: [3] Epoch: [2][2600/3129] Elapsed 69m 3s (remain 14m 1s) 
Fold: [0] Epoch: [3][400/3129] Elapsed 7m 57s (remain 54m 5s) 
Fold: [3] Epoch: [2][2700/3129] Elapsed 71m 24s (remain 11m 18s) 
Fold: [0] Epoch: [3][500/3129] Elapsed 9m 56s (remain 52m 6s) 
Fold: [3] Epoch: [2][2800/3129] Elapsed 73m 44s (remain 8m 38s) 
Fold: [0] Epoch: [3][600/3129] Elapsed 11m 57s (remain 50m 18s) 
Fold: [3] Epoch: [2][2900/3129] Elapsed 76m 5s (remain 5m 58s) 
Fold: [0] Epoch: [3][700/3129] Elapsed 13m 55s (remain 48m 12s) 
Fold: [3] Epoch: [2][3000/3129] Elapsed 78m 27s (remain 3m 20s) 
Fold: [0] Epoch: [3][800/3129] Elapsed 15m 52s (remain 46m 8s) 
Fold: [0] Epoch: [3][900/3129] Elapsed 17m 49s (remain 44m 5s) 
Fold: [3] Epoch: [2][3100/3129] Elapsed 80m 49s (remain 0m 43s) 
Fold: [3] EVAL: [0/391] Elapsed 0m 0s (remain 6m 16s) 
Fold: [0] Epoch: [3][1000/3129] Elapsed 19m 51s (remain 42m 14s) 
Fold: [3] EVAL: [100/391] Elapsed 2m 0s (remain 5m 45s) 
Fold: [0] Epoch: [3][1100/3129] Elapsed 21m 55s (remain 40m 23s) 
Fold: [3] EVAL: [200/391] Elapsed 3m 58s (remain 3m 45s) 
Fold: [0] Epoch: [3][1200/3129] Elapsed 23m 56s (remain 38m 25s) 
Fold: [3] EVAL: [300/391] Elapsed 5m 57s (remain 1m 46s) 
Fold: [0] Epoch: [3][1300/3129] Elapsed 25m 57s (remain 36m 29s) 
Fold: [3] EVAL: [390/391] Elapsed 7m 40s (remain 0m 0s) 
Epoch 2 Step 3120 - avg_train_loss: 0.1943  avg_val_loss: 0.2124
Epoch 2 Step 3120 - Score: 0.4602
Epoch 2 Step 3120 - Save Best Score: 0.4602 Model
Fold: [3] Epoch: [2][3128/3129] Elapsed 89m 17s (remain 0m 0s) 
Epoch 2 - avg_train_loss: 0.1941  avg_val_loss: 0.2124  time: 5358s
Epoch 2 - Score: 0.4602
Fold: [3] Epoch: [3][0/3129] Elapsed 0m 1s (remain 75m 7s) 
Fold: [0] Epoch: [3][1400/3129] Elapsed 27m 57s (remain 34m 29s) 
Fold: [3] Epoch: [3][100/3129] Elapsed 2m 22s (remain 71m 14s) 
Fold: [0] Epoch: [3][1500/3129] Elapsed 29m 55s (remain 32m 27s) 
Fold: [3] Epoch: [3][200/3129] Elapsed 4m 44s (remain 69m 6s) 
Fold: [0] EVAL: [0/391] Elapsed 0m 0s (remain 6m 5s) 
Fold: [0] EVAL: [100/391] Elapsed 1m 49s (remain 5m 14s) 
Fold: [3] Epoch: [3][300/3129] Elapsed 7m 6s (remain 66m 47s) 
Fold: [0] EVAL: [200/391] Elapsed 3m 36s (remain 3m 25s) 
Fold: [3] Epoch: [3][400/3129] Elapsed 9m 26s (remain 64m 16s) 
Fold: [0] EVAL: [300/391] Elapsed 5m 22s (remain 1m 36s) 
Fold: [0] EVAL: [390/391] Elapsed 6m 59s (remain 0m 0s) 
Epoch 3 Step 1560 - avg_train_loss: 0.1401  avg_val_loss: 0.2048
Epoch 3 Step 1560 - Score: 0.4520
Epoch 3 Step 1560 - Save Best Score: 0.4520 Model
Fold: [3] Epoch: [3][500/3129] Elapsed 11m 47s (remain 61m 51s) 
Fold: [0] Epoch: [3][1600/3129] Elapsed 39m 3s (remain 37m 17s) 
Fold: [3] Epoch: [3][600/3129] Elapsed 14m 6s (remain 59m 20s) 
Fold: [0] Epoch: [3][1700/3129] Elapsed 41m 1s (remain 34m 26s) 
Fold: [3] Epoch: [3][700/3129] Elapsed 16m 29s (remain 57m 5s) 
Fold: [0] Epoch: [3][1800/3129] Elapsed 42m 58s (remain 31m 41s) 
Fold: [0] Epoch: [3][1900/3129] Elapsed 44m 55s (remain 29m 1s) 
Fold: [3] Epoch: [3][800/3129] Elapsed 18m 51s (remain 54m 48s) 
Fold: [0] Epoch: [3][2000/3129] Elapsed 46m 53s (remain 26m 26s) 
Fold: [3] Epoch: [3][900/3129] Elapsed 21m 11s (remain 52m 24s) 
Fold: [0] Epoch: [3][2100/3129] Elapsed 48m 54s (remain 23m 55s) 
Fold: [3] Epoch: [3][1000/3129] Elapsed 23m 31s (remain 50m 1s) 
Fold: [0] Epoch: [3][2200/3129] Elapsed 50m 53s (remain 21m 27s) 
Fold: [3] Epoch: [3][1100/3129] Elapsed 25m 54s (remain 47m 43s) 
Fold: [0] Epoch: [3][2300/3129] Elapsed 52m 49s (remain 19m 0s) 
Fold: [3] Epoch: [3][1200/3129] Elapsed 28m 15s (remain 45m 22s) 
Fold: [0] Epoch: [3][2400/3129] Elapsed 54m 48s (remain 16m 37s) 
Fold: [0] Epoch: [3][2500/3129] Elapsed 56m 49s (remain 14m 16s) 
Fold: [3] Epoch: [3][1300/3129] Elapsed 30m 37s (remain 43m 1s) 
Fold: [0] Epoch: [3][2600/3129] Elapsed 58m 48s (remain 11m 56s) 
Fold: [3] Epoch: [3][1400/3129] Elapsed 33m 0s (remain 40m 42s) 
Fold: [0] Epoch: [3][2700/3129] Elapsed 60m 49s (remain 9m 38s) 
Fold: [3] Epoch: [3][1500/3129] Elapsed 35m 25s (remain 38m 24s) 
Fold: [0] Epoch: [3][2800/3129] Elapsed 62m 50s (remain 7m 21s) 
Fold: [3] EVAL: [0/391] Elapsed 0m 1s (remain 8m 33s) 
Fold: [0] Epoch: [3][2900/3129] Elapsed 64m 52s (remain 5m 5s) 
Fold: [3] EVAL: [100/391] Elapsed 1m 59s (remain 5m 42s) 
Fold: [0] Epoch: [3][3000/3129] Elapsed 66m 54s (remain 2m 51s) 
Fold: [3] EVAL: [200/391] Elapsed 3m 56s (remain 3m 43s) 
Fold: [0] Epoch: [3][3100/3129] Elapsed 68m 55s (remain 0m 37s) 
Fold: [3] EVAL: [300/391] Elapsed 5m 54s (remain 1m 45s) 
Fold: [0] EVAL: [0/391] Elapsed 0m 1s (remain 7m 49s) 
Fold: [3] EVAL: [390/391] Elapsed 7m 43s (remain 0m 0s) 
Epoch 3 Step 1560 - avg_train_loss: 0.1358  avg_val_loss: 0.2130
Epoch 3 Step 1560 - Score: 0.4609
Fold: [0] EVAL: [100/391] Elapsed 1m 50s (remain 5m 16s) 
Fold: [3] Epoch: [3][1600/3129] Elapsed 45m 31s (remain 43m 26s) 
Fold: [0] EVAL: [200/391] Elapsed 3m 34s (remain 3m 22s) 
Fold: [3] Epoch: [3][1700/3129] Elapsed 47m 52s (remain 40m 11s) 
Fold: [0] EVAL: [300/391] Elapsed 5m 18s (remain 1m 35s) 
Fold: [0] EVAL: [390/391] Elapsed 6m 55s (remain 0m 0s) 
Epoch 3 Step 3120 - avg_train_loss: 0.1349  avg_val_loss: 0.2059
Epoch 3 Step 3120 - Score: 0.4531
Fold: [0] Epoch: [3][3128/3129] Elapsed 76m 26s (remain 0m 0s) 
Epoch 3 - avg_train_loss: 0.1348  avg_val_loss: 0.2059  time: 4586s
Epoch 3 - Score: 0.4531
Fold: [0] Epoch: [4][0/3129] Elapsed 0m 1s (remain 60m 24s) 
Fold: [3] Epoch: [3][1800/3129] Elapsed 50m 12s (remain 37m 1s) 
Fold: [0] Epoch: [4][100/3129] Elapsed 1m 59s (remain 59m 50s) 
Fold: [3] Epoch: [3][1900/3129] Elapsed 52m 33s (remain 33m 57s) 
Fold: [0] Epoch: [4][200/3129] Elapsed 3m 57s (remain 57m 38s) 
Fold: [3] Epoch: [3][2000/3129] Elapsed 54m 57s (remain 30m 58s) 
Fold: [0] Epoch: [4][300/3129] Elapsed 5m 55s (remain 55m 35s) 
Fold: [3] Epoch: [3][2100/3129] Elapsed 57m 20s (remain 28m 3s) 
Fold: [0] Epoch: [4][400/3129] Elapsed 7m 53s (remain 53m 41s) 
Fold: [3] Epoch: [3][2200/3129] Elapsed 59m 37s (remain 25m 8s) 
Fold: [0] Epoch: [4][500/3129] Elapsed 9m 48s (remain 51m 27s) 
Fold: [0] Epoch: [4][600/3129] Elapsed 11m 48s (remain 49m 38s) 
Fold: [3] Epoch: [3][2300/3129] Elapsed 61m 58s (remain 22m 18s) 
Fold: [0] Epoch: [4][700/3129] Elapsed 13m 48s (remain 47m 48s) 
Fold: [3] Epoch: [3][2400/3129] Elapsed 64m 19s (remain 19m 30s) 
Fold: [0] Epoch: [4][800/3129] Elapsed 15m 43s (remain 45m 41s) 
Fold: [3] Epoch: [3][2500/3129] Elapsed 66m 40s (remain 16m 44s) 
Fold: [0] Epoch: [4][900/3129] Elapsed 17m 40s (remain 43m 42s) 
Fold: [3] Epoch: [3][2600/3129] Elapsed 69m 3s (remain 14m 1s) 
Fold: [0] Epoch: [4][1000/3129] Elapsed 19m 40s (remain 41m 50s) 
Fold: [3] Epoch: [3][2700/3129] Elapsed 71m 27s (remain 11m 19s) 
Fold: [0] Epoch: [4][1100/3129] Elapsed 21m 38s (remain 39m 52s) 
Fold: [0] Epoch: [4][1200/3129] Elapsed 23m 37s (remain 37m 55s) 
Fold: [3] Epoch: [3][2800/3129] Elapsed 73m 47s (remain 8m 38s) 
Fold: [0] Epoch: [4][1300/3129] Elapsed 25m 37s (remain 36m 0s) 
Fold: [3] Epoch: [3][2900/3129] Elapsed 76m 8s (remain 5m 59s) 
Fold: [0] Epoch: [4][1400/3129] Elapsed 27m 34s (remain 34m 1s) 
Fold: [3] Epoch: [3][3000/3129] Elapsed 78m 27s (remain 3m 20s) 
Fold: [0] Epoch: [4][1500/3129] Elapsed 29m 33s (remain 32m 3s) 
Fold: [3] Epoch: [3][3100/3129] Elapsed 80m 48s (remain 0m 43s) 
Fold: [0] EVAL: [0/391] Elapsed 0m 1s (remain 7m 40s) 
Fold: [3] EVAL: [0/391] Elapsed 0m 1s (remain 8m 9s) 
Fold: [0] EVAL: [100/391] Elapsed 1m 48s (remain 5m 12s) 
Fold: [3] EVAL: [100/391] Elapsed 1m 59s (remain 5m 42s) 
Fold: [0] EVAL: [200/391] Elapsed 3m 35s (remain 3m 23s) 
Fold: [3] EVAL: [200/391] Elapsed 3m 57s (remain 3m 44s) 
Fold: [0] EVAL: [300/391] Elapsed 5m 26s (remain 1m 37s) 
Fold: [3] EVAL: [300/391] Elapsed 5m 57s (remain 1m 46s) 
Fold: [0] EVAL: [390/391] Elapsed 7m 5s (remain 0m 0s) 
Epoch 4 Step 1560 - avg_train_loss: 0.0941  avg_val_loss: 0.2059
Epoch 4 Step 1560 - Score: 0.4530
Fold: [0] Epoch: [4][1600/3129] Elapsed 38m 39s (remain 36m 53s) 
Fold: [3] EVAL: [390/391] Elapsed 7m 45s (remain 0m 0s) 
Epoch 3 Step 3120 - avg_train_loss: 0.1343  avg_val_loss: 0.2092
Epoch 3 Step 3120 - Score: 0.4569
Epoch 3 Step 3120 - Save Best Score: 0.4569 Model
Fold: [3] Epoch: [3][3128/3129] Elapsed 89m 20s (remain 0m 0s) 
Epoch 3 - avg_train_loss: 0.1343  avg_val_loss: 0.2092  time: 5361s
Epoch 3 - Score: 0.4569
Fold: [3] Epoch: [4][0/3129] Elapsed 0m 1s (remain 73m 38s) 
Fold: [0] Epoch: [4][1700/3129] Elapsed 40m 35s (remain 34m 4s) 
Fold: [3] Epoch: [4][100/3129] Elapsed 2m 22s (remain 71m 6s) 
Fold: [0] Epoch: [4][1800/3129] Elapsed 42m 35s (remain 31m 24s) 
Fold: [3] Epoch: [4][200/3129] Elapsed 4m 42s (remain 68m 32s) 
Fold: [0] Epoch: [4][1900/3129] Elapsed 44m 34s (remain 28m 47s) 
Fold: [3] Epoch: [4][300/3129] Elapsed 7m 4s (remain 66m 25s) 
Fold: [0] Epoch: [4][2000/3129] Elapsed 46m 35s (remain 26m 16s) 
Fold: [0] Epoch: [4][2100/3129] Elapsed 48m 34s (remain 23m 46s) 
Fold: [3] Epoch: [4][400/3129] Elapsed 9m 27s (remain 64m 19s) 
Fold: [0] Epoch: [4][2200/3129] Elapsed 50m 34s (remain 21m 19s) 
Fold: [3] Epoch: [4][500/3129] Elapsed 11m 51s (remain 62m 9s) 
Fold: [0] Epoch: [4][2300/3129] Elapsed 52m 34s (remain 18m 55s) 
Fold: [3] Epoch: [4][600/3129] Elapsed 14m 12s (remain 59m 45s) 
Fold: [0] Epoch: [4][2400/3129] Elapsed 54m 33s (remain 16m 32s) 
Fold: [3] Epoch: [4][700/3129] Elapsed 16m 33s (remain 57m 22s) 
Fold: [0] Epoch: [4][2500/3129] Elapsed 56m 30s (remain 14m 11s) 
Fold: [3] Epoch: [4][800/3129] Elapsed 18m 55s (remain 54m 59s) 
Fold: [0] Epoch: [4][2600/3129] Elapsed 58m 30s (remain 11m 52s) 
Fold: [0] Epoch: [4][2700/3129] Elapsed 60m 28s (remain 9m 34s) 
Fold: [3] Epoch: [4][900/3129] Elapsed 21m 21s (remain 52m 47s) 
Fold: [0] Epoch: [4][2800/3129] Elapsed 62m 26s (remain 7m 18s) 
Fold: [3] Epoch: [4][1000/3129] Elapsed 23m 39s (remain 50m 18s) 
Fold: [0] Epoch: [4][2900/3129] Elapsed 64m 27s (remain 5m 3s) 
Fold: [3] Epoch: [4][1100/3129] Elapsed 26m 0s (remain 47m 53s) 
Fold: [0] Epoch: [4][3000/3129] Elapsed 66m 26s (remain 2m 50s) 
Fold: [3] Epoch: [4][1200/3129] Elapsed 28m 22s (remain 45m 33s) 
Fold: [0] Epoch: [4][3100/3129] Elapsed 68m 25s (remain 0m 37s) 
Fold: [0] EVAL: [0/391] Elapsed 0m 1s (remain 8m 2s) 
Fold: [3] Epoch: [4][1300/3129] Elapsed 30m 46s (remain 43m 14s) 
Fold: [0] EVAL: [100/391] Elapsed 1m 47s (remain 5m 8s) 
Fold: [3] Epoch: [4][1400/3129] Elapsed 33m 7s (remain 40m 51s) 
Fold: [0] EVAL: [200/391] Elapsed 3m 34s (remain 3m 22s) 
Fold: [0] EVAL: [300/391] Elapsed 5m 20s (remain 1m 35s) 
Fold: [3] Epoch: [4][1500/3129] Elapsed 35m 30s (remain 38m 30s) 
Fold: [0] EVAL: [390/391] Elapsed 6m 54s (remain 0m 0s) 
Epoch 4 Step 3120 - avg_train_loss: 0.0940  avg_val_loss: 0.2036
Epoch 4 Step 3120 - Score: 0.4506
Epoch 4 Step 3120 - Save Best Score: 0.4506 Model
Fold: [0] Epoch: [4][3128/3129] Elapsed 76m 1s (remain 0m 0s) 
Epoch 4 - avg_train_loss: 0.0941  avg_val_loss: 0.2036  time: 4562s
Epoch 4 - Score: 0.4506
========== fold: 0 result ==========
Score: 0.4506
-------------fold:1 training-------------
Fold: [1] Epoch: [1][0/3128] Elapsed 0m 1s (remain 63m 39s) 
Fold: [3] EVAL: [0/391] Elapsed 0m 1s (remain 8m 9s) 
Fold: [3] EVAL: [100/391] Elapsed 1m 58s (remain 5m 39s) 
Fold: [1] Epoch: [1][100/3128] Elapsed 2m 4s (remain 62m 8s) 
Fold: [3] EVAL: [200/391] Elapsed 3m 55s (remain 3m 42s) 
Fold: [1] Epoch: [1][200/3128] Elapsed 4m 7s (remain 60m 2s) 
Fold: [3] EVAL: [300/391] Elapsed 5m 54s (remain 1m 45s) 
Fold: [1] Epoch: [1][300/3128] Elapsed 6m 11s (remain 58m 6s) 
Fold: [3] EVAL: [390/391] Elapsed 7m 40s (remain 0m 0s) 
Epoch 4 Step 1560 - avg_train_loss: 0.0971  avg_val_loss: 0.2118
Epoch 4 Step 1560 - Score: 0.4597
Fold: [1] Epoch: [1][400/3128] Elapsed 8m 10s (remain 55m 32s) 
Fold: [3] Epoch: [4][1600/3129] Elapsed 45m 29s (remain 43m 24s) 
Fold: [1] Epoch: [1][500/3128] Elapsed 10m 10s (remain 53m 22s) 
Fold: [3] Epoch: [4][1700/3129] Elapsed 47m 52s (remain 40m 11s) 
Fold: [1] Epoch: [1][600/3128] Elapsed 12m 7s (remain 50m 59s) 
Fold: [3] Epoch: [4][1800/3129] Elapsed 50m 12s (remain 37m 1s) 
Fold: [1] Epoch: [1][700/3128] Elapsed 14m 6s (remain 48m 50s) 
Fold: [3] Epoch: [4][1900/3129] Elapsed 52m 34s (remain 33m 57s) 
Fold: [1] Epoch: [1][800/3128] Elapsed 16m 4s (remain 46m 43s) 
Fold: [3] Epoch: [4][2000/3129] Elapsed 54m 56s (remain 30m 58s) 
Fold: [1] Epoch: [1][900/3128] Elapsed 18m 3s (remain 44m 39s) 
Fold: [1] Epoch: [1][1000/3128] Elapsed 20m 2s (remain 42m 35s) 
Fold: [3] Epoch: [4][2100/3129] Elapsed 57m 17s (remain 28m 1s) 
Fold: [1] Epoch: [1][1100/3128] Elapsed 21m 59s (remain 40m 29s) 
Fold: [3] Epoch: [4][2200/3129] Elapsed 59m 36s (remain 25m 7s) 
Fold: [1] Epoch: [1][1200/3128] Elapsed 23m 58s (remain 38m 27s) 
Fold: [3] Epoch: [4][2300/3129] Elapsed 61m 56s (remain 22m 17s) 
Fold: [1] Epoch: [1][1300/3128] Elapsed 26m 0s (remain 36m 30s) 
Fold: [3] Epoch: [4][2400/3129] Elapsed 64m 17s (remain 19m 29s) 
Fold: [1] Epoch: [1][1400/3128] Elapsed 28m 0s (remain 34m 31s) 
Fold: [3] Epoch: [4][2500/3129] Elapsed 66m 39s (remain 16m 44s) 
Fold: [1] Epoch: [1][1500/3128] Elapsed 30m 0s (remain 32m 32s) 
Fold: [1] EVAL: [0/392] Elapsed 0m 1s (remain 7m 44s) 
Fold: [3] Epoch: [4][2600/3129] Elapsed 69m 1s (remain 14m 0s) 
Fold: [1] EVAL: [100/392] Elapsed 1m 47s (remain 5m 8s) 
Fold: [3] Epoch: [4][2700/3129] Elapsed 71m 21s (remain 11m 18s) 
Fold: [1] EVAL: [200/392] Elapsed 3m 32s (remain 3m 21s) 
Fold: [1] EVAL: [300/392] Elapsed 5m 18s (remain 1m 36s) 
Fold: [3] Epoch: [4][2800/3129] Elapsed 73m 43s (remain 8m 37s) 
Fold: [1] EVAL: [391/392] Elapsed 6m 56s (remain 0m 0s) 
Epoch 1 Step 1560 - avg_train_loss: 0.5835  avg_val_loss: 0.2456
Epoch 1 Step 1560 - Score: 0.4947
Epoch 1 Step 1560 - Save Best Score: 0.4947 Model
Fold: [1] Epoch: [1][1600/3128] Elapsed 39m 5s (remain 37m 16s) 
Fold: [3] Epoch: [4][2900/3129] Elapsed 76m 6s (remain 5m 58s) 
Fold: [1] Epoch: [1][1700/3128] Elapsed 41m 6s (remain 34m 29s) 
Fold: [3] Epoch: [4][3000/3129] Elapsed 78m 26s (remain 3m 20s) 
Fold: [1] Epoch: [1][1800/3128] Elapsed 43m 6s (remain 31m 45s) 
Fold: [3] Epoch: [4][3100/3129] Elapsed 80m 48s (remain 0m 43s) 
Fold: [3] EVAL: [0/391] Elapsed 0m 1s (remain 6m 39s) 
Fold: [1] Epoch: [1][1900/3128] Elapsed 45m 7s (remain 29m 7s) 
Fold: [3] EVAL: [100/391] Elapsed 1m 57s (remain 5m 37s) 
Fold: [1] Epoch: [1][2000/3128] Elapsed 47m 10s (remain 26m 34s) 
Fold: [3] EVAL: [200/391] Elapsed 3m 58s (remain 3m 45s) 
Fold: [1] Epoch: [1][2100/3128] Elapsed 49m 13s (remain 24m 3s) 
Fold: [3] EVAL: [300/391] Elapsed 5m 54s (remain 1m 45s) 
Fold: [1] Epoch: [1][2200/3128] Elapsed 51m 13s (remain 21m 34s) 
Fold: [3] EVAL: [390/391] Elapsed 7m 42s (remain 0m 0s) 
Epoch 4 Step 3120 - avg_train_loss: 0.0966  avg_val_loss: 0.2116
Epoch 4 Step 3120 - Score: 0.4594
Fold: [3] Epoch: [4][3128/3129] Elapsed 89m 11s (remain 0m 0s) 
Epoch 4 - avg_train_loss: 0.0966  avg_val_loss: 0.2116  time: 5352s
Epoch 4 - Score: 0.4594
========== fold: 3 result ==========
Score: 0.4569
-------------fold:4 training-------------
Fold: [4] Epoch: [1][0/3129] Elapsed 0m 1s (remain 73m 4s) 
Fold: [1] Epoch: [1][2300/3128] Elapsed 53m 15s (remain 19m 8s) 
Fold: [4] Epoch: [1][100/3129] Elapsed 2m 25s (remain 72m 42s) 
Fold: [1] Epoch: [1][2400/3128] Elapsed 55m 15s (remain 16m 43s) 
Fold: [4] Epoch: [1][200/3129] Elapsed 4m 49s (remain 70m 21s) 
Fold: [1] Epoch: [1][2500/3128] Elapsed 57m 15s (remain 14m 21s) 
Fold: [1] Epoch: [1][2600/3128] Elapsed 59m 15s (remain 12m 0s) 
Fold: [4] Epoch: [1][300/3129] Elapsed 7m 10s (remain 67m 28s) 
Fold: [1] Epoch: [1][2700/3128] Elapsed 61m 13s (remain 9m 40s) 
Fold: [4] Epoch: [1][400/3129] Elapsed 9m 29s (remain 64m 35s) 
Fold: [1] Epoch: [1][2800/3128] Elapsed 63m 9s (remain 7m 22s) 
Fold: [4] Epoch: [1][500/3129] Elapsed 11m 50s (remain 62m 4s) 
Fold: [1] Epoch: [1][2900/3128] Elapsed 65m 10s (remain 5m 5s) 
Fold: [4] Epoch: [1][600/3129] Elapsed 14m 10s (remain 59m 36s) 
Fold: [1] Epoch: [1][3000/3128] Elapsed 67m 8s (remain 2m 50s) 
Fold: [4] Epoch: [1][700/3129] Elapsed 16m 34s (remain 57m 25s) 
Fold: [1] Epoch: [1][3100/3128] Elapsed 69m 8s (remain 0m 36s) 
Fold: [1] EVAL: [0/392] Elapsed 0m 1s (remain 7m 34s) 
Fold: [1] EVAL: [100/392] Elapsed 1m 48s (remain 5m 12s) 
Fold: [4] Epoch: [1][800/3129] Elapsed 18m 57s (remain 55m 5s) 
Fold: [1] EVAL: [200/392] Elapsed 3m 32s (remain 3m 21s) 
Fold: [4] Epoch: [1][900/3129] Elapsed 21m 19s (remain 52m 43s) 
Fold: [1] EVAL: [300/392] Elapsed 5m 16s (remain 1m 35s) 
Fold: [4] Epoch: [1][1000/3129] Elapsed 23m 41s (remain 50m 21s) 
Fold: [1] EVAL: [391/392] Elapsed 6m 54s (remain 0m 0s) 
Epoch 1 Step 3120 - avg_train_loss: 0.4117  avg_val_loss: 0.2410
Epoch 1 Step 3120 - Score: 0.4892
Epoch 1 Step 3120 - Save Best Score: 0.4892 Model
Fold: [1] Epoch: [1][3127/3128] Elapsed 76m 43s (remain 0m 0s) 
Epoch 1 - avg_train_loss: 0.4115  avg_val_loss: 0.2410  time: 4604s
Epoch 1 - Score: 0.4892
Fold: [1] Epoch: [2][0/3128] Elapsed 0m 1s (remain 63m 31s) 
Fold: [4] Epoch: [1][1100/3129] Elapsed 26m 0s (remain 47m 54s) 
Fold: [1] Epoch: [2][100/3128] Elapsed 2m 0s (remain 60m 3s) 
Fold: [1] Epoch: [2][200/3128] Elapsed 3m 59s (remain 58m 4s) 
Fold: [4] Epoch: [1][1200/3129] Elapsed 28m 21s (remain 45m 31s) 
Fold: [1] Epoch: [2][300/3128] Elapsed 5m 59s (remain 56m 17s) 
Fold: [4] Epoch: [1][1300/3129] Elapsed 30m 44s (remain 43m 12s) 
Fold: [1] Epoch: [2][400/3128] Elapsed 7m 56s (remain 54m 3s) 
Fold: [4] Epoch: [1][1400/3129] Elapsed 33m 7s (remain 40m 51s) 
Fold: [1] Epoch: [2][500/3128] Elapsed 9m 53s (remain 51m 53s) 
Fold: [4] Epoch: [1][1500/3129] Elapsed 35m 28s (remain 38m 28s) 
Fold: [1] Epoch: [2][600/3128] Elapsed 11m 53s (remain 49m 59s) 
Fold: [4] EVAL: [0/391] Elapsed 0m 1s (remain 8m 29s) 
Fold: [1] Epoch: [2][700/3128] Elapsed 13m 55s (remain 48m 11s) 
Fold: [4] EVAL: [100/391] Elapsed 1m 58s (remain 5m 39s) 
Fold: [1] Epoch: [2][800/3128] Elapsed 15m 58s (remain 46m 25s) 
Fold: [4] EVAL: [200/391] Elapsed 3m 55s (remain 3m 42s) 
Fold: [1] Epoch: [2][900/3128] Elapsed 17m 59s (remain 44m 29s) 
Fold: [4] EVAL: [300/391] Elapsed 5m 53s (remain 1m 45s) 
Fold: [1] Epoch: [2][1000/3128] Elapsed 20m 6s (remain 42m 43s) 
Fold: [4] EVAL: [390/391] Elapsed 7m 43s (remain 0m 0s) 
Epoch 1 Step 1560 - avg_train_loss: 0.6138  avg_val_loss: 0.2389
Epoch 1 Step 1560 - Score: 0.4878
Epoch 1 Step 1560 - Save Best Score: 0.4878 Model
Fold: [4] Epoch: [1][1600/3129] Elapsed 45m 43s (remain 43m 38s) 
Fold: [1] Epoch: [2][1100/3128] Elapsed 22m 5s (remain 40m 41s) 
Fold: [4] Epoch: [1][1700/3129] Elapsed 48m 5s (remain 40m 22s) 
Fold: [1] Epoch: [2][1200/3128] Elapsed 24m 7s (remain 38m 42s) 
Fold: [4] Epoch: [1][1800/3129] Elapsed 50m 22s (remain 37m 8s) 
Fold: [1] Epoch: [2][1300/3128] Elapsed 26m 6s (remain 36m 39s) 
Fold: [1] Epoch: [2][1400/3128] Elapsed 28m 5s (remain 34m 37s) 
Fold: [4] Epoch: [1][1900/3129] Elapsed 52m 42s (remain 34m 3s) 
Fold: [1] Epoch: [2][1500/3128] Elapsed 30m 4s (remain 32m 36s) 
Fold: [4] Epoch: [1][2000/3129] Elapsed 55m 5s (remain 31m 3s) 
Fold: [1] EVAL: [0/392] Elapsed 0m 1s (remain 6m 33s) 
Fold: [1] EVAL: [100/392] Elapsed 1m 48s (remain 5m 12s) 
Fold: [4] Epoch: [1][2100/3129] Elapsed 57m 26s (remain 28m 6s) 
Fold: [1] EVAL: [200/392] Elapsed 3m 34s (remain 3m 23s) 
Fold: [4] Epoch: [1][2200/3129] Elapsed 59m 48s (remain 25m 13s) 
Fold: [1] EVAL: [300/392] Elapsed 5m 20s (remain 1m 36s) 
Fold: [4] Epoch: [1][2300/3129] Elapsed 62m 10s (remain 22m 22s) 
Fold: [1] EVAL: [391/392] Elapsed 6m 55s (remain 0m 0s) 
Epoch 2 Step 1560 - avg_train_loss: 0.2051  avg_val_loss: 0.2155
Epoch 2 Step 1560 - Score: 0.4635
Epoch 2 Step 1560 - Save Best Score: 0.4635 Model
Fold: [1] Epoch: [2][1600/3128] Elapsed 39m 7s (remain 37m 18s) 
Fold: [4] Epoch: [1][2400/3129] Elapsed 64m 29s (remain 19m 33s) 
Fold: [1] Epoch: [2][1700/3128] Elapsed 41m 4s (remain 34m 27s) 
Fold: [4] Epoch: [1][2500/3129] Elapsed 66m 52s (remain 16m 47s) 
Fold: [1] Epoch: [2][1800/3128] Elapsed 43m 6s (remain 31m 45s) 
Fold: [4] Epoch: [1][2600/3129] Elapsed 69m 14s (remain 14m 3s) 
Fold: [1] Epoch: [2][1900/3128] Elapsed 45m 3s (remain 29m 5s) 
Fold: [1] Epoch: [2][2000/3128] Elapsed 47m 2s (remain 26m 29s) 
Fold: [4] Epoch: [1][2700/3129] Elapsed 71m 34s (remain 11m 20s) 
Fold: [1] Epoch: [2][2100/3128] Elapsed 49m 1s (remain 23m 58s) 
Fold: [4] Epoch: [1][2800/3129] Elapsed 73m 54s (remain 8m 39s) 
Fold: [1] Epoch: [2][2200/3128] Elapsed 51m 0s (remain 21m 29s) 
Fold: [4] Epoch: [1][2900/3129] Elapsed 76m 14s (remain 5m 59s) 
Fold: [1] Epoch: [2][2300/3128] Elapsed 52m 57s (remain 19m 1s) 
Fold: [4] Epoch: [1][3000/3129] Elapsed 78m 36s (remain 3m 21s) 
Fold: [1] Epoch: [2][2400/3128] Elapsed 54m 57s (remain 16m 38s) 
Fold: [4] Epoch: [1][3100/3129] Elapsed 80m 56s (remain 0m 43s) 
Fold: [1] Epoch: [2][2500/3128] Elapsed 56m 58s (remain 14m 16s) 
Fold: [4] EVAL: [0/391] Elapsed 0m 1s (remain 8m 2s) 
Fold: [1] Epoch: [2][2600/3128] Elapsed 58m 59s (remain 11m 57s) 
Fold: [4] EVAL: [100/391] Elapsed 1m 59s (remain 5m 43s) 
Fold: [4] EVAL: [200/391] Elapsed 3m 56s (remain 3m 43s) 
Fold: [1] Epoch: [2][2700/3128] Elapsed 61m 1s (remain 9m 38s) 
Fold: [4] EVAL: [300/391] Elapsed 5m 55s (remain 1m 46s) 
Fold: [1] Epoch: [2][2800/3128] Elapsed 63m 7s (remain 7m 22s) 
Fold: [4] EVAL: [390/391] Elapsed 7m 42s (remain 0m 0s) 
Epoch 1 Step 3120 - avg_train_loss: 0.4262  avg_val_loss: 0.2880
Epoch 1 Step 3120 - Score: 0.5343
Fold: [4] Epoch: [1][3128/3129] Elapsed 89m 17s (remain 0m 0s) 
Epoch 1 - avg_train_loss: 0.4256  avg_val_loss: 0.2880  time: 5358s
Epoch 1 - Score: 0.5343
Fold: [4] Epoch: [2][0/3129] Elapsed 0m 1s (remain 61m 10s) 
Fold: [1] Epoch: [2][2900/3128] Elapsed 65m 10s (remain 5m 5s) 
Fold: [1] Epoch: [2][3000/3128] Elapsed 67m 10s (remain 2m 50s) 
Fold: [4] Epoch: [2][100/3129] Elapsed 2m 21s (remain 70m 51s) 
Fold: [1] Epoch: [2][3100/3128] Elapsed 69m 11s (remain 0m 36s) 
Fold: [1] EVAL: [0/392] Elapsed 0m 1s (remain 7m 24s) 
Fold: [4] Epoch: [2][200/3129] Elapsed 4m 44s (remain 69m 11s) 
Fold: [1] EVAL: [100/392] Elapsed 1m 48s (remain 5m 11s) 
Fold: [4] Epoch: [2][300/3129] Elapsed 7m 7s (remain 66m 56s) 
Fold: [1] EVAL: [200/392] Elapsed 3m 34s (remain 3m 24s) 
Fold: [4] Epoch: [2][400/3129] Elapsed 9m 28s (remain 64m 26s) 
Fold: [1] EVAL: [300/392] Elapsed 5m 21s (remain 1m 37s) 
Fold: [1] EVAL: [391/392] Elapsed 6m 58s (remain 0m 0s) 
Epoch 2 Step 3120 - avg_train_loss: 0.2005  avg_val_loss: 0.2093
Epoch 2 Step 3120 - Score: 0.4571
Epoch 2 Step 3120 - Save Best Score: 0.4571 Model
Fold: [4] Epoch: [2][500/3129] Elapsed 11m 48s (remain 61m 56s) 
Fold: [1] Epoch: [2][3127/3128] Elapsed 76m 48s (remain 0m 0s) 
Epoch 2 - avg_train_loss: 0.2005  avg_val_loss: 0.2093  time: 4608s
Epoch 2 - Score: 0.4571
Fold: [1] Epoch: [3][0/3128] Elapsed 0m 1s (remain 63m 21s) 
Fold: [1] Epoch: [3][100/3128] Elapsed 2m 1s (remain 60m 27s) 
Fold: [4] Epoch: [2][600/3129] Elapsed 14m 9s (remain 59m 35s) 
Fold: [1] Epoch: [3][200/3128] Elapsed 4m 2s (remain 58m 56s) 
Fold: [4] Epoch: [2][700/3129] Elapsed 16m 34s (remain 57m 23s) 
Fold: [1] Epoch: [3][300/3128] Elapsed 6m 2s (remain 56m 47s) 
Fold: [4] Epoch: [2][800/3129] Elapsed 18m 55s (remain 54m 59s) 
Fold: [1] Epoch: [3][400/3128] Elapsed 8m 4s (remain 54m 51s) 
Fold: [4] Epoch: [2][900/3129] Elapsed 21m 17s (remain 52m 37s) 
Fold: [1] Epoch: [3][500/3128] Elapsed 10m 3s (remain 52m 43s) 
Fold: [4] Epoch: [2][1000/3129] Elapsed 23m 37s (remain 50m 13s) 
Fold: [1] Epoch: [3][600/3128] Elapsed 12m 4s (remain 50m 45s) 
Fold: [1] Epoch: [3][700/3128] Elapsed 14m 0s (remain 48m 31s) 
Fold: [4] Epoch: [2][1100/3129] Elapsed 25m 59s (remain 47m 52s) 
Fold: [1] Epoch: [3][800/3128] Elapsed 16m 2s (remain 46m 37s) 
Fold: [4] Epoch: [2][1200/3129] Elapsed 28m 18s (remain 45m 27s) 
Fold: [1] Epoch: [3][900/3128] Elapsed 18m 1s (remain 44m 33s) 
Fold: [4] Epoch: [2][1300/3129] Elapsed 30m 39s (remain 43m 5s) 
Fold: [1] Epoch: [3][1000/3128] Elapsed 20m 1s (remain 42m 33s) 
Fold: [4] Epoch: [2][1400/3129] Elapsed 33m 2s (remain 40m 45s) 
Fold: [1] Epoch: [3][1100/3128] Elapsed 22m 2s (remain 40m 33s) 
Fold: [4] Epoch: [2][1500/3129] Elapsed 35m 24s (remain 38m 23s) 
Fold: [1] Epoch: [3][1200/3128] Elapsed 24m 2s (remain 38m 34s) 
Fold: [4] EVAL: [0/391] Elapsed 0m 1s (remain 8m 18s) 
Fold: [1] Epoch: [3][1300/3128] Elapsed 26m 2s (remain 36m 34s) 
Fold: [4] EVAL: [100/391] Elapsed 1m 58s (remain 5m 41s) 
Fold: [1] Epoch: [3][1400/3128] Elapsed 28m 7s (remain 34m 39s) 
Fold: [4] EVAL: [200/391] Elapsed 3m 58s (remain 3m 45s) 
Fold: [1] Epoch: [3][1500/3128] Elapsed 30m 8s (remain 32m 40s) 
Fold: [4] EVAL: [300/391] Elapsed 5m 56s (remain 1m 46s) 
Fold: [1] EVAL: [0/392] Elapsed 0m 1s (remain 7m 23s) 
Fold: [4] EVAL: [390/391] Elapsed 7m 42s (remain 0m 0s) 
Epoch 2 Step 1560 - avg_train_loss: 0.2113  avg_val_loss: 0.2185
Epoch 2 Step 1560 - Score: 0.4663
Epoch 2 Step 1560 - Save Best Score: 0.4663 Model
Fold: [1] EVAL: [100/392] Elapsed 1m 47s (remain 5m 8s) 
Fold: [4] Epoch: [2][1600/3129] Elapsed 45m 39s (remain 43m 35s) 
Fold: [1] EVAL: [200/392] Elapsed 3m 33s (remain 3m 23s) 
Fold: [4] Epoch: [2][1700/3129] Elapsed 48m 1s (remain 40m 18s) 
Fold: [1] EVAL: [300/392] Elapsed 5m 21s (remain 1m 37s) 
Fold: [1] EVAL: [391/392] Elapsed 6m 56s (remain 0m 0s) 
Epoch 3 Step 1560 - avg_train_loss: 0.1499  avg_val_loss: 0.2169
Epoch 3 Step 1560 - Score: 0.4651
Fold: [4] Epoch: [2][1800/3129] Elapsed 50m 23s (remain 37m 9s) 
Fold: [1] Epoch: [3][1600/3128] Elapsed 39m 8s (remain 37m 19s) 
Fold: [4] Epoch: [2][1900/3129] Elapsed 52m 45s (remain 34m 5s) 
Fold: [1] Epoch: [3][1700/3128] Elapsed 41m 6s (remain 34m 29s) 
Fold: [1] Epoch: [3][1800/3128] Elapsed 43m 10s (remain 31m 48s) 
Fold: [4] Epoch: [2][2000/3129] Elapsed 55m 10s (remain 31m 6s) 
Fold: [1] Epoch: [3][1900/3128] Elapsed 45m 7s (remain 29m 7s) 
Fold: [4] Epoch: [2][2100/3129] Elapsed 57m 32s (remain 28m 9s) 
Fold: [1] Epoch: [3][2000/3128] Elapsed 47m 6s (remain 26m 31s) 
Fold: [4] Epoch: [2][2200/3129] Elapsed 59m 56s (remain 25m 16s) 
Fold: [1] Epoch: [3][2100/3128] Elapsed 49m 7s (remain 24m 0s) 
Fold: [4] Epoch: [2][2300/3129] Elapsed 62m 16s (remain 22m 24s) 
Fold: [1] Epoch: [3][2200/3128] Elapsed 51m 7s (remain 21m 31s) 
Fold: [4] Epoch: [2][2400/3129] Elapsed 64m 37s (remain 19m 35s) 
Fold: [1] Epoch: [3][2300/3128] Elapsed 53m 6s (remain 19m 5s) 
Fold: [1] Epoch: [3][2400/3128] Elapsed 55m 4s (remain 16m 40s) 
Fold: [4] Epoch: [2][2500/3129] Elapsed 66m 58s (remain 16m 49s) 
Fold: [1] Epoch: [3][2500/3128] Elapsed 57m 3s (remain 14m 18s) 
Fold: [4] Epoch: [2][2600/3129] Elapsed 69m 17s (remain 14m 3s) 
Fold: [1] Epoch: [3][2600/3128] Elapsed 59m 4s (remain 11m 58s) 
Fold: [4] Epoch: [2][2700/3129] Elapsed 71m 36s (remain 11m 20s) 
Fold: [1] Epoch: [3][2700/3128] Elapsed 61m 4s (remain 9m 39s) 
Fold: [4] Epoch: [2][2800/3129] Elapsed 74m 1s (remain 8m 40s) 
Fold: [1] Epoch: [3][2800/3128] Elapsed 63m 3s (remain 7m 21s) 
Fold: [4] Epoch: [2][2900/3129] Elapsed 76m 24s (remain 6m 0s) 
Fold: [1] Epoch: [3][2900/3128] Elapsed 65m 0s (remain 5m 5s) 
Fold: [4] Epoch: [2][3000/3129] Elapsed 78m 45s (remain 3m 21s) 
Fold: [1] Epoch: [3][3000/3128] Elapsed 67m 2s (remain 2m 50s) 
Fold: [1] Epoch: [3][3100/3128] Elapsed 69m 4s (remain 0m 36s) 
Fold: [4] Epoch: [2][3100/3129] Elapsed 81m 7s (remain 0m 43s) 
Fold: [1] EVAL: [0/392] Elapsed 0m 1s (remain 7m 37s) 
Fold: [4] EVAL: [0/391] Elapsed 0m 0s (remain 5m 45s) 
Fold: [1] EVAL: [100/392] Elapsed 1m 50s (remain 5m 17s) 
Fold: [4] EVAL: [100/391] Elapsed 2m 1s (remain 5m 48s) 
Fold: [1] EVAL: [200/392] Elapsed 3m 41s (remain 3m 30s) 
Fold: [4] EVAL: [200/391] Elapsed 3m 55s (remain 3m 42s) 
Fold: [1] EVAL: [300/392] Elapsed 5m 32s (remain 1m 40s) 
Fold: [4] EVAL: [300/391] Elapsed 5m 56s (remain 1m 46s) 
Fold: [1] EVAL: [391/392] Elapsed 7m 11s (remain 0m 0s) 
Epoch 3 Step 3120 - avg_train_loss: 0.1441  avg_val_loss: 0.2194
Epoch 3 Step 3120 - Score: 0.4675
Fold: [1] Epoch: [3][3127/3128] Elapsed 76m 48s (remain 0m 0s) 
Epoch 3 - avg_train_loss: 0.1442  avg_val_loss: 0.2194  time: 4609s
Epoch 3 - Score: 0.4675
Fold: [1] Epoch: [4][0/3128] Elapsed 0m 1s (remain 73m 0s) 
Fold: [4] EVAL: [390/391] Elapsed 7m 42s (remain 0m 0s) 
Epoch 2 Step 3120 - avg_train_loss: 0.2065  avg_val_loss: 0.2570
Epoch 2 Step 3120 - Score: 0.5059
Fold: [4] Epoch: [2][3128/3129] Elapsed 89m 29s (remain 0m 0s) 
Epoch 2 - avg_train_loss: 0.2065  avg_val_loss: 0.2570  time: 5370s
Epoch 2 - Score: 0.5059
Fold: [4] Epoch: [3][0/3129] Elapsed 0m 1s (remain 88m 12s) 
Fold: [1] Epoch: [4][100/3128] Elapsed 2m 1s (remain 60m 31s) 
Fold: [4] Epoch: [3][100/3129] Elapsed 2m 21s (remain 70m 37s) 
Fold: [1] Epoch: [4][200/3128] Elapsed 4m 0s (remain 58m 24s) 
Fold: [4] Epoch: [3][200/3129] Elapsed 4m 42s (remain 68m 38s) 
Fold: [1] Epoch: [4][300/3128] Elapsed 5m 57s (remain 56m 0s) 
Fold: [4] Epoch: [3][300/3129] Elapsed 7m 2s (remain 66m 13s) 
Fold: [1] Epoch: [4][400/3128] Elapsed 7m 58s (remain 54m 15s) 
Fold: [1] Epoch: [4][500/3128] Elapsed 9m 58s (remain 52m 17s) 
Fold: [4] Epoch: [3][400/3129] Elapsed 9m 24s (remain 63m 59s) 
Fold: [1] Epoch: [4][600/3128] Elapsed 11m 55s (remain 50m 9s) 
Fold: [4] Epoch: [3][500/3129] Elapsed 11m 46s (remain 61m 45s) 
Fold: [1] Epoch: [4][700/3128] Elapsed 13m 54s (remain 48m 7s) 
Fold: [4] Epoch: [3][600/3129] Elapsed 14m 7s (remain 59m 25s) 
Fold: [1] Epoch: [4][800/3128] Elapsed 15m 52s (remain 46m 7s) 
Fold: [4] Epoch: [3][700/3129] Elapsed 16m 29s (remain 57m 6s) 
Fold: [1] Epoch: [4][900/3128] Elapsed 17m 52s (remain 44m 11s) 
Fold: [4] Epoch: [3][800/3129] Elapsed 18m 52s (remain 54m 52s) 
Fold: [1] Epoch: [4][1000/3128] Elapsed 19m 54s (remain 42m 17s) 
Fold: [1] Epoch: [4][1100/3128] Elapsed 21m 54s (remain 40m 20s) 
Fold: [4] Epoch: [3][900/3129] Elapsed 21m 13s (remain 52m 28s) 
Fold: [1] Epoch: [4][1200/3128] Elapsed 23m 54s (remain 38m 21s) 
Fold: [4] Epoch: [3][1000/3129] Elapsed 23m 35s (remain 50m 9s) 
Fold: [1] Epoch: [4][1300/3128] Elapsed 25m 52s (remain 36m 19s) 
Fold: [4] Epoch: [3][1100/3129] Elapsed 25m 56s (remain 47m 46s) 
Fold: [1] Epoch: [4][1400/3128] Elapsed 27m 53s (remain 34m 23s) 
Fold: [4] Epoch: [3][1200/3129] Elapsed 28m 18s (remain 45m 26s) 
Fold: [1] Epoch: [4][1500/3128] Elapsed 29m 53s (remain 32m 23s) 
Fold: [1] EVAL: [0/392] Elapsed 0m 1s (remain 7m 34s) 
Fold: [4] Epoch: [3][1300/3129] Elapsed 30m 39s (remain 43m 4s) 
Fold: [1] EVAL: [100/392] Elapsed 1m 48s (remain 5m 12s) 
Fold: [4] Epoch: [3][1400/3129] Elapsed 33m 2s (remain 40m 45s) 
Fold: [1] EVAL: [200/392] Elapsed 3m 35s (remain 3m 24s) 
Fold: [4] Epoch: [3][1500/3129] Elapsed 35m 26s (remain 38m 26s) 
Fold: [1] EVAL: [300/392] Elapsed 5m 21s (remain 1m 37s) 
Fold: [4] EVAL: [0/391] Elapsed 0m 1s (remain 8m 26s) 
Fold: [1] EVAL: [391/392] Elapsed 6m 59s (remain 0m 0s) 
Epoch 4 Step 1560 - avg_train_loss: 0.0991  avg_val_loss: 0.2163
Epoch 4 Step 1560 - Score: 0.4644
Fold: [1] Epoch: [4][1600/3128] Elapsed 38m 53s (remain 37m 5s) 
Fold: [4] EVAL: [100/391] Elapsed 2m 1s (remain 5m 49s) 
Fold: [1] Epoch: [4][1700/3128] Elapsed 40m 54s (remain 34m 19s) 
Fold: [4] EVAL: [200/391] Elapsed 3m 59s (remain 3m 46s) 
Fold: [1] Epoch: [4][1800/3128] Elapsed 42m 56s (remain 31m 38s) 
Fold: [4] EVAL: [300/391] Elapsed 5m 55s (remain 1m 46s) 
Fold: [1] Epoch: [4][1900/3128] Elapsed 44m 58s (remain 29m 2s) 
Fold: [4] EVAL: [390/391] Elapsed 7m 40s (remain 0m 0s) 
Epoch 3 Step 1560 - avg_train_loss: 0.1592  avg_val_loss: 0.2115
Epoch 3 Step 1560 - Score: 0.4594
Epoch 3 Step 1560 - Save Best Score: 0.4594 Model
Fold: [4] Epoch: [3][1600/3129] Elapsed 45m 37s (remain 43m 32s) 
Fold: [1] Epoch: [4][2000/3128] Elapsed 46m 58s (remain 26m 27s) 
Fold: [4] Epoch: [3][1700/3129] Elapsed 48m 1s (remain 40m 18s) 
Fold: [1] Epoch: [4][2100/3128] Elapsed 48m 55s (remain 23m 55s) 
Fold: [1] Epoch: [4][2200/3128] Elapsed 50m 58s (remain 21m 28s) 
Fold: [4] Epoch: [3][1800/3129] Elapsed 50m 22s (remain 37m 8s) 
Fold: [1] Epoch: [4][2300/3128] Elapsed 52m 58s (remain 19m 2s) 
Fold: [4] Epoch: [3][1900/3129] Elapsed 52m 44s (remain 34m 3s) 
Fold: [1] Epoch: [4][2400/3128] Elapsed 54m 58s (remain 16m 38s) 
Fold: [4] Epoch: [3][2000/3129] Elapsed 55m 5s (remain 31m 3s) 
Fold: [1] Epoch: [4][2500/3128] Elapsed 56m 57s (remain 14m 16s) 
Fold: [4] Epoch: [3][2100/3129] Elapsed 57m 28s (remain 28m 7s) 
Fold: [1] Epoch: [4][2600/3128] Elapsed 58m 58s (remain 11m 57s) 
Fold: [4] Epoch: [3][2200/3129] Elapsed 59m 48s (remain 25m 13s) 
Fold: [1] Epoch: [4][2700/3128] Elapsed 60m 56s (remain 9m 38s) 
Fold: [1] Epoch: [4][2800/3128] Elapsed 62m 52s (remain 7m 20s) 
Fold: [4] Epoch: [3][2300/3129] Elapsed 62m 7s (remain 22m 21s) 
Fold: [1] Epoch: [4][2900/3128] Elapsed 64m 51s (remain 5m 4s) 
Fold: [4] Epoch: [3][2400/3129] Elapsed 64m 27s (remain 19m 32s) 
Fold: [1] Epoch: [4][3000/3128] Elapsed 66m 48s (remain 2m 49s) 
Fold: [4] Epoch: [3][2500/3129] Elapsed 66m 49s (remain 16m 46s) 
Fold: [1] Epoch: [4][3100/3128] Elapsed 68m 48s (remain 0m 35s) 
Fold: [1] EVAL: [0/392] Elapsed 0m 1s (remain 7m 21s) 
Fold: [4] Epoch: [3][2600/3129] Elapsed 69m 12s (remain 14m 2s) 
Fold: [1] EVAL: [100/392] Elapsed 1m 48s (remain 5m 13s) 
Fold: [4] Epoch: [3][2700/3129] Elapsed 71m 37s (remain 11m 20s) 
Fold: [1] EVAL: [200/392] Elapsed 3m 33s (remain 3m 23s) 
Fold: [1] EVAL: [300/392] Elapsed 5m 20s (remain 1m 36s) 
Fold: [4] Epoch: [3][2800/3129] Elapsed 73m 59s (remain 8m 39s) 
Fold: [1] EVAL: [391/392] Elapsed 6m 57s (remain 0m 0s) 
Epoch 4 Step 3120 - avg_train_loss: 0.0973  avg_val_loss: 0.2154
Epoch 4 Step 3120 - Score: 0.4635
Fold: [1] Epoch: [4][3127/3128] Elapsed 76m 18s (remain 0m 0s) 
Epoch 4 - avg_train_loss: 0.0973  avg_val_loss: 0.2154  time: 4578s
Epoch 4 - Score: 0.4635
========== fold: 1 result ==========
Score: 0.4571
-------------fold:2 training-------------
Fold: [2] Epoch: [1][0/3129] Elapsed 0m 1s (remain 61m 43s) 
Fold: [4] Epoch: [3][2900/3129] Elapsed 76m 20s (remain 5m 59s) 
Fold: [2] Epoch: [1][100/3129] Elapsed 2m 3s (remain 61m 55s) 
Fold: [4] Epoch: [3][3000/3129] Elapsed 78m 41s (remain 3m 21s) 
Fold: [2] Epoch: [1][200/3129] Elapsed 4m 4s (remain 59m 22s) 
Fold: [4] Epoch: [3][3100/3129] Elapsed 81m 3s (remain 0m 43s) 
Fold: [4] EVAL: [0/391] Elapsed 0m 0s (remain 5m 29s) 
Fold: [2] Epoch: [1][300/3129] Elapsed 6m 4s (remain 57m 5s) 
Fold: [4] EVAL: [100/391] Elapsed 1m 59s (remain 5m 43s) 
Fold: [2] Epoch: [1][400/3129] Elapsed 8m 5s (remain 55m 5s) 
Fold: [4] EVAL: [200/391] Elapsed 4m 1s (remain 3m 48s) 
Fold: [2] Epoch: [1][500/3129] Elapsed 10m 11s (remain 53m 27s) 
Fold: [4] EVAL: [300/391] Elapsed 5m 57s (remain 1m 47s) 
Fold: [2] Epoch: [1][600/3129] Elapsed 12m 13s (remain 51m 27s) 
Fold: [4] EVAL: [390/391] Elapsed 7m 45s (remain 0m 0s) 
Epoch 3 Step 3120 - avg_train_loss: 0.1530  avg_val_loss: 0.2123
Epoch 3 Step 3120 - Score: 0.4601
Fold: [4] Epoch: [3][3128/3129] Elapsed 89m 28s (remain 0m 0s) 
Epoch 3 - avg_train_loss: 0.1530  avg_val_loss: 0.2123  time: 5369s
Epoch 3 - Score: 0.4601
Fold: [4] Epoch: [4][0/3129] Elapsed 0m 1s (remain 75m 48s) 
Fold: [2] Epoch: [1][700/3129] Elapsed 14m 16s (remain 49m 26s) 
Fold: [4] Epoch: [4][100/3129] Elapsed 2m 19s (remain 69m 49s) 
Fold: [2] Epoch: [1][800/3129] Elapsed 16m 16s (remain 47m 18s) 
Fold: [2] Epoch: [1][900/3129] Elapsed 18m 15s (remain 45m 9s) 
Fold: [4] Epoch: [4][200/3129] Elapsed 4m 42s (remain 68m 29s) 
Fold: [2] Epoch: [1][1000/3129] Elapsed 20m 14s (remain 43m 1s) 
Fold: [4] Epoch: [4][300/3129] Elapsed 7m 3s (remain 66m 22s) 
Fold: [2] Epoch: [1][1100/3129] Elapsed 22m 13s (remain 40m 56s) 
Fold: [4] Epoch: [4][400/3129] Elapsed 9m 24s (remain 64m 0s) 
Fold: [2] Epoch: [1][1200/3129] Elapsed 24m 11s (remain 38m 49s) 
Fold: [4] Epoch: [4][500/3129] Elapsed 11m 46s (remain 61m 47s) 
Fold: [2] Epoch: [1][1300/3129] Elapsed 26m 13s (remain 36m 50s) 
Fold: [4] Epoch: [4][600/3129] Elapsed 14m 10s (remain 59m 35s) 
Fold: [2] Epoch: [1][1400/3129] Elapsed 28m 13s (remain 34m 48s) 
Fold: [2] Epoch: [1][1500/3129] Elapsed 30m 13s (remain 32m 47s) 
Fold: [4] Epoch: [4][700/3129] Elapsed 16m 31s (remain 57m 13s) 
Fold: [2] EVAL: [0/391] Elapsed 0m 0s (remain 6m 25s) 
Fold: [4] Epoch: [4][800/3129] Elapsed 18m 56s (remain 55m 4s) 
Fold: [2] EVAL: [100/391] Elapsed 1m 47s (remain 5m 9s) 
Fold: [2] EVAL: [200/391] Elapsed 3m 34s (remain 3m 22s) 
Fold: [4] Epoch: [4][900/3129] Elapsed 21m 20s (remain 52m 46s) 
Fold: [2] EVAL: [300/391] Elapsed 5m 18s (remain 1m 35s) 
Fold: [4] Epoch: [4][1000/3129] Elapsed 23m 42s (remain 50m 25s) 
Fold: [2] EVAL: [390/391] Elapsed 6m 53s (remain 0m 0s) 
Epoch 1 Step 1560 - avg_train_loss: 0.4700  avg_val_loss: 0.2834
Epoch 1 Step 1560 - Score: 0.5300
Epoch 1 Step 1560 - Save Best Score: 0.5300 Model
Fold: [2] Epoch: [1][1600/3129] Elapsed 39m 15s (remain 37m 27s) 
Fold: [4] Epoch: [4][1100/3129] Elapsed 26m 4s (remain 48m 2s) 
Fold: [2] Epoch: [1][1700/3129] Elapsed 41m 13s (remain 34m 36s) 
Fold: [4] Epoch: [4][1200/3129] Elapsed 28m 29s (remain 45m 43s) 
Fold: [2] Epoch: [1][1800/3129] Elapsed 43m 12s (remain 31m 51s) 
Fold: [4] Epoch: [4][1300/3129] Elapsed 30m 51s (remain 43m 22s) 
Fold: [2] Epoch: [1][1900/3129] Elapsed 45m 11s (remain 29m 11s) 
Fold: [4] Epoch: [4][1400/3129] Elapsed 33m 12s (remain 40m 57s) 
Fold: [2] Epoch: [1][2000/3129] Elapsed 47m 10s (remain 26m 35s) 
Fold: [2] Epoch: [1][2100/3129] Elapsed 49m 7s (remain 24m 2s) 
Fold: [4] Epoch: [4][1500/3129] Elapsed 35m 33s (remain 38m 33s) 
Fold: [4] EVAL: [0/391] Elapsed 0m 0s (remain 6m 16s) 
Fold: [2] Epoch: [1][2200/3129] Elapsed 51m 4s (remain 21m 32s) 
Fold: [4] EVAL: [100/391] Elapsed 2m 0s (remain 5m 46s) 
Fold: [2] Epoch: [1][2300/3129] Elapsed 53m 10s (remain 19m 8s) 
Fold: [4] EVAL: [200/391] Elapsed 4m 0s (remain 3m 46s) 
Fold: [2] Epoch: [1][2400/3129] Elapsed 55m 10s (remain 16m 43s) 
Fold: [4] EVAL: [300/391] Elapsed 5m 57s (remain 1m 46s) 
Fold: [2] Epoch: [1][2500/3129] Elapsed 57m 10s (remain 14m 21s) 
Fold: [4] EVAL: [390/391] Elapsed 7m 41s (remain 0m 0s) 
Epoch 4 Step 1560 - avg_train_loss: 0.1150  avg_val_loss: 0.2138
Epoch 4 Step 1560 - Score: 0.4618
Fold: [2] Epoch: [1][2600/3129] Elapsed 59m 10s (remain 12m 0s) 
Fold: [4] Epoch: [4][1600/3129] Elapsed 45m 37s (remain 43m 32s) 
Fold: [2] Epoch: [1][2700/3129] Elapsed 61m 10s (remain 9m 41s) 
Fold: [4] Epoch: [4][1700/3129] Elapsed 47m 59s (remain 40m 17s) 
Fold: [2] Epoch: [1][2800/3129] Elapsed 63m 12s (remain 7m 24s) 
Fold: [4] Epoch: [4][1800/3129] Elapsed 50m 19s (remain 37m 6s) 
Fold: [2] Epoch: [1][2900/3129] Elapsed 65m 10s (remain 5m 7s) 
Fold: [4] Epoch: [4][1900/3129] Elapsed 52m 40s (remain 34m 1s) 
Fold: [2] Epoch: [1][3000/3129] Elapsed 67m 9s (remain 2m 51s) 
Fold: [4] Epoch: [4][2000/3129] Elapsed 55m 3s (remain 31m 1s) 
Fold: [2] Epoch: [1][3100/3129] Elapsed 69m 7s (remain 0m 37s) 
Fold: [2] EVAL: [0/391] Elapsed 0m 1s (remain 7m 17s) 
Fold: [2] EVAL: [100/391] Elapsed 1m 49s (remain 5m 15s) 
Fold: [4] Epoch: [4][2100/3129] Elapsed 57m 26s (remain 28m 6s) 
Fold: [2] EVAL: [200/391] Elapsed 3m 36s (remain 3m 24s) 
Fold: [4] Epoch: [4][2200/3129] Elapsed 59m 49s (remain 25m 13s) 
Fold: [2] EVAL: [300/391] Elapsed 5m 21s (remain 1m 36s) 
Fold: [4] Epoch: [4][2300/3129] Elapsed 62m 14s (remain 22m 23s) 
Fold: [2] EVAL: [390/391] Elapsed 6m 57s (remain 0m 0s) 
Epoch 1 Step 3120 - avg_train_loss: 0.3482  avg_val_loss: 0.2216
Epoch 1 Step 3120 - Score: 0.4703
Epoch 1 Step 3120 - Save Best Score: 0.4703 Model
Fold: [2] Epoch: [1][3128/3129] Elapsed 76m 45s (remain 0m 0s) 
Epoch 1 - avg_train_loss: 0.3479  avg_val_loss: 0.2216  time: 4606s
Epoch 1 - Score: 0.4703
Fold: [2] Epoch: [2][0/3129] Elapsed 0m 0s (remain 51m 54s) 
Fold: [4] Epoch: [4][2400/3129] Elapsed 64m 34s (remain 19m 34s) 
Fold: [2] Epoch: [2][100/3129] Elapsed 1m 59s (remain 59m 53s) 
Fold: [2] Epoch: [2][200/3129] Elapsed 3m 59s (remain 58m 13s) 
Fold: [4] Epoch: [4][2500/3129] Elapsed 66m 56s (remain 16m 48s) 
Fold: [2] Epoch: [2][300/3129] Elapsed 5m 57s (remain 56m 0s) 
Fold: [4] Epoch: [4][2600/3129] Elapsed 69m 18s (remain 14m 4s) 
Fold: [2] Epoch: [2][400/3129] Elapsed 7m 55s (remain 53m 56s) 
Fold: [4] Epoch: [4][2700/3129] Elapsed 71m 35s (remain 11m 20s) 
Fold: [2] Epoch: [2][500/3129] Elapsed 9m 55s (remain 52m 4s) 
Fold: [4] Epoch: [4][2800/3129] Elapsed 73m 55s (remain 8m 39s) 
Fold: [2] Epoch: [2][600/3129] Elapsed 11m 57s (remain 50m 16s) 
Fold: [4] Epoch: [4][2900/3129] Elapsed 76m 19s (remain 5m 59s) 
Fold: [2] Epoch: [2][700/3129] Elapsed 13m 59s (remain 48m 27s) 
Fold: [4] Epoch: [4][3000/3129] Elapsed 78m 39s (remain 3m 21s) 
Fold: [2] Epoch: [2][800/3129] Elapsed 15m 59s (remain 46m 28s) 
Fold: [2] Epoch: [2][900/3129] Elapsed 18m 1s (remain 44m 35s) 
Fold: [4] Epoch: [4][3100/3129] Elapsed 80m 59s (remain 0m 43s) 
Fold: [4] EVAL: [0/391] Elapsed 0m 1s (remain 8m 18s) 
Fold: [2] Epoch: [2][1000/3129] Elapsed 20m 3s (remain 42m 37s) 
Fold: [4] EVAL: [100/391] Elapsed 2m 1s (remain 5m 49s) 
Fold: [2] Epoch: [2][1100/3129] Elapsed 22m 5s (remain 40m 40s) 
Fold: [4] EVAL: [200/391] Elapsed 3m 55s (remain 3m 43s) 
Fold: [2] Epoch: [2][1200/3129] Elapsed 24m 9s (remain 38m 47s) 
Fold: [4] EVAL: [300/391] Elapsed 5m 54s (remain 1m 46s) 
Fold: [2] Epoch: [2][1300/3129] Elapsed 26m 12s (remain 36m 49s) 
Fold: [4] EVAL: [390/391] Elapsed 7m 39s (remain 0m 0s) 
Epoch 4 Step 3120 - avg_train_loss: 0.1150  avg_val_loss: 0.2139
Epoch 4 Step 3120 - Score: 0.4618
Fold: [4] Epoch: [4][3128/3129] Elapsed 89m 19s (remain 0m 0s) 
Epoch 4 - avg_train_loss: 0.1150  avg_val_loss: 0.2139  time: 5359s
Epoch 4 - Score: 0.4618
========== fold: 4 result ==========
Score: 0.4594
Fold: [2] Epoch: [2][1400/3129] Elapsed 27m 41s (remain 34m 9s) 
Fold: [2] Epoch: [2][1500/3129] Elapsed 29m 6s (remain 31m 33s) 
Fold: [2] EVAL: [0/391] Elapsed 0m 0s (remain 4m 43s) 
Fold: [2] EVAL: [100/391] Elapsed 1m 13s (remain 3m 31s) 
Fold: [2] EVAL: [200/391] Elapsed 2m 26s (remain 2m 18s) 
Fold: [2] EVAL: [300/391] Elapsed 3m 38s (remain 1m 5s) 
Fold: [2] EVAL: [390/391] Elapsed 4m 43s (remain 0m 0s) 
Epoch 2 Step 1560 - avg_train_loss: 0.2052  avg_val_loss: 0.2371
Epoch 2 Step 1560 - Score: 0.4859
Fold: [2] Epoch: [2][1600/3129] Elapsed 35m 15s (remain 33m 38s) 
Fold: [2] Epoch: [2][1700/3129] Elapsed 36m 38s (remain 30m 45s) 
Fold: [2] Epoch: [2][1800/3129] Elapsed 38m 3s (remain 28m 3s) 
Fold: [2] Epoch: [2][1900/3129] Elapsed 39m 25s (remain 25m 28s) 
Fold: [2] Epoch: [2][2000/3129] Elapsed 40m 48s (remain 23m 0s) 
Fold: [2] Epoch: [2][2100/3129] Elapsed 42m 11s (remain 20m 38s) 
Fold: [2] Epoch: [2][2200/3129] Elapsed 43m 33s (remain 18m 22s) 
Fold: [2] Epoch: [2][2300/3129] Elapsed 44m 57s (remain 16m 10s) 
Fold: [2] Epoch: [2][2400/3129] Elapsed 46m 20s (remain 14m 3s) 
Fold: [2] Epoch: [2][2500/3129] Elapsed 47m 41s (remain 11m 58s) 
Fold: [2] Epoch: [2][2600/3129] Elapsed 49m 4s (remain 9m 57s) 
Fold: [2] Epoch: [2][2700/3129] Elapsed 50m 25s (remain 7m 59s) 
Fold: [2] Epoch: [2][2800/3129] Elapsed 51m 48s (remain 6m 4s) 
Fold: [2] Epoch: [2][2900/3129] Elapsed 53m 12s (remain 4m 10s) 
Fold: [2] Epoch: [2][3000/3129] Elapsed 54m 34s (remain 2m 19s) 
Fold: [2] Epoch: [2][3100/3129] Elapsed 55m 57s (remain 0m 30s) 
Fold: [2] EVAL: [0/391] Elapsed 0m 0s (remain 4m 40s) 
Fold: [2] EVAL: [100/391] Elapsed 1m 12s (remain 3m 28s) 
Fold: [2] EVAL: [200/391] Elapsed 2m 24s (remain 2m 16s) 
Fold: [2] EVAL: [300/391] Elapsed 3m 36s (remain 1m 4s) 
Fold: [2] EVAL: [390/391] Elapsed 4m 41s (remain 0m 0s) 
Epoch 2 Step 3120 - avg_train_loss: 0.2021  avg_val_loss: 0.2139
Epoch 2 Step 3120 - Score: 0.4616
Epoch 2 Step 3120 - Save Best Score: 0.4616 Model
Fold: [2] Epoch: [2][3128/3129] Elapsed 61m 9s (remain 0m 0s) 
Epoch 2 - avg_train_loss: 0.2020  avg_val_loss: 0.2139  time: 3670s
Epoch 2 - Score: 0.4616
Fold: [2] Epoch: [3][0/3129] Elapsed 0m 0s (remain 41m 16s) 
Fold: [2] Epoch: [3][100/3129] Elapsed 1m 21s (remain 40m 45s) 
Fold: [2] Epoch: [3][200/3129] Elapsed 2m 45s (remain 40m 8s) 
Fold: [2] Epoch: [3][300/3129] Elapsed 4m 7s (remain 38m 42s) 
Fold: [2] Epoch: [3][400/3129] Elapsed 5m 28s (remain 37m 17s) 
Fold: [2] Epoch: [3][500/3129] Elapsed 6m 52s (remain 36m 1s) 
Fold: [2] Epoch: [3][600/3129] Elapsed 8m 14s (remain 34m 40s) 
Fold: [2] Epoch: [3][700/3129] Elapsed 9m 37s (remain 33m 18s) 
Fold: [2] Epoch: [3][800/3129] Elapsed 10m 59s (remain 31m 57s) 
Fold: [2] Epoch: [3][900/3129] Elapsed 12m 22s (remain 30m 36s) 
Fold: [2] Epoch: [3][1000/3129] Elapsed 13m 45s (remain 29m 15s) 
Fold: [2] Epoch: [3][1100/3129] Elapsed 15m 8s (remain 27m 52s) 
Fold: [2] Epoch: [3][1200/3129] Elapsed 16m 29s (remain 26m 28s) 
Fold: [2] Epoch: [3][1300/3129] Elapsed 17m 52s (remain 25m 6s) 
Fold: [2] Epoch: [3][1400/3129] Elapsed 19m 16s (remain 23m 46s) 
Fold: [2] Epoch: [3][1500/3129] Elapsed 20m 39s (remain 22m 24s) 
Fold: [2] EVAL: [0/391] Elapsed 0m 0s (remain 4m 39s) 
Fold: [2] EVAL: [100/391] Elapsed 1m 12s (remain 3m 28s) 
Fold: [2] EVAL: [200/391] Elapsed 2m 24s (remain 2m 16s) 
Fold: [2] EVAL: [300/391] Elapsed 3m 36s (remain 1m 4s) 
Fold: [2] EVAL: [390/391] Elapsed 4m 41s (remain 0m 0s) 
Epoch 3 Step 1560 - avg_train_loss: 0.1479  avg_val_loss: 0.2293
Epoch 3 Step 1560 - Score: 0.4781
Fold: [2] Epoch: [3][1600/3129] Elapsed 26m 44s (remain 25m 30s) 
Fold: [2] Epoch: [3][1700/3129] Elapsed 28m 6s (remain 23m 35s) 
Fold: [2] Epoch: [3][1800/3129] Elapsed 29m 28s (remain 21m 44s) 
Fold: [2] Epoch: [3][1900/3129] Elapsed 30m 51s (remain 19m 55s) 
Fold: [2] Epoch: [3][2000/3129] Elapsed 32m 14s (remain 18m 10s) 
Fold: [2] Epoch: [3][2100/3129] Elapsed 33m 37s (remain 16m 27s) 
Fold: [2] Epoch: [3][2200/3129] Elapsed 35m 0s (remain 14m 45s) 
Fold: [2] Epoch: [3][2300/3129] Elapsed 36m 22s (remain 13m 5s) 
Fold: [2] Epoch: [3][2400/3129] Elapsed 37m 45s (remain 11m 26s) 
Fold: [2] Epoch: [3][2500/3129] Elapsed 39m 6s (remain 9m 49s) 
Fold: [2] Epoch: [3][2600/3129] Elapsed 40m 28s (remain 8m 12s) 
Fold: [2] Epoch: [3][2700/3129] Elapsed 41m 50s (remain 6m 37s) 
Fold: [2] Epoch: [3][2800/3129] Elapsed 43m 13s (remain 5m 3s) 
Fold: [2] Epoch: [3][2900/3129] Elapsed 44m 37s (remain 3m 30s) 
Fold: [2] Epoch: [3][3000/3129] Elapsed 46m 0s (remain 1m 57s) 
Fold: [2] Epoch: [3][3100/3129] Elapsed 47m 21s (remain 0m 25s) 
Fold: [2] EVAL: [0/391] Elapsed 0m 0s (remain 4m 39s) 
Fold: [2] EVAL: [100/391] Elapsed 1m 12s (remain 3m 28s) 
Fold: [2] EVAL: [200/391] Elapsed 2m 24s (remain 2m 16s) 
Fold: [2] EVAL: [300/391] Elapsed 3m 36s (remain 1m 4s) 
Fold: [2] EVAL: [390/391] Elapsed 4m 41s (remain 0m 0s) 
Epoch 3 Step 3120 - avg_train_loss: 0.1424  avg_val_loss: 0.2100
Epoch 3 Step 3120 - Score: 0.4576
Epoch 3 Step 3120 - Save Best Score: 0.4576 Model
Fold: [2] Epoch: [3][3128/3129] Elapsed 52m 33s (remain 0m 0s) 
Epoch 3 - avg_train_loss: 0.1425  avg_val_loss: 0.2100  time: 3154s
Epoch 3 - Score: 0.4576
Fold: [2] Epoch: [4][0/3129] Elapsed 0m 0s (remain 40m 48s) 
Fold: [2] Epoch: [4][100/3129] Elapsed 1m 24s (remain 42m 25s) 
Fold: [2] Epoch: [4][200/3129] Elapsed 2m 49s (remain 41m 7s) 
Fold: [2] Epoch: [4][300/3129] Elapsed 4m 11s (remain 39m 20s) 
Fold: [2] Epoch: [4][400/3129] Elapsed 5m 34s (remain 37m 56s) 
Fold: [2] Epoch: [4][500/3129] Elapsed 6m 57s (remain 36m 28s) 
Fold: [2] Epoch: [4][600/3129] Elapsed 8m 20s (remain 35m 3s) 
Fold: [2] Epoch: [4][700/3129] Elapsed 9m 41s (remain 33m 35s) 
Fold: [2] Epoch: [4][800/3129] Elapsed 11m 4s (remain 32m 11s) 
Fold: [2] Epoch: [4][900/3129] Elapsed 12m 29s (remain 30m 52s) 
Fold: [2] Epoch: [4][1000/3129] Elapsed 13m 51s (remain 29m 27s) 
Fold: [2] Epoch: [4][1100/3129] Elapsed 15m 14s (remain 28m 4s) 
Fold: [2] Epoch: [4][1200/3129] Elapsed 16m 37s (remain 26m 41s) 
Fold: [2] Epoch: [4][1300/3129] Elapsed 17m 59s (remain 25m 17s) 
Fold: [2] Epoch: [4][1400/3129] Elapsed 19m 21s (remain 23m 52s) 
Fold: [2] Epoch: [4][1500/3129] Elapsed 20m 43s (remain 22m 29s) 
Fold: [2] EVAL: [0/391] Elapsed 0m 0s (remain 4m 39s) 
Fold: [2] EVAL: [100/391] Elapsed 1m 12s (remain 3m 28s) 
Fold: [2] EVAL: [200/391] Elapsed 2m 24s (remain 2m 16s) 
Fold: [2] EVAL: [300/391] Elapsed 3m 36s (remain 1m 4s) 
Fold: [2] EVAL: [390/391] Elapsed 4m 41s (remain 0m 0s) 
Epoch 4 Step 1560 - avg_train_loss: 0.0993  avg_val_loss: 0.2157
Epoch 4 Step 1560 - Score: 0.4637
Fold: [2] Epoch: [4][1600/3129] Elapsed 26m 47s (remain 25m 34s) 
Fold: [2] Epoch: [4][1700/3129] Elapsed 28m 10s (remain 23m 39s) 
Fold: [2] Epoch: [4][1800/3129] Elapsed 29m 33s (remain 21m 47s) 
Fold: [2] Epoch: [4][1900/3129] Elapsed 30m 55s (remain 19m 58s) 
Fold: [2] Epoch: [4][2000/3129] Elapsed 32m 18s (remain 18m 12s) 
Fold: [2] Epoch: [4][2100/3129] Elapsed 33m 41s (remain 16m 29s) 
Fold: [2] Epoch: [4][2200/3129] Elapsed 35m 4s (remain 14m 47s) 
Fold: [2] Epoch: [4][2300/3129] Elapsed 36m 27s (remain 13m 7s) 
Fold: [2] Epoch: [4][2400/3129] Elapsed 37m 50s (remain 11m 28s) 
Fold: [2] Epoch: [4][2500/3129] Elapsed 39m 12s (remain 9m 50s) 
Fold: [2] Epoch: [4][2600/3129] Elapsed 40m 35s (remain 8m 14s) 
Fold: [2] Epoch: [4][2700/3129] Elapsed 41m 56s (remain 6m 38s) 
Fold: [2] Epoch: [4][2800/3129] Elapsed 43m 18s (remain 5m 4s) 
Fold: [2] Epoch: [4][2900/3129] Elapsed 44m 40s (remain 3m 30s) 
Fold: [2] Epoch: [4][3000/3129] Elapsed 46m 1s (remain 1m 57s) 
Fold: [2] Epoch: [4][3100/3129] Elapsed 47m 23s (remain 0m 25s) 
Fold: [2] EVAL: [0/391] Elapsed 0m 0s (remain 4m 39s) 
Fold: [2] EVAL: [100/391] Elapsed 1m 12s (remain 3m 28s) 
Fold: [2] EVAL: [200/391] Elapsed 2m 24s (remain 2m 16s) 
Fold: [2] EVAL: [300/391] Elapsed 3m 36s (remain 1m 4s) 
Fold: [2] EVAL: [390/391] Elapsed 4m 41s (remain 0m 0s) 
Epoch 4 Step 3120 - avg_train_loss: 0.0981  avg_val_loss: 0.2154
Epoch 4 Step 3120 - Score: 0.4634
Fold: [2] Epoch: [4][3128/3129] Elapsed 52m 27s (remain 0m 0s) 
Epoch 4 - avg_train_loss: 0.0981  avg_val_loss: 0.2154  time: 3148s
Epoch 4 - Score: 0.4634
========== fold: 2 result ==========
Score: 0.4576
========== fold: 0 result ==========
Score: 0.4506
========== fold: 3 result ==========
Score: 0.4569
========== fold: 1 result ==========
Score: 0.4571
========== fold: 4 result ==========
Score: 0.4594
========== fold: 2 result ==========
Score: 0.4576
========== CV ==========
Score: 0.4564
