We have available 2, GPUs! but using 2 GPUs
Running basic DDP example on rank 1.
Running basic DDP example on rank 0.
-------------fold:0 training-------------
Epoch: [1][0/1564] Elapsed 0m 1s (remain 37m 26s) Loss: 10.4182(10.4182) 
Epoch: [1][100/1564] Elapsed 1m 54s (remain 27m 34s) Loss: 0.8318(2.8696) 
Epoch: [1][200/1564] Elapsed 3m 47s (remain 25m 42s) Loss: 0.2522(1.6031) 
Epoch: [1][300/1564] Elapsed 5m 41s (remain 23m 53s) Loss: 0.1758(1.1502) 
Epoch: [1][400/1564] Elapsed 7m 37s (remain 22m 5s) Loss: 0.2784(0.9275) 
Epoch: [1][500/1564] Elapsed 9m 34s (remain 20m 18s) Loss: 0.3587(0.7956) 
Epoch: [1][600/1564] Elapsed 11m 29s (remain 18m 24s) Loss: 0.9521(0.7158) 
Epoch: [1][700/1564] Elapsed 13m 23s (remain 16m 28s) Loss: 0.4517(0.6463) 
EVAL: [0/196] Elapsed 0m 0s (remain 1m 2s) Loss: 0.1933(0.1933) 
EVAL: [100/196] Elapsed 0m 51s (remain 0m 48s) Loss: 0.1312(0.1963) 
EVAL: [195/196] Elapsed 1m 39s (remain 0m 0s) Loss: 0.1157(0.2084) 
Epoch 1 Step 780 - avg_train_loss: 0.5871  avg_val_loss: 0.2158
Epoch 1 Step 780 - Score: 0.4639
Epoch 1 Step 780 - Save Best Score: 0.4639 Model
Epoch: [1][800/1564] Elapsed 17m 13s (remain 16m 24s) Loss: 0.1948(0.5986) 
Epoch: [1][900/1564] Elapsed 19m 7s (remain 14m 4s) Loss: 0.1351(0.5564) 
Epoch: [1][1000/1564] Elapsed 21m 2s (remain 11m 50s) Loss: 0.2858(0.5232) 
Epoch: [1][1100/1564] Elapsed 22m 57s (remain 9m 39s) Loss: 0.2952(0.5001) 
Epoch: [1][1200/1564] Elapsed 24m 52s (remain 7m 31s) Loss: 0.2713(0.4788) 
Epoch: [1][1300/1564] Elapsed 26m 49s (remain 5m 25s) Loss: 0.4150(0.4590) 
Epoch: [1][1400/1564] Elapsed 28m 49s (remain 3m 21s) Loss: 0.1807(0.4408) 
Epoch: [1][1500/1564] Elapsed 30m 44s (remain 1m 17s) Loss: 0.0858(0.4255) 
EVAL: [0/196] Elapsed 0m 0s (remain 1m 32s) Loss: 0.2319(0.2319) 
EVAL: [100/196] Elapsed 0m 52s (remain 0m 49s) Loss: 0.1118(0.2032) 
EVAL: [195/196] Elapsed 1m 42s (remain 0m 0s) Loss: 0.1441(0.2138) 
Epoch 1 Step 1560 - avg_train_loss: 0.4103  avg_val_loss: 0.2235
Epoch 1 Step 1560 - Score: 0.4722
Epoch: [1][1563/1564] Elapsed 33m 43s (remain 0m 0s) Loss: 0.1352(0.4170) 
Epoch 1 - avg_train_loss: 0.4099  avg_val_loss: 0.2235  time: 2023s
Epoch 1 - Score: 0.4722
Epoch: [2][0/1564] Elapsed 0m 0s (remain 23m 15s) Loss: 0.1321(0.1321) 
Epoch: [2][100/1564] Elapsed 1m 57s (remain 28m 16s) Loss: 0.5781(0.2310) 
Epoch: [2][200/1564] Elapsed 3m 53s (remain 26m 25s) Loss: 0.9105(0.2294) 
Epoch: [2][300/1564] Elapsed 5m 49s (remain 24m 26s) Loss: 0.2183(0.2145) 
Epoch: [2][400/1564] Elapsed 7m 46s (remain 22m 33s) Loss: 0.2430(0.2110) 
Epoch: [2][500/1564] Elapsed 9m 46s (remain 20m 44s) Loss: 0.2202(0.2105) 
Epoch: [2][600/1564] Elapsed 11m 43s (remain 18m 47s) Loss: 0.4255(0.2167) 
Epoch: [2][700/1564] Elapsed 13m 41s (remain 16m 51s) Loss: 0.2546(0.2114) 
EVAL: [0/196] Elapsed 0m 0s (remain 1m 54s) Loss: 0.1753(0.1753) 
EVAL: [100/196] Elapsed 0m 51s (remain 0m 48s) Loss: 0.1203(0.1882) 
EVAL: [195/196] Elapsed 1m 39s (remain 0m 0s) Loss: 0.1081(0.2003) 
Epoch 2 Step 780 - avg_train_loss: 0.2071  avg_val_loss: 0.2074
Epoch 2 Step 780 - Score: 0.4548
Epoch 2 Step 780 - Save Best Score: 0.4548 Model
Epoch: [2][800/1564] Elapsed 17m 31s (remain 16m 41s) Loss: 0.1339(0.2126) 
Epoch: [2][900/1564] Elapsed 19m 29s (remain 14m 20s) Loss: 0.1367(0.2092) 
Epoch: [2][1000/1564] Elapsed 21m 27s (remain 12m 3s) Loss: 0.1890(0.2072) 
Epoch: [2][1100/1564] Elapsed 23m 22s (remain 9m 49s) Loss: 0.2667(0.2088) 
Epoch: [2][1200/1564] Elapsed 25m 19s (remain 7m 39s) Loss: 0.2154(0.2071) 
Epoch: [2][1300/1564] Elapsed 27m 18s (remain 5m 31s) Loss: 0.2704(0.2050) 
Epoch: [2][1400/1564] Elapsed 29m 16s (remain 3m 24s) Loss: 0.1478(0.2017) 
Epoch: [2][1500/1564] Elapsed 31m 14s (remain 1m 18s) Loss: 0.0698(0.1997) 
EVAL: [0/196] Elapsed 0m 0s (remain 1m 56s) Loss: 0.2584(0.2584) 
EVAL: [100/196] Elapsed 0m 52s (remain 0m 49s) Loss: 0.1080(0.2054) 
EVAL: [195/196] Elapsed 1m 38s (remain 0m 0s) Loss: 0.1412(0.2164) 
Epoch 2 Step 1560 - avg_train_loss: 0.1980  avg_val_loss: 0.2283
Epoch 2 Step 1560 - Score: 0.4773
Epoch: [2][1563/1564] Elapsed 34m 15s (remain 0m 0s) Loss: 0.1327(0.1994) 
Epoch 2 - avg_train_loss: 0.1979  avg_val_loss: 0.2283  time: 2056s
Epoch 2 - Score: 0.4773
Epoch: [3][0/1564] Elapsed 0m 1s (remain 29m 56s) Loss: 0.1424(0.1424) 
Epoch: [3][100/1564] Elapsed 1m 56s (remain 28m 13s) Loss: 0.5771(0.1878) 
Epoch: [3][200/1564] Elapsed 3m 54s (remain 26m 27s) Loss: 0.7772(0.1861) 
Epoch: [3][300/1564] Elapsed 5m 48s (remain 24m 23s) Loss: 0.1327(0.1779) 
Epoch: [3][400/1564] Elapsed 7m 49s (remain 22m 41s) Loss: 0.2303(0.1720) 
Epoch: [3][500/1564] Elapsed 9m 47s (remain 20m 46s) Loss: 0.1825(0.1696) 
Epoch: [3][600/1564] Elapsed 11m 43s (remain 18m 47s) Loss: 0.1248(0.1766) 
Epoch: [3][700/1564] Elapsed 13m 42s (remain 16m 52s) Loss: 0.0531(0.1700) 
EVAL: [0/196] Elapsed 0m 0s (remain 0m 52s) Loss: 0.1359(0.1359) 
EVAL: [100/196] Elapsed 0m 52s (remain 0m 49s) Loss: 0.1535(0.1853) 
EVAL: [195/196] Elapsed 1m 42s (remain 0m 0s) Loss: 0.1658(0.2005) 
Epoch 3 Step 780 - avg_train_loss: 0.1627  avg_val_loss: 0.2084
Epoch 3 Step 780 - Score: 0.4558
Epoch: [3][800/1564] Elapsed 17m 26s (remain 16m 36s) Loss: 0.1131(0.1694) 
Epoch: [3][900/1564] Elapsed 19m 22s (remain 14m 15s) Loss: 0.1338(0.1662) 
Epoch: [3][1000/1564] Elapsed 21m 19s (remain 11m 59s) Loss: 0.1139(0.1631) 
Epoch: [3][1100/1564] Elapsed 23m 15s (remain 9m 46s) Loss: 0.1599(0.1635) 
Epoch: [3][1200/1564] Elapsed 25m 13s (remain 7m 37s) Loss: 0.1336(0.1607) 
Epoch: [3][1300/1564] Elapsed 27m 8s (remain 5m 29s) Loss: 0.1574(0.1586) 
Epoch: [3][1400/1564] Elapsed 29m 6s (remain 3m 23s) Loss: 0.0761(0.1553) 
Epoch: [3][1500/1564] Elapsed 31m 3s (remain 1m 18s) Loss: 0.0883(0.1538) 
EVAL: [0/196] Elapsed 0m 0s (remain 2m 12s) Loss: 0.2611(0.2611) 
EVAL: [100/196] Elapsed 0m 51s (remain 0m 48s) Loss: 0.1211(0.2218) 
EVAL: [195/196] Elapsed 1m 42s (remain 0m 0s) Loss: 0.2967(0.2320) 
Epoch 3 Step 1560 - avg_train_loss: 0.1504  avg_val_loss: 0.2446
Epoch 3 Step 1560 - Score: 0.4932
Epoch: [3][1563/1564] Elapsed 34m 2s (remain 0m 0s) Loss: 0.1105(0.1546) 
Epoch 3 - avg_train_loss: 0.1504  avg_val_loss: 0.2446  time: 2043s
Epoch 3 - Score: 0.4932
Epoch: [4][0/1564] Elapsed 0m 1s (remain 28m 54s) Loss: 0.1615(0.1615) 
Epoch: [4][100/1564] Elapsed 2m 1s (remain 29m 16s) Loss: 0.3052(0.1304) 
Epoch: [4][200/1564] Elapsed 3m 59s (remain 27m 6s) Loss: 0.2184(0.1307) 
Epoch: [4][300/1564] Elapsed 5m 56s (remain 24m 55s) Loss: 0.0347(0.1298) 
Epoch: [4][400/1564] Elapsed 7m 54s (remain 22m 57s) Loss: 0.1732(0.1265) 
Epoch: [4][500/1564] Elapsed 9m 53s (remain 20m 59s) Loss: 0.0485(0.1225) 
Epoch: [4][600/1564] Elapsed 11m 51s (remain 19m 0s) Loss: 0.0917(0.1246) 
Epoch: [4][700/1564] Elapsed 13m 48s (remain 16m 59s) Loss: 0.0534(0.1207) 
EVAL: [0/196] Elapsed 0m 0s (remain 2m 11s) Loss: 0.1717(0.1717) 
EVAL: [100/196] Elapsed 0m 53s (remain 0m 50s) Loss: 0.1138(0.1920) 
EVAL: [195/196] Elapsed 1m 44s (remain 0m 0s) Loss: 0.2148(0.2053) 
Epoch 4 Step 780 - avg_train_loss: 0.1182  avg_val_loss: 0.2154
Epoch 4 Step 780 - Score: 0.4633
Epoch: [4][800/1564] Elapsed 17m 34s (remain 16m 44s) Loss: 0.0531(0.1206) 
Epoch: [4][900/1564] Elapsed 19m 30s (remain 14m 21s) Loss: 0.1605(0.1197) 
Epoch: [4][1000/1564] Elapsed 21m 26s (remain 12m 3s) Loss: 0.0810(0.1172) 
Epoch: [4][1100/1564] Elapsed 23m 23s (remain 9m 50s) Loss: 0.2297(0.1191) 
Epoch: [4][1200/1564] Elapsed 25m 21s (remain 7m 39s) Loss: 0.3968(0.1199) 
Epoch: [4][1300/1564] Elapsed 27m 19s (remain 5m 31s) Loss: 0.1063(0.1201) 
Epoch: [4][1400/1564] Elapsed 29m 18s (remain 3m 24s) Loss: 0.0870(0.1195) 
Epoch: [4][1500/1564] Elapsed 31m 15s (remain 1m 18s) Loss: 0.1476(0.1200) 
EVAL: [0/196] Elapsed 0m 0s (remain 2m 15s) Loss: 0.1343(0.1343) 
EVAL: [100/196] Elapsed 0m 50s (remain 0m 47s) Loss: 0.2329(0.2113) 
EVAL: [195/196] Elapsed 1m 41s (remain 0m 0s) Loss: 0.1186(0.2226) 
Epoch 4 Step 1560 - avg_train_loss: 0.1180  avg_val_loss: 0.2338
Epoch 4 Step 1560 - Score: 0.4831
Epoch: [4][1563/1564] Elapsed 34m 12s (remain 0m 0s) Loss: 0.0965(0.1206) 
Epoch 4 - avg_train_loss: 0.1181  avg_val_loss: 0.2338  time: 2052s
Epoch 4 - Score: 0.4831
========== fold: 0 result ==========
Score: 0.4548
Running basic DDP example on rank 0.
Running basic DDP example on rank 1.
-------------fold:1 training-------------
Epoch: [1][0/1564] Elapsed 0m 1s (remain 47m 31s) Loss: 10.0563(10.0563) 
Epoch: [1][100/1564] Elapsed 2m 0s (remain 29m 2s) Loss: 0.0401(2.7685) 
Epoch: [1][200/1564] Elapsed 3m 55s (remain 26m 34s) Loss: 0.0474(1.5413) 
Epoch: [1][300/1564] Elapsed 5m 53s (remain 24m 42s) Loss: 0.3271(1.1100) 
Epoch: [1][400/1564] Elapsed 7m 48s (remain 22m 39s) Loss: 0.2950(0.8997) 
Epoch: [1][500/1564] Elapsed 9m 46s (remain 20m 45s) Loss: 0.1657(0.7717) 
Epoch: [1][600/1564] Elapsed 11m 44s (remain 18m 48s) Loss: 0.2618(0.6818) 
Epoch: [1][700/1564] Elapsed 13m 41s (remain 16m 51s) Loss: 0.1568(0.6167) 
EVAL: [0/196] Elapsed 0m 0s (remain 1m 55s) Loss: 0.1460(0.1460) 
EVAL: [100/196] Elapsed 0m 52s (remain 0m 49s) Loss: 0.1863(0.2252) 
EVAL: [195/196] Elapsed 1m 38s (remain 0m 0s) Loss: 0.3740(0.2208) 
Epoch 1 Step 780 - avg_train_loss: 0.5788  avg_val_loss: 0.2234
Epoch 1 Step 780 - Score: 0.4719
Epoch 1 Step 780 - Save Best Score: 0.4719 Model
Epoch: [1][800/1564] Elapsed 17m 28s (remain 16m 38s) Loss: 0.2676(0.5691) 
Epoch: [1][900/1564] Elapsed 19m 26s (remain 14m 18s) Loss: 0.1155(0.5320) 
Epoch: [1][1000/1564] Elapsed 21m 23s (remain 12m 2s) Loss: 0.2697(0.5040) 
Epoch: [1][1100/1564] Elapsed 23m 19s (remain 9m 48s) Loss: 0.1048(0.4816) 
Epoch: [1][1200/1564] Elapsed 25m 14s (remain 7m 37s) Loss: 0.2700(0.4608) 
Epoch: [1][1300/1564] Elapsed 27m 8s (remain 5m 29s) Loss: 0.3975(0.4405) 
Epoch: [1][1400/1564] Elapsed 29m 6s (remain 3m 23s) Loss: 0.4357(0.4259) 
Epoch: [1][1500/1564] Elapsed 31m 1s (remain 1m 18s) Loss: 0.0378(0.4115) 
EVAL: [0/196] Elapsed 0m 0s (remain 0m 29s) Loss: 0.1736(0.1736) 
EVAL: [100/196] Elapsed 0m 55s (remain 0m 51s) Loss: 0.4182(0.2275) 
EVAL: [195/196] Elapsed 1m 46s (remain 0m 0s) Loss: 0.1751(0.2381) 
Epoch 1 Step 1560 - avg_train_loss: 0.4099  avg_val_loss: 0.2364
Epoch 1 Step 1560 - Score: 0.4857
Epoch: [1][1563/1564] Elapsed 34m 2s (remain 0m 0s) Loss: 0.2079(0.4053) 
Epoch 1 - avg_train_loss: 0.4094  avg_val_loss: 0.2364  time: 2042s
Epoch 1 - Score: 0.4857
Epoch: [2][0/1564] Elapsed 0m 1s (remain 31m 31s) Loss: 0.1199(0.1199) 
Epoch: [2][100/1564] Elapsed 2m 0s (remain 29m 4s) Loss: 0.0047(0.2056) 
Epoch: [2][200/1564] Elapsed 3m 57s (remain 26m 50s) Loss: 0.0333(0.2087) 
Epoch: [2][300/1564] Elapsed 5m 53s (remain 24m 45s) Loss: 0.2157(0.2071) 
Epoch: [2][400/1564] Elapsed 7m 50s (remain 22m 44s) Loss: 0.2980(0.2100) 
Epoch: [2][500/1564] Elapsed 9m 48s (remain 20m 47s) Loss: 0.0729(0.2106) 
Epoch: [2][600/1564] Elapsed 11m 46s (remain 18m 52s) Loss: 0.2218(0.2063) 
Epoch: [2][700/1564] Elapsed 13m 41s (remain 16m 51s) Loss: 0.1476(0.2040) 
EVAL: [0/196] Elapsed 0m 0s (remain 0m 27s) Loss: 0.1298(0.1298) 
EVAL: [100/196] Elapsed 0m 52s (remain 0m 49s) Loss: 0.2178(0.2164) 
EVAL: [195/196] Elapsed 1m 42s (remain 0m 0s) Loss: 0.2967(0.2129) 
Epoch 2 Step 780 - avg_train_loss: 0.2043  avg_val_loss: 0.2146
Epoch 2 Step 780 - Score: 0.4624
Epoch 2 Step 780 - Save Best Score: 0.4624 Model
Epoch: [2][800/1564] Elapsed 17m 28s (remain 16m 38s) Loss: 0.3216(0.2038) 
Epoch: [2][900/1564] Elapsed 19m 24s (remain 14m 16s) Loss: 0.1077(0.2023) 
Epoch: [2][1000/1564] Elapsed 21m 22s (remain 12m 1s) Loss: 0.2258(0.2027) 
Epoch: [2][1100/1564] Elapsed 23m 21s (remain 9m 49s) Loss: 0.1004(0.2024) 
Epoch: [2][1200/1564] Elapsed 25m 18s (remain 7m 39s) Loss: 0.2351(0.2020) 
Epoch: [2][1300/1564] Elapsed 27m 15s (remain 5m 30s) Loss: 0.2186(0.1992) 
Epoch: [2][1400/1564] Elapsed 29m 10s (remain 3m 23s) Loss: 0.2272(0.1979) 
Epoch: [2][1500/1564] Elapsed 31m 3s (remain 1m 18s) Loss: 0.0741(0.1956) 
EVAL: [0/196] Elapsed 0m 0s (remain 0m 36s) Loss: 0.1250(0.1250) 
EVAL: [100/196] Elapsed 0m 49s (remain 0m 46s) Loss: 0.4759(0.2173) 
EVAL: [195/196] Elapsed 1m 36s (remain 0m 0s) Loss: 0.2400(0.2230) 
Epoch 2 Step 1560 - avg_train_loss: 0.1977  avg_val_loss: 0.2235
Epoch 2 Step 1560 - Score: 0.4724
Epoch: [2][1563/1564] Elapsed 33m 55s (remain 0m 0s) Loss: 0.1463(0.1944) 
Epoch 2 - avg_train_loss: 0.1975  avg_val_loss: 0.2235  time: 2035s
Epoch 2 - Score: 0.4724
Epoch: [3][0/1564] Elapsed 0m 1s (remain 29m 22s) Loss: 0.1440(0.1440) 
Epoch: [3][100/1564] Elapsed 1m 59s (remain 28m 53s) Loss: 0.0049(0.1624) 
Epoch: [3][200/1564] Elapsed 3m 57s (remain 26m 49s) Loss: 0.0400(0.1649) 
Epoch: [3][300/1564] Elapsed 5m 54s (remain 24m 47s) Loss: 0.1901(0.1667) 
Epoch: [3][400/1564] Elapsed 7m 51s (remain 22m 48s) Loss: 0.2739(0.1701) 
Epoch: [3][500/1564] Elapsed 9m 51s (remain 20m 55s) Loss: 0.0594(0.1664) 
Epoch: [3][600/1564] Elapsed 11m 50s (remain 18m 58s) Loss: 0.2198(0.1633) 
Epoch: [3][700/1564] Elapsed 13m 47s (remain 16m 58s) Loss: 0.1473(0.1621) 
EVAL: [0/196] Elapsed 0m 0s (remain 0m 26s) Loss: 0.1179(0.1179) 
EVAL: [100/196] Elapsed 0m 55s (remain 0m 51s) Loss: 0.2324(0.2144) 
EVAL: [195/196] Elapsed 1m 41s (remain 0m 0s) Loss: 0.2434(0.2148) 
Epoch 3 Step 780 - avg_train_loss: 0.1641  avg_val_loss: 0.2142
Epoch 3 Step 780 - Score: 0.4623
Epoch 3 Step 780 - Save Best Score: 0.4623 Model
Epoch: [3][800/1564] Elapsed 17m 38s (remain 16m 48s) Loss: 0.2792(0.1618) 
Epoch: [3][900/1564] Elapsed 19m 34s (remain 14m 24s) Loss: 0.0475(0.1592) 
Epoch: [3][1000/1564] Elapsed 21m 31s (remain 12m 6s) Loss: 0.1916(0.1572) 
Epoch: [3][1100/1564] Elapsed 23m 29s (remain 9m 52s) Loss: 0.0958(0.1556) 
Epoch: [3][1200/1564] Elapsed 25m 29s (remain 7m 42s) Loss: 0.1923(0.1554) 
Epoch: [3][1300/1564] Elapsed 27m 26s (remain 5m 32s) Loss: 0.0959(0.1535) 
Epoch: [3][1400/1564] Elapsed 29m 20s (remain 3m 24s) Loss: 0.1866(0.1513) 
Epoch: [3][1500/1564] Elapsed 31m 16s (remain 1m 18s) Loss: 0.1215(0.1500) 
EVAL: [0/196] Elapsed 0m 0s (remain 1m 17s) Loss: 0.1839(0.1839) 
EVAL: [100/196] Elapsed 0m 52s (remain 0m 49s) Loss: 0.5027(0.2735) 
EVAL: [195/196] Elapsed 1m 41s (remain 0m 0s) Loss: 0.0999(0.2870) 
Epoch 3 Step 1560 - avg_train_loss: 0.1522  avg_val_loss: 0.2821
Epoch 3 Step 1560 - Score: 0.5306
Epoch: [3][1563/1564] Elapsed 34m 10s (remain 0m 0s) Loss: 0.1396(0.1506) 
Epoch 3 - avg_train_loss: 0.1521  avg_val_loss: 0.2821  time: 2050s
Epoch 3 - Score: 0.5306
Epoch: [4][0/1564] Elapsed 0m 1s (remain 30m 29s) Loss: 0.0587(0.0587) 
Epoch: [4][100/1564] Elapsed 1m 59s (remain 28m 45s) Loss: 0.0386(0.1160) 
Epoch: [4][200/1564] Elapsed 3m 53s (remain 26m 21s) Loss: 0.0708(0.1160) 
Epoch: [4][300/1564] Elapsed 5m 48s (remain 24m 22s) Loss: 0.1959(0.1246) 
Epoch: [4][400/1564] Elapsed 7m 42s (remain 22m 21s) Loss: 0.1145(0.1267) 
Epoch: [4][500/1564] Elapsed 9m 38s (remain 20m 27s) Loss: 0.1456(0.1247) 
Epoch: [4][600/1564] Elapsed 11m 36s (remain 18m 35s) Loss: 0.1597(0.1242) 
Epoch: [4][700/1564] Elapsed 13m 29s (remain 16m 36s) Loss: 0.0745(0.1216) 
EVAL: [0/196] Elapsed 0m 0s (remain 1m 54s) Loss: 0.1106(0.1106) 
EVAL: [100/196] Elapsed 0m 53s (remain 0m 50s) Loss: 0.2971(0.2230) 
EVAL: [195/196] Elapsed 1m 46s (remain 0m 0s) Loss: 0.1912(0.2266) 
Epoch 4 Step 780 - avg_train_loss: 0.1218  avg_val_loss: 0.2231
Epoch 4 Step 780 - Score: 0.4718
Epoch: [4][800/1564] Elapsed 17m 11s (remain 16m 22s) Loss: 0.2422(0.1207) 
Epoch: [4][900/1564] Elapsed 19m 8s (remain 14m 5s) Loss: 0.0567(0.1186) 
Epoch: [4][1000/1564] Elapsed 21m 2s (remain 11m 50s) Loss: 0.1046(0.1175) 
Epoch: [4][1100/1564] Elapsed 22m 59s (remain 9m 39s) Loss: 0.0531(0.1165) 
Epoch: [4][1200/1564] Elapsed 24m 57s (remain 7m 32s) Loss: 0.1526(0.1185) 
Epoch: [4][1300/1564] Elapsed 26m 54s (remain 5m 26s) Loss: 0.0803(0.1169) 
Epoch: [4][1400/1564] Elapsed 28m 47s (remain 3m 21s) Loss: 0.1184(0.1161) 
Epoch: [4][1500/1564] Elapsed 30m 43s (remain 1m 17s) Loss: 0.0734(0.1175) 
EVAL: [0/196] Elapsed 0m 0s (remain 0m 24s) Loss: 0.0857(0.0857) 
EVAL: [100/196] Elapsed 0m 53s (remain 0m 50s) Loss: 0.3670(0.2217) 
EVAL: [195/196] Elapsed 1m 39s (remain 0m 0s) Loss: 0.3285(0.2211) 
Epoch 4 Step 1560 - avg_train_loss: 0.1191  avg_val_loss: 0.2228
Epoch 4 Step 1560 - Score: 0.4713
Epoch: [4][1563/1564] Elapsed 33m 37s (remain 0m 0s) Loss: 0.2828(0.1178) 
Epoch 4 - avg_train_loss: 0.1191  avg_val_loss: 0.2228  time: 2017s
Epoch 4 - Score: 0.4713
========== fold: 1 result ==========
Score: 0.4623
Running basic DDP example on rank 1.
Running basic DDP example on rank 0.
-------------fold:2 training-------------
Epoch: [1][0/1564] Elapsed 0m 1s (remain 40m 12s) Loss: 7.5963(7.5963) 
Epoch: [1][100/1564] Elapsed 1m 57s (remain 28m 19s) Loss: 0.8440(3.0042) 
Epoch: [1][200/1564] Elapsed 3m 56s (remain 26m 40s) Loss: 0.1928(1.6787) 
Epoch: [1][300/1564] Elapsed 5m 51s (remain 24m 35s) Loss: 0.0966(1.2108) 
Epoch: [1][400/1564] Elapsed 7m 48s (remain 22m 39s) Loss: 0.2048(0.9871) 
Epoch: [1][500/1564] Elapsed 9m 45s (remain 20m 41s) Loss: 0.2327(0.8353) 
Epoch: [1][600/1564] Elapsed 11m 40s (remain 18m 42s) Loss: 0.3391(0.7420) 
Epoch: [1][700/1564] Elapsed 13m 37s (remain 16m 46s) Loss: 0.4147(0.6687) 
EVAL: [0/196] Elapsed 0m 0s (remain 0m 45s) Loss: 0.1073(0.1073) 
EVAL: [100/196] Elapsed 0m 52s (remain 0m 49s) Loss: 0.3091(0.3167) 
EVAL: [195/196] Elapsed 1m 40s (remain 0m 0s) Loss: 0.2755(0.3230) 
Epoch 1 Step 780 - avg_train_loss: 0.5877  avg_val_loss: 0.3110
Epoch 1 Step 780 - Score: 0.5566
Epoch 1 Step 780 - Save Best Score: 0.5566 Model
Epoch: [1][800/1564] Elapsed 17m 30s (remain 16m 40s) Loss: 0.3092(0.6165) 
Epoch: [1][900/1564] Elapsed 19m 28s (remain 14m 19s) Loss: 0.3644(0.5744) 
Epoch: [1][1000/1564] Elapsed 21m 22s (remain 12m 1s) Loss: 0.2279(0.5420) 
Epoch: [1][1100/1564] Elapsed 23m 19s (remain 9m 48s) Loss: 0.1962(0.5115) 
Epoch: [1][1200/1564] Elapsed 25m 15s (remain 7m 37s) Loss: 0.1099(0.4880) 
Epoch: [1][1300/1564] Elapsed 27m 13s (remain 5m 30s) Loss: 0.1840(0.4696) 
Epoch: [1][1400/1564] Elapsed 29m 11s (remain 3m 23s) Loss: 0.2118(0.4518) 
Epoch: [1][1500/1564] Elapsed 31m 6s (remain 1m 18s) Loss: 0.2465(0.4387) 
EVAL: [0/196] Elapsed 0m 0s (remain 0m 45s) Loss: 0.1467(0.1467) 
EVAL: [100/196] Elapsed 0m 50s (remain 0m 47s) Loss: 0.2912(0.2265) 
EVAL: [195/196] Elapsed 1m 43s (remain 0m 0s) Loss: 0.1128(0.2353) 
Epoch 1 Step 1560 - avg_train_loss: 0.4129  avg_val_loss: 0.2280
Epoch 1 Step 1560 - Score: 0.4767
Epoch 1 Step 1560 - Save Best Score: 0.4767 Model
Epoch: [1][1563/1564] Elapsed 34m 17s (remain 0m 0s) Loss: 0.2277(0.4308) 
Epoch 1 - avg_train_loss: 0.4125  avg_val_loss: 0.2280  time: 2058s
Epoch 1 - Score: 0.4767
Epoch: [2][0/1564] Elapsed 0m 1s (remain 27m 35s) Loss: 0.6387(0.6387) 
Epoch: [2][100/1564] Elapsed 1m 59s (remain 28m 54s) Loss: 0.1692(0.2603) 
Epoch: [2][200/1564] Elapsed 3m 58s (remain 27m 0s) Loss: 0.2801(0.2475) 
Epoch: [2][300/1564] Elapsed 5m 55s (remain 24m 50s) Loss: 0.0985(0.2412) 
Epoch: [2][400/1564] Elapsed 7m 48s (remain 22m 39s) Loss: 0.2759(0.2407) 
Epoch: [2][500/1564] Elapsed 9m 47s (remain 20m 45s) Loss: 0.1879(0.2338) 
Epoch: [2][600/1564] Elapsed 11m 46s (remain 18m 52s) Loss: 0.4291(0.2311) 
Epoch: [2][700/1564] Elapsed 13m 44s (remain 16m 55s) Loss: 0.4714(0.2246) 
EVAL: [0/196] Elapsed 0m 0s (remain 2m 14s) Loss: 0.0890(0.0890) 
EVAL: [100/196] Elapsed 0m 49s (remain 0m 46s) Loss: 0.2622(0.2652) 
EVAL: [195/196] Elapsed 1m 39s (remain 0m 0s) Loss: 0.1160(0.2755) 
Epoch 2 Step 780 - avg_train_loss: 0.2152  avg_val_loss: 0.2647
Epoch 2 Step 780 - Score: 0.5130
Epoch: [2][800/1564] Elapsed 17m 30s (remain 16m 40s) Loss: 0.3699(0.2217) 
Epoch: [2][900/1564] Elapsed 19m 26s (remain 14m 18s) Loss: 0.2347(0.2177) 
Epoch: [2][1000/1564] Elapsed 21m 25s (remain 12m 3s) Loss: 0.2003(0.2166) 
Epoch: [2][1100/1564] Elapsed 23m 20s (remain 9m 48s) Loss: 0.1941(0.2125) 
Epoch: [2][1200/1564] Elapsed 25m 17s (remain 7m 38s) Loss: 0.1082(0.2110) 
Epoch: [2][1300/1564] Elapsed 27m 17s (remain 5m 30s) Loss: 0.1481(0.2101) 
Epoch: [2][1400/1564] Elapsed 29m 15s (remain 3m 24s) Loss: 0.1368(0.2085) 
Epoch: [2][1500/1564] Elapsed 31m 11s (remain 1m 18s) Loss: 0.2123(0.2075) 
EVAL: [0/196] Elapsed 0m 0s (remain 2m 20s) Loss: 0.2352(0.2352) 
EVAL: [100/196] Elapsed 0m 52s (remain 0m 49s) Loss: 0.2692(0.2346) 
EVAL: [195/196] Elapsed 1m 39s (remain 0m 0s) Loss: 0.1325(0.2449) 
Epoch 2 Step 1560 - avg_train_loss: 0.2054  avg_val_loss: 0.2356
Epoch 2 Step 1560 - Score: 0.4847
Epoch: [2][1563/1564] Elapsed 34m 16s (remain 0m 0s) Loss: 0.2068(0.2078) 
Epoch 2 - avg_train_loss: 0.2054  avg_val_loss: 0.2356  time: 2056s
Epoch 2 - Score: 0.4847
Epoch: [3][0/1564] Elapsed 0m 1s (remain 30m 52s) Loss: 0.7398(0.7398) 
Epoch: [3][100/1564] Elapsed 1m 58s (remain 28m 30s) Loss: 0.1783(0.2153) 
Epoch: [3][200/1564] Elapsed 3m 56s (remain 26m 42s) Loss: 0.1895(0.2028) 
Epoch: [3][300/1564] Elapsed 5m 50s (remain 24m 31s) Loss: 0.0726(0.1988) 
Epoch: [3][400/1564] Elapsed 7m 50s (remain 22m 43s) Loss: 0.2308(0.1938) 
Epoch: [3][500/1564] Elapsed 9m 47s (remain 20m 45s) Loss: 0.1428(0.1896) 
Epoch: [3][600/1564] Elapsed 11m 42s (remain 18m 45s) Loss: 0.1998(0.1848) 
Epoch: [3][700/1564] Elapsed 13m 42s (remain 16m 51s) Loss: 0.3690(0.1786) 
EVAL: [0/196] Elapsed 0m 0s (remain 2m 15s) Loss: 0.1099(0.1099) 
EVAL: [100/196] Elapsed 0m 53s (remain 0m 50s) Loss: 0.2065(0.2451) 
EVAL: [195/196] Elapsed 1m 43s (remain 0m 0s) Loss: 0.0734(0.2525) 
Epoch 3 Step 780 - avg_train_loss: 0.1738  avg_val_loss: 0.2419
Epoch 3 Step 780 - Score: 0.4906
Epoch: [3][800/1564] Elapsed 17m 25s (remain 16m 35s) Loss: 0.2968(0.1753) 
Epoch: [3][900/1564] Elapsed 19m 21s (remain 14m 14s) Loss: 0.0688(0.1706) 
Epoch: [3][1000/1564] Elapsed 21m 18s (remain 11m 59s) Loss: 0.1865(0.1685) 
Epoch: [3][1100/1564] Elapsed 23m 13s (remain 9m 46s) Loss: 0.2821(0.1802) 
Epoch: [3][1200/1564] Elapsed 25m 9s (remain 7m 36s) Loss: 0.2537(0.1883) 
Epoch: [3][1300/1564] Elapsed 27m 8s (remain 5m 29s) Loss: 0.1576(0.1932) 
Epoch: [3][1400/1564] Elapsed 29m 6s (remain 3m 23s) Loss: 0.1380(0.1928) 
Epoch: [3][1500/1564] Elapsed 31m 3s (remain 1m 18s) Loss: 0.2510(0.1915) 
EVAL: [0/196] Elapsed 0m 0s (remain 1m 19s) Loss: 0.2240(0.2240) 
EVAL: [100/196] Elapsed 0m 55s (remain 0m 51s) Loss: 0.2246(0.2562) 
EVAL: [195/196] Elapsed 1m 43s (remain 0m 0s) Loss: 0.2057(0.2655) 
Epoch 3 Step 1560 - avg_train_loss: 0.1902  avg_val_loss: 0.2535
Epoch 3 Step 1560 - Score: 0.5030
Epoch: [3][1563/1564] Elapsed 34m 7s (remain 0m 0s) Loss: 0.1312(0.1906) 
Epoch 3 - avg_train_loss: 0.1902  avg_val_loss: 0.2535  time: 2048s
Epoch 3 - Score: 0.5030
Epoch: [4][0/1564] Elapsed 0m 1s (remain 29m 16s) Loss: 0.5860(0.5860) 
Epoch: [4][100/1564] Elapsed 1m 59s (remain 28m 52s) Loss: 0.0898(0.1807) 
Epoch: [4][200/1564] Elapsed 4m 1s (remain 27m 20s) Loss: 0.2884(0.1630) 
Epoch: [4][300/1564] Elapsed 5m 58s (remain 25m 4s) Loss: 0.0606(0.1585) 
Epoch: [4][400/1564] Elapsed 7m 55s (remain 23m 0s) Loss: 0.1166(0.1595) 
Epoch: [4][500/1564] Elapsed 9m 53s (remain 20m 59s) Loss: 0.1499(0.1579) 
Epoch: [4][600/1564] Elapsed 11m 53s (remain 19m 3s) Loss: 0.0981(0.1569) 
Epoch: [4][700/1564] Elapsed 13m 49s (remain 17m 1s) Loss: 0.2921(0.1547) 
EVAL: [0/196] Elapsed 0m 0s (remain 2m 13s) Loss: 0.0897(0.0897) 
EVAL: [100/196] Elapsed 0m 53s (remain 0m 50s) Loss: 0.1695(0.2394) 
EVAL: [195/196] Elapsed 1m 41s (remain 0m 0s) Loss: 0.1558(0.2457) 
Epoch 4 Step 780 - avg_train_loss: 0.1550  avg_val_loss: 0.2358
Epoch 4 Step 780 - Score: 0.4848
Epoch: [4][800/1564] Elapsed 17m 40s (remain 16m 49s) Loss: 0.2532(0.1523) 
Epoch: [4][900/1564] Elapsed 19m 37s (remain 14m 26s) Loss: 0.0682(0.1501) 
Epoch: [4][1000/1564] Elapsed 21m 35s (remain 12m 8s) Loss: 0.3403(0.1494) 
Epoch: [4][1100/1564] Elapsed 23m 34s (remain 9m 54s) Loss: 0.3000(0.1490) 
Epoch: [4][1200/1564] Elapsed 25m 34s (remain 7m 43s) Loss: 0.1728(0.1500) 
Epoch: [4][1300/1564] Elapsed 27m 34s (remain 5m 34s) Loss: 0.1339(0.1501) 
Epoch: [4][1400/1564] Elapsed 29m 31s (remain 3m 26s) Loss: 0.1317(0.1500) 
Epoch: [4][1500/1564] Elapsed 31m 28s (remain 1m 19s) Loss: 0.1362(0.1496) 
EVAL: [0/196] Elapsed 0m 0s (remain 0m 46s) Loss: 0.1945(0.1945) 
EVAL: [100/196] Elapsed 0m 48s (remain 0m 45s) Loss: 0.2559(0.2512) 
EVAL: [195/196] Elapsed 1m 37s (remain 0m 0s) Loss: 0.3441(0.2691) 
Epoch 4 Step 1560 - avg_train_loss: 0.1499  avg_val_loss: 0.2597
Epoch 4 Step 1560 - Score: 0.5090
Epoch: [4][1563/1564] Elapsed 34m 25s (remain 0m 0s) Loss: 0.1188(0.1491) 
Epoch 4 - avg_train_loss: 0.1499  avg_val_loss: 0.2597  time: 2066s
Epoch 4 - Score: 0.5090
========== fold: 2 result ==========
Score: 0.4767
Running basic DDP example on rank 1.
Running basic DDP example on rank 0.
-------------fold:3 training-------------
Epoch: [1][0/1564] Elapsed 0m 1s (remain 45m 26s) Loss: 8.1150(8.1150) 
Epoch: [1][100/1564] Elapsed 1m 56s (remain 28m 3s) Loss: 0.3824(3.1921) 
Epoch: [1][200/1564] Elapsed 3m 53s (remain 26m 23s) Loss: 0.2638(1.7386) 
Epoch: [1][300/1564] Elapsed 5m 50s (remain 24m 31s) Loss: 0.2232(1.2305) 
Epoch: [1][400/1564] Elapsed 7m 45s (remain 22m 29s) Loss: 0.0690(0.9840) 
Epoch: [1][500/1564] Elapsed 9m 43s (remain 20m 37s) Loss: 0.4427(0.8373) 
Epoch: [1][600/1564] Elapsed 11m 40s (remain 18m 43s) Loss: 0.3560(0.7431) 
Epoch: [1][700/1564] Elapsed 13m 35s (remain 16m 43s) Loss: 0.1073(0.6717) 
EVAL: [0/196] Elapsed 0m 0s (remain 2m 39s) Loss: 0.2322(0.2322) 
EVAL: [100/196] Elapsed 0m 54s (remain 0m 50s) Loss: 0.0958(0.2229) 
EVAL: [195/196] Elapsed 1m 40s (remain 0m 0s) Loss: 0.0803(0.2280) 
Epoch 1 Step 780 - avg_train_loss: 0.6313  avg_val_loss: 0.2367
Epoch 1 Step 780 - Score: 0.4862
Epoch 1 Step 780 - Save Best Score: 0.4862 Model
Epoch: [1][800/1564] Elapsed 17m 27s (remain 16m 37s) Loss: 0.0932(0.6144) 
Epoch: [1][900/1564] Elapsed 19m 23s (remain 14m 15s) Loss: 0.0636(0.5726) 
Epoch: [1][1000/1564] Elapsed 21m 19s (remain 11m 59s) Loss: 0.0785(0.5387) 
Epoch: [1][1100/1564] Elapsed 23m 17s (remain 9m 47s) Loss: 0.3225(0.5139) 
Epoch: [1][1200/1564] Elapsed 25m 15s (remain 7m 38s) Loss: 0.6247(0.4898) 
Epoch: [1][1300/1564] Elapsed 27m 10s (remain 5m 29s) Loss: 0.1014(0.4687) 
Epoch: [1][1400/1564] Elapsed 29m 9s (remain 3m 23s) Loss: 0.1324(0.4525) 
Epoch: [1][1500/1564] Elapsed 31m 8s (remain 1m 18s) Loss: 0.1614(0.4378) 
EVAL: [0/196] Elapsed 0m 0s (remain 2m 25s) Loss: 0.5110(0.5110) 
EVAL: [100/196] Elapsed 0m 54s (remain 0m 51s) Loss: 0.0862(0.2270) 
EVAL: [195/196] Elapsed 1m 44s (remain 0m 0s) Loss: 0.0759(0.2276) 
Epoch 1 Step 1560 - avg_train_loss: 0.4357  avg_val_loss: 0.2443
Epoch 1 Step 1560 - Score: 0.4938
Epoch: [1][1563/1564] Elapsed 34m 8s (remain 0m 0s) Loss: 0.1077(0.4301) 
Epoch 1 - avg_train_loss: 0.4353  avg_val_loss: 0.2443  time: 2049s
Epoch 1 - Score: 0.4938
Epoch: [2][0/1564] Elapsed 0m 0s (remain 25m 57s) Loss: 0.2262(0.2262) 
Epoch: [2][100/1564] Elapsed 1m 59s (remain 28m 55s) Loss: 0.3778(0.2551) 
Epoch: [2][200/1564] Elapsed 3m 54s (remain 26m 33s) Loss: 0.1960(0.2278) 
Epoch: [2][300/1564] Elapsed 5m 52s (remain 24m 37s) Loss: 0.2644(0.2151) 
Epoch: [2][400/1564] Elapsed 7m 47s (remain 22m 35s) Loss: 0.0544(0.2081) 
Epoch: [2][500/1564] Elapsed 9m 47s (remain 20m 46s) Loss: 0.2973(0.2104) 
Epoch: [2][600/1564] Elapsed 11m 45s (remain 18m 50s) Loss: 0.2763(0.2138) 
Epoch: [2][700/1564] Elapsed 13m 42s (remain 16m 52s) Loss: 0.1167(0.2115) 
EVAL: [0/196] Elapsed 0m 0s (remain 2m 26s) Loss: 0.4221(0.4221) 
EVAL: [100/196] Elapsed 0m 54s (remain 0m 51s) Loss: 0.1736(0.1958) 
EVAL: [195/196] Elapsed 1m 45s (remain 0m 0s) Loss: 0.0438(0.2075) 
Epoch 2 Step 780 - avg_train_loss: 0.2067  avg_val_loss: 0.2232
Epoch 2 Step 780 - Score: 0.4709
Epoch 2 Step 780 - Save Best Score: 0.4709 Model
Epoch: [2][800/1564] Elapsed 17m 32s (remain 16m 42s) Loss: 0.1172(0.2077) 
Epoch: [2][900/1564] Elapsed 19m 29s (remain 14m 20s) Loss: 0.0473(0.2066) 
Epoch: [2][1000/1564] Elapsed 21m 24s (remain 12m 2s) Loss: 0.0880(0.2057) 
Epoch: [2][1100/1564] Elapsed 23m 25s (remain 9m 51s) Loss: 0.2719(0.2074) 
Epoch: [2][1200/1564] Elapsed 25m 22s (remain 7m 40s) Loss: 0.3904(0.2063) 
Epoch: [2][1300/1564] Elapsed 27m 20s (remain 5m 31s) Loss: 0.1080(0.2041) 
Epoch: [2][1400/1564] Elapsed 29m 19s (remain 3m 24s) Loss: 0.0934(0.2033) 
Epoch: [2][1500/1564] Elapsed 31m 18s (remain 1m 18s) Loss: 0.1464(0.2025) 
EVAL: [0/196] Elapsed 0m 0s (remain 2m 30s) Loss: 0.4518(0.4518) 
EVAL: [100/196] Elapsed 0m 57s (remain 0m 54s) Loss: 0.0844(0.2091) 
EVAL: [195/196] Elapsed 1m 46s (remain 0m 0s) Loss: 0.0897(0.2125) 
Epoch 2 Step 1560 - avg_train_loss: 0.2032  avg_val_loss: 0.2264
Epoch 2 Step 1560 - Score: 0.4753
Epoch: [2][1563/1564] Elapsed 34m 20s (remain 0m 0s) Loss: 0.1079(0.2027) 
Epoch 2 - avg_train_loss: 0.2032  avg_val_loss: 0.2264  time: 2061s
Epoch 2 - Score: 0.4753
Epoch: [3][0/1564] Elapsed 0m 1s (remain 27m 16s) Loss: 0.3299(0.3299) 
Epoch: [3][100/1564] Elapsed 1m 59s (remain 28m 57s) Loss: 0.2886(0.1999) 
Epoch: [3][200/1564] Elapsed 3m 56s (remain 26m 46s) Loss: 0.1338(0.1844) 
Epoch: [3][300/1564] Elapsed 5m 55s (remain 24m 51s) Loss: 0.2381(0.1776) 
Epoch: [3][400/1564] Elapsed 7m 52s (remain 22m 51s) Loss: 0.0775(0.1735) 
Epoch: [3][500/1564] Elapsed 9m 50s (remain 20m 52s) Loss: 0.2130(0.1741) 
Epoch: [3][600/1564] Elapsed 11m 46s (remain 18m 51s) Loss: 0.1442(0.1762) 
Epoch: [3][700/1564] Elapsed 13m 42s (remain 16m 52s) Loss: 0.0971(0.1721) 
EVAL: [0/196] Elapsed 0m 0s (remain 2m 29s) Loss: 0.6801(0.6801) 
EVAL: [100/196] Elapsed 0m 55s (remain 0m 51s) Loss: 0.2213(0.2437) 
EVAL: [195/196] Elapsed 1m 46s (remain 0m 0s) Loss: 0.0464(0.2531) 
Epoch 3 Step 780 - avg_train_loss: 0.1675  avg_val_loss: 0.2731
Epoch 3 Step 780 - Score: 0.5203
Epoch: [3][800/1564] Elapsed 17m 24s (remain 16m 34s) Loss: 0.1276(0.1678) 
Epoch: [3][900/1564] Elapsed 19m 22s (remain 14m 15s) Loss: 0.0471(0.1660) 
Epoch: [3][1000/1564] Elapsed 21m 22s (remain 12m 1s) Loss: 0.0988(0.1633) 
Epoch: [3][1100/1564] Elapsed 23m 19s (remain 9m 48s) Loss: 0.1736(0.1635) 
Epoch: [3][1200/1564] Elapsed 25m 16s (remain 7m 38s) Loss: 0.1810(0.1626) 
Epoch: [3][1300/1564] Elapsed 27m 13s (remain 5m 30s) Loss: 0.1150(0.1599) 
Epoch: [3][1400/1564] Elapsed 29m 9s (remain 3m 23s) Loss: 0.0619(0.1580) 
Epoch: [3][1500/1564] Elapsed 31m 7s (remain 1m 18s) Loss: 0.1097(0.1597) 
EVAL: [0/196] Elapsed 0m 0s (remain 2m 22s) Loss: 0.8375(0.8375) 
EVAL: [100/196] Elapsed 0m 54s (remain 0m 51s) Loss: 0.1366(0.2839) 
EVAL: [195/196] Elapsed 1m 43s (remain 0m 0s) Loss: 0.0768(0.2809) 
Epoch 3 Step 1560 - avg_train_loss: 0.1626  avg_val_loss: 0.2920
Epoch 3 Step 1560 - Score: 0.5397
Epoch: [3][1563/1564] Elapsed 34m 4s (remain 0m 0s) Loss: 0.0839(0.1619) 
Epoch 3 - avg_train_loss: 0.1628  avg_val_loss: 0.2920  time: 2044s
Epoch 3 - Score: 0.5397
Epoch: [4][0/1564] Elapsed 0m 0s (remain 23m 29s) Loss: 0.1075(0.1075) 
Epoch: [4][100/1564] Elapsed 1m 57s (remain 28m 28s) Loss: 0.2375(0.1882) 
Epoch: [4][200/1564] Elapsed 3m 56s (remain 26m 44s) Loss: 0.1200(0.1609) 
Epoch: [4][300/1564] Elapsed 5m 54s (remain 24m 49s) Loss: 0.1858(0.1560) 
Epoch: [4][400/1564] Elapsed 7m 53s (remain 22m 52s) Loss: 0.2119(0.1515) 
Epoch: [4][500/1564] Elapsed 9m 52s (remain 20m 56s) Loss: 0.1611(0.1511) 
Epoch: [4][600/1564] Elapsed 11m 49s (remain 18m 56s) Loss: 0.1486(0.1504) 
Epoch: [4][700/1564] Elapsed 13m 46s (remain 16m 57s) Loss: 0.0749(0.1458) 
EVAL: [0/196] Elapsed 0m 0s (remain 2m 32s) Loss: 0.6950(0.6950) 
EVAL: [100/196] Elapsed 0m 54s (remain 0m 51s) Loss: 0.1721(0.2398) 
EVAL: [195/196] Elapsed 1m 42s (remain 0m 0s) Loss: 0.0563(0.2511) 
Epoch 4 Step 780 - avg_train_loss: 0.1429  avg_val_loss: 0.2722
Epoch 4 Step 780 - Score: 0.5192
Epoch: [4][800/1564] Elapsed 17m 26s (remain 16m 37s) Loss: 0.1401(0.1450) 
Epoch: [4][900/1564] Elapsed 19m 25s (remain 14m 17s) Loss: 0.0612(0.1444) 
Epoch: [4][1000/1564] Elapsed 21m 18s (remain 11m 59s) Loss: 0.1548(0.1402) 
Epoch: [4][1100/1564] Elapsed 23m 14s (remain 9m 46s) Loss: 0.1475(0.1395) 
Epoch: [4][1200/1564] Elapsed 25m 10s (remain 7m 36s) Loss: 0.0894(0.1372) 
Epoch: [4][1300/1564] Elapsed 27m 7s (remain 5m 29s) Loss: 0.1208(0.1347) 
Epoch: [4][1400/1564] Elapsed 29m 7s (remain 3m 23s) Loss: 0.0788(0.1336) 
Epoch: [4][1500/1564] Elapsed 31m 6s (remain 1m 18s) Loss: 0.1178(0.1348) 
EVAL: [0/196] Elapsed 0m 0s (remain 2m 22s) Loss: 0.4996(0.4996) 
EVAL: [100/196] Elapsed 0m 54s (remain 0m 51s) Loss: 0.0677(0.2004) 
EVAL: [195/196] Elapsed 1m 42s (remain 0m 0s) Loss: 0.2348(0.2106) 
Epoch 4 Step 1560 - avg_train_loss: 0.1351  avg_val_loss: 0.2215
Epoch 4 Step 1560 - Score: 0.4702
Epoch 4 Step 1560 - Save Best Score: 0.4702 Model
Epoch: [4][1563/1564] Elapsed 34m 12s (remain 0m 0s) Loss: 0.0661(0.1348) 
Epoch 4 - avg_train_loss: 0.1350  avg_val_loss: 0.2215  time: 2053s
Epoch 4 - Score: 0.4702
========== fold: 3 result ==========
Score: 0.4702
Running basic DDP example on rank 1.
Running basic DDP example on rank 0.
-------------fold:4 training-------------
Epoch: [1][0/1564] Elapsed 0m 1s (remain 42m 36s) Loss: 11.7464(11.7464) 
Epoch: [1][100/1564] Elapsed 2m 2s (remain 29m 30s) Loss: 1.3124(3.1645) 
Epoch: [1][200/1564] Elapsed 3m 55s (remain 26m 40s) Loss: 0.1506(1.7342) 
Epoch: [1][300/1564] Elapsed 5m 53s (remain 24m 45s) Loss: 0.0774(1.2716) 
Epoch: [1][400/1564] Elapsed 7m 49s (remain 22m 41s) Loss: 0.1308(1.0239) 
Epoch: [1][500/1564] Elapsed 9m 48s (remain 20m 48s) Loss: 0.0497(0.8693) 
Epoch: [1][600/1564] Elapsed 11m 47s (remain 18m 54s) Loss: 0.4039(0.7642) 
Epoch: [1][700/1564] Elapsed 13m 45s (remain 16m 56s) Loss: 0.2081(0.6844) 
EVAL: [0/196] Elapsed 0m 0s (remain 1m 55s) Loss: 0.1113(0.1113) 
EVAL: [100/196] Elapsed 0m 49s (remain 0m 46s) Loss: 0.3166(0.2531) 
EVAL: [195/196] Elapsed 1m 40s (remain 0m 0s) Loss: 0.2496(0.2496) 
Epoch 1 Step 780 - avg_train_loss: 0.6309  avg_val_loss: 0.2420
Epoch 1 Step 780 - Score: 0.4904
Epoch 1 Step 780 - Save Best Score: 0.4904 Model
Epoch: [1][800/1564] Elapsed 17m 37s (remain 16m 46s) Loss: 0.2158(0.6337) 
Epoch: [1][900/1564] Elapsed 19m 34s (remain 14m 24s) Loss: 0.0230(0.5901) 
Epoch: [1][1000/1564] Elapsed 21m 30s (remain 12m 5s) Loss: 0.1071(0.5544) 
Epoch: [1][1100/1564] Elapsed 23m 24s (remain 9m 50s) Loss: 0.1172(0.5233) 
Epoch: [1][1200/1564] Elapsed 25m 20s (remain 7m 39s) Loss: 0.2746(0.4997) 
Epoch: [1][1300/1564] Elapsed 27m 19s (remain 5m 31s) Loss: 0.1010(0.4792) 
Epoch: [1][1400/1564] Elapsed 29m 19s (remain 3m 24s) Loss: 0.2507(0.4613) 
Epoch: [1][1500/1564] Elapsed 31m 16s (remain 1m 18s) Loss: 0.4507(0.4460) 
EVAL: [0/196] Elapsed 0m 0s (remain 1m 52s) Loss: 0.1042(0.1042) 
EVAL: [100/196] Elapsed 0m 47s (remain 0m 44s) Loss: 0.2484(0.2303) 
EVAL: [195/196] Elapsed 1m 39s (remain 0m 0s) Loss: 0.2555(0.2189) 
Epoch 1 Step 1560 - avg_train_loss: 0.4375  avg_val_loss: 0.2197
Epoch 1 Step 1560 - Score: 0.4685
Epoch 1 Step 1560 - Save Best Score: 0.4685 Model
Epoch: [1][1563/1564] Elapsed 34m 20s (remain 0m 0s) Loss: 0.1644(0.4362) 
Epoch 1 - avg_train_loss: 0.4370  avg_val_loss: 0.2197  time: 2061s
Epoch 1 - Score: 0.4685
Epoch: [2][0/1564] Elapsed 0m 1s (remain 31m 15s) Loss: 0.0685(0.0685) 
Epoch: [2][100/1564] Elapsed 1m 59s (remain 28m 48s) Loss: 0.6044(0.2052) 
Epoch: [2][200/1564] Elapsed 3m 55s (remain 26m 34s) Loss: 0.1380(0.2179) 
Epoch: [2][300/1564] Elapsed 5m 52s (remain 24m 40s) Loss: 0.0551(0.2283) 
Epoch: [2][400/1564] Elapsed 7m 51s (remain 22m 47s) Loss: 0.1139(0.2260) 
Epoch: [2][500/1564] Elapsed 9m 51s (remain 20m 55s) Loss: 0.0478(0.2228) 
Epoch: [2][600/1564] Elapsed 11m 51s (remain 19m 0s) Loss: 0.3064(0.2174) 
Epoch: [2][700/1564] Elapsed 13m 48s (remain 16m 59s) Loss: 0.1870(0.2115) 
EVAL: [0/196] Elapsed 0m 0s (remain 0m 24s) Loss: 0.0913(0.0913) 
EVAL: [100/196] Elapsed 0m 52s (remain 0m 49s) Loss: 0.2505(0.2283) 
EVAL: [195/196] Elapsed 1m 44s (remain 0m 0s) Loss: 0.2794(0.2187) 
Epoch 2 Step 780 - avg_train_loss: 0.2161  avg_val_loss: 0.2153
Epoch 2 Step 780 - Score: 0.4636
Epoch 2 Step 780 - Save Best Score: 0.4636 Model
Epoch: [2][800/1564] Elapsed 17m 36s (remain 16m 46s) Loss: 0.2705(0.2121) 
Epoch: [2][900/1564] Elapsed 19m 33s (remain 14m 23s) Loss: 0.0282(0.2092) 
Epoch: [2][1000/1564] Elapsed 21m 32s (remain 12m 7s) Loss: 0.1131(0.2074) 
Epoch: [2][1100/1564] Elapsed 23m 30s (remain 9m 52s) Loss: 0.1150(0.2058) 
Epoch: [2][1200/1564] Elapsed 25m 27s (remain 7m 41s) Loss: 0.1667(0.2058) 
Epoch: [2][1300/1564] Elapsed 27m 28s (remain 5m 33s) Loss: 0.0792(0.2048) 
Epoch: [2][1400/1564] Elapsed 29m 24s (remain 3m 25s) Loss: 0.2124(0.2030) 
Epoch: [2][1500/1564] Elapsed 31m 19s (remain 1m 18s) Loss: 0.3175(0.2024) 
EVAL: [0/196] Elapsed 0m 0s (remain 0m 24s) Loss: 0.1038(0.1038) 
EVAL: [100/196] Elapsed 0m 50s (remain 0m 47s) Loss: 0.2257(0.2251) 
EVAL: [195/196] Elapsed 1m 41s (remain 0m 0s) Loss: 0.3450(0.2126) 
Epoch 2 Step 1560 - avg_train_loss: 0.2085  avg_val_loss: 0.2184
Epoch 2 Step 1560 - Score: 0.4670
Epoch: [2][1563/1564] Elapsed 34m 17s (remain 0m 0s) Loss: 0.1269(0.2010) 
Epoch 2 - avg_train_loss: 0.2084  avg_val_loss: 0.2184  time: 2058s
Epoch 2 - Score: 0.4670
Epoch: [3][0/1564] Elapsed 0m 1s (remain 30m 32s) Loss: 0.0837(0.0837) 
Epoch: [3][100/1564] Elapsed 1m 59s (remain 28m 45s) Loss: 0.3419(0.1700) 
Epoch: [3][200/1564] Elapsed 3m 54s (remain 26m 28s) Loss: 0.1257(0.1830) 
Epoch: [3][300/1564] Elapsed 5m 53s (remain 24m 41s) Loss: 0.0375(0.1868) 
Epoch: [3][400/1564] Elapsed 7m 47s (remain 22m 36s) Loss: 0.1077(0.1861) 
Epoch: [3][500/1564] Elapsed 9m 50s (remain 20m 52s) Loss: 0.0356(0.1809) 
Epoch: [3][600/1564] Elapsed 11m 47s (remain 18m 54s) Loss: 0.2830(0.1762) 
Epoch: [3][700/1564] Elapsed 13m 44s (remain 16m 55s) Loss: 0.1026(0.1721) 
EVAL: [0/196] Elapsed 0m 0s (remain 1m 50s) Loss: 0.1066(0.1066) 
EVAL: [100/196] Elapsed 0m 46s (remain 0m 43s) Loss: 0.2487(0.2290) 
EVAL: [195/196] Elapsed 1m 38s (remain 0m 0s) Loss: 0.4462(0.2176) 
Epoch 3 Step 780 - avg_train_loss: 0.1748  avg_val_loss: 0.2191
Epoch 3 Step 780 - Score: 0.4678
Epoch: [3][800/1564] Elapsed 17m 26s (remain 16m 36s) Loss: 0.2093(0.1711) 
Epoch: [3][900/1564] Elapsed 19m 23s (remain 14m 16s) Loss: 0.0493(0.1686) 
Epoch: [3][1000/1564] Elapsed 21m 18s (remain 11m 59s) Loss: 0.0406(0.1653) 
Epoch: [3][1100/1564] Elapsed 23m 13s (remain 9m 46s) Loss: 0.1255(0.1640) 
Epoch: [3][1200/1564] Elapsed 25m 10s (remain 7m 36s) Loss: 0.0705(0.1632) 
Epoch: [3][1300/1564] Elapsed 27m 7s (remain 5m 29s) Loss: 0.0378(0.1625) 
Epoch: [3][1400/1564] Elapsed 29m 3s (remain 3m 22s) Loss: 0.1696(0.1595) 
Epoch: [3][1500/1564] Elapsed 30m 59s (remain 1m 18s) Loss: 0.1586(0.1580) 
EVAL: [0/196] Elapsed 0m 0s (remain 0m 26s) Loss: 0.1708(0.1708) 
EVAL: [100/196] Elapsed 0m 51s (remain 0m 48s) Loss: 0.1789(0.2416) 
EVAL: [195/196] Elapsed 1m 42s (remain 0m 0s) Loss: 0.6253(0.2318) 
Epoch 3 Step 1560 - avg_train_loss: 0.1616  avg_val_loss: 0.2462
Epoch 3 Step 1560 - Score: 0.4957
Epoch: [3][1563/1564] Elapsed 33m 58s (remain 0m 0s) Loss: 0.0912(0.1564) 
Epoch 3 - avg_train_loss: 0.1615  avg_val_loss: 0.2462  time: 2039s
Epoch 3 - Score: 0.4957
Epoch: [4][0/1564] Elapsed 0m 1s (remain 29m 11s) Loss: 0.1268(0.1268) 
Epoch: [4][100/1564] Elapsed 1m 57s (remain 28m 25s) Loss: 0.2208(0.1281) 
Epoch: [4][200/1564] Elapsed 3m 54s (remain 26m 27s) Loss: 0.1149(0.1378) 
Epoch: [4][300/1564] Elapsed 5m 52s (remain 24m 37s) Loss: 0.0417(0.1338) 
Epoch: [4][400/1564] Elapsed 7m 50s (remain 22m 43s) Loss: 0.1395(0.1334) 
Epoch: [4][500/1564] Elapsed 9m 48s (remain 20m 49s) Loss: 0.1097(0.1293) 
Epoch: [4][600/1564] Elapsed 11m 45s (remain 18m 50s) Loss: 0.2155(0.1275) 
Epoch: [4][700/1564] Elapsed 13m 42s (remain 16m 52s) Loss: 0.0515(0.1263) 
EVAL: [0/196] Elapsed 0m 0s (remain 1m 50s) Loss: 0.0995(0.0995) 
EVAL: [100/196] Elapsed 0m 54s (remain 0m 51s) Loss: 0.3241(0.2238) 
EVAL: [195/196] Elapsed 1m 45s (remain 0m 0s) Loss: 0.4663(0.2151) 
Epoch 4 Step 780 - avg_train_loss: 0.1269  avg_val_loss: 0.2167
Epoch 4 Step 780 - Score: 0.4649
Epoch: [4][800/1564] Elapsed 17m 27s (remain 16m 37s) Loss: 0.1347(0.1264) 
Epoch: [4][900/1564] Elapsed 19m 26s (remain 14m 18s) Loss: 0.0723(0.1243) 
Epoch: [4][1000/1564] Elapsed 21m 24s (remain 12m 2s) Loss: 0.0544(0.1261) 
Epoch: [4][1100/1564] Elapsed 23m 20s (remain 9m 49s) Loss: 0.1331(0.1262) 
Epoch: [4][1200/1564] Elapsed 25m 17s (remain 7m 38s) Loss: 0.0493(0.1272) 
Epoch: [4][1300/1564] Elapsed 27m 18s (remain 5m 31s) Loss: 0.0418(0.1272) 
Epoch: [4][1400/1564] Elapsed 29m 15s (remain 3m 24s) Loss: 0.0879(0.1253) 
Epoch: [4][1500/1564] Elapsed 31m 13s (remain 1m 18s) Loss: 0.0996(0.1256) 
EVAL: [0/196] Elapsed 0m 0s (remain 0m 53s) Loss: 0.1592(0.1592) 
EVAL: [100/196] Elapsed 0m 52s (remain 0m 49s) Loss: 0.2420(0.2347) 
EVAL: [195/196] Elapsed 1m 42s (remain 0m 0s) Loss: 0.4034(0.2233) 
Epoch 4 Step 1560 - avg_train_loss: 0.1258  avg_val_loss: 0.2298
Epoch 4 Step 1560 - Score: 0.4788
Epoch: [4][1563/1564] Elapsed 34m 12s (remain 0m 0s) Loss: 0.0328(0.1247) 
Epoch 4 - avg_train_loss: 0.1257  avg_val_loss: 0.2298  time: 2053s
Epoch 4 - Score: 0.4788
========== fold: 4 result ==========
Score: 0.4636
========== CV ==========
Score: 0.4657
