We have available 2, GPUs! but using 2 GPUs
Running basic DDP example on rank 0.
Running basic DDP example on rank 1.
-------------fold:0 training-------------
Epoch: [1][0/1564] Elapsed 0m 1s (remain 38m 15s) Loss: 2.6782(2.6782) 
Epoch: [1][100/1564] Elapsed 1m 57s (remain 28m 25s) Loss: 0.4130(0.8197) 
Epoch: [1][200/1564] Elapsed 3m 55s (remain 26m 33s) Loss: 0.1058(0.4912) 
Epoch: [1][300/1564] Elapsed 5m 51s (remain 24m 33s) Loss: 0.0574(0.3671) 
Epoch: [1][400/1564] Elapsed 7m 44s (remain 22m 27s) Loss: 0.1094(0.3067) 
Epoch: [1][500/1564] Elapsed 9m 41s (remain 20m 34s) Loss: 0.1808(0.2720) 
Epoch: [1][600/1564] Elapsed 11m 36s (remain 18m 36s) Loss: 0.4261(0.2530) 
Epoch: [1][700/1564] Elapsed 13m 31s (remain 16m 38s) Loss: 0.1941(0.2333) 
EVAL: [0/196] Elapsed 0m 0s (remain 0m 42s) Loss: 0.0895(0.0895) 
EVAL: [100/196] Elapsed 0m 46s (remain 0m 43s) Loss: 0.0690(0.0957) 
EVAL: [195/196] Elapsed 1m 33s (remain 0m 0s) Loss: 0.0576(0.1021) 
Epoch 1 Step 780 - avg_train_loss: 0.2155  avg_val_loss: 0.1056
Epoch 1 Step 780 - Score: 0.4600
Epoch 1 Step 780 - Save Best Score: 0.4600 Model
Epoch: [1][800/1564] Elapsed 17m 7s (remain 16m 18s) Loss: 0.1050(0.2201) 
Epoch: [1][900/1564] Elapsed 19m 1s (remain 13m 59s) Loss: 0.0655(0.2078) 
Epoch: [1][1000/1564] Elapsed 20m 56s (remain 11m 46s) Loss: 0.1158(0.1982) 
Epoch: [1][1100/1564] Elapsed 22m 51s (remain 9m 36s) Loss: 0.1368(0.1924) 
Epoch: [1][1200/1564] Elapsed 24m 46s (remain 7m 29s) Loss: 0.1156(0.1865) 
Epoch: [1][1300/1564] Elapsed 26m 38s (remain 5m 23s) Loss: 0.2437(0.1806) 
Epoch: [1][1400/1564] Elapsed 28m 36s (remain 3m 19s) Loss: 0.0953(0.1748) 
Epoch: [1][1500/1564] Elapsed 30m 35s (remain 1m 17s) Loss: 0.0415(0.1702) 
EVAL: [0/196] Elapsed 0m 0s (remain 0m 44s) Loss: 0.1170(0.1170) 
EVAL: [100/196] Elapsed 0m 52s (remain 0m 49s) Loss: 0.0610(0.1034) 
EVAL: [195/196] Elapsed 1m 42s (remain 0m 0s) Loss: 0.0933(0.1082) 
Epoch 1 Step 1560 - avg_train_loss: 0.1658  avg_val_loss: 0.1132
Epoch 1 Step 1560 - Score: 0.4769
Epoch: [1][1563/1564] Elapsed 33m 30s (remain 0m 0s) Loss: 0.0575(0.1677) 
Epoch 1 - avg_train_loss: 0.1656  avg_val_loss: 0.1132  time: 2011s
Epoch 1 - Score: 0.4769
Epoch: [2][0/1564] Elapsed 0m 1s (remain 29m 23s) Loss: 0.0675(0.0675) 
Epoch: [2][100/1564] Elapsed 1m 58s (remain 28m 35s) Loss: 0.3587(0.1190) 
Epoch: [2][200/1564] Elapsed 3m 56s (remain 26m 44s) Loss: 0.4147(0.1159) 
Epoch: [2][300/1564] Elapsed 5m 53s (remain 24m 43s) Loss: 0.0958(0.1078) 
Epoch: [2][400/1564] Elapsed 7m 54s (remain 22m 57s) Loss: 0.1207(0.1057) 
Epoch: [2][500/1564] Elapsed 9m 56s (remain 21m 6s) Loss: 0.1396(0.1050) 
Epoch: [2][600/1564] Elapsed 11m 56s (remain 19m 7s) Loss: 0.1578(0.1068) 
Epoch: [2][700/1564] Elapsed 13m 52s (remain 17m 4s) Loss: 0.0940(0.1038) 
EVAL: [0/196] Elapsed 0m 0s (remain 2m 11s) Loss: 0.0839(0.0839) 
EVAL: [100/196] Elapsed 0m 49s (remain 0m 46s) Loss: 0.0652(0.0909) 
EVAL: [195/196] Elapsed 1m 38s (remain 0m 0s) Loss: 0.0735(0.0976) 
Epoch 2 Step 780 - avg_train_loss: 0.1012  avg_val_loss: 0.1013
Epoch 2 Step 780 - Score: 0.4502
Epoch 2 Step 780 - Save Best Score: 0.4502 Model
Epoch: [2][800/1564] Elapsed 17m 44s (remain 16m 53s) Loss: 0.0736(0.1040) 
Epoch: [2][900/1564] Elapsed 19m 39s (remain 14m 28s) Loss: 0.0684(0.1023) 
Epoch: [2][1000/1564] Elapsed 21m 34s (remain 12m 8s) Loss: 0.1005(0.1012) 
Epoch: [2][1100/1564] Elapsed 23m 31s (remain 9m 53s) Loss: 0.1260(0.1018) 
Epoch: [2][1200/1564] Elapsed 25m 28s (remain 7m 42s) Loss: 0.0915(0.1010) 
Epoch: [2][1300/1564] Elapsed 27m 27s (remain 5m 33s) Loss: 0.1496(0.1000) 
Epoch: [2][1400/1564] Elapsed 29m 25s (remain 3m 25s) Loss: 0.0721(0.0985) 
Epoch: [2][1500/1564] Elapsed 31m 20s (remain 1m 18s) Loss: 0.0389(0.0976) 
EVAL: [0/196] Elapsed 0m 0s (remain 2m 7s) Loss: 0.1260(0.1260) 
EVAL: [100/196] Elapsed 0m 50s (remain 0m 47s) Loss: 0.0580(0.1062) 
EVAL: [195/196] Elapsed 1m 38s (remain 0m 0s) Loss: 0.0783(0.1108) 
Epoch 2 Step 1560 - avg_train_loss: 0.0967  avg_val_loss: 0.1165
Epoch 2 Step 1560 - Score: 0.4839
Epoch: [2][1563/1564] Elapsed 34m 11s (remain 0m 0s) Loss: 0.0458(0.0975) 
Epoch 2 - avg_train_loss: 0.0967  avg_val_loss: 0.1165  time: 2051s
Epoch 2 - Score: 0.4839
Epoch: [3][0/1564] Elapsed 0m 0s (remain 25m 31s) Loss: 0.0659(0.0659) 
Epoch: [3][100/1564] Elapsed 1m 59s (remain 28m 45s) Loss: 0.2988(0.0974) 
Epoch: [3][200/1564] Elapsed 4m 0s (remain 27m 11s) Loss: 0.3588(0.0927) 
Epoch: [3][300/1564] Elapsed 5m 56s (remain 24m 57s) Loss: 0.0649(0.0883) 
Epoch: [3][400/1564] Elapsed 7m 54s (remain 22m 57s) Loss: 0.1087(0.0848) 
Epoch: [3][500/1564] Elapsed 9m 55s (remain 21m 3s) Loss: 0.0796(0.0832) 
Epoch: [3][600/1564] Elapsed 11m 52s (remain 19m 1s) Loss: 0.0441(0.0834) 
Epoch: [3][700/1564] Elapsed 13m 51s (remain 17m 4s) Loss: 0.0268(0.0804) 
EVAL: [0/196] Elapsed 0m 0s (remain 0m 44s) Loss: 0.0680(0.0680) 
EVAL: [100/196] Elapsed 0m 50s (remain 0m 47s) Loss: 0.0691(0.0914) 
EVAL: [195/196] Elapsed 1m 39s (remain 0m 0s) Loss: 0.0833(0.0990) 
Epoch 3 Step 780 - avg_train_loss: 0.0766  avg_val_loss: 0.1035
Epoch 3 Step 780 - Score: 0.4553
Epoch: [3][800/1564] Elapsed 17m 32s (remain 16m 42s) Loss: 0.0350(0.0796) 
Epoch: [3][900/1564] Elapsed 19m 30s (remain 14m 21s) Loss: 0.0666(0.0782) 
Epoch: [3][1000/1564] Elapsed 21m 27s (remain 12m 4s) Loss: 0.0537(0.0768) 
Epoch: [3][1100/1564] Elapsed 23m 24s (remain 9m 50s) Loss: 0.0838(0.0775) 
Epoch: [3][1200/1564] Elapsed 25m 21s (remain 7m 39s) Loss: 0.0608(0.0763) 
Epoch: [3][1300/1564] Elapsed 27m 21s (remain 5m 31s) Loss: 0.0477(0.0754) 
Epoch: [3][1400/1564] Elapsed 29m 18s (remain 3m 24s) Loss: 0.0356(0.0741) 
Epoch: [3][1500/1564] Elapsed 31m 11s (remain 1m 18s) Loss: 0.0443(0.0739) 
EVAL: [0/196] Elapsed 0m 0s (remain 2m 15s) Loss: 0.0940(0.0940) 
EVAL: [100/196] Elapsed 0m 50s (remain 0m 47s) Loss: 0.0695(0.1010) 
EVAL: [195/196] Elapsed 1m 41s (remain 0m 0s) Loss: 0.0882(0.1068) 
Epoch 3 Step 1560 - avg_train_loss: 0.0728  avg_val_loss: 0.1119
Epoch 3 Step 1560 - Score: 0.4737
Epoch: [3][1563/1564] Elapsed 34m 9s (remain 0m 0s) Loss: 0.0365(0.0745) 
Epoch 3 - avg_train_loss: 0.0728  avg_val_loss: 0.1119  time: 2049s
Epoch 3 - Score: 0.4737
Epoch: [4][0/1564] Elapsed 0m 1s (remain 30m 12s) Loss: 0.0645(0.0645) 
Epoch: [4][100/1564] Elapsed 2m 0s (remain 28m 59s) Loss: 0.0950(0.0684) 
Epoch: [4][200/1564] Elapsed 3m 57s (remain 26m 47s) Loss: 0.1052(0.0675) 
Epoch: [4][300/1564] Elapsed 5m 54s (remain 24m 47s) Loss: 0.0203(0.0678) 
Epoch: [4][400/1564] Elapsed 7m 52s (remain 22m 51s) Loss: 0.0733(0.0653) 
Epoch: [4][500/1564] Elapsed 9m 54s (remain 21m 2s) Loss: 0.0524(0.0630) 
Epoch: [4][600/1564] Elapsed 11m 55s (remain 19m 6s) Loss: 0.0364(0.0631) 
Epoch: [4][700/1564] Elapsed 13m 52s (remain 17m 5s) Loss: 0.0289(0.0617) 
EVAL: [0/196] Elapsed 0m 0s (remain 0m 48s) Loss: 0.0842(0.0842) 
EVAL: [100/196] Elapsed 0m 54s (remain 0m 51s) Loss: 0.0598(0.0960) 
EVAL: [195/196] Elapsed 1m 42s (remain 0m 0s) Loss: 0.1191(0.1021) 
Epoch 4 Step 780 - avg_train_loss: 0.0601  avg_val_loss: 0.1072
Epoch 4 Step 780 - Score: 0.4637
Epoch: [4][800/1564] Elapsed 17m 43s (remain 16m 53s) Loss: 0.0230(0.0610) 
Epoch: [4][900/1564] Elapsed 19m 39s (remain 14m 28s) Loss: 0.0623(0.0605) 
Epoch: [4][1000/1564] Elapsed 21m 37s (remain 12m 9s) Loss: 0.0361(0.0591) 
Epoch: [4][1100/1564] Elapsed 23m 33s (remain 9m 54s) Loss: 0.1197(0.0597) 
Epoch: [4][1200/1564] Elapsed 25m 28s (remain 7m 42s) Loss: 0.2261(0.0599) 
Epoch: [4][1300/1564] Elapsed 27m 23s (remain 5m 32s) Loss: 0.0456(0.0598) 
Epoch: [4][1400/1564] Elapsed 29m 22s (remain 3m 25s) Loss: 0.0366(0.0597) 
Epoch: [4][1500/1564] Elapsed 31m 16s (remain 1m 18s) Loss: 0.1521(0.0598) 
EVAL: [0/196] Elapsed 0m 0s (remain 2m 18s) Loss: 0.0637(0.0637) 
EVAL: [100/196] Elapsed 0m 50s (remain 0m 47s) Loss: 0.0912(0.0939) 
EVAL: [195/196] Elapsed 1m 38s (remain 0m 0s) Loss: 0.0568(0.1014) 
Epoch 4 Step 1560 - avg_train_loss: 0.0591  avg_val_loss: 0.1076
Epoch 4 Step 1560 - Score: 0.4649
Epoch: [4][1563/1564] Elapsed 34m 14s (remain 0m 0s) Loss: 0.0448(0.0597) 
Epoch 4 - avg_train_loss: 0.0591  avg_val_loss: 0.1076  time: 2054s
Epoch 4 - Score: 0.4649
========== fold: 0 result ==========
Score: 0.4502
Running basic DDP example on rank 0.
Running basic DDP example on rank 1.
-------------fold:1 training-------------
Epoch: [1][0/1564] Elapsed 0m 1s (remain 47m 42s) Loss: 2.6560(2.6560) 
Epoch: [1][100/1564] Elapsed 2m 0s (remain 29m 4s) Loss: 0.0146(0.7891) 
Epoch: [1][200/1564] Elapsed 3m 57s (remain 26m 49s) Loss: 0.0237(0.4767) 
Epoch: [1][300/1564] Elapsed 5m 56s (remain 24m 55s) Loss: 0.1826(0.3584) 
Epoch: [1][400/1564] Elapsed 7m 53s (remain 22m 53s) Loss: 0.1361(0.3013) 
Epoch: [1][500/1564] Elapsed 9m 52s (remain 20m 56s) Loss: 0.0838(0.2657) 
Epoch: [1][600/1564] Elapsed 11m 48s (remain 18m 55s) Loss: 0.1140(0.2409) 
Epoch: [1][700/1564] Elapsed 13m 46s (remain 16m 57s) Loss: 0.0999(0.2224) 
EVAL: [0/196] Elapsed 0m 0s (remain 0m 27s) Loss: 0.0993(0.0993) 
EVAL: [100/196] Elapsed 0m 54s (remain 0m 50s) Loss: 0.1001(0.1105) 
EVAL: [195/196] Elapsed 1m 42s (remain 0m 0s) Loss: 0.1551(0.1109) 
Epoch 1 Step 780 - avg_train_loss: 0.2129  avg_val_loss: 0.1104
Epoch 1 Step 780 - Score: 0.4708
Epoch 1 Step 780 - Save Best Score: 0.4708 Model
Epoch: [1][800/1564] Elapsed 17m 32s (remain 16m 42s) Loss: 0.1750(0.2095) 
Epoch: [1][900/1564] Elapsed 19m 33s (remain 14m 23s) Loss: 0.0566(0.1993) 
Epoch: [1][1000/1564] Elapsed 21m 32s (remain 12m 6s) Loss: 0.1227(0.1920) 
Epoch: [1][1100/1564] Elapsed 23m 30s (remain 9m 53s) Loss: 0.0484(0.1860) 
Epoch: [1][1200/1564] Elapsed 25m 27s (remain 7m 41s) Loss: 0.1498(0.1799) 
Epoch: [1][1300/1564] Elapsed 27m 22s (remain 5m 32s) Loss: 0.2334(0.1735) 
Epoch: [1][1400/1564] Elapsed 29m 19s (remain 3m 24s) Loss: 0.2224(0.1698) 
Epoch: [1][1500/1564] Elapsed 31m 13s (remain 1m 18s) Loss: 0.0189(0.1654) 
EVAL: [0/196] Elapsed 0m 0s (remain 0m 25s) Loss: 0.1106(0.1106) 
EVAL: [100/196] Elapsed 0m 56s (remain 0m 53s) Loss: 0.2247(0.1156) 
EVAL: [195/196] Elapsed 1m 45s (remain 0m 0s) Loss: 0.0933(0.1219) 
Epoch 1 Step 1560 - avg_train_loss: 0.1659  avg_val_loss: 0.1204
Epoch 1 Step 1560 - Score: 0.4926
Epoch: [1][1563/1564] Elapsed 34m 12s (remain 0m 0s) Loss: 0.0916(0.1637) 
Epoch 1 - avg_train_loss: 0.1657  avg_val_loss: 0.1204  time: 2053s
Epoch 1 - Score: 0.4926
Epoch: [2][0/1564] Elapsed 0m 1s (remain 31m 0s) Loss: 0.0611(0.0611) 
Epoch: [2][100/1564] Elapsed 2m 0s (remain 29m 2s) Loss: 0.0025(0.1059) 
Epoch: [2][200/1564] Elapsed 3m 59s (remain 27m 0s) Loss: 0.0179(0.1050) 
Epoch: [2][300/1564] Elapsed 5m 57s (remain 24m 58s) Loss: 0.1137(0.1029) 
Epoch: [2][400/1564] Elapsed 7m 55s (remain 23m 0s) Loss: 0.1636(0.1033) 
Epoch: [2][500/1564] Elapsed 9m 53s (remain 20m 58s) Loss: 0.0412(0.1027) 
Epoch: [2][600/1564] Elapsed 11m 51s (remain 18m 59s) Loss: 0.1051(0.1005) 
Epoch: [2][700/1564] Elapsed 13m 50s (remain 17m 1s) Loss: 0.0855(0.0989) 
EVAL: [0/196] Elapsed 0m 0s (remain 0m 39s) Loss: 0.0797(0.0797) 
EVAL: [100/196] Elapsed 0m 53s (remain 0m 50s) Loss: 0.1153(0.1052) 
EVAL: [195/196] Elapsed 1m 42s (remain 0m 0s) Loss: 0.1381(0.1056) 
Epoch 2 Step 780 - avg_train_loss: 0.0990  avg_val_loss: 0.1052
Epoch 2 Step 780 - Score: 0.4593
Epoch 2 Step 780 - Save Best Score: 0.4593 Model
Epoch: [2][800/1564] Elapsed 17m 40s (remain 16m 49s) Loss: 0.1716(0.0988) 
Epoch: [2][900/1564] Elapsed 19m 38s (remain 14m 27s) Loss: 0.0463(0.0980) 
Epoch: [2][1000/1564] Elapsed 21m 36s (remain 12m 8s) Loss: 0.1039(0.0982) 
Epoch: [2][1100/1564] Elapsed 23m 32s (remain 9m 53s) Loss: 0.0520(0.0983) 
Epoch: [2][1200/1564] Elapsed 25m 30s (remain 7m 42s) Loss: 0.1596(0.0979) 
Epoch: [2][1300/1564] Elapsed 27m 29s (remain 5m 33s) Loss: 0.1380(0.0967) 
Epoch: [2][1400/1564] Elapsed 29m 24s (remain 3m 25s) Loss: 0.1194(0.0962) 
Epoch: [2][1500/1564] Elapsed 31m 22s (remain 1m 19s) Loss: 0.0262(0.0949) 
EVAL: [0/196] Elapsed 0m 0s (remain 1m 51s) Loss: 0.1046(0.1046) 
EVAL: [100/196] Elapsed 0m 48s (remain 0m 45s) Loss: 0.2390(0.1233) 
EVAL: [195/196] Elapsed 1m 36s (remain 0m 0s) Loss: 0.0705(0.1317) 
Epoch 2 Step 1560 - avg_train_loss: 0.0959  avg_val_loss: 0.1296
Epoch 2 Step 1560 - Score: 0.5116
Epoch: [2][1563/1564] Elapsed 34m 15s (remain 0m 0s) Loss: 0.0840(0.0945) 
Epoch 2 - avg_train_loss: 0.0959  avg_val_loss: 0.1296  time: 2056s
Epoch 2 - Score: 0.5116
Epoch: [3][0/1564] Elapsed 0m 1s (remain 27m 14s) Loss: 0.0452(0.0452) 
Epoch: [3][100/1564] Elapsed 2m 0s (remain 29m 7s) Loss: 0.0089(0.0823) 
Epoch: [3][200/1564] Elapsed 3m 59s (remain 27m 1s) Loss: 0.0220(0.0809) 
Epoch: [3][300/1564] Elapsed 5m 57s (remain 25m 0s) Loss: 0.0842(0.0797) 
Epoch: [3][400/1564] Elapsed 7m 57s (remain 23m 3s) Loss: 0.1286(0.0803) 
Epoch: [3][500/1564] Elapsed 9m 56s (remain 21m 6s) Loss: 0.0209(0.0776) 
Epoch: [3][600/1564] Elapsed 11m 57s (remain 19m 9s) Loss: 0.0926(0.0761) 
Epoch: [3][700/1564] Elapsed 13m 56s (remain 17m 9s) Loss: 0.0804(0.0747) 
EVAL: [0/196] Elapsed 0m 0s (remain 0m 24s) Loss: 0.0721(0.0721) 
EVAL: [100/196] Elapsed 0m 54s (remain 0m 51s) Loss: 0.1233(0.1064) 
EVAL: [195/196] Elapsed 1m 44s (remain 0m 0s) Loss: 0.1092(0.1074) 
Epoch 3 Step 780 - avg_train_loss: 0.0754  avg_val_loss: 0.1065
Epoch 3 Step 780 - Score: 0.4626
Epoch: [3][800/1564] Elapsed 17m 42s (remain 16m 52s) Loss: 0.1426(0.0743) 
Epoch: [3][900/1564] Elapsed 19m 40s (remain 14m 28s) Loss: 0.0339(0.0733) 
Epoch: [3][1000/1564] Elapsed 21m 35s (remain 12m 8s) Loss: 0.0887(0.0727) 
Epoch: [3][1100/1564] Elapsed 23m 32s (remain 9m 53s) Loss: 0.0450(0.0722) 
Epoch: [3][1200/1564] Elapsed 25m 27s (remain 7m 41s) Loss: 0.1371(0.0723) 
Epoch: [3][1300/1564] Elapsed 27m 20s (remain 5m 31s) Loss: 0.0604(0.0713) 
Epoch: [3][1400/1564] Elapsed 29m 16s (remain 3m 24s) Loss: 0.0841(0.0705) 
Epoch: [3][1500/1564] Elapsed 31m 15s (remain 1m 18s) Loss: 0.0575(0.0704) 
EVAL: [0/196] Elapsed 0m 0s (remain 1m 55s) Loss: 0.0727(0.0727) 
EVAL: [100/196] Elapsed 0m 52s (remain 0m 49s) Loss: 0.1718(0.1106) 
EVAL: [195/196] Elapsed 1m 43s (remain 0m 0s) Loss: 0.0901(0.1154) 
Epoch 3 Step 1560 - avg_train_loss: 0.0713  avg_val_loss: 0.1148
Epoch 3 Step 1560 - Score: 0.4814
Epoch: [3][1563/1564] Elapsed 34m 11s (remain 0m 0s) Loss: 0.0202(0.0704) 
Epoch 3 - avg_train_loss: 0.0712  avg_val_loss: 0.1148  time: 2052s
Epoch 3 - Score: 0.4814
Epoch: [4][0/1564] Elapsed 0m 1s (remain 32m 0s) Loss: 0.0353(0.0353) 
Epoch: [4][100/1564] Elapsed 2m 3s (remain 29m 42s) Loss: 0.0176(0.0616) 
Epoch: [4][200/1564] Elapsed 4m 1s (remain 27m 15s) Loss: 0.0271(0.0595) 
Epoch: [4][300/1564] Elapsed 6m 2s (remain 25m 22s) Loss: 0.0639(0.0596) 
Epoch: [4][400/1564] Elapsed 7m 59s (remain 23m 9s) Loss: 0.0495(0.0614) 
Epoch: [4][500/1564] Elapsed 9m 57s (remain 21m 7s) Loss: 0.1311(0.0605) 
Epoch: [4][600/1564] Elapsed 11m 58s (remain 19m 11s) Loss: 0.0843(0.0602) 
Epoch: [4][700/1564] Elapsed 13m 58s (remain 17m 12s) Loss: 0.0458(0.0586) 
EVAL: [0/196] Elapsed 0m 0s (remain 1m 50s) Loss: 0.0731(0.0731) 
EVAL: [100/196] Elapsed 0m 53s (remain 0m 50s) Loss: 0.1542(0.1098) 
EVAL: [195/196] Elapsed 1m 41s (remain 0m 0s) Loss: 0.0979(0.1134) 
Epoch 4 Step 780 - avg_train_loss: 0.0591  avg_val_loss: 0.1120
Epoch 4 Step 780 - Score: 0.4750
Epoch: [4][800/1564] Elapsed 17m 37s (remain 16m 47s) Loss: 0.0997(0.0577) 
Epoch: [4][900/1564] Elapsed 19m 35s (remain 14m 25s) Loss: 0.0288(0.0569) 
Epoch: [4][1000/1564] Elapsed 21m 33s (remain 12m 7s) Loss: 0.0711(0.0570) 
Epoch: [4][1100/1564] Elapsed 23m 32s (remain 9m 53s) Loss: 0.0285(0.0564) 
Epoch: [4][1200/1564] Elapsed 25m 31s (remain 7m 42s) Loss: 0.0826(0.0578) 
Epoch: [4][1300/1564] Elapsed 27m 28s (remain 5m 33s) Loss: 0.0455(0.0570) 
Epoch: [4][1400/1564] Elapsed 29m 22s (remain 3m 25s) Loss: 0.0518(0.0567) 
Epoch: [4][1500/1564] Elapsed 31m 19s (remain 1m 18s) Loss: 0.0286(0.0568) 
EVAL: [0/196] Elapsed 0m 0s (remain 2m 0s) Loss: 0.0586(0.0586) 
EVAL: [100/196] Elapsed 0m 51s (remain 0m 48s) Loss: 0.1678(0.1093) 
EVAL: [195/196] Elapsed 1m 38s (remain 0m 0s) Loss: 0.1615(0.1112) 
Epoch 4 Step 1560 - avg_train_loss: 0.0576  avg_val_loss: 0.1119
Epoch 4 Step 1560 - Score: 0.4744
Epoch: [4][1563/1564] Elapsed 34m 15s (remain 0m 0s) Loss: 0.0562(0.0566) 
Epoch 4 - avg_train_loss: 0.0576  avg_val_loss: 0.1119  time: 2056s
Epoch 4 - Score: 0.4744
========== fold: 1 result ==========
Score: 0.4593
Running basic DDP example on rank 0.
Running basic DDP example on rank 1.
-------------fold:2 training-------------
Epoch: [1][0/1564] Elapsed 0m 1s (remain 39m 25s) Loss: 2.2330(2.2330) 
Epoch: [1][100/1564] Elapsed 1m 58s (remain 28m 39s) Loss: 0.3202(0.8017) 
Epoch: [1][200/1564] Elapsed 4m 1s (remain 27m 14s) Loss: 0.1702(0.4827) 
Epoch: [1][300/1564] Elapsed 6m 0s (remain 25m 14s) Loss: 0.0440(0.3660) 
Epoch: [1][400/1564] Elapsed 8m 1s (remain 23m 17s) Loss: 0.1587(0.3077) 
Epoch: [1][500/1564] Elapsed 10m 1s (remain 21m 15s) Loss: 0.1307(0.2690) 
Epoch: [1][600/1564] Elapsed 11m 59s (remain 19m 13s) Loss: 0.1909(0.2451) 
Epoch: [1][700/1564] Elapsed 13m 59s (remain 17m 13s) Loss: 0.2294(0.2261) 
EVAL: [0/196] Elapsed 0m 0s (remain 2m 20s) Loss: 0.0599(0.0599) 
EVAL: [100/196] Elapsed 0m 54s (remain 0m 51s) Loss: 0.1503(0.1446) 
EVAL: [195/196] Elapsed 1m 41s (remain 0m 0s) Loss: 0.0809(0.1459) 
Epoch 1 Step 780 - avg_train_loss: 0.2028  avg_val_loss: 0.1428
Epoch 1 Step 780 - Score: 0.5361
Epoch 1 Step 780 - Save Best Score: 0.5361 Model
Epoch: [1][800/1564] Elapsed 17m 52s (remain 17m 2s) Loss: 0.2508(0.2128) 
Epoch: [1][900/1564] Elapsed 19m 51s (remain 14m 36s) Loss: 0.1350(0.2012) 
Epoch: [1][1000/1564] Elapsed 21m 45s (remain 12m 14s) Loss: 0.1003(0.1931) 
Epoch: [1][1100/1564] Elapsed 23m 44s (remain 9m 58s) Loss: 0.0778(0.1844) 
Epoch: [1][1200/1564] Elapsed 25m 42s (remain 7m 46s) Loss: 0.0481(0.1783) 
Epoch: [1][1300/1564] Elapsed 27m 41s (remain 5m 35s) Loss: 0.0950(0.1740) 
Epoch: [1][1400/1564] Elapsed 29m 35s (remain 3m 26s) Loss: 0.0938(0.1694) 
Epoch: [1][1500/1564] Elapsed 31m 31s (remain 1m 19s) Loss: 0.1603(0.1662) 
EVAL: [0/196] Elapsed 0m 0s (remain 2m 23s) Loss: 0.1049(0.1049) 
EVAL: [100/196] Elapsed 0m 51s (remain 0m 48s) Loss: 0.1399(0.1124) 
EVAL: [195/196] Elapsed 1m 42s (remain 0m 0s) Loss: 0.0636(0.1174) 
Epoch 1 Step 1560 - avg_train_loss: 0.1589  avg_val_loss: 0.1142
Epoch 1 Step 1560 - Score: 0.4791
Epoch 1 Step 1560 - Save Best Score: 0.4791 Model
Epoch: [1][1563/1564] Elapsed 34m 44s (remain 0m 0s) Loss: 0.1339(0.1642) 
Epoch 1 - avg_train_loss: 0.1588  avg_val_loss: 0.1142  time: 2085s
Epoch 1 - Score: 0.4791
Epoch: [2][0/1564] Elapsed 0m 1s (remain 32m 41s) Loss: 0.3435(0.3435) 
Epoch: [2][100/1564] Elapsed 2m 1s (remain 29m 22s) Loss: 0.1079(0.1265) 
Epoch: [2][200/1564] Elapsed 4m 3s (remain 27m 30s) Loss: 0.1612(0.1173) 
Epoch: [2][300/1564] Elapsed 6m 1s (remain 25m 18s) Loss: 0.0564(0.1143) 
Epoch: [2][400/1564] Elapsed 8m 3s (remain 23m 20s) Loss: 0.1012(0.1112) 
Epoch: [2][500/1564] Elapsed 10m 1s (remain 21m 15s) Loss: 0.0888(0.1079) 
Epoch: [2][600/1564] Elapsed 12m 2s (remain 19m 17s) Loss: 0.2092(0.1057) 
Epoch: [2][700/1564] Elapsed 14m 2s (remain 17m 17s) Loss: 0.2140(0.1025) 
EVAL: [0/196] Elapsed 0m 0s (remain 2m 16s) Loss: 0.0696(0.0696) 
EVAL: [100/196] Elapsed 0m 51s (remain 0m 48s) Loss: 0.1126(0.1213) 
EVAL: [195/196] Elapsed 1m 38s (remain 0m 0s) Loss: 0.0428(0.1246) 
Epoch 2 Step 780 - avg_train_loss: 0.0991  avg_val_loss: 0.1215
Epoch 2 Step 780 - Score: 0.4938
Epoch: [2][800/1564] Elapsed 17m 52s (remain 17m 1s) Loss: 0.2105(0.1013) 
Epoch: [2][900/1564] Elapsed 19m 49s (remain 14m 35s) Loss: 0.0757(0.0990) 
Epoch: [2][1000/1564] Elapsed 21m 45s (remain 12m 14s) Loss: 0.0958(0.0987) 
Epoch: [2][1100/1564] Elapsed 23m 44s (remain 9m 59s) Loss: 0.0771(0.0971) 
Epoch: [2][1200/1564] Elapsed 25m 41s (remain 7m 45s) Loss: 0.0557(0.0962) 
Epoch: [2][1300/1564] Elapsed 27m 40s (remain 5m 35s) Loss: 0.0502(0.0959) 
Epoch: [2][1400/1564] Elapsed 29m 35s (remain 3m 26s) Loss: 0.0792(0.0949) 
Epoch: [2][1500/1564] Elapsed 31m 31s (remain 1m 19s) Loss: 0.0928(0.0941) 
EVAL: [0/196] Elapsed 0m 0s (remain 2m 15s) Loss: 0.1309(0.1309) 
EVAL: [100/196] Elapsed 0m 50s (remain 0m 47s) Loss: 0.1344(0.1154) 
EVAL: [195/196] Elapsed 1m 41s (remain 0m 0s) Loss: 0.0695(0.1219) 
Epoch 2 Step 1560 - avg_train_loss: 0.0941  avg_val_loss: 0.1176
Epoch 2 Step 1560 - Score: 0.4866
Epoch: [2][1563/1564] Elapsed 34m 31s (remain 0m 0s) Loss: 0.0753(0.0942) 
Epoch 2 - avg_train_loss: 0.0941  avg_val_loss: 0.1176  time: 2071s
Epoch 2 - Score: 0.4866
Epoch: [3][0/1564] Elapsed 0m 1s (remain 31m 40s) Loss: 0.3179(0.3179) 
Epoch: [3][100/1564] Elapsed 1m 58s (remain 28m 41s) Loss: 0.0757(0.0952) 
Epoch: [3][200/1564] Elapsed 3m 57s (remain 26m 52s) Loss: 0.1525(0.0860) 
Epoch: [3][300/1564] Elapsed 5m 54s (remain 24m 46s) Loss: 0.0802(0.0845) 
Epoch: [3][400/1564] Elapsed 7m 52s (remain 22m 50s) Loss: 0.0578(0.0830) 
Epoch: [3][500/1564] Elapsed 9m 52s (remain 20m 56s) Loss: 0.0602(0.0815) 
Epoch: [3][600/1564] Elapsed 11m 54s (remain 19m 4s) Loss: 0.1200(0.0788) 
Epoch: [3][700/1564] Elapsed 13m 55s (remain 17m 8s) Loss: 0.1723(0.0774) 
EVAL: [0/196] Elapsed 0m 0s (remain 2m 19s) Loss: 0.0824(0.0824) 
EVAL: [100/196] Elapsed 0m 52s (remain 0m 49s) Loss: 0.0893(0.1168) 
EVAL: [195/196] Elapsed 1m 44s (remain 0m 0s) Loss: 0.0418(0.1220) 
Epoch 3 Step 780 - avg_train_loss: 0.0760  avg_val_loss: 0.1181
Epoch 3 Step 780 - Score: 0.4869
Epoch: [3][800/1564] Elapsed 17m 46s (remain 16m 56s) Loss: 0.1328(0.0754) 
Epoch: [3][900/1564] Elapsed 19m 43s (remain 14m 31s) Loss: 0.0455(0.0731) 
Epoch: [3][1000/1564] Elapsed 21m 39s (remain 12m 11s) Loss: 0.0889(0.0719) 
Epoch: [3][1100/1564] Elapsed 23m 34s (remain 9m 54s) Loss: 0.0778(0.0711) 
Epoch: [3][1200/1564] Elapsed 25m 32s (remain 7m 43s) Loss: 0.0629(0.0700) 
Epoch: [3][1300/1564] Elapsed 27m 31s (remain 5m 33s) Loss: 0.0383(0.0696) 
Epoch: [3][1400/1564] Elapsed 29m 28s (remain 3m 25s) Loss: 0.0888(0.0690) 
Epoch: [3][1500/1564] Elapsed 31m 24s (remain 1m 19s) Loss: 0.0453(0.0683) 
EVAL: [0/196] Elapsed 0m 0s (remain 2m 14s) Loss: 0.1470(0.1470) 
EVAL: [100/196] Elapsed 0m 51s (remain 0m 48s) Loss: 0.1524(0.1186) 
EVAL: [195/196] Elapsed 1m 42s (remain 0m 0s) Loss: 0.0876(0.1279) 
Epoch 3 Step 1560 - avg_train_loss: 0.0692  avg_val_loss: 0.1234
Epoch 3 Step 1560 - Score: 0.4986
Epoch: [3][1563/1564] Elapsed 34m 29s (remain 0m 0s) Loss: 0.0448(0.0684) 
Epoch 3 - avg_train_loss: 0.0692  avg_val_loss: 0.1234  time: 2069s
Epoch 3 - Score: 0.4986
Epoch: [4][0/1564] Elapsed 0m 1s (remain 29m 43s) Loss: 0.3009(0.3009) 
Epoch: [4][100/1564] Elapsed 2m 0s (remain 28m 59s) Loss: 0.0273(0.0645) 
Epoch: [4][200/1564] Elapsed 4m 1s (remain 27m 15s) Loss: 0.1289(0.0577) 
Epoch: [4][300/1564] Elapsed 5m 58s (remain 25m 5s) Loss: 0.0396(0.0579) 
Epoch: [4][400/1564] Elapsed 7m 57s (remain 23m 5s) Loss: 0.0503(0.0618) 
Epoch: [4][500/1564] Elapsed 9m 57s (remain 21m 8s) Loss: 0.0415(0.0649) 
Epoch: [4][600/1564] Elapsed 11m 58s (remain 19m 10s) Loss: 0.0212(0.0629) 
Epoch: [4][700/1564] Elapsed 13m 57s (remain 17m 10s) Loss: 0.0798(0.0649) 
EVAL: [0/196] Elapsed 0m 0s (remain 2m 15s) Loss: 0.0888(0.0888) 
EVAL: [100/196] Elapsed 0m 52s (remain 0m 49s) Loss: 0.0869(0.1110) 
EVAL: [195/196] Elapsed 1m 42s (remain 0m 0s) Loss: 0.0596(0.1175) 
Epoch 4 Step 780 - avg_train_loss: 0.0618  avg_val_loss: 0.1128
Epoch 4 Step 780 - Score: 0.4760
Epoch 4 Step 780 - Save Best Score: 0.4760 Model
Epoch: [4][800/1564] Elapsed 17m 53s (remain 17m 3s) Loss: 0.0902(0.0626) 
Epoch: [4][900/1564] Elapsed 19m 49s (remain 14m 34s) Loss: 0.0206(0.0604) 
Epoch: [4][1000/1564] Elapsed 21m 44s (remain 12m 13s) Loss: 0.1060(0.0594) 
Epoch: [4][1100/1564] Elapsed 23m 40s (remain 9m 57s) Loss: 0.0925(0.0598) 
Epoch: [4][1200/1564] Elapsed 25m 37s (remain 7m 44s) Loss: 0.0815(0.0587) 
Epoch: [4][1300/1564] Elapsed 27m 34s (remain 5m 34s) Loss: 0.0887(0.0588) 
Epoch: [4][1400/1564] Elapsed 29m 26s (remain 3m 25s) Loss: 0.0590(0.0582) 
Epoch: [4][1500/1564] Elapsed 31m 24s (remain 1m 19s) Loss: 0.0487(0.0571) 
EVAL: [0/196] Elapsed 0m 0s (remain 0m 44s) Loss: 0.1116(0.1116) 
EVAL: [100/196] Elapsed 0m 51s (remain 0m 48s) Loss: 0.1144(0.1104) 
EVAL: [195/196] Elapsed 1m 44s (remain 0m 0s) Loss: 0.0731(0.1186) 
Epoch 4 Step 1560 - avg_train_loss: 0.0561  avg_val_loss: 0.1139
Epoch 4 Step 1560 - Score: 0.4787
Epoch: [4][1563/1564] Elapsed 34m 27s (remain 0m 0s) Loss: 0.0412(0.0568) 
Epoch 4 - avg_train_loss: 0.0561  avg_val_loss: 0.1139  time: 2068s
Epoch 4 - Score: 0.4787
========== fold: 2 result ==========
Score: 0.4760
Running basic DDP example on rank 1.
Running basic DDP example on rank 0.
-------------fold:3 training-------------
Epoch: [1][0/1564] Elapsed 0m 1s (remain 47m 5s) Loss: 2.3310(2.3310) 
Epoch: [1][100/1564] Elapsed 2m 2s (remain 29m 38s) Loss: 0.2620(0.8761) 
Epoch: [1][200/1564] Elapsed 4m 0s (remain 27m 11s) Loss: 0.1410(0.5058) 
Epoch: [1][300/1564] Elapsed 5m 59s (remain 25m 8s) Loss: 0.1332(0.3720) 
Epoch: [1][400/1564] Elapsed 7m 56s (remain 23m 0s) Loss: 0.0360(0.3083) 
Epoch: [1][500/1564] Elapsed 9m 58s (remain 21m 9s) Loss: 0.1836(0.2716) 
Epoch: [1][600/1564] Elapsed 11m 57s (remain 19m 9s) Loss: 0.1439(0.2481) 
Epoch: [1][700/1564] Elapsed 13m 53s (remain 17m 6s) Loss: 0.0517(0.2299) 
EVAL: [0/196] Elapsed 0m 0s (remain 1m 19s) Loss: 0.1851(0.1851) 
EVAL: [100/196] Elapsed 0m 53s (remain 0m 50s) Loss: 0.0665(0.0997) 
EVAL: [195/196] Elapsed 1m 40s (remain 0m 0s) Loss: 0.0226(0.1066) 
Epoch 1 Step 780 - avg_train_loss: 0.2173  avg_val_loss: 0.1145
Epoch 1 Step 780 - Score: 0.4788
Epoch 1 Step 780 - Save Best Score: 0.4788 Model
Epoch: [1][800/1564] Elapsed 17m 40s (remain 16m 50s) Loss: 0.0722(0.2149) 
Epoch: [1][900/1564] Elapsed 19m 39s (remain 14m 27s) Loss: 0.0351(0.2044) 
Epoch: [1][1000/1564] Elapsed 21m 37s (remain 12m 9s) Loss: 0.0474(0.1950) 
Epoch: [1][1100/1564] Elapsed 23m 36s (remain 9m 55s) Loss: 0.1568(0.1897) 
Epoch: [1][1200/1564] Elapsed 25m 31s (remain 7m 42s) Loss: 0.2966(0.1829) 
Epoch: [1][1300/1564] Elapsed 27m 28s (remain 5m 33s) Loss: 0.0562(0.1774) 
Epoch: [1][1400/1564] Elapsed 29m 26s (remain 3m 25s) Loss: 0.0610(0.1731) 
Epoch: [1][1500/1564] Elapsed 31m 23s (remain 1m 19s) Loss: 0.0903(0.1689) 
EVAL: [0/196] Elapsed 0m 0s (remain 2m 30s) Loss: 0.2522(0.2522) 
EVAL: [100/196] Elapsed 0m 53s (remain 0m 50s) Loss: 0.0523(0.1101) 
EVAL: [195/196] Elapsed 1m 41s (remain 0m 0s) Loss: 0.0345(0.1118) 
Epoch 1 Step 1560 - avg_train_loss: 0.1679  avg_val_loss: 0.1183
Epoch 1 Step 1560 - Score: 0.4879
Epoch: [1][1563/1564] Elapsed 34m 15s (remain 0m 0s) Loss: 0.0439(0.1669) 
Epoch 1 - avg_train_loss: 0.1678  avg_val_loss: 0.1183  time: 2056s
Epoch 1 - Score: 0.4879
Epoch: [2][0/1564] Elapsed 0m 1s (remain 28m 26s) Loss: 0.1237(0.1237) 
Epoch: [2][100/1564] Elapsed 2m 3s (remain 29m 41s) Loss: 0.2284(0.1283) 
Epoch: [2][200/1564] Elapsed 4m 2s (remain 27m 23s) Loss: 0.0967(0.1131) 
Epoch: [2][300/1564] Elapsed 6m 3s (remain 25m 26s) Loss: 0.1147(0.1060) 
Epoch: [2][400/1564] Elapsed 8m 3s (remain 23m 21s) Loss: 0.0363(0.1025) 
Epoch: [2][500/1564] Elapsed 10m 0s (remain 21m 13s) Loss: 0.1431(0.1035) 
Epoch: [2][600/1564] Elapsed 12m 0s (remain 19m 14s) Loss: 0.1415(0.1051) 
Epoch: [2][700/1564] Elapsed 13m 57s (remain 17m 10s) Loss: 0.0633(0.1040) 
EVAL: [0/196] Elapsed 0m 0s (remain 1m 30s) Loss: 0.2516(0.2516) 
EVAL: [100/196] Elapsed 0m 56s (remain 0m 52s) Loss: 0.0776(0.1039) 
EVAL: [195/196] Elapsed 1m 46s (remain 0m 0s) Loss: 0.0256(0.1112) 
Epoch 2 Step 780 - avg_train_loss: 0.1012  avg_val_loss: 0.1181
Epoch 2 Step 780 - Score: 0.4868
Epoch: [2][800/1564] Elapsed 17m 40s (remain 16m 50s) Loss: 0.0734(0.1017) 
Epoch: [2][900/1564] Elapsed 19m 37s (remain 14m 26s) Loss: 0.0246(0.1007) 
Epoch: [2][1000/1564] Elapsed 21m 36s (remain 12m 8s) Loss: 0.0510(0.0998) 
Epoch: [2][1100/1564] Elapsed 23m 33s (remain 9m 54s) Loss: 0.1269(0.1009) 
Epoch: [2][1200/1564] Elapsed 25m 28s (remain 7m 42s) Loss: 0.1703(0.1004) 
Epoch: [2][1300/1564] Elapsed 27m 21s (remain 5m 31s) Loss: 0.0523(0.0994) 
Epoch: [2][1400/1564] Elapsed 29m 19s (remain 3m 24s) Loss: 0.0429(0.0987) 
Epoch: [2][1500/1564] Elapsed 31m 19s (remain 1m 18s) Loss: 0.0747(0.0980) 
EVAL: [0/196] Elapsed 0m 0s (remain 2m 29s) Loss: 0.2227(0.2227) 
EVAL: [100/196] Elapsed 0m 56s (remain 0m 53s) Loss: 0.0401(0.1058) 
EVAL: [195/196] Elapsed 1m 45s (remain 0m 0s) Loss: 0.0416(0.1077) 
Epoch 2 Step 1560 - avg_train_loss: 0.0981  avg_val_loss: 0.1127
Epoch 2 Step 1560 - Score: 0.4757
Epoch 2 Step 1560 - Save Best Score: 0.4757 Model
Epoch: [2][1563/1564] Elapsed 34m 26s (remain 0m 0s) Loss: 0.0496(0.0981) 
Epoch 2 - avg_train_loss: 0.0981  avg_val_loss: 0.1127  time: 2067s
Epoch 2 - Score: 0.4757
Epoch: [3][0/1564] Elapsed 0m 1s (remain 26m 21s) Loss: 0.1605(0.1605) 
Epoch: [3][100/1564] Elapsed 2m 3s (remain 29m 54s) Loss: 0.2230(0.0959) 
Epoch: [3][200/1564] Elapsed 4m 1s (remain 27m 15s) Loss: 0.0640(0.0878) 
Epoch: [3][300/1564] Elapsed 6m 0s (remain 25m 10s) Loss: 0.0990(0.0845) 
Epoch: [3][400/1564] Elapsed 7m 58s (remain 23m 8s) Loss: 0.0697(0.0821) 
Epoch: [3][500/1564] Elapsed 9m 58s (remain 21m 9s) Loss: 0.0948(0.0819) 
Epoch: [3][600/1564] Elapsed 11m 54s (remain 19m 4s) Loss: 0.0686(0.0818) 
Epoch: [3][700/1564] Elapsed 13m 53s (remain 17m 5s) Loss: 0.0492(0.0801) 
EVAL: [0/196] Elapsed 0m 0s (remain 2m 37s) Loss: 0.3396(0.3396) 
EVAL: [100/196] Elapsed 0m 53s (remain 0m 50s) Loss: 0.1034(0.1244) 
EVAL: [195/196] Elapsed 1m 43s (remain 0m 0s) Loss: 0.0243(0.1315) 
Epoch 3 Step 780 - avg_train_loss: 0.0772  avg_val_loss: 0.1415
Epoch 3 Step 780 - Score: 0.5340
Epoch: [3][800/1564] Elapsed 17m 35s (remain 16m 45s) Loss: 0.0847(0.0780) 
Epoch: [3][900/1564] Elapsed 19m 32s (remain 14m 23s) Loss: 0.0226(0.0776) 
Epoch: [3][1000/1564] Elapsed 21m 29s (remain 12m 5s) Loss: 0.0915(0.0759) 
Epoch: [3][1100/1564] Elapsed 23m 27s (remain 9m 51s) Loss: 0.0783(0.0762) 
Epoch: [3][1200/1564] Elapsed 25m 25s (remain 7m 41s) Loss: 0.1087(0.0756) 
Epoch: [3][1300/1564] Elapsed 27m 23s (remain 5m 32s) Loss: 0.0449(0.0744) 
Epoch: [3][1400/1564] Elapsed 29m 22s (remain 3m 25s) Loss: 0.0308(0.0734) 
Epoch: [3][1500/1564] Elapsed 31m 19s (remain 1m 18s) Loss: 0.0675(0.0728) 
EVAL: [0/196] Elapsed 0m 0s (remain 2m 25s) Loss: 0.2132(0.2132) 
EVAL: [100/196] Elapsed 0m 50s (remain 0m 47s) Loss: 0.0376(0.1046) 
EVAL: [195/196] Elapsed 1m 37s (remain 0m 0s) Loss: 0.0438(0.1089) 
Epoch 3 Step 1560 - avg_train_loss: 0.0724  avg_val_loss: 0.1139
Epoch 3 Step 1560 - Score: 0.4780
Epoch: [3][1563/1564] Elapsed 34m 16s (remain 0m 0s) Loss: 0.0351(0.0727) 
Epoch 3 - avg_train_loss: 0.0724  avg_val_loss: 0.1139  time: 2057s
Epoch 3 - Score: 0.4780
Epoch: [4][0/1564] Elapsed 0m 1s (remain 30m 22s) Loss: 0.2011(0.2011) 
Epoch: [4][100/1564] Elapsed 2m 1s (remain 29m 16s) Loss: 0.1833(0.0686) 
Epoch: [4][200/1564] Elapsed 3m 57s (remain 26m 53s) Loss: 0.0496(0.0611) 
Epoch: [4][300/1564] Elapsed 5m 58s (remain 25m 6s) Loss: 0.0546(0.0599) 
Epoch: [4][400/1564] Elapsed 7m 57s (remain 23m 3s) Loss: 0.0834(0.0600) 
Epoch: [4][500/1564] Elapsed 9m 55s (remain 21m 4s) Loss: 0.0660(0.0611) 
Epoch: [4][600/1564] Elapsed 11m 55s (remain 19m 6s) Loss: 0.0534(0.0612) 
Epoch: [4][700/1564] Elapsed 13m 53s (remain 17m 6s) Loss: 0.0428(0.0590) 
EVAL: [0/196] Elapsed 0m 0s (remain 2m 32s) Loss: 0.1441(0.1441) 
EVAL: [100/196] Elapsed 0m 54s (remain 0m 50s) Loss: 0.0308(0.1063) 
EVAL: [195/196] Elapsed 1m 46s (remain 0m 0s) Loss: 0.0323(0.1110) 
Epoch 4 Step 780 - avg_train_loss: 0.0586  avg_val_loss: 0.1151
Epoch 4 Step 780 - Score: 0.4810
Epoch: [4][800/1564] Elapsed 17m 37s (remain 16m 47s) Loss: 0.0475(0.0599) 
Epoch: [4][900/1564] Elapsed 19m 33s (remain 14m 23s) Loss: 0.0060(0.0600) 
Epoch: [4][1000/1564] Elapsed 21m 30s (remain 12m 5s) Loss: 0.0698(0.0585) 
Epoch: [4][1100/1564] Elapsed 23m 30s (remain 9m 53s) Loss: 0.0521(0.0587) 
Epoch: [4][1200/1564] Elapsed 25m 29s (remain 7m 42s) Loss: 0.0509(0.0579) 
Epoch: [4][1300/1564] Elapsed 27m 25s (remain 5m 32s) Loss: 0.0489(0.0569) 
Epoch: [4][1400/1564] Elapsed 29m 24s (remain 3m 25s) Loss: 0.0311(0.0567) 
Epoch: [4][1500/1564] Elapsed 31m 22s (remain 1m 18s) Loss: 0.0326(0.0567) 
EVAL: [0/196] Elapsed 0m 0s (remain 2m 22s) Loss: 0.2120(0.2120) 
EVAL: [100/196] Elapsed 0m 48s (remain 0m 45s) Loss: 0.0362(0.1115) 
EVAL: [195/196] Elapsed 1m 40s (remain 0m 0s) Loss: 0.0633(0.1149) 
Epoch 4 Step 1560 - avg_train_loss: 0.0567  avg_val_loss: 0.1177
Epoch 4 Step 1560 - Score: 0.4863
Epoch: [4][1563/1564] Elapsed 34m 17s (remain 0m 0s) Loss: 0.0255(0.0566) 
Epoch 4 - avg_train_loss: 0.0567  avg_val_loss: 0.1177  time: 2057s
Epoch 4 - Score: 0.4863
========== fold: 3 result ==========
Score: 0.4757
Running basic DDP example on rank 0.
Running basic DDP example on rank 1.
-------------fold:4 training-------------
Epoch: [1][0/1564] Elapsed 0m 1s (remain 50m 5s) Loss: 2.9072(2.9072) 
Epoch: [1][100/1564] Elapsed 2m 0s (remain 29m 1s) Loss: 0.2294(0.8123) 
Epoch: [1][200/1564] Elapsed 3m 57s (remain 26m 48s) Loss: 0.0838(0.4737) 
Epoch: [1][300/1564] Elapsed 5m 54s (remain 24m 47s) Loss: 0.0226(0.3691) 
Epoch: [1][400/1564] Elapsed 7m 54s (remain 22m 55s) Loss: 0.0480(0.3097) 
Epoch: [1][500/1564] Elapsed 9m 57s (remain 21m 7s) Loss: 0.0248(0.2725) 
Epoch: [1][600/1564] Elapsed 11m 58s (remain 19m 12s) Loss: 0.1796(0.2468) 
Epoch: [1][700/1564] Elapsed 13m 57s (remain 17m 11s) Loss: 0.1128(0.2264) 
EVAL: [0/196] Elapsed 0m 0s (remain 1m 49s) Loss: 0.0787(0.0787) 
EVAL: [100/196] Elapsed 0m 52s (remain 0m 49s) Loss: 0.1648(0.1281) 
EVAL: [195/196] Elapsed 1m 43s (remain 0m 0s) Loss: 0.1052(0.1242) 
Epoch 1 Step 780 - avg_train_loss: 0.2160  avg_val_loss: 0.1198
Epoch 1 Step 780 - Score: 0.4900
Epoch 1 Step 780 - Save Best Score: 0.4900 Model
Epoch: [1][800/1564] Elapsed 17m 44s (remain 16m 54s) Loss: 0.1036(0.2153) 
Epoch: [1][900/1564] Elapsed 19m 42s (remain 14m 29s) Loss: 0.0085(0.2045) 
Epoch: [1][1000/1564] Elapsed 21m 39s (remain 12m 11s) Loss: 0.0675(0.1956) 
Epoch: [1][1100/1564] Elapsed 23m 36s (remain 9m 55s) Loss: 0.0598(0.1877) 
Epoch: [1][1200/1564] Elapsed 25m 34s (remain 7m 43s) Loss: 0.1383(0.1823) 
Epoch: [1][1300/1564] Elapsed 27m 35s (remain 5m 34s) Loss: 0.0580(0.1770) 
Epoch: [1][1400/1564] Elapsed 29m 30s (remain 3m 25s) Loss: 0.1097(0.1720) 
Epoch: [1][1500/1564] Elapsed 31m 26s (remain 1m 19s) Loss: 0.2405(0.1681) 
EVAL: [0/196] Elapsed 0m 0s (remain 1m 46s) Loss: 0.0629(0.0629) 
EVAL: [100/196] Elapsed 0m 49s (remain 0m 46s) Loss: 0.1271(0.1181) 
EVAL: [195/196] Elapsed 1m 43s (remain 0m 0s) Loss: 0.1536(0.1117) 
Epoch 1 Step 1560 - avg_train_loss: 0.1679  avg_val_loss: 0.1114
Epoch 1 Step 1560 - Score: 0.4735
Epoch 1 Step 1560 - Save Best Score: 0.4735 Model
Epoch: [1][1563/1564] Elapsed 34m 33s (remain 0m 0s) Loss: 0.0819(0.1653) 
Epoch 1 - avg_train_loss: 0.1678  avg_val_loss: 0.1114  time: 2073s
Epoch 1 - Score: 0.4735
Epoch: [2][0/1564] Elapsed 0m 1s (remain 31m 52s) Loss: 0.0319(0.0319) 
Epoch: [2][100/1564] Elapsed 2m 0s (remain 29m 1s) Loss: 0.2449(0.0990) 
Epoch: [2][200/1564] Elapsed 3m 59s (remain 27m 4s) Loss: 0.0725(0.1034) 
Epoch: [2][300/1564] Elapsed 5m 58s (remain 25m 4s) Loss: 0.0313(0.1096) 
Epoch: [2][400/1564] Elapsed 7m 58s (remain 23m 7s) Loss: 0.0596(0.1090) 
Epoch: [2][500/1564] Elapsed 9m 58s (remain 21m 10s) Loss: 0.0271(0.1067) 
Epoch: [2][600/1564] Elapsed 11m 59s (remain 19m 13s) Loss: 0.1433(0.1048) 
Epoch: [2][700/1564] Elapsed 13m 59s (remain 17m 13s) Loss: 0.0948(0.1023) 
EVAL: [0/196] Elapsed 0m 0s (remain 1m 42s) Loss: 0.0497(0.0497) 
EVAL: [100/196] Elapsed 0m 53s (remain 0m 50s) Loss: 0.1299(0.1138) 
EVAL: [195/196] Elapsed 1m 44s (remain 0m 0s) Loss: 0.1507(0.1070) 
Epoch 2 Step 780 - avg_train_loss: 0.1040  avg_val_loss: 0.1055
Epoch 2 Step 780 - Score: 0.4601
Epoch 2 Step 780 - Save Best Score: 0.4601 Model
Epoch: [2][800/1564] Elapsed 17m 49s (remain 16m 58s) Loss: 0.1296(0.1023) 
Epoch: [2][900/1564] Elapsed 19m 45s (remain 14m 32s) Loss: 0.0132(0.1011) 
Epoch: [2][1000/1564] Elapsed 21m 42s (remain 12m 12s) Loss: 0.0683(0.1000) 
Epoch: [2][1100/1564] Elapsed 23m 39s (remain 9m 57s) Loss: 0.0574(0.0993) 
Epoch: [2][1200/1564] Elapsed 25m 38s (remain 7m 44s) Loss: 0.0483(0.0993) 
Epoch: [2][1300/1564] Elapsed 27m 35s (remain 5m 34s) Loss: 0.0465(0.0990) 
Epoch: [2][1400/1564] Elapsed 29m 32s (remain 3m 26s) Loss: 0.1204(0.0979) 
Epoch: [2][1500/1564] Elapsed 31m 31s (remain 1m 19s) Loss: 0.1558(0.0975) 
EVAL: [0/196] Elapsed 0m 0s (remain 0m 24s) Loss: 0.0568(0.0568) 
EVAL: [100/196] Elapsed 0m 53s (remain 0m 50s) Loss: 0.0964(0.1198) 
EVAL: [195/196] Elapsed 1m 44s (remain 0m 0s) Loss: 0.2545(0.1135) 
Epoch 2 Step 1560 - avg_train_loss: 0.0998  avg_val_loss: 0.1135
Epoch 2 Step 1560 - Score: 0.4781
Epoch: [2][1563/1564] Elapsed 34m 27s (remain 0m 0s) Loss: 0.0670(0.0968) 
Epoch 2 - avg_train_loss: 0.0997  avg_val_loss: 0.1135  time: 2068s
Epoch 2 - Score: 0.4781
Epoch: [3][0/1564] Elapsed 0m 0s (remain 25m 19s) Loss: 0.0383(0.0383) 
Epoch: [3][100/1564] Elapsed 1m 58s (remain 28m 39s) Loss: 0.2725(0.0829) 
Epoch: [3][200/1564] Elapsed 3m 58s (remain 26m 55s) Loss: 0.0744(0.0864) 
Epoch: [3][300/1564] Elapsed 5m 56s (remain 24m 57s) Loss: 0.0167(0.0876) 
Epoch: [3][400/1564] Elapsed 7m 57s (remain 23m 3s) Loss: 0.0757(0.0878) 
Epoch: [3][500/1564] Elapsed 9m 57s (remain 21m 6s) Loss: 0.0505(0.0839) 
Epoch: [3][600/1564] Elapsed 11m 59s (remain 19m 13s) Loss: 0.1447(0.0823) 
Epoch: [3][700/1564] Elapsed 13m 59s (remain 17m 13s) Loss: 0.0799(0.0809) 
EVAL: [0/196] Elapsed 0m 0s (remain 1m 53s) Loss: 0.0467(0.0467) 
EVAL: [100/196] Elapsed 0m 52s (remain 0m 49s) Loss: 0.1363(0.1156) 
EVAL: [195/196] Elapsed 1m 44s (remain 0m 0s) Loss: 0.2672(0.1075) 
Epoch 3 Step 780 - avg_train_loss: 0.0812  avg_val_loss: 0.1077
Epoch 3 Step 780 - Score: 0.4652
Epoch: [3][800/1564] Elapsed 17m 44s (remain 16m 54s) Loss: 0.1337(0.0798) 
Epoch: [3][900/1564] Elapsed 19m 42s (remain 14m 30s) Loss: 0.0170(0.0783) 
Epoch: [3][1000/1564] Elapsed 21m 38s (remain 12m 10s) Loss: 0.0165(0.0770) 
Epoch: [3][1100/1564] Elapsed 23m 32s (remain 9m 53s) Loss: 0.0619(0.0764) 
Epoch: [3][1200/1564] Elapsed 25m 29s (remain 7m 42s) Loss: 0.0129(0.0769) 
Epoch: [3][1300/1564] Elapsed 27m 29s (remain 5m 33s) Loss: 0.0247(0.0765) 
Epoch: [3][1400/1564] Elapsed 29m 27s (remain 3m 25s) Loss: 0.0472(0.0754) 
Epoch: [3][1500/1564] Elapsed 31m 23s (remain 1m 19s) Loss: 0.0760(0.0750) 
EVAL: [0/196] Elapsed 0m 0s (remain 1m 41s) Loss: 0.0768(0.0768) 
EVAL: [100/196] Elapsed 0m 51s (remain 0m 48s) Loss: 0.1161(0.1318) 
EVAL: [195/196] Elapsed 1m 43s (remain 0m 0s) Loss: 0.3051(0.1258) 
Epoch 3 Step 1560 - avg_train_loss: 0.0754  avg_val_loss: 0.1274
Epoch 3 Step 1560 - Score: 0.5074
Epoch: [3][1563/1564] Elapsed 34m 21s (remain 0m 0s) Loss: 0.0578(0.0743) 
Epoch 3 - avg_train_loss: 0.0754  avg_val_loss: 0.1274  time: 2061s
Epoch 3 - Score: 0.5074
Epoch: [4][0/1564] Elapsed 0m 1s (remain 29m 28s) Loss: 0.0597(0.0597) 
Epoch: [4][100/1564] Elapsed 1m 59s (remain 28m 44s) Loss: 0.1464(0.0599) 
Epoch: [4][200/1564] Elapsed 3m 55s (remain 26m 37s) Loss: 0.0710(0.0660) 
Epoch: [4][300/1564] Elapsed 5m 53s (remain 24m 43s) Loss: 0.0235(0.0640) 
Epoch: [4][400/1564] Elapsed 7m 53s (remain 22m 54s) Loss: 0.0550(0.0634) 
Epoch: [4][500/1564] Elapsed 9m 58s (remain 21m 10s) Loss: 0.0241(0.0615) 
Epoch: [4][600/1564] Elapsed 11m 58s (remain 19m 10s) Loss: 0.0948(0.0608) 
Epoch: [4][700/1564] Elapsed 13m 54s (remain 17m 7s) Loss: 0.0542(0.0607) 
EVAL: [0/196] Elapsed 0m 0s (remain 1m 49s) Loss: 0.0417(0.0417) 
EVAL: [100/196] Elapsed 0m 55s (remain 0m 51s) Loss: 0.1823(0.1179) 
EVAL: [195/196] Elapsed 1m 47s (remain 0m 0s) Loss: 0.1654(0.1114) 
Epoch 4 Step 780 - avg_train_loss: 0.0606  avg_val_loss: 0.1099
Epoch 4 Step 780 - Score: 0.4701
Epoch: [4][800/1564] Elapsed 17m 44s (remain 16m 53s) Loss: 0.0649(0.0606) 
Epoch: [4][900/1564] Elapsed 19m 39s (remain 14m 28s) Loss: 0.0222(0.0596) 
Epoch: [4][1000/1564] Elapsed 21m 35s (remain 12m 8s) Loss: 0.0315(0.0603) 
Epoch: [4][1100/1564] Elapsed 23m 34s (remain 9m 54s) Loss: 0.0522(0.0604) 
Epoch: [4][1200/1564] Elapsed 25m 30s (remain 7m 42s) Loss: 0.0682(0.0607) 
Epoch: [4][1300/1564] Elapsed 27m 28s (remain 5m 33s) Loss: 0.0198(0.0606) 
Epoch: [4][1400/1564] Elapsed 29m 25s (remain 3m 25s) Loss: 0.0723(0.0596) 
Epoch: [4][1500/1564] Elapsed 31m 23s (remain 1m 19s) Loss: 0.0547(0.0596) 
EVAL: [0/196] Elapsed 0m 0s (remain 1m 47s) Loss: 0.0805(0.0805) 
EVAL: [100/196] Elapsed 0m 47s (remain 0m 44s) Loss: 0.1331(0.1287) 
EVAL: [195/196] Elapsed 1m 36s (remain 0m 0s) Loss: 0.1833(0.1255) 
Epoch 4 Step 1560 - avg_train_loss: 0.0590  avg_val_loss: 0.1242
Epoch 4 Step 1560 - Score: 0.5009
Epoch: [4][1563/1564] Elapsed 34m 22s (remain 0m 0s) Loss: 0.0355(0.0589) 
Epoch 4 - avg_train_loss: 0.0589  avg_val_loss: 0.1242  time: 2062s
Epoch 4 - Score: 0.5009
========== fold: 4 result ==========
Score: 0.4601
========== CV ==========
Score: 0.4645
