We have available 2, GPUs! but using 2 GPUs
Running basic DDP example on rank 0.
Running basic DDP example on rank 1.
-------------fold:0 training-------------
Epoch: [1][0/1564] Elapsed 0m 1s (remain 43m 26s) Loss: 2.6782(2.6782) 
Epoch: [1][100/1564] Elapsed 1m 58s (remain 28m 33s) Loss: 0.4334(0.8332) 
Epoch: [1][200/1564] Elapsed 3m 52s (remain 26m 15s) Loss: 0.1133(0.4988) 
Epoch: [1][300/1564] Elapsed 5m 48s (remain 24m 20s) Loss: 0.0759(0.3730) 
Epoch: [1][400/1564] Elapsed 7m 45s (remain 22m 31s) Loss: 0.1195(0.3116) 
Epoch: [1][500/1564] Elapsed 9m 44s (remain 20m 40s) Loss: 0.1693(0.2761) 
Epoch: [1][600/1564] Elapsed 11m 42s (remain 18m 44s) Loss: 0.4472(0.2561) 
Epoch: [1][700/1564] Elapsed 13m 40s (remain 16m 50s) Loss: 0.1956(0.2358) 
EVAL: [0/196] Elapsed 0m 0s (remain 2m 18s) Loss: 0.0899(0.0899) 
EVAL: [100/196] Elapsed 0m 51s (remain 0m 48s) Loss: 0.0679(0.0964) 
EVAL: [195/196] Elapsed 1m 42s (remain 0m 0s) Loss: 0.0579(0.1037) 
Epoch 1 Step 780 - avg_train_loss: 0.2181  avg_val_loss: 0.1067
Epoch 1 Step 780 - Score: 0.4627
Epoch 1 Step 780 - Save Best Score: 0.4627 Model
Epoch: [1][800/1564] Elapsed 17m 32s (remain 16m 42s) Loss: 0.1118(0.2225) 
Epoch: [1][900/1564] Elapsed 19m 27s (remain 14m 19s) Loss: 0.0650(0.2100) 
Epoch: [1][1000/1564] Elapsed 21m 22s (remain 12m 1s) Loss: 0.1206(0.2002) 
Epoch: [1][1100/1564] Elapsed 23m 18s (remain 9m 48s) Loss: 0.1361(0.1943) 
Epoch: [1][1200/1564] Elapsed 25m 16s (remain 7m 38s) Loss: 0.1216(0.1882) 
Epoch: [1][1300/1564] Elapsed 27m 12s (remain 5m 30s) Loss: 0.2394(0.1821) 
Epoch: [1][1400/1564] Elapsed 29m 12s (remain 3m 23s) Loss: 0.0952(0.1763) 
Epoch: [1][1500/1564] Elapsed 31m 9s (remain 1m 18s) Loss: 0.0429(0.1715) 
EVAL: [0/196] Elapsed 0m 0s (remain 2m 11s) Loss: 0.1177(0.1177) 
EVAL: [100/196] Elapsed 0m 50s (remain 0m 47s) Loss: 0.0586(0.1033) 
EVAL: [195/196] Elapsed 1m 37s (remain 0m 0s) Loss: 0.0813(0.1078) 
Epoch 1 Step 1560 - avg_train_loss: 0.1671  avg_val_loss: 0.1127
Epoch 1 Step 1560 - Score: 0.4757
Epoch: [1][1563/1564] Elapsed 34m 11s (remain 0m 0s) Loss: 0.0710(0.1690) 
Epoch 1 - avg_train_loss: 0.1669  avg_val_loss: 0.1127  time: 2052s
Epoch 1 - Score: 0.4757
Epoch: [2][0/1564] Elapsed 0m 1s (remain 31m 45s) Loss: 0.0630(0.0630) 
Epoch: [2][100/1564] Elapsed 1m 58s (remain 28m 39s) Loss: 0.3429(0.1179) 
Epoch: [2][200/1564] Elapsed 3m 58s (remain 26m 59s) Loss: 0.4332(0.1160) 
Epoch: [2][300/1564] Elapsed 5m 56s (remain 24m 55s) Loss: 0.1078(0.1082) 
Epoch: [2][400/1564] Elapsed 7m 57s (remain 23m 4s) Loss: 0.1255(0.1059) 
Epoch: [2][500/1564] Elapsed 9m 56s (remain 21m 5s) Loss: 0.1316(0.1052) 
Epoch: [2][600/1564] Elapsed 11m 56s (remain 19m 8s) Loss: 0.1545(0.1071) 
Epoch: [2][700/1564] Elapsed 13m 54s (remain 17m 7s) Loss: 0.0843(0.1040) 
EVAL: [0/196] Elapsed 0m 0s (remain 0m 44s) Loss: 0.0825(0.0825) 
EVAL: [100/196] Elapsed 0m 54s (remain 0m 51s) Loss: 0.0686(0.0921) 
EVAL: [195/196] Elapsed 1m 43s (remain 0m 0s) Loss: 0.0634(0.0988) 
Epoch 2 Step 780 - avg_train_loss: 0.1014  avg_val_loss: 0.1020
Epoch 2 Step 780 - Score: 0.4520
Epoch 2 Step 780 - Save Best Score: 0.4520 Model
Epoch: [2][800/1564] Elapsed 17m 49s (remain 16m 58s) Loss: 0.0727(0.1041) 
Epoch: [2][900/1564] Elapsed 19m 43s (remain 14m 30s) Loss: 0.0644(0.1026) 
Epoch: [2][1000/1564] Elapsed 21m 39s (remain 12m 10s) Loss: 0.0933(0.1015) 
Epoch: [2][1100/1564] Elapsed 23m 35s (remain 9m 55s) Loss: 0.1156(0.1024) 
Epoch: [2][1200/1564] Elapsed 25m 30s (remain 7m 42s) Loss: 0.0975(0.1016) 
Epoch: [2][1300/1564] Elapsed 27m 28s (remain 5m 33s) Loss: 0.1524(0.1005) 
Epoch: [2][1400/1564] Elapsed 29m 26s (remain 3m 25s) Loss: 0.0712(0.0991) 
Epoch: [2][1500/1564] Elapsed 31m 21s (remain 1m 18s) Loss: 0.0381(0.0982) 
EVAL: [0/196] Elapsed 0m 0s (remain 0m 51s) Loss: 0.1290(0.1290) 
EVAL: [100/196] Elapsed 0m 49s (remain 0m 46s) Loss: 0.0539(0.1037) 
EVAL: [195/196] Elapsed 1m 39s (remain 0m 0s) Loss: 0.0710(0.1083) 
Epoch 2 Step 1560 - avg_train_loss: 0.0973  avg_val_loss: 0.1139
Epoch 2 Step 1560 - Score: 0.4782
Epoch: [2][1563/1564] Elapsed 34m 22s (remain 0m 0s) Loss: 0.0598(0.0982) 
Epoch 2 - avg_train_loss: 0.0972  avg_val_loss: 0.1139  time: 2062s
Epoch 2 - Score: 0.4782
Epoch: [3][0/1564] Elapsed 0m 1s (remain 30m 23s) Loss: 0.0662(0.0662) 
Epoch: [3][100/1564] Elapsed 1m 58s (remain 28m 40s) Loss: 0.3171(0.0913) 
Epoch: [3][200/1564] Elapsed 3m 56s (remain 26m 42s) Loss: 0.4007(0.0911) 
Epoch: [3][300/1564] Elapsed 5m 55s (remain 24m 51s) Loss: 0.0688(0.0879) 
Epoch: [3][400/1564] Elapsed 7m 53s (remain 22m 53s) Loss: 0.1148(0.0849) 
Epoch: [3][500/1564] Elapsed 9m 52s (remain 20m 57s) Loss: 0.0859(0.0832) 
Epoch: [3][600/1564] Elapsed 11m 51s (remain 19m 0s) Loss: 0.0405(0.0837) 
Epoch: [3][700/1564] Elapsed 13m 48s (remain 17m 0s) Loss: 0.0323(0.0807) 
EVAL: [0/196] Elapsed 0m 0s (remain 2m 14s) Loss: 0.0682(0.0682) 
EVAL: [100/196] Elapsed 0m 51s (remain 0m 48s) Loss: 0.0759(0.0929) 
EVAL: [195/196] Elapsed 1m 38s (remain 0m 0s) Loss: 0.0764(0.1000) 
Epoch 3 Step 780 - avg_train_loss: 0.0775  avg_val_loss: 0.1044
Epoch 3 Step 780 - Score: 0.4575
Epoch: [3][800/1564] Elapsed 17m 32s (remain 16m 42s) Loss: 0.0410(0.0802) 
Epoch: [3][900/1564] Elapsed 19m 29s (remain 14m 20s) Loss: 0.0628(0.0789) 
Epoch: [3][1000/1564] Elapsed 21m 27s (remain 12m 4s) Loss: 0.0584(0.0775) 
Epoch: [3][1100/1564] Elapsed 23m 23s (remain 9m 50s) Loss: 0.0838(0.0777) 
Epoch: [3][1200/1564] Elapsed 25m 19s (remain 7m 39s) Loss: 0.0580(0.0764) 
Epoch: [3][1300/1564] Elapsed 27m 15s (remain 5m 30s) Loss: 0.0539(0.0755) 
Epoch: [3][1400/1564] Elapsed 29m 14s (remain 3m 24s) Loss: 0.0437(0.0741) 
Epoch: [3][1500/1564] Elapsed 31m 10s (remain 1m 18s) Loss: 0.0406(0.0738) 
EVAL: [0/196] Elapsed 0m 0s (remain 2m 12s) Loss: 0.1172(0.1172) 
EVAL: [100/196] Elapsed 0m 50s (remain 0m 47s) Loss: 0.0633(0.1153) 
EVAL: [195/196] Elapsed 1m 39s (remain 0m 0s) Loss: 0.0892(0.1201) 
Epoch 3 Step 1560 - avg_train_loss: 0.0733  avg_val_loss: 0.1249
Epoch 3 Step 1560 - Score: 0.5011
Epoch: [3][1563/1564] Elapsed 34m 9s (remain 0m 0s) Loss: 0.0604(0.0749) 
Epoch 3 - avg_train_loss: 0.0734  avg_val_loss: 0.1249  time: 2050s
Epoch 3 - Score: 0.5011
Epoch: [4][0/1564] Elapsed 0m 1s (remain 30m 2s) Loss: 0.0704(0.0704) 
Epoch: [4][100/1564] Elapsed 1m 57s (remain 28m 29s) Loss: 0.1396(0.0740) 
Epoch: [4][200/1564] Elapsed 3m 55s (remain 26m 35s) Loss: 0.1164(0.0704) 
Epoch: [4][300/1564] Elapsed 5m 52s (remain 24m 40s) Loss: 0.0208(0.0696) 
Epoch: [4][400/1564] Elapsed 7m 53s (remain 22m 53s) Loss: 0.0967(0.0670) 
Epoch: [4][500/1564] Elapsed 9m 53s (remain 20m 59s) Loss: 0.0518(0.0648) 
Epoch: [4][600/1564] Elapsed 11m 52s (remain 19m 1s) Loss: 0.0364(0.0647) 
Epoch: [4][700/1564] Elapsed 13m 50s (remain 17m 2s) Loss: 0.0321(0.0632) 
EVAL: [0/196] Elapsed 0m 0s (remain 0m 46s) Loss: 0.0890(0.0890) 
EVAL: [100/196] Elapsed 0m 49s (remain 0m 46s) Loss: 0.0600(0.0955) 
EVAL: [195/196] Elapsed 1m 39s (remain 0m 0s) Loss: 0.1197(0.1016) 
Epoch 4 Step 780 - avg_train_loss: 0.0609  avg_val_loss: 0.1071
Epoch 4 Step 780 - Score: 0.4633
Epoch: [4][800/1564] Elapsed 17m 29s (remain 16m 40s) Loss: 0.0219(0.0625) 
Epoch: [4][900/1564] Elapsed 19m 27s (remain 14m 18s) Loss: 0.0635(0.0622) 
Epoch: [4][1000/1564] Elapsed 21m 25s (remain 12m 3s) Loss: 0.0426(0.0608) 
Epoch: [4][1100/1564] Elapsed 23m 22s (remain 9m 49s) Loss: 0.1260(0.0617) 
Epoch: [4][1200/1564] Elapsed 25m 18s (remain 7m 38s) Loss: 0.1937(0.0623) 
Epoch: [4][1300/1564] Elapsed 27m 15s (remain 5m 30s) Loss: 0.0608(0.0621) 
Epoch: [4][1400/1564] Elapsed 29m 14s (remain 3m 24s) Loss: 0.0459(0.0617) 
Epoch: [4][1500/1564] Elapsed 31m 11s (remain 1m 18s) Loss: 0.1173(0.0616) 
EVAL: [0/196] Elapsed 0m 0s (remain 2m 16s) Loss: 0.0732(0.0732) 
EVAL: [100/196] Elapsed 0m 52s (remain 0m 49s) Loss: 0.0801(0.0933) 
EVAL: [195/196] Elapsed 1m 43s (remain 0m 0s) Loss: 0.0568(0.1001) 
Epoch 4 Step 1560 - avg_train_loss: 0.0604  avg_val_loss: 0.1055
Epoch 4 Step 1560 - Score: 0.4601
Epoch: [4][1563/1564] Elapsed 34m 6s (remain 0m 0s) Loss: 0.0433(0.0615) 
Epoch 4 - avg_train_loss: 0.0604  avg_val_loss: 0.1055  time: 2046s
Epoch 4 - Score: 0.4601
========== fold: 0 result ==========
Score: 0.4520
Running basic DDP example on rank 1.
Running basic DDP example on rank 0.
-------------fold:1 training-------------
Epoch: [1][0/1564] Elapsed 0m 1s (remain 47m 14s) Loss: 2.6560(2.6560) 
Epoch: [1][100/1564] Elapsed 2m 2s (remain 29m 38s) Loss: 0.0140(0.7962) 
Epoch: [1][200/1564] Elapsed 3m 59s (remain 27m 3s) Loss: 0.0224(0.4797) 
Epoch: [1][300/1564] Elapsed 6m 0s (remain 25m 14s) Loss: 0.1569(0.3601) 
Epoch: [1][400/1564] Elapsed 7m 59s (remain 23m 12s) Loss: 0.1565(0.3021) 
Epoch: [1][500/1564] Elapsed 10m 0s (remain 21m 14s) Loss: 0.0863(0.2669) 
Epoch: [1][600/1564] Elapsed 11m 59s (remain 19m 12s) Loss: 0.1157(0.2416) 
Epoch: [1][700/1564] Elapsed 13m 56s (remain 17m 9s) Loss: 0.0963(0.2232) 
EVAL: [0/196] Elapsed 0m 0s (remain 0m 34s) Loss: 0.0904(0.0904) 
EVAL: [100/196] Elapsed 0m 51s (remain 0m 48s) Loss: 0.0963(0.1102) 
EVAL: [195/196] Elapsed 1m 40s (remain 0m 0s) Loss: 0.1694(0.1106) 
Epoch 1 Step 780 - avg_train_loss: 0.2136  avg_val_loss: 0.1105
Epoch 1 Step 780 - Score: 0.4710
Epoch 1 Step 780 - Save Best Score: 0.4710 Model
Epoch: [1][800/1564] Elapsed 17m 36s (remain 16m 46s) Loss: 0.1789(0.2102) 
Epoch: [1][900/1564] Elapsed 19m 33s (remain 14m 23s) Loss: 0.0587(0.1999) 
Epoch: [1][1000/1564] Elapsed 21m 29s (remain 12m 5s) Loss: 0.1253(0.1925) 
Epoch: [1][1100/1564] Elapsed 23m 27s (remain 9m 51s) Loss: 0.0492(0.1864) 
Epoch: [1][1200/1564] Elapsed 25m 25s (remain 7m 41s) Loss: 0.1592(0.1803) 
Epoch: [1][1300/1564] Elapsed 27m 23s (remain 5m 32s) Loss: 0.2282(0.1740) 
Epoch: [1][1400/1564] Elapsed 29m 18s (remain 3m 24s) Loss: 0.2487(0.1704) 
Epoch: [1][1500/1564] Elapsed 31m 17s (remain 1m 18s) Loss: 0.0180(0.1659) 
EVAL: [0/196] Elapsed 0m 0s (remain 0m 24s) Loss: 0.1060(0.1060) 
EVAL: [100/196] Elapsed 0m 51s (remain 0m 48s) Loss: 0.2209(0.1139) 
EVAL: [195/196] Elapsed 1m 43s (remain 0m 0s) Loss: 0.0978(0.1198) 
Epoch 1 Step 1560 - avg_train_loss: 0.1662  avg_val_loss: 0.1187
Epoch 1 Step 1560 - Score: 0.4890
Epoch: [1][1563/1564] Elapsed 34m 14s (remain 0m 0s) Loss: 0.0896(0.1643) 
Epoch 1 - avg_train_loss: 0.1660  avg_val_loss: 0.1187  time: 2055s
Epoch 1 - Score: 0.4890
Epoch: [2][0/1564] Elapsed 0m 1s (remain 31m 6s) Loss: 0.0600(0.0600) 
Epoch: [2][100/1564] Elapsed 2m 1s (remain 29m 26s) Loss: 0.0030(0.1055) 
Epoch: [2][200/1564] Elapsed 4m 0s (remain 27m 10s) Loss: 0.0200(0.1044) 
Epoch: [2][300/1564] Elapsed 5m 59s (remain 25m 10s) Loss: 0.1105(0.1023) 
Epoch: [2][400/1564] Elapsed 7m 57s (remain 23m 3s) Loss: 0.1583(0.1026) 
Epoch: [2][500/1564] Elapsed 9m 57s (remain 21m 8s) Loss: 0.0423(0.1021) 
Epoch: [2][600/1564] Elapsed 11m 56s (remain 19m 7s) Loss: 0.1139(0.1000) 
Epoch: [2][700/1564] Elapsed 13m 53s (remain 17m 6s) Loss: 0.0891(0.0986) 
EVAL: [0/196] Elapsed 0m 0s (remain 0m 31s) Loss: 0.0701(0.0701) 
EVAL: [100/196] Elapsed 0m 53s (remain 0m 50s) Loss: 0.1147(0.1042) 
EVAL: [195/196] Elapsed 1m 43s (remain 0m 0s) Loss: 0.1396(0.1048) 
Epoch 2 Step 780 - avg_train_loss: 0.0989  avg_val_loss: 0.1047
Epoch 2 Step 780 - Score: 0.4583
Epoch 2 Step 780 - Save Best Score: 0.4583 Model
Epoch: [2][800/1564] Elapsed 17m 43s (remain 16m 52s) Loss: 0.1723(0.0986) 
Epoch: [2][900/1564] Elapsed 19m 40s (remain 14m 28s) Loss: 0.0390(0.0980) 
Epoch: [2][1000/1564] Elapsed 21m 37s (remain 12m 9s) Loss: 0.1052(0.0985) 
Epoch: [2][1100/1564] Elapsed 23m 34s (remain 9m 54s) Loss: 0.0530(0.0985) 
Epoch: [2][1200/1564] Elapsed 25m 32s (remain 7m 43s) Loss: 0.1526(0.0982) 
Epoch: [2][1300/1564] Elapsed 27m 29s (remain 5m 33s) Loss: 0.1505(0.0969) 
Epoch: [2][1400/1564] Elapsed 29m 23s (remain 3m 25s) Loss: 0.1230(0.0965) 
Epoch: [2][1500/1564] Elapsed 31m 20s (remain 1m 18s) Loss: 0.0233(0.0953) 
EVAL: [0/196] Elapsed 0m 0s (remain 0m 24s) Loss: 0.0966(0.0966) 
EVAL: [100/196] Elapsed 0m 50s (remain 0m 47s) Loss: 0.2460(0.1222) 
EVAL: [195/196] Elapsed 1m 36s (remain 0m 0s) Loss: 0.0744(0.1301) 
Epoch 2 Step 1560 - avg_train_loss: 0.0962  avg_val_loss: 0.1285
Epoch 2 Step 1560 - Score: 0.5096
Epoch: [2][1563/1564] Elapsed 34m 19s (remain 0m 0s) Loss: 0.0653(0.0949) 
Epoch 2 - avg_train_loss: 0.0961  avg_val_loss: 0.1285  time: 2059s
Epoch 2 - Score: 0.5096
Epoch: [3][0/1564] Elapsed 0m 1s (remain 27m 24s) Loss: 0.0426(0.0426) 
Epoch: [3][100/1564] Elapsed 2m 0s (remain 29m 0s) Loss: 0.0080(0.0832) 
Epoch: [3][200/1564] Elapsed 4m 0s (remain 27m 12s) Loss: 0.0213(0.0810) 
Epoch: [3][300/1564] Elapsed 5m 58s (remain 25m 5s) Loss: 0.0813(0.0798) 
Epoch: [3][400/1564] Elapsed 7m 57s (remain 23m 4s) Loss: 0.1194(0.0806) 
Epoch: [3][500/1564] Elapsed 9m 55s (remain 21m 4s) Loss: 0.0215(0.0781) 
Epoch: [3][600/1564] Elapsed 11m 56s (remain 19m 7s) Loss: 0.1032(0.0764) 
Epoch: [3][700/1564] Elapsed 13m 55s (remain 17m 8s) Loss: 0.0708(0.0749) 
EVAL: [0/196] Elapsed 0m 0s (remain 1m 51s) Loss: 0.0596(0.0596) 
EVAL: [100/196] Elapsed 0m 56s (remain 0m 53s) Loss: 0.1086(0.1059) 
EVAL: [195/196] Elapsed 1m 46s (remain 0m 0s) Loss: 0.1048(0.1067) 
Epoch 3 Step 780 - avg_train_loss: 0.0755  avg_val_loss: 0.1066
Epoch 3 Step 780 - Score: 0.4629
Epoch: [3][800/1564] Elapsed 17m 40s (remain 16m 50s) Loss: 0.1450(0.0745) 
Epoch: [3][900/1564] Elapsed 19m 37s (remain 14m 26s) Loss: 0.0300(0.0739) 
Epoch: [3][1000/1564] Elapsed 21m 33s (remain 12m 7s) Loss: 0.0864(0.0735) 
Epoch: [3][1100/1564] Elapsed 23m 32s (remain 9m 53s) Loss: 0.0476(0.0729) 
Epoch: [3][1200/1564] Elapsed 25m 28s (remain 7m 42s) Loss: 0.1466(0.0730) 
Epoch: [3][1300/1564] Elapsed 27m 23s (remain 5m 32s) Loss: 0.0574(0.0719) 
Epoch: [3][1400/1564] Elapsed 29m 19s (remain 3m 24s) Loss: 0.0919(0.0711) 
Epoch: [3][1500/1564] Elapsed 31m 15s (remain 1m 18s) Loss: 0.0535(0.0707) 
EVAL: [0/196] Elapsed 0m 0s (remain 0m 44s) Loss: 0.0724(0.0724) 
EVAL: [100/196] Elapsed 0m 54s (remain 0m 50s) Loss: 0.1930(0.1149) 
EVAL: [195/196] Elapsed 1m 41s (remain 0m 0s) Loss: 0.0832(0.1214) 
Epoch 3 Step 1560 - avg_train_loss: 0.0714  avg_val_loss: 0.1205
Epoch 3 Step 1560 - Score: 0.4938
Epoch: [3][1563/1564] Elapsed 34m 11s (remain 0m 0s) Loss: 0.0181(0.0709) 
Epoch 3 - avg_train_loss: 0.0713  avg_val_loss: 0.1205  time: 2052s
Epoch 3 - Score: 0.4938
Epoch: [4][0/1564] Elapsed 0m 1s (remain 29m 43s) Loss: 0.0239(0.0239) 
Epoch: [4][100/1564] Elapsed 1m 59s (remain 28m 52s) Loss: 0.0157(0.0596) 
Epoch: [4][200/1564] Elapsed 3m 52s (remain 26m 17s) Loss: 0.0296(0.0586) 
Epoch: [4][300/1564] Elapsed 5m 49s (remain 24m 28s) Loss: 0.0653(0.0594) 
Epoch: [4][400/1564] Elapsed 7m 49s (remain 22m 40s) Loss: 0.0450(0.0610) 
Epoch: [4][500/1564] Elapsed 9m 46s (remain 20m 44s) Loss: 0.1789(0.0601) 
Epoch: [4][600/1564] Elapsed 11m 44s (remain 18m 48s) Loss: 0.0757(0.0594) 
Epoch: [4][700/1564] Elapsed 13m 40s (remain 16m 49s) Loss: 0.0334(0.0577) 
EVAL: [0/196] Elapsed 0m 0s (remain 0m 35s) Loss: 0.0654(0.0654) 
EVAL: [100/196] Elapsed 0m 53s (remain 0m 50s) Loss: 0.1451(0.1075) 
EVAL: [195/196] Elapsed 1m 45s (remain 0m 0s) Loss: 0.0809(0.1111) 
Epoch 4 Step 780 - avg_train_loss: 0.0580  avg_val_loss: 0.1110
Epoch 4 Step 780 - Score: 0.4726
Epoch: [4][800/1564] Elapsed 17m 27s (remain 16m 37s) Loss: 0.1214(0.0567) 
Epoch: [4][900/1564] Elapsed 19m 26s (remain 14m 18s) Loss: 0.0241(0.0565) 
Epoch: [4][1000/1564] Elapsed 21m 26s (remain 12m 3s) Loss: 0.0679(0.0570) 
Epoch: [4][1100/1564] Elapsed 23m 25s (remain 9m 51s) Loss: 0.0219(0.0562) 
Epoch: [4][1200/1564] Elapsed 25m 21s (remain 7m 39s) Loss: 0.0737(0.0577) 
Epoch: [4][1300/1564] Elapsed 27m 18s (remain 5m 31s) Loss: 0.0459(0.0567) 
Epoch: [4][1400/1564] Elapsed 29m 14s (remain 3m 24s) Loss: 0.0503(0.0564) 
Epoch: [4][1500/1564] Elapsed 31m 11s (remain 1m 18s) Loss: 0.0211(0.0568) 
EVAL: [0/196] Elapsed 0m 0s (remain 1m 57s) Loss: 0.0487(0.0487) 
EVAL: [100/196] Elapsed 0m 52s (remain 0m 49s) Loss: 0.1487(0.1105) 
EVAL: [195/196] Elapsed 1m 42s (remain 0m 0s) Loss: 0.1488(0.1117) 
Epoch 4 Step 1560 - avg_train_loss: 0.0577  avg_val_loss: 0.1123
Epoch 4 Step 1560 - Score: 0.4752
Epoch: [4][1563/1564] Elapsed 34m 8s (remain 0m 0s) Loss: 0.0607(0.0569) 
Epoch 4 - avg_train_loss: 0.0577  avg_val_loss: 0.1123  time: 2048s
Epoch 4 - Score: 0.4752
========== fold: 1 result ==========
Score: 0.4583
Running basic DDP example on rank 1.
Running basic DDP example on rank 0.
-------------fold:2 training-------------
Epoch: [1][0/1564] Elapsed 0m 1s (remain 46m 32s) Loss: 2.2330(2.2330) 
Epoch: [1][100/1564] Elapsed 1m 58s (remain 28m 41s) Loss: 0.3174(0.8012) 
Epoch: [1][200/1564] Elapsed 3m 59s (remain 27m 6s) Loss: 0.1725(0.4825) 
Epoch: [1][300/1564] Elapsed 5m 56s (remain 24m 55s) Loss: 0.0423(0.3658) 
Epoch: [1][400/1564] Elapsed 7m 56s (remain 23m 2s) Loss: 0.1560(0.3074) 
Epoch: [1][500/1564] Elapsed 9m 54s (remain 21m 2s) Loss: 0.1313(0.2689) 
Epoch: [1][600/1564] Elapsed 11m 55s (remain 19m 6s) Loss: 0.1905(0.2450) 
Epoch: [1][700/1564] Elapsed 13m 54s (remain 17m 7s) Loss: 0.2323(0.2260) 
EVAL: [0/196] Elapsed 0m 0s (remain 2m 32s) Loss: 0.0589(0.0589) 
EVAL: [100/196] Elapsed 0m 53s (remain 0m 49s) Loss: 0.1475(0.1441) 
EVAL: [195/196] Elapsed 1m 45s (remain 0m 0s) Loss: 0.0802(0.1456) 
Epoch 1 Step 780 - avg_train_loss: 0.2026  avg_val_loss: 0.1422
Epoch 1 Step 780 - Score: 0.5348
Epoch 1 Step 780 - Save Best Score: 0.5348 Model
Epoch: [1][800/1564] Elapsed 17m 44s (remain 16m 53s) Loss: 0.2476(0.2127) 
Epoch: [1][900/1564] Elapsed 19m 40s (remain 14m 28s) Loss: 0.1374(0.2012) 
Epoch: [1][1000/1564] Elapsed 21m 39s (remain 12m 10s) Loss: 0.1003(0.1931) 
Epoch: [1][1100/1564] Elapsed 23m 33s (remain 9m 54s) Loss: 0.0784(0.1843) 
Epoch: [1][1200/1564] Elapsed 25m 31s (remain 7m 42s) Loss: 0.0487(0.1782) 
Epoch: [1][1300/1564] Elapsed 27m 26s (remain 5m 32s) Loss: 0.0967(0.1739) 
Epoch: [1][1400/1564] Elapsed 29m 23s (remain 3m 25s) Loss: 0.0961(0.1693) 
Epoch: [1][1500/1564] Elapsed 31m 20s (remain 1m 18s) Loss: 0.1602(0.1661) 
EVAL: [0/196] Elapsed 0m 0s (remain 2m 16s) Loss: 0.1033(0.1033) 
EVAL: [100/196] Elapsed 0m 52s (remain 0m 49s) Loss: 0.1387(0.1124) 
EVAL: [195/196] Elapsed 1m 43s (remain 0m 0s) Loss: 0.0629(0.1173) 
Epoch 1 Step 1560 - avg_train_loss: 0.1588  avg_val_loss: 0.1141
Epoch 1 Step 1560 - Score: 0.4788
Epoch 1 Step 1560 - Save Best Score: 0.4788 Model
Epoch: [1][1563/1564] Elapsed 34m 37s (remain 0m 0s) Loss: 0.1375(0.1641) 
Epoch 1 - avg_train_loss: 0.1587  avg_val_loss: 0.1141  time: 2077s
Epoch 1 - Score: 0.4788
Epoch: [2][0/1564] Elapsed 0m 1s (remain 32m 58s) Loss: 0.3396(0.3396) 
Epoch: [2][100/1564] Elapsed 1m 59s (remain 28m 57s) Loss: 0.1070(0.1263) 
Epoch: [2][200/1564] Elapsed 4m 1s (remain 27m 14s) Loss: 0.1627(0.1172) 
Epoch: [2][300/1564] Elapsed 5m 59s (remain 25m 6s) Loss: 0.0574(0.1143) 
Epoch: [2][400/1564] Elapsed 7m 57s (remain 23m 5s) Loss: 0.1064(0.1111) 
Epoch: [2][500/1564] Elapsed 9m 57s (remain 21m 6s) Loss: 0.0912(0.1079) 
Epoch: [2][600/1564] Elapsed 11m 58s (remain 19m 12s) Loss: 0.2046(0.1058) 
Epoch: [2][700/1564] Elapsed 13m 58s (remain 17m 12s) Loss: 0.2149(0.1026) 
EVAL: [0/196] Elapsed 0m 0s (remain 2m 11s) Loss: 0.0691(0.0691) 
EVAL: [100/196] Elapsed 0m 53s (remain 0m 50s) Loss: 0.1119(0.1202) 
EVAL: [195/196] Elapsed 1m 41s (remain 0m 0s) Loss: 0.0424(0.1236) 
Epoch 2 Step 780 - avg_train_loss: 0.0990  avg_val_loss: 0.1203
Epoch 2 Step 780 - Score: 0.4913
Epoch: [2][800/1564] Elapsed 17m 43s (remain 16m 53s) Loss: 0.2087(0.1014) 
Epoch: [2][900/1564] Elapsed 19m 38s (remain 14m 27s) Loss: 0.0775(0.0991) 
Epoch: [2][1000/1564] Elapsed 21m 35s (remain 12m 8s) Loss: 0.0941(0.0988) 
Epoch: [2][1100/1564] Elapsed 23m 32s (remain 9m 54s) Loss: 0.0782(0.0972) 
Epoch: [2][1200/1564] Elapsed 25m 30s (remain 7m 42s) Loss: 0.0545(0.0963) 
Epoch: [2][1300/1564] Elapsed 27m 27s (remain 5m 33s) Loss: 0.0515(0.0960) 
Epoch: [2][1400/1564] Elapsed 29m 25s (remain 3m 25s) Loss: 0.0796(0.0950) 
Epoch: [2][1500/1564] Elapsed 31m 20s (remain 1m 18s) Loss: 0.0869(0.0940) 
EVAL: [0/196] Elapsed 0m 0s (remain 2m 9s) Loss: 0.1205(0.1205) 
EVAL: [100/196] Elapsed 0m 49s (remain 0m 46s) Loss: 0.1304(0.1159) 
EVAL: [195/196] Elapsed 1m 41s (remain 0m 0s) Loss: 0.0666(0.1222) 
Epoch 2 Step 1560 - avg_train_loss: 0.0938  avg_val_loss: 0.1176
Epoch 2 Step 1560 - Score: 0.4865
Epoch: [2][1563/1564] Elapsed 34m 18s (remain 0m 0s) Loss: 0.0811(0.0940) 
Epoch 2 - avg_train_loss: 0.0938  avg_val_loss: 0.1176  time: 2059s
Epoch 2 - Score: 0.4865
Epoch: [3][0/1564] Elapsed 0m 1s (remain 30m 50s) Loss: 0.3029(0.3029) 
Epoch: [3][100/1564] Elapsed 1m 58s (remain 28m 34s) Loss: 0.0752(0.0944) 
Epoch: [3][200/1564] Elapsed 3m 59s (remain 27m 3s) Loss: 0.1458(0.0851) 
Epoch: [3][300/1564] Elapsed 5m 56s (remain 24m 55s) Loss: 0.0791(0.0837) 
Epoch: [3][400/1564] Elapsed 7m 53s (remain 22m 52s) Loss: 0.0549(0.0822) 
Epoch: [3][500/1564] Elapsed 9m 53s (remain 20m 58s) Loss: 0.0621(0.0812) 
Epoch: [3][600/1564] Elapsed 11m 51s (remain 19m 0s) Loss: 0.1254(0.0785) 
Epoch: [3][700/1564] Elapsed 13m 50s (remain 17m 2s) Loss: 0.1754(0.0770) 
EVAL: [0/196] Elapsed 0m 0s (remain 2m 11s) Loss: 0.0803(0.0803) 
EVAL: [100/196] Elapsed 0m 53s (remain 0m 50s) Loss: 0.0910(0.1198) 
EVAL: [195/196] Elapsed 1m 42s (remain 0m 0s) Loss: 0.0434(0.1241) 
Epoch 3 Step 780 - avg_train_loss: 0.0760  avg_val_loss: 0.1202
Epoch 3 Step 780 - Score: 0.4915
Epoch: [3][800/1564] Elapsed 17m 37s (remain 16m 47s) Loss: 0.1392(0.0751) 
Epoch: [3][900/1564] Elapsed 19m 36s (remain 14m 26s) Loss: 0.0483(0.0731) 
Epoch: [3][1000/1564] Elapsed 21m 33s (remain 12m 7s) Loss: 0.0865(0.0721) 
Epoch: [3][1100/1564] Elapsed 23m 31s (remain 9m 53s) Loss: 0.0859(0.0714) 
Epoch: [3][1200/1564] Elapsed 25m 28s (remain 7m 42s) Loss: 0.0616(0.0703) 
Epoch: [3][1300/1564] Elapsed 27m 28s (remain 5m 33s) Loss: 0.0354(0.0699) 
Epoch: [3][1400/1564] Elapsed 29m 23s (remain 3m 25s) Loss: 0.0900(0.0691) 
Epoch: [3][1500/1564] Elapsed 31m 21s (remain 1m 18s) Loss: 0.0509(0.0685) 
EVAL: [0/196] Elapsed 0m 0s (remain 2m 9s) Loss: 0.1619(0.1619) 
EVAL: [100/196] Elapsed 0m 53s (remain 0m 50s) Loss: 0.1526(0.1186) 
EVAL: [195/196] Elapsed 1m 42s (remain 0m 0s) Loss: 0.0778(0.1283) 
Epoch 3 Step 1560 - avg_train_loss: 0.0695  avg_val_loss: 0.1233
Epoch 3 Step 1560 - Score: 0.4986
Epoch: [3][1563/1564] Elapsed 34m 24s (remain 0m 0s) Loss: 0.0405(0.0686) 
Epoch 3 - avg_train_loss: 0.0695  avg_val_loss: 0.1233  time: 2065s
Epoch 3 - Score: 0.4986
Epoch: [4][0/1564] Elapsed 0m 1s (remain 30m 5s) Loss: 0.3234(0.3234) 
Epoch: [4][100/1564] Elapsed 1m 59s (remain 28m 48s) Loss: 0.0243(0.0656) 
Epoch: [4][200/1564] Elapsed 4m 1s (remain 27m 19s) Loss: 0.1268(0.0581) 
Epoch: [4][300/1564] Elapsed 5m 57s (remain 25m 0s) Loss: 0.0376(0.0585) 
Epoch: [4][400/1564] Elapsed 7m 56s (remain 23m 2s) Loss: 0.0506(0.0621) 
Epoch: [4][500/1564] Elapsed 9m 54s (remain 21m 1s) Loss: 0.0398(0.0642) 
Epoch: [4][600/1564] Elapsed 11m 54s (remain 19m 5s) Loss: 0.0199(0.0621) 
Epoch: [4][700/1564] Elapsed 13m 52s (remain 17m 5s) Loss: 0.0823(0.0639) 
EVAL: [0/196] Elapsed 0m 0s (remain 0m 53s) Loss: 0.0861(0.0861) 
EVAL: [100/196] Elapsed 0m 51s (remain 0m 48s) Loss: 0.0896(0.1110) 
EVAL: [195/196] Elapsed 1m 41s (remain 0m 0s) Loss: 0.0638(0.1177) 
Epoch 4 Step 780 - avg_train_loss: 0.0618  avg_val_loss: 0.1126
Epoch 4 Step 780 - Score: 0.4755
Epoch 4 Step 780 - Save Best Score: 0.4755 Model
Epoch: [4][800/1564] Elapsed 17m 44s (remain 16m 54s) Loss: 0.0723(0.0618) 
Epoch: [4][900/1564] Elapsed 19m 40s (remain 14m 28s) Loss: 0.0234(0.0598) 
Epoch: [4][1000/1564] Elapsed 21m 34s (remain 12m 7s) Loss: 0.0903(0.0588) 
Epoch: [4][1100/1564] Elapsed 23m 31s (remain 9m 53s) Loss: 0.0884(0.0591) 
Epoch: [4][1200/1564] Elapsed 25m 28s (remain 7m 41s) Loss: 0.0752(0.0580) 
Epoch: [4][1300/1564] Elapsed 27m 24s (remain 5m 32s) Loss: 0.1023(0.0581) 
Epoch: [4][1400/1564] Elapsed 29m 20s (remain 3m 24s) Loss: 0.0573(0.0576) 
Epoch: [4][1500/1564] Elapsed 31m 14s (remain 1m 18s) Loss: 0.0471(0.0565) 
EVAL: [0/196] Elapsed 0m 0s (remain 2m 14s) Loss: 0.1134(0.1134) 
EVAL: [100/196] Elapsed 0m 51s (remain 0m 48s) Loss: 0.1120(0.1086) 
EVAL: [195/196] Elapsed 1m 43s (remain 0m 0s) Loss: 0.0709(0.1177) 
Epoch 4 Step 1560 - avg_train_loss: 0.0561  avg_val_loss: 0.1131
Epoch 4 Step 1560 - Score: 0.4768
Epoch: [4][1563/1564] Elapsed 34m 16s (remain 0m 0s) Loss: 0.0433(0.0563) 
Epoch 4 - avg_train_loss: 0.0561  avg_val_loss: 0.1131  time: 2057s
Epoch 4 - Score: 0.4768
========== fold: 2 result ==========
Score: 0.4755
Running basic DDP example on rank 1.
Running basic DDP example on rank 0.
-------------fold:3 training-------------
Epoch: [1][0/1564] Elapsed 0m 1s (remain 48m 33s) Loss: 2.3310(2.3310) 
Epoch: [1][100/1564] Elapsed 1m 59s (remain 28m 50s) Loss: 0.2600(0.8755) 
Epoch: [1][200/1564] Elapsed 3m 57s (remain 26m 50s) Loss: 0.1458(0.5061) 
Epoch: [1][300/1564] Elapsed 5m 53s (remain 24m 42s) Loss: 0.1312(0.3723) 
Epoch: [1][400/1564] Elapsed 7m 49s (remain 22m 40s) Loss: 0.0359(0.3086) 
Epoch: [1][500/1564] Elapsed 9m 49s (remain 20m 50s) Loss: 0.1834(0.2720) 
Epoch: [1][600/1564] Elapsed 11m 47s (remain 18m 54s) Loss: 0.1449(0.2485) 
Epoch: [1][700/1564] Elapsed 13m 43s (remain 16m 54s) Loss: 0.0514(0.2303) 
EVAL: [0/196] Elapsed 0m 0s (remain 1m 0s) Loss: 0.1805(0.1805) 
EVAL: [100/196] Elapsed 0m 52s (remain 0m 49s) Loss: 0.0658(0.0994) 
EVAL: [195/196] Elapsed 1m 43s (remain 0m 0s) Loss: 0.0234(0.1061) 
Epoch 1 Step 780 - avg_train_loss: 0.2174  avg_val_loss: 0.1138
Epoch 1 Step 780 - Score: 0.4773
Epoch 1 Step 780 - Save Best Score: 0.4773 Model
Epoch: [1][800/1564] Elapsed 17m 25s (remain 16m 35s) Loss: 0.0835(0.2152) 
Epoch: [1][900/1564] Elapsed 19m 24s (remain 14m 16s) Loss: 0.0351(0.2046) 
Epoch: [1][1000/1564] Elapsed 21m 22s (remain 12m 1s) Loss: 0.0466(0.1952) 
Epoch: [1][1100/1564] Elapsed 23m 18s (remain 9m 48s) Loss: 0.1552(0.1899) 
Epoch: [1][1200/1564] Elapsed 25m 12s (remain 7m 37s) Loss: 0.2991(0.1832) 
Epoch: [1][1300/1564] Elapsed 27m 3s (remain 5m 28s) Loss: 0.0568(0.1776) 
Epoch: [1][1400/1564] Elapsed 28m 59s (remain 3m 22s) Loss: 0.0607(0.1733) 
Epoch: [1][1500/1564] Elapsed 30m 55s (remain 1m 17s) Loss: 0.0914(0.1690) 
EVAL: [0/196] Elapsed 0m 0s (remain 2m 24s) Loss: 0.2498(0.2498) 
EVAL: [100/196] Elapsed 0m 53s (remain 0m 49s) Loss: 0.0519(0.1095) 
EVAL: [195/196] Elapsed 1m 44s (remain 0m 0s) Loss: 0.0335(0.1113) 
Epoch 1 Step 1560 - avg_train_loss: 0.1679  avg_val_loss: 0.1177
Epoch 1 Step 1560 - Score: 0.4866
Epoch: [1][1563/1564] Elapsed 33m 54s (remain 0m 0s) Loss: 0.0430(0.1671) 
Epoch 1 - avg_train_loss: 0.1677  avg_val_loss: 0.1177  time: 2034s
Epoch 1 - Score: 0.4866
Epoch: [2][0/1564] Elapsed 0m 1s (remain 30m 54s) Loss: 0.1267(0.1267) 
Epoch: [2][100/1564] Elapsed 2m 2s (remain 29m 35s) Loss: 0.2383(0.1284) 
Epoch: [2][200/1564] Elapsed 3m 59s (remain 27m 4s) Loss: 0.0969(0.1129) 
Epoch: [2][300/1564] Elapsed 5m 57s (remain 25m 0s) Loss: 0.1147(0.1058) 
Epoch: [2][400/1564] Elapsed 7m 55s (remain 22m 59s) Loss: 0.0347(0.1022) 
Epoch: [2][500/1564] Elapsed 9m 55s (remain 21m 3s) Loss: 0.1402(0.1032) 
Epoch: [2][600/1564] Elapsed 11m 53s (remain 19m 2s) Loss: 0.1412(0.1049) 
Epoch: [2][700/1564] Elapsed 13m 50s (remain 17m 2s) Loss: 0.0637(0.1039) 
EVAL: [0/196] Elapsed 0m 0s (remain 2m 28s) Loss: 0.2492(0.2492) 
EVAL: [100/196] Elapsed 0m 52s (remain 0m 49s) Loss: 0.0771(0.1046) 
EVAL: [195/196] Elapsed 1m 39s (remain 0m 0s) Loss: 0.0266(0.1117) 
Epoch 2 Step 780 - avg_train_loss: 0.1011  avg_val_loss: 0.1188
Epoch 2 Step 780 - Score: 0.4882
Epoch: [2][800/1564] Elapsed 17m 34s (remain 16m 44s) Loss: 0.0739(0.1015) 
Epoch: [2][900/1564] Elapsed 19m 33s (remain 14m 23s) Loss: 0.0268(0.1005) 
Epoch: [2][1000/1564] Elapsed 21m 28s (remain 12m 4s) Loss: 0.0496(0.0996) 
Epoch: [2][1100/1564] Elapsed 23m 28s (remain 9m 52s) Loss: 0.1262(0.1008) 
Epoch: [2][1200/1564] Elapsed 25m 25s (remain 7m 41s) Loss: 0.1710(0.1002) 
Epoch: [2][1300/1564] Elapsed 27m 18s (remain 5m 31s) Loss: 0.0524(0.0992) 
Epoch: [2][1400/1564] Elapsed 29m 14s (remain 3m 24s) Loss: 0.0423(0.0986) 
Epoch: [2][1500/1564] Elapsed 31m 9s (remain 1m 18s) Loss: 0.0778(0.0979) 
EVAL: [0/196] Elapsed 0m 0s (remain 1m 37s) Loss: 0.2278(0.2278) 
EVAL: [100/196] Elapsed 0m 53s (remain 0m 50s) Loss: 0.0388(0.1060) 
EVAL: [195/196] Elapsed 1m 41s (remain 0m 0s) Loss: 0.0417(0.1081) 
Epoch 2 Step 1560 - avg_train_loss: 0.0981  avg_val_loss: 0.1129
Epoch 2 Step 1560 - Score: 0.4761
Epoch 2 Step 1560 - Save Best Score: 0.4761 Model
Epoch: [2][1563/1564] Elapsed 34m 14s (remain 0m 0s) Loss: 0.0512(0.0981) 
Epoch 2 - avg_train_loss: 0.0981  avg_val_loss: 0.1129  time: 2054s
Epoch 2 - Score: 0.4761
Epoch: [3][0/1564] Elapsed 0m 1s (remain 29m 28s) Loss: 0.1650(0.1650) 
Epoch: [3][100/1564] Elapsed 2m 2s (remain 29m 33s) Loss: 0.2201(0.0946) 
Epoch: [3][200/1564] Elapsed 3m 59s (remain 27m 3s) Loss: 0.0611(0.0868) 
Epoch: [3][300/1564] Elapsed 5m 57s (remain 24m 58s) Loss: 0.0982(0.0838) 
Epoch: [3][400/1564] Elapsed 7m 54s (remain 22m 56s) Loss: 0.0645(0.0814) 
Epoch: [3][500/1564] Elapsed 9m 54s (remain 21m 0s) Loss: 0.0964(0.0814) 
Epoch: [3][600/1564] Elapsed 11m 49s (remain 18m 57s) Loss: 0.0653(0.0822) 
Epoch: [3][700/1564] Elapsed 13m 46s (remain 16m 58s) Loss: 0.0567(0.0811) 
EVAL: [0/196] Elapsed 0m 0s (remain 2m 33s) Loss: 0.3762(0.3762) 
EVAL: [100/196] Elapsed 0m 49s (remain 0m 46s) Loss: 0.1250(0.1319) 
EVAL: [195/196] Elapsed 1m 37s (remain 0m 0s) Loss: 0.0283(0.1360) 
Epoch 3 Step 780 - avg_train_loss: 0.0794  avg_val_loss: 0.1454
Epoch 3 Step 780 - Score: 0.5412
Epoch: [3][800/1564] Elapsed 17m 25s (remain 16m 35s) Loss: 0.0690(0.0794) 
Epoch: [3][900/1564] Elapsed 19m 24s (remain 14m 16s) Loss: 0.0245(0.0792) 
Epoch: [3][1000/1564] Elapsed 21m 21s (remain 12m 0s) Loss: 0.0946(0.0776) 
Epoch: [3][1100/1564] Elapsed 23m 19s (remain 9m 48s) Loss: 0.0782(0.0777) 
Epoch: [3][1200/1564] Elapsed 25m 17s (remain 7m 38s) Loss: 0.0993(0.0769) 
Epoch: [3][1300/1564] Elapsed 27m 13s (remain 5m 30s) Loss: 0.0397(0.0758) 
Epoch: [3][1400/1564] Elapsed 29m 9s (remain 3m 23s) Loss: 0.0279(0.0748) 
Epoch: [3][1500/1564] Elapsed 31m 6s (remain 1m 18s) Loss: 0.0837(0.0741) 
EVAL: [0/196] Elapsed 0m 0s (remain 2m 24s) Loss: 0.2130(0.2130) 
EVAL: [100/196] Elapsed 0m 53s (remain 0m 50s) Loss: 0.0384(0.1075) 
EVAL: [195/196] Elapsed 1m 38s (remain 0m 0s) Loss: 0.0475(0.1106) 
Epoch 3 Step 1560 - avg_train_loss: 0.0741  avg_val_loss: 0.1147
Epoch 3 Step 1560 - Score: 0.4795
Epoch: [3][1563/1564] Elapsed 34m 2s (remain 0m 0s) Loss: 0.0305(0.0739) 
Epoch 3 - avg_train_loss: 0.0741  avg_val_loss: 0.1147  time: 2043s
Epoch 3 - Score: 0.4795
Epoch: [4][0/1564] Elapsed 0m 0s (remain 25m 20s) Loss: 0.2001(0.2001) 
Epoch: [4][100/1564] Elapsed 2m 4s (remain 30m 0s) Loss: 0.1763(0.0674) 
Epoch: [4][200/1564] Elapsed 4m 0s (remain 27m 11s) Loss: 0.0469(0.0626) 
Epoch: [4][300/1564] Elapsed 6m 1s (remain 25m 16s) Loss: 0.0615(0.0615) 
Epoch: [4][400/1564] Elapsed 7m 57s (remain 23m 6s) Loss: 0.0917(0.0610) 
Epoch: [4][500/1564] Elapsed 9m 55s (remain 21m 3s) Loss: 0.0687(0.0616) 
Epoch: [4][600/1564] Elapsed 11m 56s (remain 19m 7s) Loss: 0.0545(0.0619) 
Epoch: [4][700/1564] Elapsed 13m 54s (remain 17m 7s) Loss: 0.0575(0.0611) 
EVAL: [0/196] Elapsed 0m 0s (remain 2m 30s) Loss: 0.1326(0.1326) 
EVAL: [100/196] Elapsed 0m 54s (remain 0m 51s) Loss: 0.0334(0.1045) 
EVAL: [195/196] Elapsed 1m 46s (remain 0m 0s) Loss: 0.0254(0.1088) 
Epoch 4 Step 780 - avg_train_loss: 0.0603  avg_val_loss: 0.1134
Epoch 4 Step 780 - Score: 0.4773
Epoch: [4][800/1564] Elapsed 17m 37s (remain 16m 47s) Loss: 0.0480(0.0616) 
Epoch: [4][900/1564] Elapsed 19m 33s (remain 14m 23s) Loss: 0.0082(0.0610) 
Epoch: [4][1000/1564] Elapsed 21m 30s (remain 12m 5s) Loss: 0.0854(0.0594) 
Epoch: [4][1100/1564] Elapsed 23m 26s (remain 9m 51s) Loss: 0.0550(0.0593) 
Epoch: [4][1200/1564] Elapsed 25m 21s (remain 7m 39s) Loss: 0.0460(0.0584) 
Epoch: [4][1300/1564] Elapsed 27m 18s (remain 5m 31s) Loss: 0.0387(0.0573) 
Epoch: [4][1400/1564] Elapsed 29m 14s (remain 3m 24s) Loss: 0.0246(0.0572) 
Epoch: [4][1500/1564] Elapsed 31m 11s (remain 1m 18s) Loss: 0.0434(0.0569) 
EVAL: [0/196] Elapsed 0m 0s (remain 2m 23s) Loss: 0.2063(0.2063) 
EVAL: [100/196] Elapsed 0m 55s (remain 0m 52s) Loss: 0.0357(0.1100) 
EVAL: [195/196] Elapsed 1m 44s (remain 0m 0s) Loss: 0.0606(0.1128) 
Epoch 4 Step 1560 - avg_train_loss: 0.0568  avg_val_loss: 0.1160
Epoch 4 Step 1560 - Score: 0.4825
Epoch: [4][1563/1564] Elapsed 34m 6s (remain 0m 0s) Loss: 0.0226(0.0568) 
Epoch 4 - avg_train_loss: 0.0568  avg_val_loss: 0.1160  time: 2047s
Epoch 4 - Score: 0.4825
========== fold: 3 result ==========
Score: 0.4761
Running basic DDP example on rank 1.
Running basic DDP example on rank 0.
-------------fold:4 training-------------
Epoch: [1][0/1564] Elapsed 0m 1s (remain 41m 52s) Loss: 2.9072(2.9072) 
Epoch: [1][100/1564] Elapsed 1m 56s (remain 28m 9s) Loss: 0.2732(0.8197) 
Epoch: [1][200/1564] Elapsed 3m 54s (remain 26m 31s) Loss: 0.0799(0.4802) 
Epoch: [1][300/1564] Elapsed 5m 52s (remain 24m 39s) Loss: 0.0316(0.3735) 
Epoch: [1][400/1564] Elapsed 7m 49s (remain 22m 42s) Loss: 0.0500(0.3129) 
Epoch: [1][500/1564] Elapsed 9m 51s (remain 20m 54s) Loss: 0.0262(0.2753) 
Epoch: [1][600/1564] Elapsed 11m 52s (remain 19m 1s) Loss: 0.1735(0.2490) 
Epoch: [1][700/1564] Elapsed 13m 49s (remain 17m 1s) Loss: 0.1131(0.2284) 
EVAL: [0/196] Elapsed 0m 0s (remain 1m 59s) Loss: 0.0763(0.0763) 
EVAL: [100/196] Elapsed 0m 53s (remain 0m 49s) Loss: 0.1610(0.1289) 
EVAL: [195/196] Elapsed 1m 43s (remain 0m 0s) Loss: 0.1058(0.1253) 
Epoch 1 Step 780 - avg_train_loss: 0.2175  avg_val_loss: 0.1205
Epoch 1 Step 780 - Score: 0.4916
Epoch 1 Step 780 - Save Best Score: 0.4916 Model
Epoch: [1][800/1564] Elapsed 17m 37s (remain 16m 47s) Loss: 0.1081(0.2170) 
Epoch: [1][900/1564] Elapsed 19m 35s (remain 14m 25s) Loss: 0.0087(0.2060) 
Epoch: [1][1000/1564] Elapsed 21m 32s (remain 12m 7s) Loss: 0.0588(0.1969) 
Epoch: [1][1100/1564] Elapsed 23m 28s (remain 9m 52s) Loss: 0.0589(0.1890) 
Epoch: [1][1200/1564] Elapsed 25m 27s (remain 7m 41s) Loss: 0.1410(0.1834) 
Epoch: [1][1300/1564] Elapsed 27m 26s (remain 5m 32s) Loss: 0.0508(0.1780) 
Epoch: [1][1400/1564] Elapsed 29m 24s (remain 3m 25s) Loss: 0.1110(0.1730) 
Epoch: [1][1500/1564] Elapsed 31m 21s (remain 1m 18s) Loss: 0.2323(0.1690) 
EVAL: [0/196] Elapsed 0m 0s (remain 0m 16s) Loss: 0.0618(0.0618) 
EVAL: [100/196] Elapsed 0m 53s (remain 0m 50s) Loss: 0.1277(0.1180) 
EVAL: [195/196] Elapsed 1m 45s (remain 0m 0s) Loss: 0.1469(0.1116) 
Epoch 1 Step 1560 - avg_train_loss: 0.1687  avg_val_loss: 0.1115
Epoch 1 Step 1560 - Score: 0.4739
Epoch 1 Step 1560 - Save Best Score: 0.4739 Model
Epoch: [1][1563/1564] Elapsed 34m 25s (remain 0m 0s) Loss: 0.0823(0.1662) 
Epoch 1 - avg_train_loss: 0.1686  avg_val_loss: 0.1115  time: 2065s
Epoch 1 - Score: 0.4739
Epoch: [2][0/1564] Elapsed 0m 1s (remain 30m 0s) Loss: 0.0318(0.0318) 
Epoch: [2][100/1564] Elapsed 1m 59s (remain 28m 50s) Loss: 0.2590(0.0999) 
Epoch: [2][200/1564] Elapsed 3m 56s (remain 26m 45s) Loss: 0.0715(0.1042) 
Epoch: [2][300/1564] Elapsed 5m 54s (remain 24m 47s) Loss: 0.0330(0.1101) 
Epoch: [2][400/1564] Elapsed 7m 52s (remain 22m 49s) Loss: 0.0588(0.1095) 
Epoch: [2][500/1564] Elapsed 9m 53s (remain 20m 58s) Loss: 0.0310(0.1072) 
Epoch: [2][600/1564] Elapsed 11m 52s (remain 19m 2s) Loss: 0.1500(0.1053) 
Epoch: [2][700/1564] Elapsed 13m 50s (remain 17m 2s) Loss: 0.0951(0.1027) 
EVAL: [0/196] Elapsed 0m 0s (remain 1m 50s) Loss: 0.0490(0.0490) 
EVAL: [100/196] Elapsed 0m 52s (remain 0m 49s) Loss: 0.1281(0.1136) 
EVAL: [195/196] Elapsed 1m 45s (remain 0m 0s) Loss: 0.1455(0.1071) 
Epoch 2 Step 780 - avg_train_loss: 0.1044  avg_val_loss: 0.1056
Epoch 2 Step 780 - Score: 0.4604
Epoch 2 Step 780 - Save Best Score: 0.4604 Model
Epoch: [2][800/1564] Elapsed 17m 47s (remain 16m 56s) Loss: 0.1355(0.1026) 
Epoch: [2][900/1564] Elapsed 19m 45s (remain 14m 32s) Loss: 0.0124(0.1014) 
Epoch: [2][1000/1564] Elapsed 21m 45s (remain 12m 14s) Loss: 0.0577(0.1003) 
Epoch: [2][1100/1564] Elapsed 23m 41s (remain 9m 57s) Loss: 0.0583(0.0995) 
Epoch: [2][1200/1564] Elapsed 25m 36s (remain 7m 44s) Loss: 0.0581(0.0996) 
Epoch: [2][1300/1564] Elapsed 27m 35s (remain 5m 34s) Loss: 0.0373(0.0994) 
Epoch: [2][1400/1564] Elapsed 29m 30s (remain 3m 26s) Loss: 0.1325(0.0984) 
Epoch: [2][1500/1564] Elapsed 31m 26s (remain 1m 19s) Loss: 0.1567(0.0978) 
EVAL: [0/196] Elapsed 0m 0s (remain 1m 52s) Loss: 0.0572(0.0572) 
EVAL: [100/196] Elapsed 0m 51s (remain 0m 47s) Loss: 0.0991(0.1193) 
EVAL: [195/196] Elapsed 1m 42s (remain 0m 0s) Loss: 0.2501(0.1132) 
Epoch 2 Step 1560 - avg_train_loss: 0.1001  avg_val_loss: 0.1133
Epoch 2 Step 1560 - Score: 0.4778
Epoch: [2][1563/1564] Elapsed 34m 20s (remain 0m 0s) Loss: 0.0651(0.0972) 
Epoch 2 - avg_train_loss: 0.1001  avg_val_loss: 0.1133  time: 2061s
Epoch 2 - Score: 0.4778
Epoch: [3][0/1564] Elapsed 0m 1s (remain 31m 24s) Loss: 0.0361(0.0361) 
Epoch: [3][100/1564] Elapsed 1m 59s (remain 28m 51s) Loss: 0.2876(0.0830) 
Epoch: [3][200/1564] Elapsed 3m 57s (remain 26m 49s) Loss: 0.0705(0.0867) 
Epoch: [3][300/1564] Elapsed 5m 51s (remain 24m 35s) Loss: 0.0166(0.0872) 
Epoch: [3][400/1564] Elapsed 7m 53s (remain 22m 53s) Loss: 0.0671(0.0879) 
Epoch: [3][500/1564] Elapsed 9m 55s (remain 21m 3s) Loss: 0.0523(0.0845) 
Epoch: [3][600/1564] Elapsed 11m 56s (remain 19m 7s) Loss: 0.1413(0.0828) 
Epoch: [3][700/1564] Elapsed 13m 53s (remain 17m 6s) Loss: 0.0897(0.0815) 
EVAL: [0/196] Elapsed 0m 0s (remain 1m 49s) Loss: 0.0484(0.0484) 
EVAL: [100/196] Elapsed 0m 50s (remain 0m 47s) Loss: 0.1325(0.1155) 
EVAL: [195/196] Elapsed 1m 42s (remain 0m 0s) Loss: 0.2861(0.1076) 
Epoch 3 Step 780 - avg_train_loss: 0.0823  avg_val_loss: 0.1073
Epoch 3 Step 780 - Score: 0.4644
Epoch: [3][800/1564] Elapsed 17m 38s (remain 16m 48s) Loss: 0.1256(0.0805) 
Epoch: [3][900/1564] Elapsed 19m 36s (remain 14m 25s) Loss: 0.0164(0.0792) 
Epoch: [3][1000/1564] Elapsed 21m 35s (remain 12m 8s) Loss: 0.0169(0.0777) 
Epoch: [3][1100/1564] Elapsed 23m 32s (remain 9m 54s) Loss: 0.0611(0.0769) 
Epoch: [3][1200/1564] Elapsed 25m 30s (remain 7m 42s) Loss: 0.0141(0.0774) 
Epoch: [3][1300/1564] Elapsed 27m 30s (remain 5m 33s) Loss: 0.0231(0.0770) 
Epoch: [3][1400/1564] Elapsed 29m 25s (remain 3m 25s) Loss: 0.0530(0.0760) 
Epoch: [3][1500/1564] Elapsed 31m 23s (remain 1m 19s) Loss: 0.0745(0.0756) 
EVAL: [0/196] Elapsed 0m 0s (remain 1m 52s) Loss: 0.0745(0.0745) 
EVAL: [100/196] Elapsed 0m 51s (remain 0m 48s) Loss: 0.1139(0.1287) 
EVAL: [195/196] Elapsed 1m 42s (remain 0m 0s) Loss: 0.3208(0.1229) 
Epoch 3 Step 1560 - avg_train_loss: 0.0765  avg_val_loss: 0.1239
Epoch 3 Step 1560 - Score: 0.5001
Epoch: [3][1563/1564] Elapsed 34m 24s (remain 0m 0s) Loss: 0.0620(0.0750) 
Epoch 3 - avg_train_loss: 0.0764  avg_val_loss: 0.1239  time: 2064s
Epoch 3 - Score: 0.5001
Epoch: [4][0/1564] Elapsed 0m 1s (remain 30m 44s) Loss: 0.0509(0.0509) 
Epoch: [4][100/1564] Elapsed 2m 2s (remain 29m 41s) Loss: 0.1065(0.0604) 
Epoch: [4][200/1564] Elapsed 3m 59s (remain 27m 6s) Loss: 0.0838(0.0650) 
Epoch: [4][300/1564] Elapsed 5m 58s (remain 25m 3s) Loss: 0.0174(0.0629) 
Epoch: [4][400/1564] Elapsed 7m 59s (remain 23m 10s) Loss: 0.0499(0.0633) 
Epoch: [4][500/1564] Elapsed 9m 58s (remain 21m 10s) Loss: 0.0227(0.0614) 
Epoch: [4][600/1564] Elapsed 11m 57s (remain 19m 10s) Loss: 0.0966(0.0607) 
Epoch: [4][700/1564] Elapsed 13m 56s (remain 17m 10s) Loss: 0.0518(0.0604) 
EVAL: [0/196] Elapsed 0m 0s (remain 0m 35s) Loss: 0.0625(0.0625) 
EVAL: [100/196] Elapsed 0m 51s (remain 0m 48s) Loss: 0.1806(0.1570) 
EVAL: [195/196] Elapsed 1m 41s (remain 0m 0s) Loss: 0.1587(0.1580) 
Epoch 4 Step 780 - avg_train_loss: 0.0741  avg_val_loss: 0.1542
Epoch 4 Step 780 - Score: 0.5608
Epoch: [4][800/1564] Elapsed 17m 41s (remain 16m 50s) Loss: 0.0923(0.0777) 
Epoch: [4][900/1564] Elapsed 19m 39s (remain 14m 27s) Loss: 0.0199(0.0766) 
Epoch: [4][1000/1564] Elapsed 21m 37s (remain 12m 9s) Loss: 0.0277(0.0754) 
Epoch: [4][1100/1564] Elapsed 23m 34s (remain 9m 54s) Loss: 0.1033(0.0748) 
Epoch: [4][1200/1564] Elapsed 25m 32s (remain 7m 43s) Loss: 0.0721(0.0739) 
Epoch: [4][1300/1564] Elapsed 27m 32s (remain 5m 33s) Loss: 0.0223(0.0733) 
Epoch: [4][1400/1564] Elapsed 29m 28s (remain 3m 25s) Loss: 0.1069(0.0718) 
Epoch: [4][1500/1564] Elapsed 31m 26s (remain 1m 19s) Loss: 0.0601(0.0712) 
EVAL: [0/196] Elapsed 0m 0s (remain 1m 45s) Loss: 0.0634(0.0634) 
EVAL: [100/196] Elapsed 0m 51s (remain 0m 48s) Loss: 0.1642(0.1206) 
EVAL: [195/196] Elapsed 1m 40s (remain 0m 0s) Loss: 0.2162(0.1150) 
Epoch 4 Step 1560 - avg_train_loss: 0.0691  avg_val_loss: 0.1142
Epoch 4 Step 1560 - Score: 0.4794
Epoch: [4][1563/1564] Elapsed 34m 25s (remain 0m 0s) Loss: 0.0270(0.0704) 
Epoch 4 - avg_train_loss: 0.0690  avg_val_loss: 0.1142  time: 2065s
Epoch 4 - Score: 0.4794
========== fold: 4 result ==========
Score: 0.4604
========== CV ==========
Score: 0.4647
