We have available 2, GPUs! but using 2 GPUs
Running basic DDP example on rank 1.
Running basic DDP example on rank 0.
-------------fold:0 training-------------
Epoch: [1][0/1564] Elapsed 0m 1s (remain 37m 42s) Loss: 11.4679(11.4679) 
Epoch: [1][100/1564] Elapsed 1m 54s (remain 27m 43s) Loss: 1.0616(1.6483) 
Epoch: [1][200/1564] Elapsed 3m 47s (remain 25m 45s) Loss: 0.6066(0.9789) 
Epoch: [1][300/1564] Elapsed 5m 42s (remain 23m 57s) Loss: 0.0590(0.7315) 
Epoch: [1][400/1564] Elapsed 7m 36s (remain 22m 3s) Loss: 0.3034(0.6143) 
Epoch: [1][500/1564] Elapsed 9m 31s (remain 20m 13s) Loss: 0.3975(0.5451) 
Epoch: [1][600/1564] Elapsed 11m 26s (remain 18m 19s) Loss: 0.8172(0.5048) 
Epoch: [1][700/1564] Elapsed 13m 22s (remain 16m 27s) Loss: 0.3457(0.4657) 
EVAL: [0/196] Elapsed 0m 0s (remain 2m 10s) Loss: 0.2630(0.2630) 
EVAL: [100/196] Elapsed 0m 50s (remain 0m 47s) Loss: 0.1289(0.2014) 
EVAL: [195/196] Elapsed 1m 42s (remain 0m 0s) Loss: 0.1369(0.2169) 
Epoch 1 Step 780 - avg_train_loss: 0.4341  avg_val_loss: 0.2237
Epoch 1 Step 780 - Score: 0.4721
Epoch 1 Step 780 - Save Best Score: 0.4721 Model
Epoch: [1][800/1564] Elapsed 17m 2s (remain 16m 13s) Loss: 0.2348(0.4406) 
Epoch: [1][900/1564] Elapsed 18m 55s (remain 13m 55s) Loss: 0.1047(0.4159) 
Epoch: [1][1000/1564] Elapsed 20m 47s (remain 11m 41s) Loss: 0.2541(0.3979) 
Epoch: [1][1100/1564] Elapsed 22m 41s (remain 9m 32s) Loss: 0.3074(0.3859) 
Epoch: [1][1200/1564] Elapsed 24m 37s (remain 7m 26s) Loss: 0.2373(0.3748) 
Epoch: [1][1300/1564] Elapsed 26m 34s (remain 5m 22s) Loss: 0.3790(0.3625) 
Epoch: [1][1400/1564] Elapsed 28m 33s (remain 3m 19s) Loss: 0.1696(0.3516) 
Epoch: [1][1500/1564] Elapsed 30m 29s (remain 1m 16s) Loss: 0.1182(0.3431) 
EVAL: [0/196] Elapsed 0m 0s (remain 2m 7s) Loss: 0.3245(0.3245) 
EVAL: [100/196] Elapsed 0m 50s (remain 0m 47s) Loss: 0.1264(0.2134) 
EVAL: [195/196] Elapsed 1m 38s (remain 0m 0s) Loss: 0.1247(0.2234) 
Epoch 1 Step 1560 - avg_train_loss: 0.3359  avg_val_loss: 0.2311
Epoch 1 Step 1560 - Score: 0.4798
Epoch: [1][1563/1564] Elapsed 33m 27s (remain 0m 0s) Loss: 0.2111(0.3384) 
Epoch 1 - avg_train_loss: 0.3357  avg_val_loss: 0.2311  time: 2008s
Epoch 1 - Score: 0.4798
Epoch: [2][0/1564] Elapsed 0m 1s (remain 28m 46s) Loss: 0.1215(0.1215) 
Epoch: [2][100/1564] Elapsed 1m 58s (remain 28m 34s) Loss: 0.7117(0.2323) 
Epoch: [2][200/1564] Elapsed 3m 56s (remain 26m 45s) Loss: 0.6412(0.2345) 
Epoch: [2][300/1564] Elapsed 5m 50s (remain 24m 29s) Loss: 0.1401(0.2197) 
Epoch: [2][400/1564] Elapsed 7m 47s (remain 22m 35s) Loss: 0.2641(0.2156) 
Epoch: [2][500/1564] Elapsed 9m 49s (remain 20m 50s) Loss: 0.2125(0.2141) 
Epoch: [2][600/1564] Elapsed 11m 44s (remain 18m 49s) Loss: 0.2930(0.2146) 
Epoch: [2][700/1564] Elapsed 13m 40s (remain 16m 49s) Loss: 0.2928(0.2083) 
EVAL: [0/196] Elapsed 0m 0s (remain 2m 10s) Loss: 0.3188(0.3188) 
EVAL: [100/196] Elapsed 0m 55s (remain 0m 51s) Loss: 0.1200(0.1926) 
EVAL: [195/196] Elapsed 1m 43s (remain 0m 0s) Loss: 0.1207(0.2088) 
Epoch 2 Step 780 - avg_train_loss: 0.2041  avg_val_loss: 0.2171
Epoch 2 Step 780 - Score: 0.4647
Epoch 2 Step 780 - Save Best Score: 0.4647 Model
Epoch: [2][800/1564] Elapsed 17m 29s (remain 16m 39s) Loss: 0.1555(0.2099) 
Epoch: [2][900/1564] Elapsed 19m 24s (remain 14m 16s) Loss: 0.1203(0.2065) 
Epoch: [2][1000/1564] Elapsed 21m 22s (remain 12m 1s) Loss: 0.1827(0.2050) 
Epoch: [2][1100/1564] Elapsed 23m 19s (remain 9m 48s) Loss: 0.2275(0.2058) 
Epoch: [2][1200/1564] Elapsed 25m 16s (remain 7m 38s) Loss: 0.1556(0.2049) 
Epoch: [2][1300/1564] Elapsed 27m 15s (remain 5m 30s) Loss: 0.2190(0.2023) 
Epoch: [2][1400/1564] Elapsed 29m 13s (remain 3m 23s) Loss: 0.1677(0.1999) 
Epoch: [2][1500/1564] Elapsed 31m 10s (remain 1m 18s) Loss: 0.1158(0.1993) 
EVAL: [0/196] Elapsed 0m 0s (remain 2m 13s) Loss: 0.3162(0.3162) 
EVAL: [100/196] Elapsed 0m 54s (remain 0m 51s) Loss: 0.1329(0.2201) 
EVAL: [195/196] Elapsed 1m 46s (remain 0m 0s) Loss: 0.2273(0.2322) 
Epoch 2 Step 1560 - avg_train_loss: 0.1973  avg_val_loss: 0.2409
Epoch 2 Step 1560 - Score: 0.4897
Epoch: [2][1563/1564] Elapsed 34m 9s (remain 0m 0s) Loss: 0.1918(0.1994) 
Epoch 2 - avg_train_loss: 0.1973  avg_val_loss: 0.2409  time: 2050s
Epoch 2 - Score: 0.4897
Epoch: [3][0/1564] Elapsed 0m 1s (remain 28m 7s) Loss: 0.1206(0.1206) 
Epoch: [3][100/1564] Elapsed 1m 55s (remain 27m 46s) Loss: 0.8439(0.1849) 
Epoch: [3][200/1564] Elapsed 3m 54s (remain 26m 29s) Loss: 0.3967(0.1876) 
Epoch: [3][300/1564] Elapsed 5m 53s (remain 24m 42s) Loss: 0.1074(0.1747) 
Epoch: [3][400/1564] Elapsed 7m 49s (remain 22m 42s) Loss: 0.2259(0.1683) 
Epoch: [3][500/1564] Elapsed 9m 47s (remain 20m 47s) Loss: 0.0764(0.1622) 
Epoch: [3][600/1564] Elapsed 11m 44s (remain 18m 48s) Loss: 0.1133(0.1584) 
Epoch: [3][700/1564] Elapsed 13m 42s (remain 16m 52s) Loss: 0.0513(0.1531) 
EVAL: [0/196] Elapsed 0m 0s (remain 0m 49s) Loss: 0.3735(0.3735) 
EVAL: [100/196] Elapsed 0m 52s (remain 0m 49s) Loss: 0.1499(0.1937) 
EVAL: [195/196] Elapsed 1m 41s (remain 0m 0s) Loss: 0.1436(0.2109) 
Epoch 3 Step 780 - avg_train_loss: 0.1504  avg_val_loss: 0.2219
Epoch 3 Step 780 - Score: 0.4700
Epoch: [3][800/1564] Elapsed 17m 24s (remain 16m 35s) Loss: 0.1062(0.1540) 
Epoch: [3][900/1564] Elapsed 19m 21s (remain 14m 14s) Loss: 0.0763(0.1520) 
Epoch: [3][1000/1564] Elapsed 21m 20s (remain 11m 59s) Loss: 0.1461(0.1488) 
Epoch: [3][1100/1564] Elapsed 23m 16s (remain 9m 47s) Loss: 0.2299(0.1498) 
Epoch: [3][1200/1564] Elapsed 25m 14s (remain 7m 37s) Loss: 0.0565(0.1483) 
Epoch: [3][1300/1564] Elapsed 27m 11s (remain 5m 29s) Loss: 0.1499(0.1467) 
Epoch: [3][1400/1564] Elapsed 29m 8s (remain 3m 23s) Loss: 0.0954(0.1444) 
Epoch: [3][1500/1564] Elapsed 31m 6s (remain 1m 18s) Loss: 0.0882(0.1452) 
EVAL: [0/196] Elapsed 0m 0s (remain 2m 9s) Loss: 0.3327(0.3327) 
EVAL: [100/196] Elapsed 0m 53s (remain 0m 50s) Loss: 0.1582(0.2444) 
EVAL: [195/196] Elapsed 1m 42s (remain 0m 0s) Loss: 0.3750(0.2574) 
Epoch 3 Step 1560 - avg_train_loss: 0.1455  avg_val_loss: 0.2669
Epoch 3 Step 1560 - Score: 0.5151
Epoch: [3][1563/1564] Elapsed 34m 5s (remain 0m 0s) Loss: 0.1303(0.1484) 
Epoch 3 - avg_train_loss: 0.1455  avg_val_loss: 0.2669  time: 2045s
Epoch 3 - Score: 0.5151
Epoch: [4][0/1564] Elapsed 0m 1s (remain 30m 49s) Loss: 0.1431(0.1431) 
Epoch: [4][100/1564] Elapsed 1m 59s (remain 28m 52s) Loss: 0.5770(0.1496) 
Epoch: [4][200/1564] Elapsed 3m 57s (remain 26m 51s) Loss: 0.2066(0.1456) 
Epoch: [4][300/1564] Elapsed 5m 55s (remain 24m 51s) Loss: 0.0351(0.1382) 
Epoch: [4][400/1564] Elapsed 7m 52s (remain 22m 51s) Loss: 0.1936(0.1320) 
Epoch: [4][500/1564] Elapsed 9m 50s (remain 20m 53s) Loss: 0.0840(0.1268) 
Epoch: [4][600/1564] Elapsed 11m 46s (remain 18m 52s) Loss: 0.0774(0.1243) 
Epoch: [4][700/1564] Elapsed 13m 42s (remain 16m 52s) Loss: 0.0452(0.1217) 
EVAL: [0/196] Elapsed 0m 0s (remain 2m 16s) Loss: 0.3360(0.3360) 
EVAL: [100/196] Elapsed 0m 49s (remain 0m 46s) Loss: 0.1545(0.1943) 
EVAL: [195/196] Elapsed 1m 38s (remain 0m 0s) Loss: 0.2365(0.2110) 
Epoch 4 Step 780 - avg_train_loss: 0.1174  avg_val_loss: 0.2211
Epoch 4 Step 780 - Score: 0.4695
Epoch: [4][800/1564] Elapsed 17m 20s (remain 16m 31s) Loss: 0.0281(0.1202) 
Epoch: [4][900/1564] Elapsed 19m 15s (remain 14m 9s) Loss: 0.1041(0.1169) 
Epoch: [4][1000/1564] Elapsed 21m 11s (remain 11m 55s) Loss: 0.0912(0.1140) 
Epoch: [4][1100/1564] Elapsed 23m 8s (remain 9m 43s) Loss: 0.3174(0.1147) 
Epoch: [4][1200/1564] Elapsed 25m 5s (remain 7m 35s) Loss: 0.5743(0.1157) 
Epoch: [4][1300/1564] Elapsed 27m 3s (remain 5m 28s) Loss: 0.1266(0.1163) 
Epoch: [4][1400/1564] Elapsed 29m 0s (remain 3m 22s) Loss: 0.0557(0.1153) 
Epoch: [4][1500/1564] Elapsed 30m 56s (remain 1m 17s) Loss: 0.1822(0.1155) 
EVAL: [0/196] Elapsed 0m 0s (remain 2m 14s) Loss: 0.1873(0.1873) 
EVAL: [100/196] Elapsed 0m 49s (remain 0m 46s) Loss: 0.1741(0.1971) 
EVAL: [195/196] Elapsed 1m 40s (remain 0m 0s) Loss: 0.2771(0.2139) 
Epoch 4 Step 1560 - avg_train_loss: 0.1132  avg_val_loss: 0.2255
Epoch 4 Step 1560 - Score: 0.4740
Epoch: [4][1563/1564] Elapsed 33m 51s (remain 0m 0s) Loss: 0.0940(0.1155) 
Epoch 4 - avg_train_loss: 0.1132  avg_val_loss: 0.2255  time: 2031s
Epoch 4 - Score: 0.4740
========== fold: 0 result ==========
Score: 0.4647
Running basic DDP example on rank 1.
Running basic DDP example on rank 0.
-------------fold:1 training-------------
Epoch: [1][0/1564] Elapsed 0m 1s (remain 47m 0s) Loss: 9.9023(9.9023) 
Epoch: [1][100/1564] Elapsed 1m 57s (remain 28m 23s) Loss: 0.0718(1.7909) 
Epoch: [1][200/1564] Elapsed 3m 49s (remain 25m 59s) Loss: 0.0584(1.0524) 
We have available 2, GPUs! but using 2 GPUs
Running basic DDP example on rank 0.
Running basic DDP example on rank 1.
-------------fold:0 training-------------
Epoch: [1][0/1564] Elapsed 0m 1s (remain 47m 11s) Loss: 11.4679(11.4679) 
Epoch: [1][100/1564] Elapsed 1m 54s (remain 27m 44s) Loss: 0.8581(1.4226) 
Epoch: [1][200/1564] Elapsed 3m 49s (remain 25m 56s) Loss: 0.3711(0.8620) 
Epoch: [1][300/1564] Elapsed 5m 43s (remain 24m 0s) Loss: 0.0883(0.6526) 
Epoch: [1][400/1564] Elapsed 7m 38s (remain 22m 9s) Loss: 0.2522(0.5531) 
Epoch: [1][500/1564] Elapsed 9m 36s (remain 20m 22s) Loss: 0.3403(0.4968) 
Epoch: [1][600/1564] Elapsed 11m 32s (remain 18m 29s) Loss: 0.8163(0.4674) 
Epoch: [1][700/1564] Elapsed 13m 26s (remain 16m 33s) Loss: 0.3382(0.4328) 
EVAL: [0/196] Elapsed 0m 0s (remain 2m 11s) Loss: 0.2821(0.2821) 
EVAL: [100/196] Elapsed 0m 50s (remain 0m 47s) Loss: 0.1298(0.2113) 
EVAL: [195/196] Elapsed 1m 42s (remain 0m 0s) Loss: 0.1296(0.2251) 
Epoch 1 Step 780 - avg_train_loss: 0.4111  avg_val_loss: 0.2306
Epoch 1 Step 780 - Score: 0.4792
Epoch 1 Step 780 - Save Best Score: 0.4792 Model
Epoch: [1][800/1564] Elapsed 17m 14s (remain 16m 25s) Loss: 0.2599(0.4121) 
Epoch: [1][900/1564] Elapsed 19m 10s (remain 14m 6s) Loss: 0.0845(0.3909) 
Epoch: [1][1000/1564] Elapsed 21m 7s (remain 11m 52s) Loss: 0.2709(0.3755) 
Epoch: [1][1100/1564] Elapsed 23m 2s (remain 9m 41s) Loss: 0.3241(0.3656) 
Epoch: [1][1200/1564] Elapsed 24m 58s (remain 7m 32s) Loss: 0.2706(0.3564) 
Epoch: [1][1300/1564] Elapsed 26m 56s (remain 5m 26s) Loss: 0.3897(0.3460) 
Epoch: [1][1400/1564] Elapsed 28m 54s (remain 3m 21s) Loss: 0.1768(0.3363) 
Epoch: [1][1500/1564] Elapsed 30m 50s (remain 1m 17s) Loss: 0.1563(0.3289) 
EVAL: [0/196] Elapsed 0m 0s (remain 2m 14s) Loss: 0.2864(0.2864) 
EVAL: [100/196] Elapsed 0m 48s (remain 0m 45s) Loss: 0.1320(0.2084) 
EVAL: [195/196] Elapsed 1m 38s (remain 0m 0s) Loss: 0.1185(0.2183) 
Epoch 1 Step 1560 - avg_train_loss: 0.3256  avg_val_loss: 0.2259
Epoch 1 Step 1560 - Score: 0.4743
Epoch 1 Step 1560 - Save Best Score: 0.4743 Model
Epoch: [1][1563/1564] Elapsed 33m 52s (remain 0m 0s) Loss: 0.1717(0.3247) 
Epoch 1 - avg_train_loss: 0.3254  avg_val_loss: 0.2259  time: 2032s
Epoch 1 - Score: 0.4743
Epoch: [2][0/1564] Elapsed 0m 0s (remain 25m 32s) Loss: 0.1174(0.1174) 
Epoch: [2][100/1564] Elapsed 1m 57s (remain 28m 19s) Loss: 0.8809(0.2336) 
Epoch: [2][200/1564] Elapsed 3m 56s (remain 26m 43s) Loss: 0.6948(0.2327) 
Epoch: [2][300/1564] Elapsed 5m 52s (remain 24m 38s) Loss: 0.1129(0.2172) 
Epoch: [2][400/1564] Elapsed 7m 47s (remain 22m 37s) Loss: 0.2251(0.2131) 
Epoch: [2][500/1564] Elapsed 9m 45s (remain 20m 43s) Loss: 0.2109(0.2117) 
Epoch: [2][600/1564] Elapsed 11m 41s (remain 18m 43s) Loss: 0.2712(0.2141) 
Epoch: [2][700/1564] Elapsed 13m 35s (remain 16m 44s) Loss: 0.2237(0.2069) 
EVAL: [0/196] Elapsed 0m 0s (remain 1m 12s) Loss: 0.2487(0.2487) 
EVAL: [100/196] Elapsed 0m 50s (remain 0m 47s) Loss: 0.1292(0.1988) 
EVAL: [195/196] Elapsed 1m 41s (remain 0m 0s) Loss: 0.1129(0.2139) 
Epoch 2 Step 780 - avg_train_loss: 0.2041  avg_val_loss: 0.2207
Epoch 2 Step 780 - Score: 0.4684
Epoch 2 Step 780 - Save Best Score: 0.4684 Model
Epoch: [2][800/1564] Elapsed 17m 24s (remain 16m 35s) Loss: 0.2089(0.2079) 
Epoch: [2][900/1564] Elapsed 19m 18s (remain 14m 12s) Loss: 0.0890(0.2047) 
Epoch: [2][1000/1564] Elapsed 21m 16s (remain 11m 58s) Loss: 0.1964(0.2028) 
Epoch: [2][1100/1564] Elapsed 23m 12s (remain 9m 45s) Loss: 0.2593(0.2033) 
Epoch: [2][1200/1564] Elapsed 25m 9s (remain 7m 36s) Loss: 0.1912(0.2027) 
Epoch: [2][1300/1564] Elapsed 27m 3s (remain 5m 28s) Loss: 0.2137(0.2003) 
Epoch: [2][1400/1564] Elapsed 29m 0s (remain 3m 22s) Loss: 0.1649(0.1976) 
Epoch: [2][1500/1564] Elapsed 30m 56s (remain 1m 17s) Loss: 0.1210(0.1968) 
EVAL: [0/196] Elapsed 0m 0s (remain 2m 14s) Loss: 0.2594(0.2594) 
EVAL: [100/196] Elapsed 0m 51s (remain 0m 48s) Loss: 0.1293(0.2145) 
EVAL: [195/196] Elapsed 1m 42s (remain 0m 0s) Loss: 0.2068(0.2257) 
Epoch 2 Step 1560 - avg_train_loss: 0.1957  avg_val_loss: 0.2331
Epoch 2 Step 1560 - Score: 0.4817
Epoch: [2][1563/1564] Elapsed 33m 51s (remain 0m 0s) Loss: 0.2264(0.1970) 
Epoch 2 - avg_train_loss: 0.1957  avg_val_loss: 0.2331  time: 2032s
Epoch 2 - Score: 0.4817
Epoch: [3][0/1564] Elapsed 0m 1s (remain 27m 34s) Loss: 0.1164(0.1164) 
Epoch: [3][100/1564] Elapsed 1m 57s (remain 28m 28s) Loss: 0.7632(0.1759) 
Epoch: [3][200/1564] Elapsed 3m 56s (remain 26m 40s) Loss: 0.3552(0.1749) 
Epoch: [3][300/1564] Elapsed 5m 53s (remain 24m 41s) Loss: 0.1324(0.1658) 
Epoch: [3][400/1564] Elapsed 7m 49s (remain 22m 42s) Loss: 0.2089(0.1622) 
Epoch: [3][500/1564] Elapsed 9m 46s (remain 20m 44s) Loss: 0.0804(0.1559) 
Epoch: [3][600/1564] Elapsed 11m 42s (remain 18m 44s) Loss: 0.1358(0.1559) 
Epoch: [3][700/1564] Elapsed 13m 39s (remain 16m 48s) Loss: 0.0546(0.1511) 
EVAL: [0/196] Elapsed 0m 0s (remain 2m 11s) Loss: 0.1856(0.1856) 
EVAL: [100/196] Elapsed 0m 51s (remain 0m 48s) Loss: 0.1756(0.1950) 
EVAL: [195/196] Elapsed 1m 39s (remain 0m 0s) Loss: 0.2588(0.2097) 
Epoch 3 Step 780 - avg_train_loss: 0.1468  avg_val_loss: 0.2170
Epoch 3 Step 780 - Score: 0.4651
Epoch 3 Step 780 - Save Best Score: 0.4651 Model
Epoch: [3][800/1564] Elapsed 17m 27s (remain 16m 37s) Loss: 0.1456(0.1521) 
Epoch: [3][900/1564] Elapsed 19m 25s (remain 14m 17s) Loss: 0.0815(0.1502) 
Epoch: [3][1000/1564] Elapsed 21m 22s (remain 12m 1s) Loss: 0.0909(0.1469) 
Epoch: [3][1100/1564] Elapsed 23m 18s (remain 9m 47s) Loss: 0.2256(0.1482) 
Epoch: [3][1200/1564] Elapsed 25m 13s (remain 7m 37s) Loss: 0.1199(0.1458) 
Epoch: [3][1300/1564] Elapsed 27m 8s (remain 5m 29s) Loss: 0.1615(0.1442) 
Epoch: [3][1400/1564] Elapsed 29m 7s (remain 3m 23s) Loss: 0.1072(0.1418) 
Epoch: [3][1500/1564] Elapsed 31m 2s (remain 1m 18s) Loss: 0.0768(0.1434) 
EVAL: [0/196] Elapsed 0m 0s (remain 2m 11s) Loss: 0.2081(0.2081) 
EVAL: [100/196] Elapsed 0m 51s (remain 0m 48s) Loss: 0.1352(0.2099) 
EVAL: [195/196] Elapsed 1m 39s (remain 0m 0s) Loss: 0.2456(0.2249) 
Epoch 3 Step 1560 - avg_train_loss: 0.1420  avg_val_loss: 0.2317
Epoch 3 Step 1560 - Score: 0.4805
Epoch: [3][1563/1564] Elapsed 34m 3s (remain 0m 0s) Loss: 0.1325(0.1462) 
Epoch 3 - avg_train_loss: 0.1420  avg_val_loss: 0.2317  time: 2044s
Epoch 3 - Score: 0.4805
Epoch: [4][0/1564] Elapsed 0m 0s (remain 25m 20s) Loss: 0.1533(0.1533) 
Epoch: [4][100/1564] Elapsed 1m 59s (remain 28m 54s) Loss: 0.5325(0.1261) 
Epoch: [4][200/1564] Elapsed 3m 58s (remain 26m 56s) Loss: 0.1420(0.1245) 
Epoch: [4][300/1564] Elapsed 5m 55s (remain 24m 52s) Loss: 0.0243(0.1257) 
Epoch: [4][400/1564] Elapsed 7m 52s (remain 22m 50s) Loss: 0.1912(0.1211) 
Epoch: [4][500/1564] Elapsed 9m 51s (remain 20m 55s) Loss: 0.0643(0.1153) 
Epoch: [4][600/1564] Elapsed 11m 47s (remain 18m 53s) Loss: 0.1097(0.1141) 
Epoch: [4][700/1564] Elapsed 13m 43s (remain 16m 54s) Loss: 0.0528(0.1106) 
EVAL: [0/196] Elapsed 0m 0s (remain 0m 51s) Loss: 0.2125(0.2125) 
EVAL: [100/196] Elapsed 0m 52s (remain 0m 49s) Loss: 0.1867(0.1969) 
EVAL: [195/196] Elapsed 1m 41s (remain 0m 0s) Loss: 0.2721(0.2152) 
Epoch 4 Step 780 - avg_train_loss: 0.1089  avg_val_loss: 0.2209
Epoch 4 Step 780 - Score: 0.4693
Epoch: [4][800/1564] Elapsed 17m 26s (remain 16m 37s) Loss: 0.0300(0.1105) 
Epoch: [4][900/1564] Elapsed 19m 24s (remain 14m 16s) Loss: 0.0562(0.1076) 
Epoch: [4][1000/1564] Elapsed 21m 23s (remain 12m 1s) Loss: 0.0893(0.1049) 
Epoch: [4][1100/1564] Elapsed 23m 18s (remain 9m 48s) Loss: 0.2585(0.1048) 
Epoch: [4][1200/1564] Elapsed 25m 17s (remain 7m 38s) Loss: 0.2691(0.1058) 
Epoch: [4][1300/1564] Elapsed 27m 16s (remain 5m 30s) Loss: 0.0953(0.1056) 
Epoch: [4][1400/1564] Elapsed 29m 11s (remain 3m 23s) Loss: 0.0602(0.1051) 
Epoch: [4][1500/1564] Elapsed 31m 7s (remain 1m 18s) Loss: 0.2716(0.1059) 
EVAL: [0/196] Elapsed 0m 0s (remain 2m 13s) Loss: 0.1870(0.1870) 
EVAL: [100/196] Elapsed 0m 53s (remain 0m 50s) Loss: 0.2116(0.2062) 
EVAL: [195/196] Elapsed 1m 45s (remain 0m 0s) Loss: 0.1921(0.2209) 
Epoch 4 Step 1560 - avg_train_loss: 0.1046  avg_val_loss: 0.2289
Epoch 4 Step 1560 - Score: 0.4775
Epoch: [4][1563/1564] Elapsed 34m 6s (remain 0m 0s) Loss: 0.1060(0.1062) 
Epoch 4 - avg_train_loss: 0.1046  avg_val_loss: 0.2289  time: 2047s
Epoch 4 - Score: 0.4775
========== fold: 0 result ==========
Score: 0.4651
Running basic DDP example on rank 1.
Running basic DDP example on rank 0.
-------------fold:1 training-------------
Epoch: [1][0/1564] Elapsed 0m 1s (remain 37m 4s) Loss: 9.9023(9.9023) 
Epoch: [1][100/1564] Elapsed 1m 58s (remain 28m 41s) Loss: 0.0775(1.5375) 
Epoch: [1][200/1564] Elapsed 3m 54s (remain 26m 31s) Loss: 0.0698(0.9214) 
Epoch: [1][300/1564] Elapsed 5m 51s (remain 24m 33s) Loss: 0.3103(0.7044) 
Epoch: [1][400/1564] Elapsed 7m 45s (remain 22m 31s) Loss: 0.3250(0.5964) 
Epoch: [1][500/1564] Elapsed 9m 44s (remain 20m 39s) Loss: 0.1261(0.5295) 
Epoch: [1][600/1564] Elapsed 11m 42s (remain 18m 45s) Loss: 0.1829(0.4825) 
Epoch: [1][700/1564] Elapsed 13m 39s (remain 16m 48s) Loss: 0.1796(0.4464) 
We have available 2, GPUs! but using 2 GPUs
Running basic DDP example on rank 1.
Running basic DDP example on rank 0.
-------------fold:0 training-------------
Epoch: [1][0/1564] Elapsed 0m 1s (remain 36m 54s) Loss: 11.4679(11.4679) 
Epoch: [1][100/1564] Elapsed 1m 54s (remain 27m 36s) Loss: 0.7560(6.7113) 
Epoch: [1][200/1564] Elapsed 3m 49s (remain 25m 53s) Loss: 0.5340(4.3157) 
Epoch: [1][300/1564] Elapsed 5m 45s (remain 24m 8s) Loss: 0.1818(3.0483) 
Epoch: [1][400/1564] Elapsed 7m 39s (remain 22m 12s) Loss: 0.4568(2.3654) 
Epoch: [1][500/1564] Elapsed 9m 39s (remain 20m 29s) Loss: 0.1991(1.9647) 
Epoch: [1][600/1564] Elapsed 11m 37s (remain 18m 37s) Loss: 1.6865(1.7033) 
Epoch: [1][700/1564] Elapsed 13m 32s (remain 16m 40s) Loss: 0.2761(1.5066) 
EVAL: [0/196] Elapsed 0m 0s (remain 0m 43s) Loss: 0.2614(0.2614) 
EVAL: [100/196] Elapsed 0m 48s (remain 0m 46s) Loss: 0.1205(0.2420) 
EVAL: [195/196] Elapsed 1m 38s (remain 0m 0s) Loss: 0.1617(0.2503) 
Epoch 1 Step 780 - avg_train_loss: 1.3284  avg_val_loss: 0.2576
Epoch 1 Step 780 - Score: 0.5070
Epoch 1 Step 780 - Save Best Score: 0.5070 Model
Epoch: [1][800/1564] Elapsed 17m 24s (remain 16m 35s) Loss: 0.1448(1.3543) 
Epoch: [1][900/1564] Elapsed 19m 16s (remain 14m 11s) Loss: 0.1741(1.2311) 
Epoch: [1][1000/1564] Elapsed 21m 14s (remain 11m 56s) Loss: 0.2451(1.1358) 
Epoch: [1][1100/1564] Elapsed 23m 11s (remain 9m 45s) Loss: 0.3478(1.0558) 
Epoch: [1][1200/1564] Elapsed 25m 5s (remain 7m 35s) Loss: 0.2489(0.9902) 
Epoch: [1][1300/1564] Elapsed 27m 1s (remain 5m 27s) Loss: 0.2351(0.9314) 
Epoch: [1][1400/1564] Elapsed 29m 0s (remain 3m 22s) Loss: 0.1735(0.8795) 
Epoch: [1][1500/1564] Elapsed 30m 59s (remain 1m 18s) Loss: 0.1536(0.8352) 
EVAL: [0/196] Elapsed 0m 0s (remain 2m 9s) Loss: 0.2293(0.2293) 
EVAL: [100/196] Elapsed 0m 52s (remain 0m 49s) Loss: 0.1131(0.2053) 
EVAL: [195/196] Elapsed 1m 43s (remain 0m 0s) Loss: 0.1568(0.2166) 
Epoch 1 Step 1560 - avg_train_loss: 0.7877  avg_val_loss: 0.2269
Epoch 1 Step 1560 - Score: 0.4757
Epoch 1 Step 1560 - Save Best Score: 0.4757 Model
Epoch: [1][1563/1564] Elapsed 34m 2s (remain 0m 0s) Loss: 0.1559(0.8097) 
Epoch 1 - avg_train_loss: 0.7866  avg_val_loss: 0.2269  time: 2043s
Epoch 1 - Score: 0.4757
Epoch: [2][0/1564] Elapsed 0m 1s (remain 31m 27s) Loss: 0.2073(0.2073) 
Epoch: [2][100/1564] Elapsed 1m 58s (remain 28m 35s) Loss: 0.7795(0.2390) 
Epoch: [2][200/1564] Elapsed 3m 59s (remain 27m 2s) Loss: 0.9799(0.2404) 
Epoch: [2][300/1564] Elapsed 5m 56s (remain 24m 56s) Loss: 0.0658(0.2329) 
Epoch: [2][400/1564] Elapsed 7m 55s (remain 22m 59s) Loss: 0.3668(0.2276) 
Epoch: [2][500/1564] Elapsed 9m 52s (remain 20m 58s) Loss: 0.1629(0.2283) 
Epoch: [2][600/1564] Elapsed 11m 50s (remain 18m 58s) Loss: 0.5686(0.2345) 
Epoch: [2][700/1564] Elapsed 13m 47s (remain 16m 59s) Loss: 0.3047(0.2314) 
EVAL: [0/196] Elapsed 0m 0s (remain 0m 44s) Loss: 0.2217(0.2217) 
EVAL: [100/196] Elapsed 0m 52s (remain 0m 49s) Loss: 0.1068(0.1979) 
EVAL: [195/196] Elapsed 1m 42s (remain 0m 0s) Loss: 0.1546(0.2103) 
Epoch 2 Step 780 - avg_train_loss: 0.2272  avg_val_loss: 0.2206
Epoch 2 Step 780 - Score: 0.4691
Epoch 2 Step 780 - Save Best Score: 0.4691 Model
Epoch: [2][800/1564] Elapsed 17m 42s (remain 16m 52s) Loss: 0.1259(0.2338) 
Epoch: [2][900/1564] Elapsed 19m 37s (remain 14m 26s) Loss: 0.1325(0.2304) 
Epoch: [2][1000/1564] Elapsed 21m 36s (remain 12m 9s) Loss: 0.3046(0.2302) 
Epoch: [2][1100/1564] Elapsed 23m 33s (remain 9m 54s) Loss: 0.3446(0.2295) 
Epoch: [2][1200/1564] Elapsed 25m 32s (remain 7m 43s) Loss: 0.2416(0.2303) 
Epoch: [2][1300/1564] Elapsed 27m 28s (remain 5m 33s) Loss: 0.2545(0.2284) 
Epoch: [2][1400/1564] Elapsed 29m 28s (remain 3m 25s) Loss: 0.1268(0.2249) 
Epoch: [2][1500/1564] Elapsed 31m 27s (remain 1m 19s) Loss: 0.1453(0.2231) 
EVAL: [0/196] Elapsed 0m 0s (remain 2m 17s) Loss: 0.2182(0.2182) 
EVAL: [100/196] Elapsed 0m 54s (remain 0m 51s) Loss: 0.1116(0.1905) 
EVAL: [195/196] Elapsed 1m 45s (remain 0m 0s) Loss: 0.1578(0.2036) 
Epoch 2 Step 1560 - avg_train_loss: 0.2213  avg_val_loss: 0.2148
Epoch 2 Step 1560 - Score: 0.4628
Epoch 2 Step 1560 - Save Best Score: 0.4628 Model
Epoch: [2][1563/1564] Elapsed 34m 32s (remain 0m 0s) Loss: 0.1556(0.2218) 
Epoch 2 - avg_train_loss: 0.2212  avg_val_loss: 0.2148  time: 2073s
Epoch 2 - Score: 0.4628
Epoch: [3][0/1564] Elapsed 0m 1s (remain 26m 23s) Loss: 0.2128(0.2128) 
Epoch: [3][100/1564] Elapsed 1m 58s (remain 28m 34s) Loss: 0.6883(0.2129) 
Epoch: [3][200/1564] Elapsed 3m 56s (remain 26m 42s) Loss: 1.1473(0.2158) 
Epoch: [3][300/1564] Elapsed 5m 52s (remain 24m 39s) Loss: 0.0769(0.2108) 
Epoch: [3][400/1564] Elapsed 7m 50s (remain 22m 44s) Loss: 0.3477(0.2074) 
Epoch: [3][500/1564] Elapsed 9m 51s (remain 20m 55s) Loss: 0.1744(0.2087) 
Epoch: [3][600/1564] Elapsed 11m 47s (remain 18m 53s) Loss: 0.4576(0.2140) 
Epoch: [3][700/1564] Elapsed 13m 43s (remain 16m 53s) Loss: 0.2950(0.2112) 
EVAL: [0/196] Elapsed 0m 0s (remain 2m 14s) Loss: 0.2203(0.2203) 
EVAL: [100/196] Elapsed 0m 52s (remain 0m 49s) Loss: 0.1038(0.1917) 
EVAL: [195/196] Elapsed 1m 43s (remain 0m 0s) Loss: 0.1547(0.2043) 
Epoch 3 Step 780 - avg_train_loss: 0.2088  avg_val_loss: 0.2154
Epoch 3 Step 780 - Score: 0.4634
Epoch: [3][800/1564] Elapsed 17m 27s (remain 16m 37s) Loss: 0.1123(0.2140) 
Epoch: [3][900/1564] Elapsed 19m 27s (remain 14m 19s) Loss: 0.1320(0.2113) 
Epoch: [3][1000/1564] Elapsed 21m 26s (remain 12m 3s) Loss: 0.2961(0.2113) 
Epoch: [3][1100/1564] Elapsed 23m 23s (remain 9m 50s) Loss: 0.3350(0.2114) 
Epoch: [3][1200/1564] Elapsed 25m 19s (remain 7m 39s) Loss: 0.2393(0.2123) 
Epoch: [3][1300/1564] Elapsed 27m 16s (remain 5m 30s) Loss: 0.2446(0.2109) 
Epoch: [3][1400/1564] Elapsed 29m 13s (remain 3m 23s) Loss: 0.1177(0.2078) 
Epoch: [3][1500/1564] Elapsed 31m 12s (remain 1m 18s) Loss: 0.1407(0.2063) 
EVAL: [0/196] Elapsed 0m 0s (remain 2m 18s) Loss: 0.2103(0.2103) 
EVAL: [100/196] Elapsed 0m 52s (remain 0m 49s) Loss: 0.1103(0.1851) 
EVAL: [195/196] Elapsed 1m 43s (remain 0m 0s) Loss: 0.1774(0.1983) 
Epoch 3 Step 1560 - avg_train_loss: 0.2050  avg_val_loss: 0.2103
Epoch 3 Step 1560 - Score: 0.4580
Epoch 3 Step 1560 - Save Best Score: 0.4580 Model
Epoch: [3][1563/1564] Elapsed 34m 17s (remain 0m 0s) Loss: 0.1497(0.2053) 
Epoch 3 - avg_train_loss: 0.2050  avg_val_loss: 0.2103  time: 2058s
Epoch 3 - Score: 0.4580
Epoch: [4][0/1564] Elapsed 0m 1s (remain 28m 2s) Loss: 0.2189(0.2189) 
Epoch: [4][100/1564] Elapsed 1m 57s (remain 28m 25s) Loss: 0.6007(0.1963) 
Epoch: [4][200/1564] Elapsed 3m 53s (remain 26m 24s) Loss: 1.2105(0.2011) 
Epoch: [4][300/1564] Elapsed 5m 50s (remain 24m 31s) Loss: 0.0790(0.1976) 
Epoch: [4][400/1564] Elapsed 7m 47s (remain 22m 35s) Loss: 0.3296(0.1946) 
Epoch: [4][500/1564] Elapsed 9m 47s (remain 20m 45s) Loss: 0.1709(0.1957) 
Epoch: [4][600/1564] Elapsed 11m 45s (remain 18m 51s) Loss: 0.3545(0.1998) 
Epoch: [4][700/1564] Elapsed 13m 43s (remain 16m 53s) Loss: 0.2809(0.1972) 
EVAL: [0/196] Elapsed 0m 0s (remain 2m 11s) Loss: 0.2180(0.2180) 
EVAL: [100/196] Elapsed 0m 52s (remain 0m 49s) Loss: 0.1040(0.1897) 
EVAL: [195/196] Elapsed 1m 43s (remain 0m 0s) Loss: 0.1662(0.2019) 
Epoch 4 Step 780 - avg_train_loss: 0.1959  avg_val_loss: 0.2137
Epoch 4 Step 780 - Score: 0.4616
Epoch: [4][800/1564] Elapsed 17m 27s (remain 16m 37s) Loss: 0.0978(0.2001) 
Epoch: [4][900/1564] Elapsed 19m 26s (remain 14m 18s) Loss: 0.1434(0.1978) 
Epoch: [4][1000/1564] Elapsed 21m 24s (remain 12m 2s) Loss: 0.2840(0.1979) 
Epoch: [4][1100/1564] Elapsed 23m 21s (remain 9m 49s) Loss: 0.3207(0.1983) 
Epoch: [4][1200/1564] Elapsed 25m 18s (remain 7m 38s) Loss: 0.2314(0.1993) 
Epoch: [4][1300/1564] Elapsed 27m 17s (remain 5m 31s) Loss: 0.2171(0.1981) 
Epoch: [4][1400/1564] Elapsed 29m 16s (remain 3m 24s) Loss: 0.1140(0.1953) 
Epoch: [4][1500/1564] Elapsed 31m 14s (remain 1m 18s) Loss: 0.1331(0.1939) 
EVAL: [0/196] Elapsed 0m 0s (remain 2m 16s) Loss: 0.2033(0.2033) 
EVAL: [100/196] Elapsed 0m 55s (remain 0m 52s) Loss: 0.1104(0.1829) 
EVAL: [195/196] Elapsed 1m 45s (remain 0m 0s) Loss: 0.2092(0.1954) 
Epoch 4 Step 1560 - avg_train_loss: 0.1929  avg_val_loss: 0.2085
Epoch 4 Step 1560 - Score: 0.4561
Epoch 4 Step 1560 - Save Best Score: 0.4561 Model
Epoch: [4][1563/1564] Elapsed 34m 21s (remain 0m 0s) Loss: 0.1440(0.1932) 
Epoch 4 - avg_train_loss: 0.1929  avg_val_loss: 0.2085  time: 2062s
Epoch 4 - Score: 0.4561
========== fold: 0 result ==========
Score: 0.4561
Running basic DDP example on rank 0.
Running basic DDP example on rank 1.
-------------fold:1 training-------------
Epoch: [1][0/1564] Elapsed 0m 1s (remain 47m 52s) Loss: 9.9023(9.9023) 
Epoch: [1][100/1564] Elapsed 1m 56s (remain 28m 12s) Loss: 2.7154(6.3849) 
Epoch: [1][200/1564] Elapsed 3m 55s (remain 26m 34s) Loss: 0.1807(4.1286) 
Epoch: [1][300/1564] Elapsed 5m 50s (remain 24m 31s) Loss: 0.4869(2.9162) 
Epoch: [1][400/1564] Elapsed 7m 48s (remain 22m 37s) Loss: 0.1398(2.2762) 
Epoch: [1][500/1564] Elapsed 9m 44s (remain 20m 40s) Loss: 0.1229(1.8899) 
Epoch: [1][600/1564] Elapsed 11m 43s (remain 18m 47s) Loss: 0.3158(1.6318) 
Epoch: [1][700/1564] Elapsed 13m 41s (remain 16m 51s) Loss: 0.0697(1.4408) 
EVAL: [0/196] Elapsed 0m 0s (remain 2m 1s) Loss: 0.2466(0.2466) 
EVAL: [100/196] Elapsed 0m 57s (remain 0m 54s) Loss: 0.1405(0.2650) 
EVAL: [195/196] Elapsed 1m 45s (remain 0m 0s) Loss: 0.2913(0.2679) 
Epoch 1 Step 780 - avg_train_loss: 1.3198  avg_val_loss: 0.2710
Epoch 1 Step 780 - Score: 0.5194
Epoch 1 Step 780 - Save Best Score: 0.5194 Model
Epoch: [1][800/1564] Elapsed 17m 29s (remain 16m 39s) Loss: 0.2660(1.2929) 
Epoch: [1][900/1564] Elapsed 19m 26s (remain 14m 18s) Loss: 0.1170(1.1786) 
Epoch: [1][1000/1564] Elapsed 21m 24s (remain 12m 2s) Loss: 0.2072(1.0889) 
Epoch: [1][1100/1564] Elapsed 23m 22s (remain 9m 49s) Loss: 0.2132(1.0129) 
Epoch: [1][1200/1564] Elapsed 25m 20s (remain 7m 39s) Loss: 0.2169(0.9492) 
Epoch: [1][1300/1564] Elapsed 27m 19s (remain 5m 31s) Loss: 0.3088(0.8932) 
Epoch: [1][1400/1564] Elapsed 29m 17s (remain 3m 24s) Loss: 0.3875(0.8485) 
Epoch: [1][1500/1564] Elapsed 31m 15s (remain 1m 18s) Loss: 0.0601(0.8067) 
EVAL: [0/196] Elapsed 0m 0s (remain 1m 56s) Loss: 0.1596(0.1596) 
EVAL: [100/196] Elapsed 0m 51s (remain 0m 48s) Loss: 0.2922(0.2140) 
EVAL: [195/196] Elapsed 1m 38s (remain 0m 0s) Loss: 0.2633(0.2241) 
Epoch 1 Step 1560 - avg_train_loss: 0.7875  avg_val_loss: 0.2249
Epoch 1 Step 1560 - Score: 0.4736
Epoch 1 Step 1560 - Save Best Score: 0.4736 Model
Epoch: [1][1563/1564] Elapsed 34m 19s (remain 0m 0s) Loss: 0.1900(0.7850) 
Epoch 1 - avg_train_loss: 0.7864  avg_val_loss: 0.2249  time: 2059s
Epoch 1 - Score: 0.4736
Epoch: [2][0/1564] Elapsed 0m 1s (remain 31m 22s) Loss: 0.0365(0.0365) 
Epoch: [2][100/1564] Elapsed 2m 0s (remain 29m 7s) Loss: 0.0447(0.2117) 
Epoch: [2][200/1564] Elapsed 3m 58s (remain 26m 57s) Loss: 0.0911(0.2118) 
Epoch: [2][300/1564] Elapsed 5m 56s (remain 24m 57s) Loss: 0.2068(0.2120) 
Epoch: [2][400/1564] Elapsed 7m 54s (remain 22m 56s) Loss: 0.1988(0.2133) 
Epoch: [2][500/1564] Elapsed 9m 53s (remain 20m 58s) Loss: 0.0792(0.2155) 
Epoch: [2][600/1564] Elapsed 11m 51s (remain 19m 0s) Loss: 0.2411(0.2174) 
Epoch: [2][700/1564] Elapsed 13m 50s (remain 17m 2s) Loss: 0.1157(0.2167) 
EVAL: [0/196] Elapsed 0m 0s (remain 0m 25s) Loss: 0.2042(0.2042) 
EVAL: [100/196] Elapsed 0m 53s (remain 0m 50s) Loss: 0.1890(0.2186) 
EVAL: [195/196] Elapsed 1m 42s (remain 0m 0s) Loss: 0.3382(0.2214) 
Epoch 2 Step 780 - avg_train_loss: 0.2187  avg_val_loss: 0.2225
Epoch 2 Step 780 - Score: 0.4708
Epoch 2 Step 780 - Save Best Score: 0.4708 Model
Epoch: [2][800/1564] Elapsed 17m 37s (remain 16m 46s) Loss: 0.3536(0.2166) 
Epoch: [2][900/1564] Elapsed 19m 33s (remain 14m 23s) Loss: 0.1482(0.2168) 
Epoch: [2][1000/1564] Elapsed 21m 31s (remain 12m 6s) Loss: 0.1889(0.2173) 
Epoch: [2][1100/1564] Elapsed 23m 29s (remain 9m 52s) Loss: 0.1559(0.2174) 
Epoch: [2][1200/1564] Elapsed 25m 26s (remain 7m 41s) Loss: 0.2258(0.2176) 
Epoch: [2][1300/1564] Elapsed 27m 24s (remain 5m 32s) Loss: 0.3071(0.2161) 
Epoch: [2][1400/1564] Elapsed 29m 21s (remain 3m 24s) Loss: 0.3458(0.2172) 
Epoch: [2][1500/1564] Elapsed 31m 17s (remain 1m 18s) Loss: 0.0714(0.2156) 
EVAL: [0/196] Elapsed 0m 0s (remain 0m 28s) Loss: 0.1503(0.1503) 
EVAL: [100/196] Elapsed 0m 54s (remain 0m 50s) Loss: 0.3367(0.2105) 
EVAL: [195/196] Elapsed 1m 47s (remain 0m 0s) Loss: 0.2773(0.2182) 
Epoch 2 Step 1560 - avg_train_loss: 0.2193  avg_val_loss: 0.2182
Epoch 2 Step 1560 - Score: 0.4666
Epoch 2 Step 1560 - Save Best Score: 0.4666 Model
Epoch: [2][1563/1564] Elapsed 34m 26s (remain 0m 0s) Loss: 0.2286(0.2163) 
Epoch 2 - avg_train_loss: 0.2192  avg_val_loss: 0.2182  time: 2067s
Epoch 2 - Score: 0.4666
Epoch: [3][0/1564] Elapsed 0m 1s (remain 29m 36s) Loss: 0.0416(0.0416) 
Epoch: [3][100/1564] Elapsed 1m 59s (remain 28m 43s) Loss: 0.0254(0.1944) 
Epoch: [3][200/1564] Elapsed 3m 54s (remain 26m 32s) Loss: 0.0884(0.1960) 
Epoch: [3][300/1564] Elapsed 5m 52s (remain 24m 38s) Loss: 0.1983(0.1956) 
Epoch: [3][400/1564] Elapsed 7m 50s (remain 22m 44s) Loss: 0.2040(0.1971) 
Epoch: [3][500/1564] Elapsed 9m 49s (remain 20m 50s) Loss: 0.0831(0.1979) 
Epoch: [3][600/1564] Elapsed 11m 48s (remain 18m 55s) Loss: 0.2279(0.1992) 
Epoch: [3][700/1564] Elapsed 13m 42s (remain 16m 52s) Loss: 0.1230(0.1989) 
EVAL: [0/196] Elapsed 0m 0s (remain 1m 57s) Loss: 0.1913(0.1913) 
EVAL: [100/196] Elapsed 0m 56s (remain 0m 53s) Loss: 0.2020(0.2129) 
EVAL: [195/196] Elapsed 1m 46s (remain 0m 0s) Loss: 0.3369(0.2151) 
Epoch 3 Step 780 - avg_train_loss: 0.2018  avg_val_loss: 0.2160
Epoch 3 Step 780 - Score: 0.4639
Epoch 3 Step 780 - Save Best Score: 0.4639 Model
Epoch: [3][800/1564] Elapsed 17m 34s (remain 16m 44s) Loss: 0.3638(0.1994) 
Epoch: [3][900/1564] Elapsed 19m 33s (remain 14m 23s) Loss: 0.1272(0.1999) 
Epoch: [3][1000/1564] Elapsed 21m 32s (remain 12m 7s) Loss: 0.1841(0.2000) 
Epoch: [3][1100/1564] Elapsed 23m 31s (remain 9m 53s) Loss: 0.1579(0.2004) 
Epoch: [3][1200/1564] Elapsed 25m 29s (remain 7m 42s) Loss: 0.2433(0.2008) 
Epoch: [3][1300/1564] Elapsed 27m 29s (remain 5m 33s) Loss: 0.2887(0.1997) 
Epoch: [3][1400/1564] Elapsed 29m 27s (remain 3m 25s) Loss: 0.2983(0.2008) 
Epoch: [3][1500/1564] Elapsed 31m 24s (remain 1m 19s) Loss: 0.0800(0.1992) 
EVAL: [0/196] Elapsed 0m 0s (remain 0m 40s) Loss: 0.1449(0.1449) 
EVAL: [100/196] Elapsed 0m 53s (remain 0m 50s) Loss: 0.3405(0.2096) 
EVAL: [195/196] Elapsed 1m 43s (remain 0m 0s) Loss: 0.2728(0.2167) 
Epoch 3 Step 1560 - avg_train_loss: 0.2031  avg_val_loss: 0.2171
Epoch 3 Step 1560 - Score: 0.4654
Epoch: [3][1563/1564] Elapsed 34m 24s (remain 0m 0s) Loss: 0.2229(0.1999) 
Epoch 3 - avg_train_loss: 0.2030  avg_val_loss: 0.2171  time: 2064s
Epoch 3 - Score: 0.4654
Epoch: [4][0/1564] Elapsed 0m 1s (remain 30m 48s) Loss: 0.0475(0.0475) 
Epoch: [4][100/1564] Elapsed 1m 57s (remain 28m 24s) Loss: 0.0169(0.1828) 
Epoch: [4][200/1564] Elapsed 3m 53s (remain 26m 25s) Loss: 0.0827(0.1850) 
Epoch: [4][300/1564] Elapsed 5m 53s (remain 24m 43s) Loss: 0.1946(0.1837) 
Epoch: [4][400/1564] Elapsed 7m 52s (remain 22m 49s) Loss: 0.2026(0.1853) 
Epoch: [4][500/1564] Elapsed 9m 51s (remain 20m 55s) Loss: 0.0868(0.1850) 
Epoch: [4][600/1564] Elapsed 11m 49s (remain 18m 56s) Loss: 0.2184(0.1864) 
Epoch: [4][700/1564] Elapsed 13m 49s (remain 17m 1s) Loss: 0.1200(0.1863) 
EVAL: [0/196] Elapsed 0m 0s (remain 1m 55s) Loss: 0.1799(0.1799) 
EVAL: [100/196] Elapsed 0m 54s (remain 0m 51s) Loss: 0.2079(0.2105) 
EVAL: [195/196] Elapsed 1m 43s (remain 0m 0s) Loss: 0.3253(0.2127) 
Epoch 4 Step 780 - avg_train_loss: 0.1899  avg_val_loss: 0.2135
Epoch 4 Step 780 - Score: 0.4613
Epoch 4 Step 780 - Save Best Score: 0.4613 Model
Epoch: [4][800/1564] Elapsed 17m 34s (remain 16m 44s) Loss: 0.3713(0.1873) 
Epoch: [4][900/1564] Elapsed 19m 33s (remain 14m 23s) Loss: 0.1061(0.1878) 
Epoch: [4][1000/1564] Elapsed 21m 29s (remain 12m 5s) Loss: 0.1827(0.1877) 
Epoch: [4][1100/1564] Elapsed 23m 27s (remain 9m 52s) Loss: 0.1592(0.1880) 
Epoch: [4][1200/1564] Elapsed 25m 25s (remain 7m 41s) Loss: 0.2503(0.1885) 
Epoch: [4][1300/1564] Elapsed 27m 23s (remain 5m 32s) Loss: 0.2765(0.1877) 
Epoch: [4][1400/1564] Elapsed 29m 22s (remain 3m 25s) Loss: 0.2663(0.1886) 
Epoch: [4][1500/1564] Elapsed 31m 18s (remain 1m 18s) Loss: 0.0838(0.1871) 
EVAL: [0/196] Elapsed 0m 0s (remain 2m 0s) Loss: 0.1403(0.1403) 
EVAL: [100/196] Elapsed 0m 52s (remain 0m 49s) Loss: 0.3324(0.2101) 
EVAL: [195/196] Elapsed 1m 39s (remain 0m 0s) Loss: 0.2623(0.2173) 
Epoch 4 Step 1560 - avg_train_loss: 0.1908  avg_val_loss: 0.2184
Epoch 4 Step 1560 - Score: 0.4668
Epoch: [4][1563/1564] Elapsed 34m 16s (remain 0m 0s) Loss: 0.2142(0.1876) 
Epoch 4 - avg_train_loss: 0.1907  avg_val_loss: 0.2184  time: 2057s
Epoch 4 - Score: 0.4668
========== fold: 1 result ==========
Score: 0.4613
Running basic DDP example on rank 1.
Running basic DDP example on rank 0.
-------------fold:2 training-------------
Epoch: [1][0/1564] Elapsed 0m 1s (remain 46m 43s) Loss: 8.5009(8.5009) 
Epoch: [1][100/1564] Elapsed 1m 58s (remain 28m 35s) Loss: 0.2262(6.6695) 
Epoch: [1][200/1564] Elapsed 3m 57s (remain 26m 53s) Loss: 0.0712(4.3010) 
Epoch: [1][300/1564] Elapsed 5m 51s (remain 24m 34s) Loss: 0.4745(3.0197) 
Epoch: [1][400/1564] Elapsed 7m 50s (remain 22m 44s) Loss: 0.1538(2.3682) 
Epoch: [1][500/1564] Elapsed 9m 51s (remain 20m 54s) Loss: 0.1323(1.9511) 
Epoch: [1][600/1564] Elapsed 11m 50s (remain 18m 58s) Loss: 0.0712(1.6803) 
Epoch: [1][700/1564] Elapsed 13m 50s (remain 17m 1s) Loss: 0.3065(1.4861) 
EVAL: [0/196] Elapsed 0m 0s (remain 1m 0s) Loss: 0.0723(0.0723) 
EVAL: [100/196] Elapsed 0m 52s (remain 0m 48s) Loss: 0.1767(0.2728) 
EVAL: [195/196] Elapsed 1m 39s (remain 0m 0s) Loss: 0.1448(0.2823) 
Epoch 1 Step 780 - avg_train_loss: 1.3061  avg_val_loss: 0.2750
Epoch 1 Step 780 - Score: 0.5234
Epoch 1 Step 780 - Save Best Score: 0.5234 Model
Epoch: [1][800/1564] Elapsed 17m 37s (remain 16m 47s) Loss: 0.2631(1.3340) 
Epoch: [1][900/1564] Elapsed 19m 33s (remain 14m 23s) Loss: 0.2295(1.2110) 
Epoch: [1][1000/1564] Elapsed 21m 33s (remain 12m 7s) Loss: 0.2868(1.1140) 
Epoch: [1][1100/1564] Elapsed 23m 31s (remain 9m 53s) Loss: 0.2792(1.0310) 
Epoch: [1][1200/1564] Elapsed 25m 28s (remain 7m 42s) Loss: 0.1593(0.9645) 
Epoch: [1][1300/1564] Elapsed 27m 28s (remain 5m 33s) Loss: 0.1788(0.9091) 
Epoch: [1][1400/1564] Elapsed 29m 24s (remain 3m 25s) Loss: 0.1266(0.8604) 
Epoch: [1][1500/1564] Elapsed 31m 23s (remain 1m 19s) Loss: 0.3684(0.8196) 
EVAL: [0/196] Elapsed 0m 0s (remain 0m 44s) Loss: 0.1749(0.1749) 
EVAL: [100/196] Elapsed 0m 53s (remain 0m 50s) Loss: 0.2280(0.2403) 
EVAL: [195/196] Elapsed 1m 43s (remain 0m 0s) Loss: 0.1845(0.2568) 
Epoch 1 Step 1560 - avg_train_loss: 0.7723  avg_val_loss: 0.2493
Epoch 1 Step 1560 - Score: 0.4986
Epoch 1 Step 1560 - Save Best Score: 0.4986 Model
Epoch: [1][1563/1564] Elapsed 34m 38s (remain 0m 0s) Loss: 0.2554(0.7966) 
Epoch 1 - avg_train_loss: 0.7713  avg_val_loss: 0.2493  time: 2078s
Epoch 1 - Score: 0.4986
Epoch: [2][0/1564] Elapsed 0m 0s (remain 24m 22s) Loss: 0.7182(0.7182) 
Epoch: [2][100/1564] Elapsed 2m 0s (remain 29m 0s) Loss: 0.2662(0.2601) 
Epoch: [2][200/1564] Elapsed 4m 1s (remain 27m 20s) Loss: 0.2446(0.2471) 
Epoch: [2][300/1564] Elapsed 5m 58s (remain 25m 3s) Loss: 0.0965(0.2428) 
Epoch: [2][400/1564] Elapsed 7m 57s (remain 23m 4s) Loss: 0.2047(0.2447) 
Epoch: [2][500/1564] Elapsed 9m 53s (remain 20m 58s) Loss: 0.1316(0.2398) 
Epoch: [2][600/1564] Elapsed 11m 51s (remain 18m 59s) Loss: 0.1437(0.2387) 
Epoch: [2][700/1564] Elapsed 13m 49s (remain 17m 0s) Loss: 0.2284(0.2367) 
EVAL: [0/196] Elapsed 0m 0s (remain 2m 11s) Loss: 0.1422(0.1422) 
EVAL: [100/196] Elapsed 0m 53s (remain 0m 50s) Loss: 0.1878(0.2328) 
EVAL: [195/196] Elapsed 1m 42s (remain 0m 0s) Loss: 0.1524(0.2446) 
Epoch 2 Step 780 - avg_train_loss: 0.2287  avg_val_loss: 0.2334
Epoch 2 Step 780 - Score: 0.4823
Epoch 2 Step 780 - Save Best Score: 0.4823 Model
Epoch: [2][800/1564] Elapsed 17m 43s (remain 16m 52s) Loss: 0.2712(0.2345) 
Epoch: [2][900/1564] Elapsed 19m 40s (remain 14m 28s) Loss: 0.1732(0.2302) 
Epoch: [2][1000/1564] Elapsed 21m 39s (remain 12m 10s) Loss: 0.2664(0.2282) 
Epoch: [2][1100/1564] Elapsed 23m 34s (remain 9m 54s) Loss: 0.2364(0.2238) 
Epoch: [2][1200/1564] Elapsed 25m 35s (remain 7m 44s) Loss: 0.2023(0.2226) 
Epoch: [2][1300/1564] Elapsed 27m 36s (remain 5m 34s) Loss: 0.1300(0.2222) 
Epoch: [2][1400/1564] Elapsed 29m 32s (remain 3m 26s) Loss: 0.1188(0.2215) 
Epoch: [2][1500/1564] Elapsed 31m 31s (remain 1m 19s) Loss: 0.2938(0.2214) 
EVAL: [0/196] Elapsed 0m 0s (remain 2m 15s) Loss: 0.2241(0.2241) 
EVAL: [100/196] Elapsed 0m 51s (remain 0m 48s) Loss: 0.2290(0.2276) 
EVAL: [195/196] Elapsed 1m 39s (remain 0m 0s) Loss: 0.1870(0.2429) 
Epoch 2 Step 1560 - avg_train_loss: 0.2192  avg_val_loss: 0.2333
Epoch 2 Step 1560 - Score: 0.4823
Epoch 2 Step 1560 - Save Best Score: 0.4823 Model
Epoch: [2][1563/1564] Elapsed 34m 32s (remain 0m 0s) Loss: 0.2899(0.2215) 
Epoch 2 - avg_train_loss: 0.2193  avg_val_loss: 0.2333  time: 2073s
Epoch 2 - Score: 0.4823
Epoch: [3][0/1564] Elapsed 0m 1s (remain 29m 35s) Loss: 0.7196(0.7196) 
Epoch: [3][100/1564] Elapsed 1m 58s (remain 28m 37s) Loss: 0.1770(0.2367) 
Epoch: [3][200/1564] Elapsed 3m 56s (remain 26m 41s) Loss: 0.2457(0.2233) 
Epoch: [3][300/1564] Elapsed 5m 51s (remain 24m 36s) Loss: 0.0792(0.2199) 
Epoch: [3][400/1564] Elapsed 7m 48s (remain 22m 37s) Loss: 0.2219(0.2217) 
Epoch: [3][500/1564] Elapsed 9m 48s (remain 20m 48s) Loss: 0.1222(0.2190) 
Epoch: [3][600/1564] Elapsed 11m 42s (remain 18m 45s) Loss: 0.1522(0.2185) 
Epoch: [3][700/1564] Elapsed 13m 40s (remain 16m 50s) Loss: 0.2238(0.2161) 
EVAL: [0/196] Elapsed 0m 0s (remain 2m 16s) Loss: 0.1739(0.1739) 
EVAL: [100/196] Elapsed 0m 51s (remain 0m 48s) Loss: 0.1852(0.2248) 
EVAL: [195/196] Elapsed 1m 38s (remain 0m 0s) Loss: 0.1571(0.2371) 
Epoch 3 Step 780 - avg_train_loss: 0.2101  avg_val_loss: 0.2252
Epoch 3 Step 780 - Score: 0.4738
Epoch 3 Step 780 - Save Best Score: 0.4738 Model
Epoch: [3][800/1564] Elapsed 17m 36s (remain 16m 46s) Loss: 0.2502(0.2145) 
Epoch: [3][900/1564] Elapsed 19m 31s (remain 14m 22s) Loss: 0.1556(0.2112) 
Epoch: [3][1000/1564] Elapsed 21m 27s (remain 12m 4s) Loss: 0.2460(0.2098) 
Epoch: [3][1100/1564] Elapsed 23m 24s (remain 9m 50s) Loss: 0.2301(0.2064) 
Epoch: [3][1200/1564] Elapsed 25m 23s (remain 7m 40s) Loss: 0.1954(0.2056) 
Epoch: [3][1300/1564] Elapsed 27m 22s (remain 5m 32s) Loss: 0.0989(0.2053) 
Epoch: [3][1400/1564] Elapsed 29m 19s (remain 3m 24s) Loss: 0.1176(0.2051) 
Epoch: [3][1500/1564] Elapsed 31m 17s (remain 1m 18s) Loss: 0.2675(0.2051) 
EVAL: [0/196] Elapsed 0m 0s (remain 2m 16s) Loss: 0.2557(0.2557) 
EVAL: [100/196] Elapsed 0m 51s (remain 0m 48s) Loss: 0.2287(0.2256) 
EVAL: [195/196] Elapsed 1m 43s (remain 0m 0s) Loss: 0.1980(0.2399) 
Epoch 3 Step 1560 - avg_train_loss: 0.2032  avg_val_loss: 0.2289
Epoch 3 Step 1560 - Score: 0.4777
Epoch: [3][1563/1564] Elapsed 34m 16s (remain 0m 0s) Loss: 0.2921(0.2053) 
Epoch 3 - avg_train_loss: 0.2033  avg_val_loss: 0.2289  time: 2057s
Epoch 3 - Score: 0.4777
Epoch: [4][0/1564] Elapsed 0m 1s (remain 28m 55s) Loss: 0.7192(0.7192) 
Epoch: [4][100/1564] Elapsed 1m 59s (remain 28m 53s) Loss: 0.1521(0.2206) 
Epoch: [4][200/1564] Elapsed 4m 1s (remain 27m 15s) Loss: 0.2427(0.2075) 
Epoch: [4][300/1564] Elapsed 5m 56s (remain 24m 56s) Loss: 0.0681(0.2044) 
Epoch: [4][400/1564] Elapsed 7m 54s (remain 22m 54s) Loss: 0.2295(0.2063) 
Epoch: [4][500/1564] Elapsed 9m 50s (remain 20m 53s) Loss: 0.1106(0.2043) 
Epoch: [4][600/1564] Elapsed 11m 47s (remain 18m 54s) Loss: 0.1373(0.2043) 
Epoch: [4][700/1564] Elapsed 13m 48s (remain 17m 0s) Loss: 0.2097(0.2015) 
EVAL: [0/196] Elapsed 0m 0s (remain 1m 34s) Loss: 0.2024(0.2024) 
EVAL: [100/196] Elapsed 0m 54s (remain 0m 51s) Loss: 0.1833(0.2226) 
EVAL: [195/196] Elapsed 1m 45s (remain 0m 0s) Loss: 0.1664(0.2354) 
Epoch 4 Step 780 - avg_train_loss: 0.1967  avg_val_loss: 0.2228
Epoch 4 Step 780 - Score: 0.4712
Epoch 4 Step 780 - Save Best Score: 0.4712 Model
Epoch: [4][800/1564] Elapsed 17m 48s (remain 16m 57s) Loss: 0.2328(0.2002) 
Epoch: [4][900/1564] Elapsed 19m 44s (remain 14m 31s) Loss: 0.1377(0.1976) 
Epoch: [4][1000/1564] Elapsed 21m 40s (remain 12m 11s) Loss: 0.2342(0.1963) 
Epoch: [4][1100/1564] Elapsed 23m 36s (remain 9m 55s) Loss: 0.2258(0.1936) 
Epoch: [4][1200/1564] Elapsed 25m 33s (remain 7m 43s) Loss: 0.1893(0.1930) 
Epoch: [4][1300/1564] Elapsed 27m 31s (remain 5m 33s) Loss: 0.0785(0.1927) 
Epoch: [4][1400/1564] Elapsed 29m 31s (remain 3m 26s) Loss: 0.1212(0.1928) 
Epoch: [4][1500/1564] Elapsed 31m 29s (remain 1m 19s) Loss: 0.2451(0.1928) 
EVAL: [0/196] Elapsed 0m 0s (remain 2m 11s) Loss: 0.2784(0.2784) 
EVAL: [100/196] Elapsed 0m 54s (remain 0m 51s) Loss: 0.2275(0.2266) 
EVAL: [195/196] Elapsed 1m 45s (remain 0m 0s) Loss: 0.2097(0.2404) 
Epoch 4 Step 1560 - avg_train_loss: 0.1910  avg_val_loss: 0.2280
Epoch 4 Step 1560 - Score: 0.4768
Epoch: [4][1563/1564] Elapsed 34m 30s (remain 0m 0s) Loss: 0.2919(0.1929) 
Epoch 4 - avg_train_loss: 0.1911  avg_val_loss: 0.2280  time: 2070s
Epoch 4 - Score: 0.4768
========== fold: 2 result ==========
Score: 0.4712
Running basic DDP example on rank 0.
Running basic DDP example on rank 1.
-------------fold:3 training-------------
Epoch: [1][0/1564] Elapsed 0m 1s (remain 41m 1s) Loss: 7.5237(7.5237) 
Epoch: [1][100/1564] Elapsed 1m 58s (remain 28m 38s) Loss: 2.0914(6.5616) 
Epoch: [1][200/1564] Elapsed 3m 55s (remain 26m 37s) Loss: 1.1034(4.2144) 
Epoch: [1][300/1564] Elapsed 5m 54s (remain 24m 47s) Loss: 0.2212(2.9432) 
Epoch: [1][400/1564] Elapsed 7m 49s (remain 22m 40s) Loss: 0.3576(2.2998) 
Epoch: [1][500/1564] Elapsed 9m 45s (remain 20m 43s) Loss: 0.2281(1.9077) 
Epoch: [1][600/1564] Elapsed 11m 42s (remain 18m 45s) Loss: 0.3205(1.6426) 
Epoch: [1][700/1564] Elapsed 13m 38s (remain 16m 47s) Loss: 0.1801(1.4473) 
EVAL: [0/196] Elapsed 0m 0s (remain 2m 30s) Loss: 0.5469(0.5469) 
EVAL: [100/196] Elapsed 0m 54s (remain 0m 51s) Loss: 0.1488(0.2556) 
EVAL: [195/196] Elapsed 1m 43s (remain 0m 0s) Loss: 0.0811(0.2515) 
Epoch 1 Step 780 - avg_train_loss: 1.3211  avg_val_loss: 0.2647
Epoch 1 Step 780 - Score: 0.5139
Epoch 1 Step 780 - Save Best Score: 0.5139 Model
Epoch: [1][800/1564] Elapsed 17m 25s (remain 16m 35s) Loss: 0.1254(1.2956) 
Epoch: [1][900/1564] Elapsed 19m 25s (remain 14m 17s) Loss: 0.0504(1.1792) 
Epoch: [1][1000/1564] Elapsed 21m 24s (remain 12m 2s) Loss: 0.1724(1.0863) 
Epoch: [1][1100/1564] Elapsed 23m 22s (remain 9m 49s) Loss: 0.2305(1.0124) 
Epoch: [1][1200/1564] Elapsed 25m 21s (remain 7m 39s) Loss: 1.2763(0.9483) 
Epoch: [1][1300/1564] Elapsed 27m 18s (remain 5m 31s) Loss: 0.0721(0.8949) 
Epoch: [1][1400/1564] Elapsed 29m 16s (remain 3m 24s) Loss: 0.1433(0.8496) 
Epoch: [1][1500/1564] Elapsed 31m 15s (remain 1m 18s) Loss: 0.2016(0.8081) 
EVAL: [0/196] Elapsed 0m 0s (remain 1m 6s) Loss: 0.4550(0.4550) 
EVAL: [100/196] Elapsed 0m 52s (remain 0m 49s) Loss: 0.1458(0.2195) 
EVAL: [195/196] Elapsed 1m 43s (remain 0m 0s) Loss: 0.0620(0.2226) 
Epoch 1 Step 1560 - avg_train_loss: 0.7864  avg_val_loss: 0.2380
Epoch 1 Step 1560 - Score: 0.4875
Epoch 1 Step 1560 - Save Best Score: 0.4875 Model
Epoch: [1][1563/1564] Elapsed 34m 20s (remain 0m 0s) Loss: 0.1077(0.7854) 
Epoch 1 - avg_train_loss: 0.7854  avg_val_loss: 0.2380  time: 2060s
Epoch 1 - Score: 0.4875
Epoch: [2][0/1564] Elapsed 0m 0s (remain 24m 38s) Loss: 0.2319(0.2319) 
Epoch: [2][100/1564] Elapsed 2m 1s (remain 29m 23s) Loss: 0.3732(0.2793) 
Epoch: [2][200/1564] Elapsed 4m 0s (remain 27m 8s) Loss: 0.1355(0.2552) 
Epoch: [2][300/1564] Elapsed 5m 59s (remain 25m 6s) Loss: 0.1805(0.2371) 
Epoch: [2][400/1564] Elapsed 7m 56s (remain 23m 1s) Loss: 0.1309(0.2292) 
Epoch: [2][500/1564] Elapsed 9m 55s (remain 21m 3s) Loss: 0.4344(0.2279) 
Epoch: [2][600/1564] Elapsed 11m 51s (remain 19m 0s) Loss: 0.2063(0.2319) 
Epoch: [2][700/1564] Elapsed 13m 48s (remain 17m 0s) Loss: 0.1410(0.2296) 
EVAL: [0/196] Elapsed 0m 0s (remain 2m 28s) Loss: 0.3982(0.3982) 
EVAL: [100/196] Elapsed 0m 54s (remain 0m 51s) Loss: 0.1391(0.2094) 
EVAL: [195/196] Elapsed 1m 41s (remain 0m 0s) Loss: 0.0540(0.2125) 
Epoch 2 Step 780 - avg_train_loss: 0.2231  avg_val_loss: 0.2211
Epoch 2 Step 780 - Score: 0.4695
Epoch 2 Step 780 - Save Best Score: 0.4695 Model
Epoch: [2][800/1564] Elapsed 17m 35s (remain 16m 45s) Loss: 0.1092(0.2245) 
Epoch: [2][900/1564] Elapsed 19m 32s (remain 14m 22s) Loss: 0.0447(0.2230) 
Epoch: [2][1000/1564] Elapsed 21m 27s (remain 12m 4s) Loss: 0.1440(0.2221) 
Epoch: [2][1100/1564] Elapsed 23m 28s (remain 9m 52s) Loss: 0.2198(0.2231) 
Epoch: [2][1200/1564] Elapsed 25m 26s (remain 7m 41s) Loss: 0.6848(0.2216) 
Epoch: [2][1300/1564] Elapsed 27m 23s (remain 5m 32s) Loss: 0.0704(0.2217) 
Epoch: [2][1400/1564] Elapsed 29m 23s (remain 3m 25s) Loss: 0.1184(0.2219) 
Epoch: [2][1500/1564] Elapsed 31m 22s (remain 1m 19s) Loss: 0.1890(0.2208) 
EVAL: [0/196] Elapsed 0m 0s (remain 2m 33s) Loss: 0.4065(0.4065) 
EVAL: [100/196] Elapsed 0m 51s (remain 0m 48s) Loss: 0.1208(0.2056) 
EVAL: [195/196] Elapsed 1m 42s (remain 0m 0s) Loss: 0.0562(0.2092) 
Epoch 2 Step 1560 - avg_train_loss: 0.2214  avg_val_loss: 0.2229
Epoch 2 Step 1560 - Score: 0.4716
Epoch: [2][1563/1564] Elapsed 34m 20s (remain 0m 0s) Loss: 0.1005(0.2210) 
Epoch 2 - avg_train_loss: 0.2214  avg_val_loss: 0.2229  time: 2061s
Epoch 2 - Score: 0.4716
Epoch: [3][0/1564] Elapsed 0m 1s (remain 30m 44s) Loss: 0.2332(0.2332) 
Epoch: [3][100/1564] Elapsed 1m 59s (remain 28m 54s) Loss: 0.3709(0.2450) 
Epoch: [3][200/1564] Elapsed 3m 55s (remain 26m 37s) Loss: 0.1196(0.2272) 
Epoch: [3][300/1564] Elapsed 5m 54s (remain 24m 49s) Loss: 0.1696(0.2140) 
Epoch: [3][400/1564] Elapsed 7m 51s (remain 22m 48s) Loss: 0.1287(0.2090) 
Epoch: [3][500/1564] Elapsed 9m 50s (remain 20m 52s) Loss: 0.4226(0.2083) 
Epoch: [3][600/1564] Elapsed 11m 49s (remain 18m 56s) Loss: 0.2065(0.2127) 
Epoch: [3][700/1564] Elapsed 13m 45s (remain 16m 56s) Loss: 0.1155(0.2105) 
EVAL: [0/196] Elapsed 0m 0s (remain 2m 37s) Loss: 0.3824(0.3824) 
EVAL: [100/196] Elapsed 0m 57s (remain 0m 53s) Loss: 0.1224(0.2022) 
EVAL: [195/196] Elapsed 1m 48s (remain 0m 0s) Loss: 0.0515(0.2061) 
Epoch 3 Step 780 - avg_train_loss: 0.2044  avg_val_loss: 0.2141
Epoch 3 Step 780 - Score: 0.4621
Epoch 3 Step 780 - Save Best Score: 0.4621 Model
Epoch: [3][800/1564] Elapsed 17m 38s (remain 16m 47s) Loss: 0.1053(0.2064) 
Epoch: [3][900/1564] Elapsed 19m 35s (remain 14m 25s) Loss: 0.0476(0.2052) 
Epoch: [3][1000/1564] Elapsed 21m 35s (remain 12m 8s) Loss: 0.1487(0.2044) 
Epoch: [3][1100/1564] Elapsed 23m 36s (remain 9m 55s) Loss: 0.2038(0.2059) 
Epoch: [3][1200/1564] Elapsed 25m 38s (remain 7m 44s) Loss: 0.4659(0.2044) 
Epoch: [3][1300/1564] Elapsed 27m 32s (remain 5m 34s) Loss: 0.0667(0.2044) 
Epoch: [3][1400/1564] Elapsed 29m 32s (remain 3m 26s) Loss: 0.1081(0.2047) 
Epoch: [3][1500/1564] Elapsed 31m 32s (remain 1m 19s) Loss: 0.1795(0.2038) 
EVAL: [0/196] Elapsed 0m 0s (remain 2m 27s) Loss: 0.4002(0.4002) 
EVAL: [100/196] Elapsed 0m 53s (remain 0m 50s) Loss: 0.1132(0.2006) 
EVAL: [195/196] Elapsed 1m 43s (remain 0m 0s) Loss: 0.0593(0.2044) 
Epoch 3 Step 1560 - avg_train_loss: 0.2046  avg_val_loss: 0.2173
Epoch 3 Step 1560 - Score: 0.4656
Epoch: [3][1563/1564] Elapsed 34m 29s (remain 0m 0s) Loss: 0.0972(0.2042) 
Epoch 3 - avg_train_loss: 0.2047  avg_val_loss: 0.2173  time: 2069s
Epoch 3 - Score: 0.4656
Epoch: [4][0/1564] Elapsed 0m 1s (remain 28m 0s) Loss: 0.2427(0.2427) 
Epoch: [4][100/1564] Elapsed 1m 57s (remain 28m 26s) Loss: 0.3439(0.2271) 
Epoch: [4][200/1564] Elapsed 3m 54s (remain 26m 33s) Loss: 0.1096(0.2112) 
Epoch: [4][300/1564] Elapsed 5m 52s (remain 24m 37s) Loss: 0.1597(0.2005) 
Epoch: [4][400/1564] Elapsed 7m 49s (remain 22m 41s) Loss: 0.1276(0.1963) 
Epoch: [4][500/1564] Elapsed 9m 48s (remain 20m 48s) Loss: 0.4005(0.1959) 
Epoch: [4][600/1564] Elapsed 11m 45s (remain 18m 51s) Loss: 0.1834(0.1998) 
Epoch: [4][700/1564] Elapsed 13m 41s (remain 16m 51s) Loss: 0.0997(0.1977) 
EVAL: [0/196] Elapsed 0m 0s (remain 2m 16s) Loss: 0.3696(0.3696) 
EVAL: [100/196] Elapsed 0m 51s (remain 0m 48s) Loss: 0.1112(0.2004) 
EVAL: [195/196] Elapsed 1m 40s (remain 0m 0s) Loss: 0.0540(0.2044) 
Epoch 4 Step 780 - avg_train_loss: 0.1918  avg_val_loss: 0.2117
Epoch 4 Step 780 - Score: 0.4595
Epoch 4 Step 780 - Save Best Score: 0.4595 Model
Epoch: [4][800/1564] Elapsed 17m 32s (remain 16m 42s) Loss: 0.1033(0.1941) 
Epoch: [4][900/1564] Elapsed 19m 31s (remain 14m 21s) Loss: 0.0487(0.1929) 
Epoch: [4][1000/1564] Elapsed 21m 27s (remain 12m 4s) Loss: 0.1561(0.1920) 
Epoch: [4][1100/1564] Elapsed 23m 28s (remain 9m 52s) Loss: 0.1881(0.1936) 
Epoch: [4][1200/1564] Elapsed 25m 25s (remain 7m 41s) Loss: 0.3501(0.1920) 
Epoch: [4][1300/1564] Elapsed 27m 22s (remain 5m 31s) Loss: 0.0652(0.1920) 
Epoch: [4][1400/1564] Elapsed 29m 23s (remain 3m 25s) Loss: 0.1000(0.1921) 
Epoch: [4][1500/1564] Elapsed 31m 20s (remain 1m 18s) Loss: 0.1712(0.1913) 
EVAL: [0/196] Elapsed 0m 0s (remain 2m 25s) Loss: 0.4063(0.4063) 
EVAL: [100/196] Elapsed 0m 53s (remain 0m 50s) Loss: 0.1162(0.1997) 
EVAL: [195/196] Elapsed 1m 42s (remain 0m 0s) Loss: 0.0645(0.2038) 
Epoch 4 Step 1560 - avg_train_loss: 0.1924  avg_val_loss: 0.2163
Epoch 4 Step 1560 - Score: 0.4644
Epoch: [4][1563/1564] Elapsed 34m 16s (remain 0m 0s) Loss: 0.0979(0.1919) 
Epoch 4 - avg_train_loss: 0.1925  avg_val_loss: 0.2163  time: 2056s
Epoch 4 - Score: 0.4644
========== fold: 3 result ==========
Score: 0.4595
Running basic DDP example on rank 0.
Running basic DDP example on rank 1.
-------------fold:4 training-------------
Epoch: [1][0/1564] Elapsed 0m 1s (remain 41m 46s) Loss: 13.2911(13.2911) 
Epoch: [1][100/1564] Elapsed 1m 57s (remain 28m 29s) Loss: 0.7603(6.3608) 
Epoch: [1][200/1564] Elapsed 3m 52s (remain 26m 19s) Loss: 0.2991(4.1123) 
Epoch: [1][300/1564] Elapsed 5m 47s (remain 24m 19s) Loss: 0.4446(2.8885) 
Epoch: [1][400/1564] Elapsed 7m 46s (remain 22m 32s) Loss: 0.1440(2.2563) 
Epoch: [1][500/1564] Elapsed 9m 45s (remain 20m 41s) Loss: 0.0569(1.8689) 
Epoch: [1][600/1564] Elapsed 11m 41s (remain 18m 44s) Loss: 0.5463(1.6058) 
Epoch: [1][700/1564] Elapsed 13m 37s (remain 16m 46s) Loss: 0.2719(1.4111) 
EVAL: [0/196] Elapsed 0m 0s (remain 1m 56s) Loss: 0.0780(0.0780) 
EVAL: [100/196] Elapsed 0m 52s (remain 0m 49s) Loss: 0.4496(0.2679) 
EVAL: [195/196] Elapsed 1m 46s (remain 0m 0s) Loss: 0.2497(0.2644) 
Epoch 1 Step 780 - avg_train_loss: 1.3584  avg_val_loss: 0.2608
Epoch 1 Step 780 - Score: 0.5099
Epoch 1 Step 780 - Save Best Score: 0.5099 Model
Epoch: [1][800/1564] Elapsed 17m 22s (remain 16m 33s) Loss: 0.2000(1.2711) 
Epoch: [1][900/1564] Elapsed 19m 24s (remain 14m 16s) Loss: 0.0919(1.1566) 
Epoch: [1][1000/1564] Elapsed 21m 22s (remain 12m 1s) Loss: 0.1008(1.0685) 
Epoch: [1][1100/1564] Elapsed 23m 17s (remain 9m 47s) Loss: 0.1564(0.9940) 
Epoch: [1][1200/1564] Elapsed 25m 15s (remain 7m 37s) Loss: 0.1083(0.9319) 
Epoch: [1][1300/1564] Elapsed 27m 13s (remain 5m 30s) Loss: 0.4307(0.8793) 
Epoch: [1][1400/1564] Elapsed 29m 9s (remain 3m 23s) Loss: 0.4153(0.8328) 
Epoch: [1][1500/1564] Elapsed 31m 7s (remain 1m 18s) Loss: 0.4265(0.7913) 
EVAL: [0/196] Elapsed 0m 0s (remain 1m 49s) Loss: 0.0742(0.0742) 
EVAL: [100/196] Elapsed 0m 51s (remain 0m 48s) Loss: 0.2406(0.2395) 
EVAL: [195/196] Elapsed 1m 42s (remain 0m 0s) Loss: 0.3106(0.2283) 
Epoch 1 Step 1560 - avg_train_loss: 0.8051  avg_val_loss: 0.2300
Epoch 1 Step 1560 - Score: 0.4791
Epoch 1 Step 1560 - Save Best Score: 0.4791 Model
Epoch: [1][1563/1564] Elapsed 34m 15s (remain 0m 0s) Loss: 0.2103(0.7680) 
Epoch 1 - avg_train_loss: 0.8039  avg_val_loss: 0.2300  time: 2056s
Epoch 1 - Score: 0.4791
Epoch: [2][0/1564] Elapsed 0m 1s (remain 30m 49s) Loss: 0.0996(0.0996) 
Epoch: [2][100/1564] Elapsed 1m 59s (remain 28m 53s) Loss: 0.6903(0.2221) 
Epoch: [2][200/1564] Elapsed 3m 57s (remain 26m 53s) Loss: 0.1788(0.2163) 
Epoch: [2][300/1564] Elapsed 5m 52s (remain 24m 37s) Loss: 0.1157(0.2244) 
Epoch: [2][400/1564] Elapsed 7m 49s (remain 22m 40s) Loss: 0.1464(0.2270) 
Epoch: [2][500/1564] Elapsed 9m 49s (remain 20m 51s) Loss: 0.0930(0.2275) 
Epoch: [2][600/1564] Elapsed 11m 47s (remain 18m 53s) Loss: 0.2585(0.2221) 
Epoch: [2][700/1564] Elapsed 13m 45s (remain 16m 56s) Loss: 0.2243(0.2165) 
EVAL: [0/196] Elapsed 0m 0s (remain 1m 51s) Loss: 0.0969(0.0969) 
EVAL: [100/196] Elapsed 0m 54s (remain 0m 51s) Loss: 0.2477(0.2341) 
EVAL: [195/196] Elapsed 1m 46s (remain 0m 0s) Loss: 0.2732(0.2224) 
Epoch 2 Step 780 - avg_train_loss: 0.2234  avg_val_loss: 0.2229
Epoch 2 Step 780 - Score: 0.4716
Epoch 2 Step 780 - Save Best Score: 0.4716 Model
Epoch: [2][800/1564] Elapsed 17m 40s (remain 16m 50s) Loss: 0.2405(0.2171) 
Epoch: [2][900/1564] Elapsed 19m 37s (remain 14m 26s) Loss: 0.0308(0.2142) 
Epoch: [2][1000/1564] Elapsed 21m 31s (remain 12m 6s) Loss: 0.1032(0.2162) 
Epoch: [2][1100/1564] Elapsed 23m 27s (remain 9m 51s) Loss: 0.1436(0.2159) 
Epoch: [2][1200/1564] Elapsed 25m 26s (remain 7m 41s) Loss: 0.1249(0.2159) 
Epoch: [2][1300/1564] Elapsed 27m 26s (remain 5m 32s) Loss: 0.3314(0.2165) 
Epoch: [2][1400/1564] Elapsed 29m 22s (remain 3m 25s) Loss: 0.3120(0.2152) 
Epoch: [2][1500/1564] Elapsed 31m 23s (remain 1m 19s) Loss: 0.3546(0.2140) 
EVAL: [0/196] Elapsed 0m 0s (remain 1m 42s) Loss: 0.0812(0.0812) 
EVAL: [100/196] Elapsed 0m 49s (remain 0m 46s) Loss: 0.2040(0.2286) 
EVAL: [195/196] Elapsed 1m 42s (remain 0m 0s) Loss: 0.3180(0.2179) 
Epoch 2 Step 1560 - avg_train_loss: 0.2209  avg_val_loss: 0.2201
Epoch 2 Step 1560 - Score: 0.4688
Epoch 2 Step 1560 - Save Best Score: 0.4688 Model
Epoch: [2][1563/1564] Elapsed 34m 25s (remain 0m 0s) Loss: 0.1709(0.2133) 
Epoch 2 - avg_train_loss: 0.2208  avg_val_loss: 0.2201  time: 2066s
Epoch 2 - Score: 0.4688
Epoch: [3][0/1564] Elapsed 0m 1s (remain 28m 30s) Loss: 0.0892(0.0892) 
Epoch: [3][100/1564] Elapsed 1m 57s (remain 28m 17s) Loss: 0.6370(0.2087) 
Epoch: [3][200/1564] Elapsed 3m 55s (remain 26m 39s) Loss: 0.1703(0.2057) 
Epoch: [3][300/1564] Elapsed 5m 52s (remain 24m 37s) Loss: 0.1080(0.2119) 
Epoch: [3][400/1564] Elapsed 7m 51s (remain 22m 47s) Loss: 0.1522(0.2138) 
Epoch: [3][500/1564] Elapsed 9m 50s (remain 20m 53s) Loss: 0.0836(0.2133) 
Epoch: [3][600/1564] Elapsed 11m 48s (remain 18m 55s) Loss: 0.2418(0.2077) 
Epoch: [3][700/1564] Elapsed 13m 43s (remain 16m 53s) Loss: 0.2242(0.2024) 
EVAL: [0/196] Elapsed 0m 0s (remain 1m 46s) Loss: 0.1015(0.1015) 
EVAL: [100/196] Elapsed 0m 50s (remain 0m 47s) Loss: 0.2415(0.2277) 
EVAL: [195/196] Elapsed 1m 41s (remain 0m 0s) Loss: 0.2675(0.2162) 
Epoch 3 Step 780 - avg_train_loss: 0.2064  avg_val_loss: 0.2166
Epoch 3 Step 780 - Score: 0.4649
Epoch 3 Step 780 - Save Best Score: 0.4649 Model
Epoch: [3][800/1564] Elapsed 17m 34s (remain 16m 44s) Loss: 0.2376(0.2022) 
Epoch: [3][900/1564] Elapsed 19m 32s (remain 14m 23s) Loss: 0.0244(0.1994) 
Epoch: [3][1000/1564] Elapsed 21m 30s (remain 12m 5s) Loss: 0.1088(0.2011) 
Epoch: [3][1100/1564] Elapsed 23m 27s (remain 9m 51s) Loss: 0.1366(0.2007) 
Epoch: [3][1200/1564] Elapsed 25m 25s (remain 7m 40s) Loss: 0.1146(0.2006) 
Epoch: [3][1300/1564] Elapsed 27m 22s (remain 5m 32s) Loss: 0.2801(0.2013) 
Epoch: [3][1400/1564] Elapsed 29m 17s (remain 3m 24s) Loss: 0.2859(0.2001) 
Epoch: [3][1500/1564] Elapsed 31m 12s (remain 1m 18s) Loss: 0.3038(0.1993) 
EVAL: [0/196] Elapsed 0m 0s (remain 1m 47s) Loss: 0.0858(0.0858) 
EVAL: [100/196] Elapsed 0m 53s (remain 0m 50s) Loss: 0.2028(0.2241) 
EVAL: [195/196] Elapsed 1m 44s (remain 0m 0s) Loss: 0.3063(0.2142) 
Epoch 3 Step 1560 - avg_train_loss: 0.2051  avg_val_loss: 0.2161
Epoch 3 Step 1560 - Score: 0.4645
Epoch 3 Step 1560 - Save Best Score: 0.4645 Model
Epoch: [3][1563/1564] Elapsed 34m 17s (remain 0m 0s) Loss: 0.1398(0.1988) 
Epoch 3 - avg_train_loss: 0.2050  avg_val_loss: 0.2161  time: 2058s
Epoch 3 - Score: 0.4645
Epoch: [4][0/1564] Elapsed 0m 1s (remain 30m 7s) Loss: 0.0824(0.0824) 
Epoch: [4][100/1564] Elapsed 2m 0s (remain 29m 7s) Loss: 0.6084(0.1986) 
Epoch: [4][200/1564] Elapsed 3m 57s (remain 26m 50s) Loss: 0.1591(0.1970) 
Epoch: [4][300/1564] Elapsed 5m 54s (remain 24m 48s) Loss: 0.1058(0.2019) 
Epoch: [4][400/1564] Elapsed 7m 51s (remain 22m 47s) Loss: 0.1534(0.2038) 
Epoch: [4][500/1564] Elapsed 9m 49s (remain 20m 50s) Loss: 0.0743(0.2029) 
Epoch: [4][600/1564] Elapsed 11m 48s (remain 18m 54s) Loss: 0.2284(0.1973) 
Epoch: [4][700/1564] Elapsed 13m 47s (remain 16m 58s) Loss: 0.2197(0.1923) 
EVAL: [0/196] Elapsed 0m 0s (remain 1m 51s) Loss: 0.1035(0.1035) 
EVAL: [100/196] Elapsed 0m 53s (remain 0m 50s) Loss: 0.2513(0.2244) 
EVAL: [195/196] Elapsed 1m 46s (remain 0m 0s) Loss: 0.2569(0.2134) 
Epoch 4 Step 780 - avg_train_loss: 0.1950  avg_val_loss: 0.2135
Epoch 4 Step 780 - Score: 0.4616
Epoch 4 Step 780 - Save Best Score: 0.4616 Model
Epoch: [4][800/1564] Elapsed 17m 41s (remain 16m 51s) Loss: 0.2318(0.1916) 
Epoch: [4][900/1564] Elapsed 19m 38s (remain 14m 27s) Loss: 0.0220(0.1888) 
Epoch: [4][1000/1564] Elapsed 21m 37s (remain 12m 9s) Loss: 0.1231(0.1903) 
Epoch: [4][1100/1564] Elapsed 23m 36s (remain 9m 55s) Loss: 0.1311(0.1898) 
Epoch: [4][1200/1564] Elapsed 25m 33s (remain 7m 43s) Loss: 0.1115(0.1895) 
Epoch: [4][1300/1564] Elapsed 27m 30s (remain 5m 33s) Loss: 0.2323(0.1902) 
Epoch: [4][1400/1564] Elapsed 29m 28s (remain 3m 25s) Loss: 0.2611(0.1890) 
Epoch: [4][1500/1564] Elapsed 31m 24s (remain 1m 19s) Loss: 0.2569(0.1884) 
EVAL: [0/196] Elapsed 0m 0s (remain 1m 54s) Loss: 0.0875(0.0875) 
EVAL: [100/196] Elapsed 0m 50s (remain 0m 47s) Loss: 0.2166(0.2219) 
EVAL: [195/196] Elapsed 1m 39s (remain 0m 0s) Loss: 0.2814(0.2122) 
Epoch 4 Step 1560 - avg_train_loss: 0.1936  avg_val_loss: 0.2132
Epoch 4 Step 1560 - Score: 0.4614
Epoch 4 Step 1560 - Save Best Score: 0.4614 Model
Epoch: [4][1563/1564] Elapsed 34m 28s (remain 0m 0s) Loss: 0.1143(0.1881) 
Epoch 4 - avg_train_loss: 0.1936  avg_val_loss: 0.2132  time: 2069s
Epoch 4 - Score: 0.4614
========== fold: 4 result ==========
Score: 0.4614
========== CV ==========
Score: 0.4620
