We have available 2, GPUs! but using 2 GPUs
Running basic DDP example on rank 0.
Running basic DDP example on rank 1.
-------------fold:0 training-------------
Epoch: [1][0/782] Elapsed 0m 0s (remain 12m 40s) Loss: 8.6406(8.6406) 
Epoch: [1][100/782] Elapsed 1m 2s (remain 7m 2s) Loss: 6.1353(8.1596) 
Epoch: [1][200/782] Elapsed 2m 3s (remain 5m 57s) Loss: 1.2139(5.9548) 
Epoch: [1][300/782] Elapsed 3m 7s (remain 4m 59s) Loss: 2.2329(4.4794) 
EVAL: [0/98] Elapsed 0m 0s (remain 0m 54s) Loss: 0.4019(0.4019) 
EVAL: [97/98] Elapsed 0m 47s (remain 0m 0s) Loss: 0.4315(0.4657) 
Epoch 1 Step 390 - avg_train_loss: 3.5574  avg_val_loss: 0.4752
Epoch 1 Step 390 - Score: 0.6885
Epoch 1 Step 390 - Save Best Score: 0.6885 Model
Epoch: [1][400/782] Elapsed 5m 1s (remain 4m 46s) Loss: 0.2687(3.5586) 
Epoch: [1][500/782] Elapsed 6m 1s (remain 3m 22s) Loss: 0.2113(2.9437) 
Epoch: [1][600/782] Elapsed 7m 2s (remain 2m 7s) Loss: 0.1147(2.5236) 
Epoch: [1][700/782] Elapsed 8m 2s (remain 0m 55s) Loss: 0.2066(2.2143) 
EVAL: [0/98] Elapsed 0m 0s (remain 0m 56s) Loss: 0.3080(0.3080) 
EVAL: [97/98] Elapsed 0m 47s (remain 0m 0s) Loss: 0.3559(0.3137) 
Epoch 1 Step 780 - avg_train_loss: 1.9821  avg_val_loss: 0.3223
Epoch 1 Step 780 - Score: 0.5664
Epoch 1 Step 780 - Save Best Score: 0.5664 Model
Epoch: [1][781/782] Elapsed 9m 43s (remain 0m 0s) Loss: 0.2988(2.0210) 
Epoch 1 - avg_train_loss: 1.9800  avg_val_loss: 0.3223  time: 584s
Epoch 1 - Score: 0.5664
Epoch: [2][0/782] Elapsed 0m 0s (remain 7m 11s) Loss: 0.1801(0.1801) 
Epoch: [2][100/782] Elapsed 1m 2s (remain 6m 58s) Loss: 0.1131(0.3515) 
Epoch: [2][200/782] Elapsed 2m 2s (remain 5m 54s) Loss: 0.4716(0.3197) 
Epoch: [2][300/782] Elapsed 3m 3s (remain 4m 53s) Loss: 0.7732(0.3221) 
EVAL: [0/98] Elapsed 0m 0s (remain 0m 39s) Loss: 0.2003(0.2003) 
EVAL: [97/98] Elapsed 0m 43s (remain 0m 0s) Loss: 0.2629(0.2520) 
Epoch 2 Step 390 - avg_train_loss: 0.3076  avg_val_loss: 0.2631
Epoch 2 Step 390 - Score: 0.5119
Epoch 2 Step 390 - Save Best Score: 0.5119 Model
Epoch: [2][400/782] Elapsed 4m 57s (remain 4m 42s) Loss: 0.1366(0.3215) 
Epoch: [2][500/782] Elapsed 6m 1s (remain 3m 22s) Loss: 0.3078(0.3116) 
Epoch: [2][600/782] Elapsed 7m 3s (remain 2m 7s) Loss: 0.1995(0.3056) 
Epoch: [2][700/782] Elapsed 8m 7s (remain 0m 56s) Loss: 0.2040(0.2969) 
EVAL: [0/98] Elapsed 0m 0s (remain 0m 16s) Loss: 0.1826(0.1826) 
EVAL: [97/98] Elapsed 0m 47s (remain 0m 0s) Loss: 0.1837(0.2276) 
Epoch 2 Step 780 - avg_train_loss: 0.2839  avg_val_loss: 0.2426
Epoch 2 Step 780 - Score: 0.4916
Epoch 2 Step 780 - Save Best Score: 0.4916 Model
Epoch: [2][781/782] Elapsed 9m 48s (remain 0m 0s) Loss: 0.2980(0.2913) 
Epoch 2 - avg_train_loss: 0.2839  avg_val_loss: 0.2426  time: 588s
Epoch 2 - Score: 0.4916
Epoch: [3][0/782] Elapsed 0m 0s (remain 7m 28s) Loss: 0.2302(0.2302) 
Epoch: [3][100/782] Elapsed 1m 3s (remain 7m 7s) Loss: 0.2263(0.2523) 
Epoch: [3][200/782] Elapsed 2m 4s (remain 5m 59s) Loss: 0.4824(0.2398) 
Epoch: [3][300/782] Elapsed 3m 7s (remain 4m 59s) Loss: 0.5221(0.2496) 
EVAL: [0/98] Elapsed 0m 0s (remain 0m 17s) Loss: 0.1935(0.1935) 
EVAL: [97/98] Elapsed 0m 48s (remain 0m 0s) Loss: 0.1876(0.2237) 
Epoch 3 Step 390 - avg_train_loss: 0.2474  avg_val_loss: 0.2381
Epoch 3 Step 390 - Score: 0.4871
Epoch 3 Step 390 - Save Best Score: 0.4871 Model
Epoch: [3][400/782] Elapsed 5m 0s (remain 4m 45s) Loss: 0.1785(0.2537) 
Epoch: [3][500/782] Elapsed 6m 4s (remain 3m 24s) Loss: 0.3555(0.2509) 
Epoch: [3][600/782] Elapsed 7m 8s (remain 2m 8s) Loss: 0.2007(0.2509) 
Epoch: [3][700/782] Elapsed 8m 11s (remain 0m 56s) Loss: 0.1610(0.2477) 
EVAL: [0/98] Elapsed 0m 0s (remain 1m 1s) Loss: 0.1802(0.1802) 
EVAL: [97/98] Elapsed 0m 46s (remain 0m 0s) Loss: 0.1704(0.2164) 
Epoch 3 Step 780 - avg_train_loss: 0.2425  avg_val_loss: 0.2311
Epoch 3 Step 780 - Score: 0.4799
Epoch 3 Step 780 - Save Best Score: 0.4799 Model
Epoch: [3][781/782] Elapsed 9m 55s (remain 0m 0s) Loss: 0.2632(0.2454) 
Epoch 3 - avg_train_loss: 0.2425  avg_val_loss: 0.2311  time: 596s
Epoch 3 - Score: 0.4799
Epoch: [4][0/782] Elapsed 0m 0s (remain 8m 15s) Loss: 0.2315(0.2315) 
Epoch: [4][100/782] Elapsed 1m 4s (remain 7m 15s) Loss: 0.2792(0.2336) 
Epoch: [4][200/782] Elapsed 2m 8s (remain 6m 10s) Loss: 0.4612(0.2250) 
Epoch: [4][300/782] Elapsed 3m 11s (remain 5m 6s) Loss: 0.4423(0.2353) 
EVAL: [0/98] Elapsed 0m 0s (remain 0m 20s) Loss: 0.1907(0.1907) 
EVAL: [97/98] Elapsed 0m 48s (remain 0m 0s) Loss: 0.1804(0.2165) 
Epoch 4 Step 390 - avg_train_loss: 0.2348  avg_val_loss: 0.2305
Epoch 4 Step 390 - Score: 0.4792
Epoch 4 Step 390 - Save Best Score: 0.4792 Model
Epoch: [4][400/782] Elapsed 5m 11s (remain 4m 55s) Loss: 0.1909(0.2392) 
Epoch: [4][500/782] Elapsed 6m 13s (remain 3m 29s) Loss: 0.3546(0.2372) 
Epoch: [4][600/782] Elapsed 7m 17s (remain 2m 11s) Loss: 0.1957(0.2382) 
Epoch: [4][700/782] Elapsed 8m 21s (remain 0m 57s) Loss: 0.1482(0.2356) 
EVAL: [0/98] Elapsed 0m 0s (remain 0m 59s) Loss: 0.1782(0.1782) 
EVAL: [97/98] Elapsed 0m 52s (remain 0m 0s) Loss: 0.1697(0.2122) 
Epoch 4 Step 780 - avg_train_loss: 0.2320  avg_val_loss: 0.2261
Epoch 4 Step 780 - Score: 0.4748
Epoch 4 Step 780 - Save Best Score: 0.4748 Model
Epoch: [4][781/782] Elapsed 10m 5s (remain 0m 0s) Loss: 0.2493(0.2339) 
Epoch 4 - avg_train_loss: 0.2320  avg_val_loss: 0.2261  time: 606s
Epoch 4 - Score: 0.4748
========== fold: 0 result ==========
Score: 0.4748
Running basic DDP example on rank 0.
Running basic DDP example on rank 1.
-------------fold:1 training-------------
Epoch: [1][0/782] Elapsed 0m 0s (remain 12m 33s) Loss: 9.9209(9.9209) 
We have available 2, GPUs! but using 2 GPUs
Running basic DDP example on rank 0.
Running basic DDP example on rank 1.
-------------fold:0 training-------------
Epoch: [1][0/782] Elapsed 0m 0s (remain 10m 18s) Loss: 8.6406(8.6406) 
Epoch: [1][100/782] Elapsed 1m 2s (remain 6m 58s) Loss: 0.1381(1.9405) 
Epoch: [1][200/782] Elapsed 2m 1s (remain 5m 52s) Loss: 0.5674(1.1079) 
Epoch: [1][300/782] Elapsed 3m 3s (remain 4m 52s) Loss: 0.6018(0.8383) 
EVAL: [0/98] Elapsed 0m 0s (remain 0m 58s) Loss: 0.1706(0.1706) 
EVAL: [97/98] Elapsed 0m 49s (remain 0m 0s) Loss: 0.1837(0.2196) 
Epoch 1 Step 390 - avg_train_loss: 0.6781  avg_val_loss: 0.2262
Epoch 1 Step 390 - Score: 0.4749
Epoch 1 Step 390 - Save Best Score: 0.4749 Model
Epoch: [1][400/782] Elapsed 5m 1s (remain 4m 46s) Loss: 0.1663(0.6918) 
Epoch: [1][500/782] Elapsed 6m 5s (remain 3m 24s) Loss: 0.3711(0.6013) 
Epoch: [1][600/782] Elapsed 7m 7s (remain 2m 8s) Loss: 0.2856(0.5458) 
Epoch: [1][700/782] Elapsed 8m 11s (remain 0m 56s) Loss: 0.1245(0.5007) 
EVAL: [0/98] Elapsed 0m 0s (remain 0m 22s) Loss: 0.2085(0.2085) 
EVAL: [97/98] Elapsed 0m 48s (remain 0m 0s) Loss: 0.2123(0.2275) 
Epoch 1 Step 780 - avg_train_loss: 0.4618  avg_val_loss: 0.2364
Epoch 1 Step 780 - Score: 0.4851
Epoch: [1][781/782] Elapsed 9m 50s (remain 0m 0s) Loss: 0.2679(0.4731) 
Epoch 1 - avg_train_loss: 0.4615  avg_val_loss: 0.2364  time: 590s
Epoch 1 - Score: 0.4851
Epoch: [2][0/782] Elapsed 0m 0s (remain 8m 41s) Loss: 0.2118(0.2118) 
Epoch: [2][100/782] Elapsed 1m 2s (remain 7m 3s) Loss: 0.4092(0.2602) 
Epoch: [2][200/782] Elapsed 2m 7s (remain 6m 8s) Loss: 0.5358(0.2398) 
Epoch: [2][300/782] Elapsed 3m 13s (remain 5m 8s) Loss: 0.3975(0.2430) 
EVAL: [0/98] Elapsed 0m 0s (remain 0m 55s) Loss: 0.2049(0.2049) 
EVAL: [97/98] Elapsed 0m 47s (remain 0m 0s) Loss: 0.1892(0.2159) 
Epoch 2 Step 390 - avg_train_loss: 0.2326  avg_val_loss: 0.2226
Epoch 2 Step 390 - Score: 0.4710
Epoch 2 Step 390 - Save Best Score: 0.4710 Model
Epoch: [2][400/782] Elapsed 5m 11s (remain 4m 56s) Loss: 0.1585(0.2366) 
Epoch: [2][500/782] Elapsed 6m 15s (remain 3m 30s) Loss: 0.3004(0.2331) 
Epoch: [2][600/782] Elapsed 7m 17s (remain 2m 11s) Loss: 0.3245(0.2332) 
Epoch: [2][700/782] Elapsed 8m 23s (remain 0m 58s) Loss: 0.1107(0.2294) 
EVAL: [0/98] Elapsed 0m 0s (remain 1m 0s) Loss: 0.1834(0.1834) 
EVAL: [97/98] Elapsed 0m 50s (remain 0m 0s) Loss: 0.1991(0.2147) 
Epoch 2 Step 780 - avg_train_loss: 0.2263  avg_val_loss: 0.2234
Epoch 2 Step 780 - Score: 0.4720
Epoch: [2][781/782] Elapsed 10m 5s (remain 0m 0s) Loss: 0.2215(0.2274) 
Epoch 2 - avg_train_loss: 0.2263  avg_val_loss: 0.2234  time: 606s
Epoch 2 - Score: 0.4720
Epoch: [3][0/782] Elapsed 0m 0s (remain 8m 12s) Loss: 0.2049(0.2049) 
Epoch: [3][100/782] Elapsed 1m 2s (remain 6m 58s) Loss: 0.4700(0.2376) 
Epoch: [3][200/782] Elapsed 2m 5s (remain 6m 1s) Loss: 0.4656(0.2207) 
Epoch: [3][300/782] Elapsed 3m 9s (remain 5m 3s) Loss: 0.3272(0.2242) 
EVAL: [0/98] Elapsed 0m 0s (remain 0m 58s) Loss: 0.2113(0.2113) 
EVAL: [97/98] Elapsed 0m 48s (remain 0m 0s) Loss: 0.2065(0.2154) 
Epoch 3 Step 390 - avg_train_loss: 0.2141  avg_val_loss: 0.2225
Epoch 3 Step 390 - Score: 0.4709
Epoch 3 Step 390 - Save Best Score: 0.4709 Model
Epoch: [3][400/782] Elapsed 5m 4s (remain 4m 49s) Loss: 0.1471(0.2179) 
Epoch: [3][500/782] Elapsed 6m 8s (remain 3m 26s) Loss: 0.2626(0.2156) 
Epoch: [3][600/782] Elapsed 7m 12s (remain 2m 10s) Loss: 0.3163(0.2151) 
Epoch: [3][700/782] Elapsed 8m 20s (remain 0m 57s) Loss: 0.1060(0.2113) 
EVAL: [0/98] Elapsed 0m 0s (remain 0m 14s) Loss: 0.1679(0.1679) 
EVAL: [97/98] Elapsed 0m 50s (remain 0m 0s) Loss: 0.1940(0.2057) 
Epoch 3 Step 780 - avg_train_loss: 0.2089  avg_val_loss: 0.2144
Epoch 3 Step 780 - Score: 0.4624
Epoch 3 Step 780 - Save Best Score: 0.4624 Model
Epoch: [3][781/782] Elapsed 10m 2s (remain 0m 0s) Loss: 0.1972(0.2093) 
Epoch 3 - avg_train_loss: 0.2088  avg_val_loss: 0.2144  time: 603s
Epoch 3 - Score: 0.4624
Epoch: [4][0/782] Elapsed 0m 0s (remain 7m 9s) Loss: 0.2119(0.2119) 
Epoch: [4][100/782] Elapsed 1m 6s (remain 7m 28s) Loss: 0.5191(0.2153) 
Epoch: [4][200/782] Elapsed 2m 7s (remain 6m 8s) Loss: 0.4182(0.2026) 
Epoch: [4][300/782] Elapsed 3m 10s (remain 5m 4s) Loss: 0.2580(0.2060) 
EVAL: [0/98] Elapsed 0m 0s (remain 1m 2s) Loss: 0.2024(0.2024) 
EVAL: [97/98] Elapsed 0m 49s (remain 0m 0s) Loss: 0.2236(0.2097) 
Epoch 4 Step 390 - avg_train_loss: 0.1955  avg_val_loss: 0.2179
Epoch 4 Step 390 - Score: 0.4660
Epoch: [4][400/782] Elapsed 5m 3s (remain 4m 48s) Loss: 0.1404(0.1999) 
Epoch: [4][500/782] Elapsed 6m 8s (remain 3m 26s) Loss: 0.2298(0.1983) 
Epoch: [4][600/782] Elapsed 7m 11s (remain 2m 10s) Loss: 0.2349(0.1973) 
Epoch: [4][700/782] Elapsed 8m 16s (remain 0m 57s) Loss: 0.1077(0.1936) 
EVAL: [0/98] Elapsed 0m 0s (remain 0m 14s) Loss: 0.1665(0.1665) 
EVAL: [97/98] Elapsed 0m 48s (remain 0m 0s) Loss: 0.2124(0.2022) 
Epoch 4 Step 780 - avg_train_loss: 0.1906  avg_val_loss: 0.2109
Epoch 4 Step 780 - Score: 0.4586
Epoch 4 Step 780 - Save Best Score: 0.4586 Model
Epoch: [4][781/782] Elapsed 10m 2s (remain 0m 0s) Loss: 0.1762(0.1917) 
Epoch 4 - avg_train_loss: 0.1905  avg_val_loss: 0.2109  time: 603s
Epoch 4 - Score: 0.4586
Epoch: [5][0/782] Elapsed 0m 0s (remain 7m 20s) Loss: 0.2265(0.2265) 
Epoch: [5][100/782] Elapsed 1m 2s (remain 7m 3s) Loss: 0.4574(0.1934) 
Epoch: [5][200/782] Elapsed 2m 6s (remain 6m 5s) Loss: 0.3540(0.1841) 
Epoch: [5][300/782] Elapsed 3m 8s (remain 5m 1s) Loss: 0.1846(0.1868) 
EVAL: [0/98] Elapsed 0m 0s (remain 0m 57s) Loss: 0.2184(0.2184) 
EVAL: [97/98] Elapsed 0m 48s (remain 0m 0s) Loss: 0.2618(0.2133) 
Epoch 5 Step 390 - avg_train_loss: 0.1768  avg_val_loss: 0.2221
Epoch 5 Step 390 - Score: 0.4705
Epoch: [5][400/782] Elapsed 5m 3s (remain 4m 48s) Loss: 0.1359(0.1810) 
Epoch: [5][500/782] Elapsed 6m 5s (remain 3m 25s) Loss: 0.2044(0.1799) 
Epoch: [5][600/782] Elapsed 7m 6s (remain 2m 8s) Loss: 0.1580(0.1787) 
Epoch: [5][700/782] Elapsed 8m 8s (remain 0m 56s) Loss: 0.1136(0.1753) 
EVAL: [0/98] Elapsed 0m 0s (remain 0m 48s) Loss: 0.1498(0.1498) 
EVAL: [97/98] Elapsed 0m 48s (remain 0m 0s) Loss: 0.2058(0.2076) 
Epoch 5 Step 780 - avg_train_loss: 0.1722  avg_val_loss: 0.2166
Epoch 5 Step 780 - Score: 0.4647
Epoch: [5][781/782] Elapsed 9m 48s (remain 0m 0s) Loss: 0.1526(0.1738) 
Epoch 5 - avg_train_loss: 0.1721  avg_val_loss: 0.2166  time: 589s
Epoch 5 - Score: 0.4647
========== fold: 0 result ==========
Score: 0.4586
Running basic DDP example on rank 1.
Running basic DDP example on rank 0.
-------------fold:1 training-------------
Epoch: [1][0/782] Elapsed 0m 1s (remain 13m 31s) Loss: 9.9209(9.9209) 
Epoch: [1][100/782] Elapsed 1m 4s (remain 7m 12s) Loss: 1.0333(1.9922) 
Epoch: [1][200/782] Elapsed 2m 8s (remain 6m 12s) Loss: 0.3142(1.1428) 
Epoch: [1][300/782] Elapsed 3m 13s (remain 5m 9s) Loss: 0.2939(0.8502) 
EVAL: [0/98] Elapsed 0m 0s (remain 1m 0s) Loss: 0.2268(0.2268) 
EVAL: [97/98] Elapsed 0m 46s (remain 0m 0s) Loss: 0.2755(0.2445) 
Epoch 1 Step 390 - avg_train_loss: 0.7003  avg_val_loss: 0.2364
Epoch 1 Step 390 - Score: 0.4853
Epoch 1 Step 390 - Save Best Score: 0.4853 Model
Epoch: [1][400/782] Elapsed 5m 7s (remain 4m 51s) Loss: 0.2744(0.6966) 
Epoch: [1][500/782] Elapsed 6m 13s (remain 3m 29s) Loss: 0.1951(0.6106) 
Epoch: [1][600/782] Elapsed 7m 15s (remain 2m 11s) Loss: 0.2174(0.5489) 
Epoch: [1][700/782] Elapsed 8m 20s (remain 0m 57s) Loss: 0.3847(0.5049) 
EVAL: [0/98] Elapsed 0m 0s (remain 1m 0s) Loss: 0.2406(0.2406) 
EVAL: [97/98] Elapsed 0m 50s (remain 0m 0s) Loss: 0.2235(0.2505) 
Epoch 1 Step 780 - avg_train_loss: 0.4768  avg_val_loss: 0.2452
Epoch 1 Step 780 - Score: 0.4948
Epoch: [1][781/782] Elapsed 9m 59s (remain 0m 0s) Loss: 0.2180(0.4770) 
Epoch 1 - avg_train_loss: 0.4764  avg_val_loss: 0.2452  time: 600s
Epoch 1 - Score: 0.4948
Epoch: [2][0/782] Elapsed 0m 0s (remain 5m 5s) Loss: 0.1849(0.1849) 
Epoch: [2][100/782] Elapsed 1m 4s (remain 7m 13s) Loss: 0.4306(0.2178) 
Epoch: [2][200/782] Elapsed 2m 9s (remain 6m 14s) Loss: 0.2636(0.2225) 
Epoch: [2][300/782] Elapsed 3m 13s (remain 5m 8s) Loss: 0.2752(0.2214) 
EVAL: [0/98] Elapsed 0m 0s (remain 0m 17s) Loss: 0.2015(0.2015) 
EVAL: [97/98] Elapsed 0m 49s (remain 0m 0s) Loss: 0.2638(0.2218) 
Epoch 2 Step 390 - avg_train_loss: 0.2174  avg_val_loss: 0.2189
Epoch 2 Step 390 - Score: 0.4669
Epoch 2 Step 390 - Save Best Score: 0.4669 Model
Epoch: [2][400/782] Elapsed 5m 8s (remain 4m 52s) Loss: 0.3598(0.2178) 
Epoch: [2][500/782] Elapsed 6m 10s (remain 3m 27s) Loss: 0.1746(0.2188) 
Epoch: [2][600/782] Elapsed 7m 13s (remain 2m 10s) Loss: 0.2051(0.2192) 
Epoch: [2][700/782] Elapsed 8m 14s (remain 0m 57s) Loss: 0.2384(0.2183) 
EVAL: [0/98] Elapsed 0m 0s (remain 0m 56s) Loss: 0.2088(0.2088) 
EVAL: [97/98] Elapsed 0m 48s (remain 0m 0s) Loss: 0.1935(0.2318) 
Epoch 2 Step 780 - avg_train_loss: 0.2203  avg_val_loss: 0.2282
Epoch 2 Step 780 - Score: 0.4772
Epoch: [2][781/782] Elapsed 9m 56s (remain 0m 0s) Loss: 0.1559(0.2168) 
Epoch 2 - avg_train_loss: 0.2202  avg_val_loss: 0.2282  time: 596s
Epoch 2 - Score: 0.4772
Epoch: [3][0/782] Elapsed 0m 0s (remain 7m 16s) Loss: 0.1458(0.1458) 
Epoch: [3][100/782] Elapsed 1m 5s (remain 7m 19s) Loss: 0.3600(0.1979) 
Epoch: [3][200/782] Elapsed 2m 9s (remain 6m 14s) Loss: 0.2824(0.2023) 
Epoch: [3][300/782] Elapsed 3m 15s (remain 5m 13s) Loss: 0.2899(0.2008) 
EVAL: [0/98] Elapsed 0m 0s (remain 0m 20s) Loss: 0.1985(0.1985) 
EVAL: [97/98] Elapsed 0m 48s (remain 0m 0s) Loss: 0.2452(0.2168) 
Epoch 3 Step 390 - avg_train_loss: 0.1986  avg_val_loss: 0.2159
Epoch 3 Step 390 - Score: 0.4637
Epoch 3 Step 390 - Save Best Score: 0.4637 Model
Epoch: [3][400/782] Elapsed 5m 11s (remain 4m 55s) Loss: 0.3830(0.1990) 
Epoch: [3][500/782] Elapsed 6m 13s (remain 3m 29s) Loss: 0.1613(0.1995) 
Epoch: [3][600/782] Elapsed 7m 19s (remain 2m 12s) Loss: 0.1906(0.1999) 
Epoch: [3][700/782] Elapsed 8m 20s (remain 0m 57s) Loss: 0.1692(0.1989) 
EVAL: [0/98] Elapsed 0m 0s (remain 1m 3s) Loss: 0.1820(0.1820) 
EVAL: [97/98] Elapsed 0m 47s (remain 0m 0s) Loss: 0.1820(0.2266) 
Epoch 3 Step 780 - avg_train_loss: 0.2008  avg_val_loss: 0.2242
Epoch 3 Step 780 - Score: 0.4730
Epoch: [3][781/782] Elapsed 9m 56s (remain 0m 0s) Loss: 0.1164(0.1972) 
Epoch 3 - avg_train_loss: 0.2007  avg_val_loss: 0.2242  time: 597s
Epoch 3 - Score: 0.4730
Epoch: [4][0/782] Elapsed 0m 0s (remain 3m 52s) Loss: 0.1289(0.1289) 
Epoch: [4][100/782] Elapsed 1m 3s (remain 7m 10s) Loss: 0.2896(0.1832) 
Epoch: [4][200/782] Elapsed 2m 5s (remain 6m 1s) Loss: 0.2889(0.1851) 
Epoch: [4][300/782] Elapsed 3m 7s (remain 5m 0s) Loss: 0.2946(0.1820) 
EVAL: [0/98] Elapsed 0m 0s (remain 0m 17s) Loss: 0.2026(0.2026) 
EVAL: [97/98] Elapsed 0m 49s (remain 0m 0s) Loss: 0.2367(0.2186) 
Epoch 4 Step 390 - avg_train_loss: 0.1816  avg_val_loss: 0.2186
Epoch 4 Step 390 - Score: 0.4665
Epoch: [4][400/782] Elapsed 4m 59s (remain 4m 44s) Loss: 0.3457(0.1816) 
Epoch: [4][500/782] Elapsed 6m 2s (remain 3m 23s) Loss: 0.1451(0.1815) 
Epoch: [4][600/782] Elapsed 7m 6s (remain 2m 8s) Loss: 0.1754(0.1813) 
Epoch: [4][700/782] Elapsed 8m 9s (remain 0m 56s) Loss: 0.1383(0.1802) 
EVAL: [0/98] Elapsed 0m 0s (remain 0m 18s) Loss: 0.1646(0.1646) 
EVAL: [97/98] Elapsed 0m 49s (remain 0m 0s) Loss: 0.1833(0.2284) 
Epoch 4 Step 780 - avg_train_loss: 0.1823  avg_val_loss: 0.2278
Epoch 4 Step 780 - Score: 0.4766
Epoch: [4][781/782] Elapsed 9m 49s (remain 0m 0s) Loss: 0.0986(0.1783) 
Epoch 4 - avg_train_loss: 0.1822  avg_val_loss: 0.2278  time: 589s
Epoch 4 - Score: 0.4766
Epoch: [5][0/782] Elapsed 0m 0s (remain 8m 44s) Loss: 0.1265(0.1265) 
Epoch: [5][100/782] Elapsed 1m 4s (remain 7m 13s) Loss: 0.2249(0.1686) 
Epoch: [5][200/782] Elapsed 2m 4s (remain 6m 1s) Loss: 0.2684(0.1673) 
Epoch: [5][300/782] Elapsed 3m 8s (remain 5m 1s) Loss: 0.2944(0.1634) 
EVAL: [0/98] Elapsed 0m 0s (remain 1m 0s) Loss: 0.2109(0.2109) 
EVAL: [97/98] Elapsed 0m 51s (remain 0m 0s) Loss: 0.2334(0.2266) 
Epoch 5 Step 390 - avg_train_loss: 0.1641  avg_val_loss: 0.2268
Epoch 5 Step 390 - Score: 0.4750
Epoch: [5][400/782] Elapsed 5m 5s (remain 4m 50s) Loss: 0.2817(0.1637) 
Epoch: [5][500/782] Elapsed 6m 11s (remain 3m 28s) Loss: 0.1349(0.1626) 
Epoch: [5][600/782] Elapsed 7m 14s (remain 2m 10s) Loss: 0.1662(0.1618) 
Epoch: [5][700/782] Elapsed 8m 18s (remain 0m 57s) Loss: 0.1304(0.1608) 
EVAL: [0/98] Elapsed 0m 0s (remain 0m 58s) Loss: 0.1843(0.1843) 
EVAL: [97/98] Elapsed 0m 48s (remain 0m 0s) Loss: 0.2288(0.2425) 
Epoch 5 Step 780 - avg_train_loss: 0.1633  avg_val_loss: 0.2430
Epoch 5 Step 780 - Score: 0.4920
Epoch: [5][781/782] Elapsed 9m 58s (remain 0m 0s) Loss: 0.1132(0.1595) 
Epoch 5 - avg_train_loss: 0.1633  avg_val_loss: 0.2430  time: 599s
Epoch 5 - Score: 0.4920
========== fold: 1 result ==========
Score: 0.4637
Running basic DDP example on rank 0.
Running basic DDP example on rank 1.
-------------fold:2 training-------------
Epoch: [1][0/782] Elapsed 0m 0s (remain 7m 45s) Loss: 5.0301(5.0301) 
Epoch: [1][100/782] Elapsed 1m 0s (remain 6m 51s) Loss: 0.2327(1.9458) 
Epoch: [1][200/782] Elapsed 2m 5s (remain 6m 1s) Loss: 0.2428(1.1191) 
Epoch: [1][300/782] Elapsed 3m 11s (remain 5m 5s) Loss: 0.2108(0.8351) 
EVAL: [0/98] Elapsed 0m 0s (remain 0m 20s) Loss: 0.2275(0.2275) 
EVAL: [97/98] Elapsed 0m 46s (remain 0m 0s) Loss: 0.1646(0.2574) 
Epoch 1 Step 390 - avg_train_loss: 0.6718  avg_val_loss: 0.2529
Epoch 1 Step 390 - Score: 0.5016
Epoch 1 Step 390 - Save Best Score: 0.5016 Model
Epoch: [1][400/782] Elapsed 5m 7s (remain 4m 52s) Loss: 0.4354(0.6942) 
Epoch: [1][500/782] Elapsed 6m 11s (remain 3m 28s) Loss: 0.2587(0.6021) 
Epoch: [1][600/782] Elapsed 7m 14s (remain 2m 10s) Loss: 0.3831(0.5400) 
Epoch: [1][700/782] Elapsed 8m 14s (remain 0m 57s) Loss: 0.3567(0.4970) 
EVAL: [0/98] Elapsed 0m 0s (remain 1m 1s) Loss: 0.1618(0.1618) 
EVAL: [97/98] Elapsed 0m 49s (remain 0m 0s) Loss: 0.1555(0.2473) 
Epoch 1 Step 780 - avg_train_loss: 0.4555  avg_val_loss: 0.2409
Epoch 1 Step 780 - Score: 0.4900
Epoch 1 Step 780 - Save Best Score: 0.4900 Model
Epoch: [1][781/782] Elapsed 9m 57s (remain 0m 0s) Loss: 0.2195(0.4710) 
Epoch 1 - avg_train_loss: 0.4551  avg_val_loss: 0.2409  time: 598s
Epoch 1 - Score: 0.4900
Epoch: [2][0/782] Elapsed 0m 0s (remain 8m 54s) Loss: 0.7516(0.7516) 
Epoch: [2][100/782] Elapsed 1m 4s (remain 7m 14s) Loss: 0.1927(0.2507) 
Epoch: [2][200/782] Elapsed 2m 8s (remain 6m 12s) Loss: 0.2526(0.2388) 
Epoch: [2][300/782] Elapsed 3m 12s (remain 5m 7s) Loss: 0.2083(0.2348) 
EVAL: [0/98] Elapsed 0m 0s (remain 0m 58s) Loss: 0.2191(0.2191) 
EVAL: [97/98] Elapsed 0m 49s (remain 0m 0s) Loss: 0.1494(0.2419) 
Epoch 2 Step 390 - avg_train_loss: 0.2298  avg_val_loss: 0.2366
Epoch 2 Step 390 - Score: 0.4854
Epoch 2 Step 390 - Save Best Score: 0.4854 Model
Epoch: [2][400/782] Elapsed 5m 8s (remain 4m 53s) Loss: 0.3934(0.2348) 
Epoch: [2][500/782] Elapsed 6m 5s (remain 3m 25s) Loss: 0.2509(0.2316) 
Epoch: [2][600/782] Elapsed 7m 9s (remain 2m 9s) Loss: 0.2802(0.2280) 
Epoch: [2][700/782] Elapsed 8m 10s (remain 0m 56s) Loss: 0.3279(0.2263) 
EVAL: [0/98] Elapsed 0m 0s (remain 1m 5s) Loss: 0.1692(0.1692) 
EVAL: [97/98] Elapsed 0m 44s (remain 0m 0s) Loss: 0.1376(0.2461) 
Epoch 2 Step 780 - avg_train_loss: 0.2230  avg_val_loss: 0.2381
Epoch 2 Step 780 - Score: 0.4872
Epoch: [2][781/782] Elapsed 9m 46s (remain 0m 0s) Loss: 0.2139(0.2260) 
Epoch 2 - avg_train_loss: 0.2229  avg_val_loss: 0.2381  time: 586s
Epoch 2 - Score: 0.4872
Epoch: [3][0/782] Elapsed 0m 0s (remain 9m 23s) Loss: 0.7369(0.7369) 
Epoch: [3][100/782] Elapsed 1m 5s (remain 7m 18s) Loss: 0.1855(0.2302) 
Epoch: [3][200/782] Elapsed 2m 7s (remain 6m 7s) Loss: 0.2430(0.2180) 
Epoch: [3][300/782] Elapsed 3m 11s (remain 5m 6s) Loss: 0.1975(0.2157) 
EVAL: [0/98] Elapsed 0m 0s (remain 0m 50s) Loss: 0.2220(0.2220) 
EVAL: [97/98] Elapsed 0m 44s (remain 0m 0s) Loss: 0.1413(0.2366) 
Epoch 3 Step 390 - avg_train_loss: 0.2111  avg_val_loss: 0.2306
Epoch 3 Step 390 - Score: 0.4791
Epoch 3 Step 390 - Save Best Score: 0.4791 Model
Epoch: [3][400/782] Elapsed 5m 9s (remain 4m 54s) Loss: 0.3641(0.2156) 
Epoch: [3][500/782] Elapsed 6m 11s (remain 3m 28s) Loss: 0.2319(0.2139) 
Epoch: [3][600/782] Elapsed 7m 15s (remain 2m 11s) Loss: 0.2357(0.2108) 
Epoch: [3][700/782] Elapsed 8m 18s (remain 0m 57s) Loss: 0.3179(0.2093) 
EVAL: [0/98] Elapsed 0m 0s (remain 1m 4s) Loss: 0.1734(0.1734) 
EVAL: [97/98] Elapsed 0m 50s (remain 0m 0s) Loss: 0.1305(0.2445) 
Epoch 3 Step 780 - avg_train_loss: 0.2061  avg_val_loss: 0.2365
Epoch 3 Step 780 - Score: 0.4855
Epoch: [3][781/782] Elapsed 9m 58s (remain 0m 0s) Loss: 0.1949(0.2090) 
Epoch 3 - avg_train_loss: 0.2061  avg_val_loss: 0.2365  time: 599s
Epoch 3 - Score: 0.4855
Epoch: [4][0/782] Elapsed 0m 0s (remain 8m 35s) Loss: 0.6930(0.6930) 
Epoch: [4][100/782] Elapsed 1m 4s (remain 7m 16s) Loss: 0.1868(0.2124) 
Epoch: [4][200/782] Elapsed 2m 7s (remain 6m 8s) Loss: 0.2331(0.2001) 
Epoch: [4][300/782] Elapsed 3m 9s (remain 5m 3s) Loss: 0.1723(0.1990) 
EVAL: [0/98] Elapsed 0m 0s (remain 1m 3s) Loss: 0.2176(0.2176) 
EVAL: [97/98] Elapsed 0m 47s (remain 0m 0s) Loss: 0.1387(0.2325) 
Epoch 4 Step 390 - avg_train_loss: 0.1951  avg_val_loss: 0.2262
Epoch 4 Step 390 - Score: 0.4745
Epoch 4 Step 390 - Save Best Score: 0.4745 Model
Epoch: [4][400/782] Elapsed 5m 11s (remain 4m 55s) Loss: 0.3397(0.1982) 
Epoch: [4][500/782] Elapsed 6m 12s (remain 3m 29s) Loss: 0.2104(0.1977) 
Epoch: [4][600/782] Elapsed 7m 18s (remain 2m 12s) Loss: 0.2144(0.1949) 
Epoch: [4][700/782] Elapsed 8m 21s (remain 0m 57s) Loss: 0.3066(0.1934) 
EVAL: [0/98] Elapsed 0m 0s (remain 1m 1s) Loss: 0.1779(0.1779) 
EVAL: [97/98] Elapsed 0m 49s (remain 0m 0s) Loss: 0.1307(0.2440) 
Epoch 4 Step 780 - avg_train_loss: 0.1908  avg_val_loss: 0.2365
Epoch 4 Step 780 - Score: 0.4856
Epoch: [4][781/782] Elapsed 10m 2s (remain 0m 0s) Loss: 0.1738(0.1931) 
Epoch 4 - avg_train_loss: 0.1908  avg_val_loss: 0.2365  time: 603s
Epoch 4 - Score: 0.4856
Epoch: [5][0/782] Elapsed 0m 0s (remain 6m 49s) Loss: 0.7043(0.7043) 
Epoch: [5][100/782] Elapsed 1m 2s (remain 7m 4s) Loss: 0.1983(0.1964) 
Epoch: [5][200/782] Elapsed 2m 8s (remain 6m 10s) Loss: 0.2256(0.1840) 
Epoch: [5][300/782] Elapsed 3m 9s (remain 5m 2s) Loss: 0.1527(0.1830) 
EVAL: [0/98] Elapsed 0m 0s (remain 0m 17s) Loss: 0.2075(0.2075) 
EVAL: [97/98] Elapsed 0m 49s (remain 0m 0s) Loss: 0.1398(0.2299) 
Epoch 5 Step 390 - avg_train_loss: 0.1794  avg_val_loss: 0.2238
Epoch 5 Step 390 - Score: 0.4720
Epoch 5 Step 390 - Save Best Score: 0.4720 Model
Epoch: [5][400/782] Elapsed 5m 5s (remain 4m 50s) Loss: 0.2973(0.1813) 
Epoch: [5][500/782] Elapsed 6m 7s (remain 3m 26s) Loss: 0.1866(0.1815) 
Epoch: [5][600/782] Elapsed 7m 9s (remain 2m 9s) Loss: 0.2058(0.1790) 
Epoch: [5][700/782] Elapsed 8m 14s (remain 0m 57s) Loss: 0.2997(0.1774) 
EVAL: [0/98] Elapsed 0m 0s (remain 1m 2s) Loss: 0.2071(0.2071) 
EVAL: [97/98] Elapsed 0m 45s (remain 0m 0s) Loss: 0.1467(0.2586) 
Epoch 5 Step 780 - avg_train_loss: 0.1752  avg_val_loss: 0.2517
Epoch 5 Step 780 - Score: 0.5010
Epoch: [5][781/782] Elapsed 9m 53s (remain 0m 0s) Loss: 0.1645(0.1771) 
Epoch 5 - avg_train_loss: 0.1751  avg_val_loss: 0.2517  time: 593s
Epoch 5 - Score: 0.5010
========== fold: 2 result ==========
Score: 0.4720
Running basic DDP example on rank 0.
Running basic DDP example on rank 1.
-------------fold:3 training-------------
Epoch: [1][0/782] Elapsed 0m 0s (remain 12m 46s) Loss: 9.0914(9.0914) 
Epoch: [1][100/782] Elapsed 1m 4s (remain 7m 12s) Loss: 0.1675(1.8897) 
Epoch: [1][200/782] Elapsed 2m 6s (remain 6m 4s) Loss: 0.1056(1.0731) 
Epoch: [1][300/782] Elapsed 3m 7s (remain 5m 0s) Loss: 0.2282(0.8152) 
EVAL: [0/98] Elapsed 0m 0s (remain 0m 30s) Loss: 0.3916(0.3916) 
EVAL: [97/98] Elapsed 0m 47s (remain 0m 0s) Loss: 0.1046(0.2239) 
Epoch 1 Step 390 - avg_train_loss: 0.6742  avg_val_loss: 0.2392
Epoch 1 Step 390 - Score: 0.4880
Epoch 1 Step 390 - Save Best Score: 0.4880 Model
Epoch: [1][400/782] Elapsed 4m 57s (remain 4m 42s) Loss: 0.1587(0.6703) 
Epoch: [1][500/782] Elapsed 6m 0s (remain 3m 22s) Loss: 0.0963(0.5841) 
Epoch: [1][600/782] Elapsed 7m 6s (remain 2m 8s) Loss: 0.4525(0.5278) 
Epoch: [1][700/782] Elapsed 8m 9s (remain 0m 56s) Loss: 0.2123(0.4889) 
EVAL: [0/98] Elapsed 0m 0s (remain 0m 22s) Loss: 0.4071(0.4071) 
EVAL: [97/98] Elapsed 0m 48s (remain 0m 0s) Loss: 0.1376(0.2373) 
Epoch 1 Step 780 - avg_train_loss: 0.4627  avg_val_loss: 0.2509
Epoch 1 Step 780 - Score: 0.5000
Epoch: [1][781/782] Elapsed 9m 46s (remain 0m 0s) Loss: 0.1114(0.4632) 
Epoch 1 - avg_train_loss: 0.4623  avg_val_loss: 0.2509  time: 587s
Epoch 1 - Score: 0.5000
Epoch: [2][0/782] Elapsed 0m 0s (remain 8m 51s) Loss: 0.1219(0.1219) 
Epoch: [2][100/782] Elapsed 1m 5s (remain 7m 22s) Loss: 0.1932(0.2493) 
Epoch: [2][200/782] Elapsed 2m 8s (remain 6m 12s) Loss: 0.1037(0.2251) 
Epoch: [2][300/782] Elapsed 3m 11s (remain 5m 6s) Loss: 0.2279(0.2313) 
EVAL: [0/98] Elapsed 0m 0s (remain 0m 35s) Loss: 0.3712(0.3712) 
EVAL: [97/98] Elapsed 0m 48s (remain 0m 0s) Loss: 0.1074(0.2114) 
Epoch 2 Step 390 - avg_train_loss: 0.2274  avg_val_loss: 0.2207
Epoch 2 Step 390 - Score: 0.4686
Epoch 2 Step 390 - Save Best Score: 0.4686 Model
Epoch: [2][400/782] Elapsed 5m 3s (remain 4m 48s) Loss: 0.1102(0.2256) 
Epoch: [2][500/782] Elapsed 6m 7s (remain 3m 26s) Loss: 0.0984(0.2240) 
Epoch: [2][600/782] Elapsed 7m 9s (remain 2m 9s) Loss: 0.3448(0.2229) 
Epoch: [2][700/782] Elapsed 8m 14s (remain 0m 57s) Loss: 0.1786(0.2232) 
EVAL: [0/98] Elapsed 0m 0s (remain 1m 0s) Loss: 0.4403(0.4403) 
EVAL: [97/98] Elapsed 0m 48s (remain 0m 0s) Loss: 0.1474(0.2342) 
Epoch 2 Step 780 - avg_train_loss: 0.2270  avg_val_loss: 0.2445
Epoch 2 Step 780 - Score: 0.4938
Epoch: [2][781/782] Elapsed 9m 55s (remain 0m 0s) Loss: 0.1058(0.2233) 
Epoch 2 - avg_train_loss: 0.2269  avg_val_loss: 0.2445  time: 596s
Epoch 2 - Score: 0.4938
Epoch: [3][0/782] Elapsed 0m 0s (remain 5m 20s) Loss: 0.1054(0.1054) 
Epoch: [3][100/782] Elapsed 1m 4s (remain 7m 15s) Loss: 0.1619(0.2265) 
Epoch: [3][200/782] Elapsed 2m 6s (remain 6m 5s) Loss: 0.1009(0.2086) 
Epoch: [3][300/782] Elapsed 3m 10s (remain 5m 4s) Loss: 0.1907(0.2145) 
EVAL: [0/98] Elapsed 0m 0s (remain 1m 2s) Loss: 0.3672(0.3672) 
EVAL: [97/98] Elapsed 0m 50s (remain 0m 0s) Loss: 0.1131(0.2076) 
Epoch 3 Step 390 - avg_train_loss: 0.2100  avg_val_loss: 0.2141
Epoch 3 Step 390 - Score: 0.4617
Epoch 3 Step 390 - Save Best Score: 0.4617 Model
Epoch: [3][400/782] Elapsed 5m 4s (remain 4m 49s) Loss: 0.0910(0.2088) 
Epoch: [3][500/782] Elapsed 6m 7s (remain 3m 25s) Loss: 0.0972(0.2070) 
Epoch: [3][600/782] Elapsed 7m 10s (remain 2m 9s) Loss: 0.2485(0.2062) 
Epoch: [3][700/782] Elapsed 8m 14s (remain 0m 57s) Loss: 0.1451(0.2061) 
EVAL: [0/98] Elapsed 0m 0s (remain 1m 2s) Loss: 0.4703(0.4703) 
EVAL: [97/98] Elapsed 0m 48s (remain 0m 0s) Loss: 0.1519(0.2288) 
Epoch 3 Step 780 - avg_train_loss: 0.2097  avg_val_loss: 0.2381
Epoch 3 Step 780 - Score: 0.4875
Epoch: [3][781/782] Elapsed 9m 56s (remain 0m 0s) Loss: 0.0997(0.2062) 
Epoch 3 - avg_train_loss: 0.2096  avg_val_loss: 0.2381  time: 597s
Epoch 3 - Score: 0.4875
Epoch: [4][0/782] Elapsed 0m 0s (remain 8m 47s) Loss: 0.0990(0.0990) 
Epoch: [4][100/782] Elapsed 1m 4s (remain 7m 18s) Loss: 0.1387(0.2089) 
Epoch: [4][200/782] Elapsed 2m 7s (remain 6m 9s) Loss: 0.1006(0.1956) 
Epoch: [4][300/782] Elapsed 3m 11s (remain 5m 5s) Loss: 0.1532(0.1998) 
EVAL: [0/98] Elapsed 0m 0s (remain 1m 2s) Loss: 0.3493(0.3493) 
EVAL: [97/98] Elapsed 0m 49s (remain 0m 0s) Loss: 0.1181(0.2068) 
Epoch 4 Step 390 - avg_train_loss: 0.1954  avg_val_loss: 0.2112
Epoch 4 Step 390 - Score: 0.4587
Epoch 4 Step 390 - Save Best Score: 0.4587 Model
Epoch: [4][400/782] Elapsed 5m 2s (remain 4m 47s) Loss: 0.0766(0.1944) 
Epoch: [4][500/782] Elapsed 6m 5s (remain 3m 25s) Loss: 0.0972(0.1917) 
Epoch: [4][600/782] Elapsed 7m 8s (remain 2m 9s) Loss: 0.1819(0.1912) 
Epoch: [4][700/782] Elapsed 8m 15s (remain 0m 57s) Loss: 0.1240(0.1910) 
EVAL: [0/98] Elapsed 0m 0s (remain 0m 21s) Loss: 0.5188(0.5188) 
EVAL: [97/98] Elapsed 0m 49s (remain 0m 0s) Loss: 0.1492(0.2286) 
Epoch 4 Step 780 - avg_train_loss: 0.1942  avg_val_loss: 0.2380
Epoch 4 Step 780 - Score: 0.4875
Epoch: [4][781/782] Elapsed 9m 55s (remain 0m 0s) Loss: 0.0988(0.1911) 
Epoch 4 - avg_train_loss: 0.1941  avg_val_loss: 0.2380  time: 596s
Epoch 4 - Score: 0.4875
Epoch: [5][0/782] Elapsed 0m 0s (remain 8m 17s) Loss: 0.0905(0.0905) 
Epoch: [5][100/782] Elapsed 1m 3s (remain 7m 9s) Loss: 0.1114(0.1908) 
Epoch: [5][200/782] Elapsed 2m 4s (remain 5m 59s) Loss: 0.0991(0.1820) 
Epoch: [5][300/782] Elapsed 3m 5s (remain 4m 56s) Loss: 0.1174(0.1848) 
EVAL: [0/98] Elapsed 0m 0s (remain 0m 21s) Loss: 0.3111(0.3111) 
EVAL: [97/98] Elapsed 0m 48s (remain 0m 0s) Loss: 0.1255(0.2140) 
Epoch 5 Step 390 - avg_train_loss: 0.1808  avg_val_loss: 0.2167
Epoch 5 Step 390 - Score: 0.4648
Epoch: [5][400/782] Elapsed 4m 56s (remain 4m 41s) Loss: 0.0669(0.1798) 
Epoch: [5][500/782] Elapsed 6m 0s (remain 3m 22s) Loss: 0.0990(0.1762) 
Epoch: [5][600/782] Elapsed 7m 5s (remain 2m 8s) Loss: 0.1207(0.1756) 
Epoch: [5][700/782] Elapsed 8m 9s (remain 0m 56s) Loss: 0.1175(0.1756) 
EVAL: [0/98] Elapsed 0m 0s (remain 1m 2s) Loss: 0.5588(0.5588) 
EVAL: [97/98] Elapsed 0m 48s (remain 0m 0s) Loss: 0.1405(0.2316) 
Epoch 5 Step 780 - avg_train_loss: 0.1784  avg_val_loss: 0.2413
Epoch 5 Step 780 - Score: 0.4910
Epoch: [5][781/782] Elapsed 9m 50s (remain 0m 0s) Loss: 0.0988(0.1754) 
Epoch 5 - avg_train_loss: 0.1783  avg_val_loss: 0.2413  time: 591s
Epoch 5 - Score: 0.4910
========== fold: 3 result ==========
Score: 0.4587
Running basic DDP example on rank 0.
Running basic DDP example on rank 1.
-------------fold:4 training-------------
Epoch: [1][0/782] Elapsed 0m 1s (remain 13m 15s) Loss: 12.5735(12.5735) 
Epoch: [1][100/782] Elapsed 1m 5s (remain 7m 22s) Loss: 0.3280(1.9962) 
Epoch: [1][200/782] Elapsed 2m 9s (remain 6m 13s) Loss: 0.1963(1.1455) 
Epoch: [1][300/782] Elapsed 3m 12s (remain 5m 6s) Loss: 0.2906(0.8451) 
EVAL: [0/98] Elapsed 0m 0s (remain 0m 57s) Loss: 0.1505(0.1505) 
EVAL: [97/98] Elapsed 0m 47s (remain 0m 0s) Loss: 0.1782(0.2526) 
Epoch 1 Step 390 - avg_train_loss: 0.7058  avg_val_loss: 0.2499
Epoch 1 Step 390 - Score: 0.4996
Epoch 1 Step 390 - Save Best Score: 0.4996 Model
Epoch: [1][400/782] Elapsed 5m 7s (remain 4m 51s) Loss: 0.3952(0.6965) 
Epoch: [1][500/782] Elapsed 6m 9s (remain 3m 27s) Loss: 0.1115(0.6067) 
Epoch: [1][600/782] Elapsed 7m 13s (remain 2m 10s) Loss: 0.1801(0.5455) 
Epoch: [1][700/782] Elapsed 8m 17s (remain 0m 57s) Loss: 0.2729(0.5013) 
EVAL: [0/98] Elapsed 0m 0s (remain 0m 58s) Loss: 0.1257(0.1257) 
EVAL: [97/98] Elapsed 0m 48s (remain 0m 0s) Loss: 0.2131(0.2365) 
Epoch 1 Step 780 - avg_train_loss: 0.4766  avg_val_loss: 0.2400
Epoch 1 Step 780 - Score: 0.4895
Epoch 1 Step 780 - Save Best Score: 0.4895 Model
Epoch: [1][781/782] Elapsed 9m 58s (remain 0m 0s) Loss: 0.1622(0.4726) 
Epoch 1 - avg_train_loss: 0.4762  avg_val_loss: 0.2400  time: 599s
Epoch 1 - Score: 0.4895
Epoch: [2][0/782] Elapsed 0m 0s (remain 3m 16s) Loss: 0.1495(0.1495) 
Epoch: [2][100/782] Elapsed 1m 4s (remain 7m 11s) Loss: 0.1715(0.2264) 
Epoch: [2][200/782] Elapsed 2m 8s (remain 6m 10s) Loss: 0.2503(0.2376) 
Epoch: [2][300/782] Elapsed 3m 11s (remain 5m 6s) Loss: 0.2388(0.2291) 
EVAL: [0/98] Elapsed 0m 0s (remain 0m 58s) Loss: 0.1291(0.1291) 
EVAL: [97/98] Elapsed 0m 46s (remain 0m 0s) Loss: 0.1694(0.2320) 
Epoch 2 Step 390 - avg_train_loss: 0.2288  avg_val_loss: 0.2311
Epoch 2 Step 390 - Score: 0.4804
Epoch 2 Step 390 - Save Best Score: 0.4804 Model
Epoch: [2][400/782] Elapsed 5m 9s (remain 4m 53s) Loss: 0.3240(0.2259) 
Epoch: [2][500/782] Elapsed 6m 11s (remain 3m 28s) Loss: 0.1219(0.2242) 
Epoch: [2][600/782] Elapsed 7m 11s (remain 2m 10s) Loss: 0.1501(0.2228) 
Epoch: [2][700/782] Elapsed 8m 19s (remain 0m 57s) Loss: 0.2548(0.2225) 
EVAL: [0/98] Elapsed 0m 0s (remain 0m 17s) Loss: 0.1183(0.1183) 
EVAL: [97/98] Elapsed 0m 50s (remain 0m 0s) Loss: 0.2161(0.2329) 
Epoch 2 Step 780 - avg_train_loss: 0.2264  avg_val_loss: 0.2358
Epoch 2 Step 780 - Score: 0.4853
Epoch: [2][781/782] Elapsed 9m 59s (remain 0m 0s) Loss: 0.1409(0.2211) 
Epoch 2 - avg_train_loss: 0.2263  avg_val_loss: 0.2358  time: 599s
Epoch 2 - Score: 0.4853
Epoch: [3][0/782] Elapsed 0m 0s (remain 8m 47s) Loss: 0.1637(0.1637) 
Epoch: [3][100/782] Elapsed 1m 3s (remain 7m 6s) Loss: 0.1658(0.2135) 
Epoch: [3][200/782] Elapsed 2m 7s (remain 6m 9s) Loss: 0.2167(0.2201) 
Epoch: [3][300/782] Elapsed 3m 13s (remain 5m 9s) Loss: 0.2008(0.2121) 
EVAL: [0/98] Elapsed 0m 0s (remain 0m 59s) Loss: 0.1253(0.1253) 
EVAL: [97/98] Elapsed 0m 49s (remain 0m 0s) Loss: 0.1777(0.2258) 
Epoch 3 Step 390 - avg_train_loss: 0.2103  avg_val_loss: 0.2252
Epoch 3 Step 390 - Score: 0.4743
Epoch 3 Step 390 - Save Best Score: 0.4743 Model
Epoch: [3][400/782] Elapsed 5m 8s (remain 4m 53s) Loss: 0.3036(0.2085) 
Epoch: [3][500/782] Elapsed 6m 9s (remain 3m 27s) Loss: 0.1293(0.2067) 
Epoch: [3][600/782] Elapsed 7m 13s (remain 2m 10s) Loss: 0.1201(0.2054) 
Epoch: [3][700/782] Elapsed 8m 17s (remain 0m 57s) Loss: 0.2528(0.2056) 
EVAL: [0/98] Elapsed 0m 0s (remain 0m 55s) Loss: 0.1154(0.1154) 
EVAL: [97/98] Elapsed 0m 49s (remain 0m 0s) Loss: 0.2185(0.2313) 
Epoch 3 Step 780 - avg_train_loss: 0.2092  avg_val_loss: 0.2336
Epoch 3 Step 780 - Score: 0.4830
Epoch: [3][781/782] Elapsed 9m 57s (remain 0m 0s) Loss: 0.1311(0.2050) 
Epoch 3 - avg_train_loss: 0.2091  avg_val_loss: 0.2336  time: 598s
Epoch 3 - Score: 0.4830
Epoch: [4][0/782] Elapsed 0m 0s (remain 6m 18s) Loss: 0.1702(0.1702) 
Epoch: [4][100/782] Elapsed 0m 59s (remain 6m 41s) Loss: 0.1626(0.2001) 
Epoch: [4][200/782] Elapsed 2m 4s (remain 6m 1s) Loss: 0.1832(0.2037) 
Epoch: [4][300/782] Elapsed 3m 9s (remain 5m 3s) Loss: 0.1766(0.1963) 
EVAL: [0/98] Elapsed 0m 0s (remain 0m 58s) Loss: 0.1382(0.1382) 
EVAL: [97/98] Elapsed 0m 47s (remain 0m 0s) Loss: 0.1964(0.2232) 
Epoch 4 Step 390 - avg_train_loss: 0.1940  avg_val_loss: 0.2227
Epoch 4 Step 390 - Score: 0.4716
Epoch 4 Step 390 - Save Best Score: 0.4716 Model
Epoch: [4][400/782] Elapsed 5m 3s (remain 4m 48s) Loss: 0.2525(0.1926) 
Epoch: [4][500/782] Elapsed 6m 0s (remain 3m 22s) Loss: 0.1372(0.1904) 
Epoch: [4][600/782] Elapsed 7m 7s (remain 2m 8s) Loss: 0.1024(0.1900) 
Epoch: [4][700/782] Elapsed 8m 9s (remain 0m 56s) Loss: 0.2500(0.1900) 
EVAL: [0/98] Elapsed 0m 0s (remain 0m 17s) Loss: 0.1178(0.1178) 
EVAL: [97/98] Elapsed 0m 46s (remain 0m 0s) Loss: 0.2388(0.2312) 
Epoch 4 Step 780 - avg_train_loss: 0.1936  avg_val_loss: 0.2330
Epoch 4 Step 780 - Score: 0.4823
Epoch: [4][781/782] Elapsed 9m 48s (remain 0m 0s) Loss: 0.1216(0.1900) 
Epoch 4 - avg_train_loss: 0.1935  avg_val_loss: 0.2330  time: 588s
Epoch 4 - Score: 0.4823
Epoch: [5][0/782] Elapsed 0m 0s (remain 7m 25s) Loss: 0.1811(0.1811) 
Epoch: [5][100/782] Elapsed 0m 59s (remain 6m 43s) Loss: 0.1576(0.1855) 
Epoch: [5][200/782] Elapsed 2m 4s (remain 5m 58s) Loss: 0.1523(0.1866) 
Epoch: [5][300/782] Elapsed 3m 7s (remain 5m 0s) Loss: 0.1548(0.1804) 
EVAL: [0/98] Elapsed 0m 0s (remain 1m 0s) Loss: 0.1763(0.1763) 
EVAL: [97/98] Elapsed 0m 50s (remain 0m 0s) Loss: 0.2184(0.2214) 
Epoch 5 Step 390 - avg_train_loss: 0.1783  avg_val_loss: 0.2197
Epoch 5 Step 390 - Score: 0.4683
Epoch 5 Step 390 - Save Best Score: 0.4683 Model
Epoch: [5][400/782] Elapsed 5m 3s (remain 4m 48s) Loss: 0.1748(0.1768) 
Epoch: [5][500/782] Elapsed 6m 4s (remain 3m 24s) Loss: 0.1618(0.1736) 
Epoch: [5][600/782] Elapsed 7m 7s (remain 2m 8s) Loss: 0.0952(0.1739) 
Epoch: [5][700/782] Elapsed 8m 12s (remain 0m 56s) Loss: 0.2343(0.1732) 
EVAL: [0/98] Elapsed 0m 0s (remain 0m 24s) Loss: 0.1445(0.1445) 
EVAL: [97/98] Elapsed 0m 50s (remain 0m 0s) Loss: 0.2551(0.2272) 
Epoch 5 Step 780 - avg_train_loss: 0.1774  avg_val_loss: 0.2255
Epoch 5 Step 780 - Score: 0.4744
Epoch: [5][781/782] Elapsed 9m 51s (remain 0m 0s) Loss: 0.1199(0.1737) 
Epoch 5 - avg_train_loss: 0.1773  avg_val_loss: 0.2255  time: 592s
Epoch 5 - Score: 0.4744
========== fold: 4 result ==========
Score: 0.4683
========== CV ==========
Score: 0.4644
