We have available 2, GPUs! but using 2 GPUs
Running basic DDP example on rank 1.
Running basic DDP example on rank 0.
-------------fold:0 training-------------
Epoch: [1][0/1564] Elapsed 0m 1s (remain 36m 53s) Loss: 12.3457(12.3457) 
Epoch: [1][100/1564] Elapsed 1m 55s (remain 28m 0s) Loss: 0.6617(1.9885) 
Epoch: [1][200/1564] Elapsed 3m 50s (remain 26m 2s) Loss: 0.2781(1.1484) 
Epoch: [1][300/1564] Elapsed 5m 42s (remain 23m 58s) Loss: 0.0923(0.8462) 
Epoch: [1][400/1564] Elapsed 7m 36s (remain 22m 3s) Loss: 0.2700(0.6997) 
Epoch: [1][500/1564] Elapsed 9m 34s (remain 20m 18s) Loss: 0.3687(0.6132) 
Epoch: [1][600/1564] Elapsed 11m 28s (remain 18m 22s) Loss: 1.1981(0.5635) 
Epoch: [1][700/1564] Elapsed 13m 22s (remain 16m 27s) Loss: 0.2276(0.5164) 
EVAL: [0/196] Elapsed 0m 0s (remain 1m 10s) Loss: 0.2177(0.2177) 
EVAL: [100/196] Elapsed 0m 48s (remain 0m 45s) Loss: 0.1329(0.2060) 
EVAL: [195/196] Elapsed 1m 36s (remain 0m 0s) Loss: 0.1769(0.2200) 
Epoch 1 Step 780 - avg_train_loss: 0.4791  avg_val_loss: 0.2238
Epoch 1 Step 780 - Score: 0.4724
Epoch 1 Step 780 - Save Best Score: 0.4724 Model
Epoch: [1][800/1564] Elapsed 17m 3s (remain 16m 14s) Loss: 0.2238(0.4851) 
Epoch: [1][900/1564] Elapsed 18m 59s (remain 13m 58s) Loss: 0.1355(0.4555) 
Epoch: [1][1000/1564] Elapsed 20m 53s (remain 11m 44s) Loss: 0.2211(0.4328) 
Epoch: [1][1100/1564] Elapsed 22m 49s (remain 9m 35s) Loss: 0.4078(0.4186) 
Epoch: [1][1200/1564] Elapsed 24m 46s (remain 7m 29s) Loss: 0.2640(0.4043) 
Epoch: [1][1300/1564] Elapsed 26m 43s (remain 5m 24s) Loss: 0.3964(0.3899) 
Epoch: [1][1400/1564] Elapsed 28m 40s (remain 3m 20s) Loss: 0.1892(0.3767) 
Epoch: [1][1500/1564] Elapsed 30m 38s (remain 1m 17s) Loss: 0.1361(0.3666) 
EVAL: [0/196] Elapsed 0m 0s (remain 1m 44s) Loss: 0.2714(0.2714) 
EVAL: [100/196] Elapsed 0m 50s (remain 0m 47s) Loss: 0.1193(0.2050) 
EVAL: [195/196] Elapsed 1m 37s (remain 0m 0s) Loss: 0.1019(0.2160) 
Epoch 1 Step 1560 - avg_train_loss: 0.3577  avg_val_loss: 0.2229
Epoch 1 Step 1560 - Score: 0.4716
Epoch 1 Step 1560 - Save Best Score: 0.4716 Model
Epoch: [1][1563/1564] Elapsed 33m 36s (remain 0m 0s) Loss: 0.1525(0.3602) 
Epoch 1 - avg_train_loss: 0.3574  avg_val_loss: 0.2229  time: 2017s
Epoch 1 - Score: 0.4716
Epoch: [2][0/1564] Elapsed 0m 1s (remain 26m 51s) Loss: 0.1639(0.1639) 
Epoch: [2][100/1564] Elapsed 1m 55s (remain 27m 50s) Loss: 0.6642(0.2337) 
Epoch: [2][200/1564] Elapsed 3m 54s (remain 26m 28s) Loss: 0.7552(0.2291) 
Epoch: [2][300/1564] Elapsed 5m 50s (remain 24m 31s) Loss: 0.1759(0.2146) 
Epoch: [2][400/1564] Elapsed 7m 48s (remain 22m 39s) Loss: 0.2795(0.2126) 
Epoch: [2][500/1564] Elapsed 9m 44s (remain 20m 41s) Loss: 0.2777(0.2151) 
Epoch: [2][600/1564] Elapsed 11m 40s (remain 18m 42s) Loss: 0.5594(0.2203) 
Epoch: [2][700/1564] Elapsed 13m 36s (remain 16m 44s) Loss: 0.1141(0.2155) 
EVAL: [0/196] Elapsed 0m 0s (remain 0m 45s) Loss: 0.1855(0.1855) 
EVAL: [100/196] Elapsed 0m 51s (remain 0m 48s) Loss: 0.1248(0.1900) 
EVAL: [195/196] Elapsed 1m 42s (remain 0m 0s) Loss: 0.1510(0.2055) 
Epoch 2 Step 780 - avg_train_loss: 0.2091  avg_val_loss: 0.2101
Epoch 2 Step 780 - Score: 0.4577
Epoch 2 Step 780 - Save Best Score: 0.4577 Model
Epoch: [2][800/1564] Elapsed 17m 24s (remain 16m 35s) Loss: 0.1804(0.2163) 
Epoch: [2][900/1564] Elapsed 19m 21s (remain 14m 14s) Loss: 0.1462(0.2133) 
Epoch: [2][1000/1564] Elapsed 21m 17s (remain 11m 58s) Loss: 0.1924(0.2113) 
Epoch: [2][1100/1564] Elapsed 23m 15s (remain 9m 46s) Loss: 0.3752(0.2126) 
Epoch: [2][1200/1564] Elapsed 25m 12s (remain 7m 37s) Loss: 0.1917(0.2113) 
Epoch: [2][1300/1564] Elapsed 27m 8s (remain 5m 29s) Loss: 0.3237(0.2093) 
Epoch: [2][1400/1564] Elapsed 29m 5s (remain 3m 23s) Loss: 0.1407(0.2066) 
Epoch: [2][1500/1564] Elapsed 31m 5s (remain 1m 18s) Loss: 0.0804(0.2056) 
EVAL: [0/196] Elapsed 0m 0s (remain 0m 56s) Loss: 0.2856(0.2856) 
EVAL: [100/196] Elapsed 0m 51s (remain 0m 48s) Loss: 0.1169(0.2012) 
EVAL: [195/196] Elapsed 1m 42s (remain 0m 0s) Loss: 0.1509(0.2138) 
Epoch 2 Step 1560 - avg_train_loss: 0.2034  avg_val_loss: 0.2222
Epoch 2 Step 1560 - Score: 0.4709
Epoch: [2][1563/1564] Elapsed 34m 0s (remain 0m 0s) Loss: 0.1337(0.2048) 
Epoch 2 - avg_train_loss: 0.2034  avg_val_loss: 0.2222  time: 2040s
Epoch 2 - Score: 0.4709
Epoch: [3][0/1564] Elapsed 0m 1s (remain 30m 48s) Loss: 0.1458(0.1458) 
Epoch: [3][100/1564] Elapsed 1m 58s (remain 28m 39s) Loss: 0.6353(0.1930) 
Epoch: [3][200/1564] Elapsed 3m 55s (remain 26m 38s) Loss: 0.6744(0.1899) 
Epoch: [3][300/1564] Elapsed 5m 50s (remain 24m 29s) Loss: 0.1490(0.1814) 
Epoch: [3][400/1564] Elapsed 7m 49s (remain 22m 40s) Loss: 0.2564(0.1785) 
Epoch: [3][500/1564] Elapsed 9m 46s (remain 20m 44s) Loss: 0.2199(0.1795) 
Epoch: [3][600/1564] Elapsed 11m 45s (remain 18m 50s) Loss: 0.2125(0.1820) 
Epoch: [3][700/1564] Elapsed 13m 42s (remain 16m 52s) Loss: 0.1199(0.1769) 
EVAL: [0/196] Elapsed 0m 0s (remain 2m 6s) Loss: 0.1760(0.1760) 
EVAL: [100/196] Elapsed 0m 50s (remain 0m 47s) Loss: 0.1260(0.1866) 
EVAL: [195/196] Elapsed 1m 39s (remain 0m 0s) Loss: 0.2038(0.2020) 
Epoch 3 Step 780 - avg_train_loss: 0.1700  avg_val_loss: 0.2067
Epoch 3 Step 780 - Score: 0.4538
Epoch 3 Step 780 - Save Best Score: 0.4538 Model
Epoch: [3][800/1564] Elapsed 17m 34s (remain 16m 44s) Loss: 0.2075(0.1761) 
Epoch: [3][900/1564] Elapsed 19m 30s (remain 14m 21s) Loss: 0.1493(0.1745) 
Epoch: [3][1000/1564] Elapsed 21m 27s (remain 12m 4s) Loss: 0.1520(0.1726) 
Epoch: [3][1100/1564] Elapsed 23m 22s (remain 9m 49s) Loss: 0.3627(0.1732) 
Epoch: [3][1200/1564] Elapsed 25m 21s (remain 7m 39s) Loss: 0.1155(0.1714) 
Epoch: [3][1300/1564] Elapsed 27m 18s (remain 5m 31s) Loss: 0.1954(0.1692) 
Epoch: [3][1400/1564] Elapsed 29m 15s (remain 3m 24s) Loss: 0.0944(0.1669) 
Epoch: [3][1500/1564] Elapsed 31m 10s (remain 1m 18s) Loss: 0.0555(0.1666) 
EVAL: [0/196] Elapsed 0m 0s (remain 2m 16s) Loss: 0.2886(0.2886) 
EVAL: [100/196] Elapsed 0m 51s (remain 0m 48s) Loss: 0.1337(0.2052) 
EVAL: [195/196] Elapsed 1m 38s (remain 0m 0s) Loss: 0.3567(0.2178) 
Epoch 3 Step 1560 - avg_train_loss: 0.1636  avg_val_loss: 0.2273
Epoch 3 Step 1560 - Score: 0.4761
Epoch: [3][1563/1564] Elapsed 34m 6s (remain 0m 0s) Loss: 0.0818(0.1666) 
Epoch 3 - avg_train_loss: 0.1636  avg_val_loss: 0.2273  time: 2046s
Epoch 3 - Score: 0.4761
Epoch: [4][0/1564] Elapsed 0m 1s (remain 31m 12s) Loss: 0.1476(0.1476) 
Epoch: [4][100/1564] Elapsed 1m 57s (remain 28m 18s) Loss: 0.3778(0.1326) 
Epoch: [4][200/1564] Elapsed 3m 54s (remain 26m 27s) Loss: 0.3865(0.1397) 
Epoch: [4][300/1564] Elapsed 5m 51s (remain 24m 32s) Loss: 0.0345(0.1383) 
Epoch: [4][400/1564] Elapsed 7m 47s (remain 22m 35s) Loss: 0.1641(0.1356) 
Epoch: [4][500/1564] Elapsed 9m 46s (remain 20m 43s) Loss: 0.1114(0.1342) 
Epoch: [4][600/1564] Elapsed 11m 40s (remain 18m 41s) Loss: 0.0737(0.1363) 
Epoch: [4][700/1564] Elapsed 13m 35s (remain 16m 43s) Loss: 0.0525(0.1331) 
EVAL: [0/196] Elapsed 0m 0s (remain 2m 10s) Loss: 0.2108(0.2108) 
EVAL: [100/196] Elapsed 0m 53s (remain 0m 50s) Loss: 0.1196(0.1989) 
EVAL: [195/196] Elapsed 1m 43s (remain 0m 0s) Loss: 0.2992(0.2148) 
Epoch 4 Step 780 - avg_train_loss: 0.1276  avg_val_loss: 0.2211
Epoch 4 Step 780 - Score: 0.4691
Epoch: [4][800/1564] Elapsed 17m 21s (remain 16m 32s) Loss: 0.1505(0.1319) 
Epoch: [4][900/1564] Elapsed 19m 20s (remain 14m 13s) Loss: 0.1526(0.1311) 
Epoch: [4][1000/1564] Elapsed 21m 20s (remain 12m 0s) Loss: 0.0810(0.1284) 
Epoch: [4][1100/1564] Elapsed 23m 18s (remain 9m 47s) Loss: 0.4246(0.1301) 
Epoch: [4][1200/1564] Elapsed 25m 13s (remain 7m 37s) Loss: 0.2917(0.1317) 
Epoch: [4][1300/1564] Elapsed 27m 7s (remain 5m 29s) Loss: 0.0811(0.1305) 
Epoch: [4][1400/1564] Elapsed 29m 6s (remain 3m 23s) Loss: 0.0447(0.1304) 
Epoch: [4][1500/1564] Elapsed 31m 2s (remain 1m 18s) Loss: 0.1512(0.1305) 
EVAL: [0/196] Elapsed 0m 0s (remain 2m 17s) Loss: 0.1751(0.1751) 
EVAL: [100/196] Elapsed 0m 54s (remain 0m 51s) Loss: 0.1225(0.1834) 
EVAL: [195/196] Elapsed 1m 44s (remain 0m 0s) Loss: 0.2187(0.1978) 
Epoch 4 Step 1560 - avg_train_loss: 0.1275  avg_val_loss: 0.2069
Epoch 4 Step 1560 - Score: 0.4543
Epoch: [4][1563/1564] Elapsed 34m 1s (remain 0m 0s) Loss: 0.0919(0.1298) 
Epoch 4 - avg_train_loss: 0.1274  avg_val_loss: 0.2069  time: 2042s
Epoch 4 - Score: 0.4543
========== fold: 0 result ==========
Score: 0.4538
Running basic DDP example on rank 1.
Running basic DDP example on rank 0.
-------------fold:1 training-------------
Epoch: [1][0/1564] Elapsed 0m 1s (remain 37m 13s) Loss: 12.2333(12.2333) 
Epoch: [1][100/1564] Elapsed 2m 0s (remain 29m 1s) Loss: 0.0731(2.1329) 
Epoch: [1][200/1564] Elapsed 3m 54s (remain 26m 33s) Loss: 0.0467(1.2254) 
Epoch: [1][300/1564] Elapsed 5m 51s (remain 24m 34s) Loss: 0.2884(0.9007) 
Epoch: [1][400/1564] Elapsed 7m 48s (remain 22m 37s) Loss: 0.3706(0.7440) 
Epoch: [1][500/1564] Elapsed 9m 45s (remain 20m 41s) Loss: 0.1032(0.6481) 
Epoch: [1][600/1564] Elapsed 11m 39s (remain 18m 40s) Loss: 0.2522(0.5798) 
Epoch: [1][700/1564] Elapsed 13m 37s (remain 16m 46s) Loss: 0.1879(0.5299) 
EVAL: [0/196] Elapsed 0m 0s (remain 1m 53s) Loss: 0.1772(0.1772) 
EVAL: [100/196] Elapsed 0m 53s (remain 0m 50s) Loss: 0.1863(0.2242) 
EVAL: [195/196] Elapsed 1m 40s (remain 0m 0s) Loss: 0.3659(0.2239) 
Epoch 1 Step 780 - avg_train_loss: 0.4910  avg_val_loss: 0.2224
Epoch 1 Step 780 - Score: 0.4708
Epoch 1 Step 780 - Save Best Score: 0.4708 Model
Epoch: [1][800/1564] Elapsed 17m 21s (remain 16m 32s) Loss: 0.2992(0.4936) 
Epoch: [1][900/1564] Elapsed 19m 20s (remain 14m 14s) Loss: 0.0642(0.4647) 
Epoch: [1][1000/1564] Elapsed 21m 18s (remain 11m 59s) Loss: 0.2624(0.4433) 
Epoch: [1][1100/1564] Elapsed 23m 19s (remain 9m 48s) Loss: 0.1772(0.4269) 
Epoch: [1][1200/1564] Elapsed 25m 16s (remain 7m 38s) Loss: 0.3350(0.4110) 
Epoch: [1][1300/1564] Elapsed 27m 15s (remain 5m 30s) Loss: 0.4549(0.3950) 
Epoch: [1][1400/1564] Elapsed 29m 8s (remain 3m 23s) Loss: 0.4641(0.3841) 
Epoch: [1][1500/1564] Elapsed 31m 7s (remain 1m 18s) Loss: 0.0377(0.3725) 
EVAL: [0/196] Elapsed 0m 0s (remain 0m 25s) Loss: 0.1968(0.1968) 
EVAL: [100/196] Elapsed 0m 59s (remain 0m 55s) Loss: 0.3942(0.2244) 
EVAL: [195/196] Elapsed 1m 48s (remain 0m 0s) Loss: 0.2170(0.2318) 
Epoch 1 Step 1560 - avg_train_loss: 0.3669  avg_val_loss: 0.2293
Epoch 1 Step 1560 - Score: 0.4783
Epoch: [1][1563/1564] Elapsed 34m 9s (remain 0m 0s) Loss: 0.2067(0.3683) 
Epoch 1 - avg_train_loss: 0.3665  avg_val_loss: 0.2293  time: 2050s
Epoch 1 - Score: 0.4783
Epoch: [2][0/1564] Elapsed 0m 1s (remain 29m 43s) Loss: 0.1465(0.1465) 
Epoch: [2][100/1564] Elapsed 1m 57s (remain 28m 16s) Loss: 0.0162(0.2070) 
Epoch: [2][200/1564] Elapsed 3m 52s (remain 26m 16s) Loss: 0.0529(0.2089) 
Epoch: [2][300/1564] Elapsed 5m 49s (remain 24m 26s) Loss: 0.2076(0.2054) 
Epoch: [2][400/1564] Elapsed 7m 48s (remain 22m 38s) Loss: 0.2947(0.2084) 
Epoch: [2][500/1564] Elapsed 9m 45s (remain 20m 43s) Loss: 0.1259(0.2109) 
Epoch: [2][600/1564] Elapsed 11m 42s (remain 18m 46s) Loss: 0.2167(0.2066) 
Epoch: [2][700/1564] Elapsed 13m 42s (remain 16m 52s) Loss: 0.1485(0.2036) 
EVAL: [0/196] Elapsed 0m 0s (remain 1m 52s) Loss: 0.1777(0.1777) 
EVAL: [100/196] Elapsed 0m 54s (remain 0m 51s) Loss: 0.2485(0.2106) 
EVAL: [195/196] Elapsed 1m 42s (remain 0m 0s) Loss: 0.2789(0.2100) 
Epoch 2 Step 780 - avg_train_loss: 0.2021  avg_val_loss: 0.2099
Epoch 2 Step 780 - Score: 0.4574
Epoch 2 Step 780 - Save Best Score: 0.4574 Model
Epoch: [2][800/1564] Elapsed 17m 31s (remain 16m 41s) Loss: 0.3144(0.2034) 
Epoch: [2][900/1564] Elapsed 19m 28s (remain 14m 20s) Loss: 0.0610(0.2016) 
Epoch: [2][1000/1564] Elapsed 21m 25s (remain 12m 3s) Loss: 0.2452(0.2013) 
Epoch: [2][1100/1564] Elapsed 23m 25s (remain 9m 51s) Loss: 0.1463(0.2024) 
Epoch: [2][1200/1564] Elapsed 25m 26s (remain 7m 41s) Loss: 0.3487(0.2025) 
Epoch: [2][1300/1564] Elapsed 27m 25s (remain 5m 32s) Loss: 0.3294(0.2002) 
Epoch: [2][1400/1564] Elapsed 29m 20s (remain 3m 24s) Loss: 0.2083(0.1996) 
Epoch: [2][1500/1564] Elapsed 31m 19s (remain 1m 18s) Loss: 0.0450(0.1970) 
EVAL: [0/196] Elapsed 0m 0s (remain 0m 40s) Loss: 0.1950(0.1950) 
EVAL: [100/196] Elapsed 0m 53s (remain 0m 50s) Loss: 0.5106(0.2324) 
EVAL: [195/196] Elapsed 1m 41s (remain 0m 0s) Loss: 0.1637(0.2424) 
Epoch 2 Step 1560 - avg_train_loss: 0.1981  avg_val_loss: 0.2386
Epoch 2 Step 1560 - Score: 0.4879
Epoch: [2][1563/1564] Elapsed 34m 14s (remain 0m 0s) Loss: 0.1535(0.1965) 
Epoch 2 - avg_train_loss: 0.1979  avg_val_loss: 0.2386  time: 2055s
Epoch 2 - Score: 0.4879
Epoch: [3][0/1564] Elapsed 0m 1s (remain 28m 21s) Loss: 0.1222(0.1222) 
Epoch: [3][100/1564] Elapsed 1m 57s (remain 28m 23s) Loss: 0.0327(0.1684) 
Epoch: [3][200/1564] Elapsed 3m 53s (remain 26m 22s) Loss: 0.0740(0.1666) 
Epoch: [3][300/1564] Elapsed 5m 52s (remain 24m 40s) Loss: 0.1652(0.1654) 
Epoch: [3][400/1564] Elapsed 7m 50s (remain 22m 44s) Loss: 0.2597(0.1681) 
Epoch: [3][500/1564] Elapsed 9m 49s (remain 20m 50s) Loss: 0.0590(0.1663) 
Epoch: [3][600/1564] Elapsed 11m 47s (remain 18m 54s) Loss: 0.1730(0.1631) 
Epoch: [3][700/1564] Elapsed 13m 44s (remain 16m 55s) Loss: 0.1497(0.1606) 
EVAL: [0/196] Elapsed 0m 0s (remain 1m 50s) Loss: 0.1533(0.1533) 
EVAL: [100/196] Elapsed 0m 54s (remain 0m 51s) Loss: 0.3312(0.2192) 
EVAL: [195/196] Elapsed 1m 45s (remain 0m 0s) Loss: 0.2201(0.2220) 
Epoch 3 Step 780 - avg_train_loss: 0.1597  avg_val_loss: 0.2198
Epoch 3 Step 780 - Score: 0.4682
Epoch: [3][800/1564] Elapsed 17m 29s (remain 16m 39s) Loss: 0.2433(0.1594) 
Epoch: [3][900/1564] Elapsed 19m 27s (remain 14m 18s) Loss: 0.0394(0.1571) 
Epoch: [3][1000/1564] Elapsed 21m 23s (remain 12m 2s) Loss: 0.2248(0.1553) 
Epoch: [3][1100/1564] Elapsed 23m 22s (remain 9m 49s) Loss: 0.1294(0.1553) 
Epoch: [3][1200/1564] Elapsed 25m 21s (remain 7m 39s) Loss: 0.3194(0.1550) 
Epoch: [3][1300/1564] Elapsed 27m 21s (remain 5m 31s) Loss: 0.1398(0.1530) 
Epoch: [3][1400/1564] Elapsed 29m 15s (remain 3m 24s) Loss: 0.1664(0.1513) 
Epoch: [3][1500/1564] Elapsed 31m 14s (remain 1m 18s) Loss: 0.0908(0.1502) 
EVAL: [0/196] Elapsed 0m 0s (remain 0m 29s) Loss: 0.1845(0.1845) 
EVAL: [100/196] Elapsed 0m 51s (remain 0m 48s) Loss: 0.5588(0.2428) 
EVAL: [195/196] Elapsed 1m 41s (remain 0m 0s) Loss: 0.1344(0.2524) 
Epoch 3 Step 1560 - avg_train_loss: 0.1512  avg_val_loss: 0.2534
Epoch 3 Step 1560 - Score: 0.5027
Epoch: [3][1563/1564] Elapsed 34m 9s (remain 0m 0s) Loss: 0.0889(0.1502) 
Epoch 3 - avg_train_loss: 0.1511  avg_val_loss: 0.2534  time: 2050s
Epoch 3 - Score: 0.5027
Epoch: [4][0/1564] Elapsed 0m 1s (remain 31m 1s) Loss: 0.0993(0.0993) 
Epoch: [4][100/1564] Elapsed 1m 59s (remain 28m 49s) Loss: 0.0076(0.1152) 
Epoch: [4][200/1564] Elapsed 3m 57s (remain 26m 49s) Loss: 0.0917(0.1173) 
Epoch: [4][300/1564] Elapsed 5m 55s (remain 24m 52s) Loss: 0.1315(0.1211) 
Epoch: [4][400/1564] Elapsed 7m 55s (remain 22m 59s) Loss: 0.1411(0.1242) 
Epoch: [4][500/1564] Elapsed 9m 53s (remain 20m 59s) Loss: 0.1308(0.1227) 
Epoch: [4][600/1564] Elapsed 11m 49s (remain 18m 56s) Loss: 0.1305(0.1211) 
Epoch: [4][700/1564] Elapsed 13m 43s (remain 16m 54s) Loss: 0.0665(0.1181) 
EVAL: [0/196] Elapsed 0m 0s (remain 1m 57s) Loss: 0.1549(0.1549) 
EVAL: [100/196] Elapsed 0m 56s (remain 0m 53s) Loss: 0.4060(0.2292) 
EVAL: [195/196] Elapsed 1m 44s (remain 0m 0s) Loss: 0.1816(0.2345) 
Epoch 4 Step 780 - avg_train_loss: 0.1183  avg_val_loss: 0.2332
Epoch 4 Step 780 - Score: 0.4823
Epoch: [4][800/1564] Elapsed 17m 24s (remain 16m 34s) Loss: 0.1974(0.1161) 
Epoch: [4][900/1564] Elapsed 19m 23s (remain 14m 16s) Loss: 0.1444(0.1144) 
Epoch: [4][1000/1564] Elapsed 21m 21s (remain 12m 0s) Loss: 0.2089(0.1130) 
Epoch: [4][1100/1564] Elapsed 23m 21s (remain 9m 49s) Loss: 0.0865(0.1124) 
Epoch: [4][1200/1564] Elapsed 25m 19s (remain 7m 39s) Loss: 0.1835(0.1150) 
Epoch: [4][1300/1564] Elapsed 27m 16s (remain 5m 30s) Loss: 0.0948(0.1141) 
Epoch: [4][1400/1564] Elapsed 29m 15s (remain 3m 24s) Loss: 0.1454(0.1123) 
Epoch: [4][1500/1564] Elapsed 31m 13s (remain 1m 18s) Loss: 0.0452(0.1136) 
EVAL: [0/196] Elapsed 0m 0s (remain 2m 4s) Loss: 0.2005(0.2005) 
EVAL: [100/196] Elapsed 0m 53s (remain 0m 50s) Loss: 0.4197(0.2319) 
EVAL: [195/196] Elapsed 1m 44s (remain 0m 0s) Loss: 0.2836(0.2259) 
Epoch 4 Step 1560 - avg_train_loss: 0.1162  avg_val_loss: 0.2276
Epoch 4 Step 1560 - Score: 0.4760
Epoch: [4][1563/1564] Elapsed 34m 11s (remain 0m 0s) Loss: 0.0719(0.1137) 
Epoch 4 - avg_train_loss: 0.1162  avg_val_loss: 0.2276  time: 2052s
Epoch 4 - Score: 0.4760
========== fold: 1 result ==========
Score: 0.4574
Running basic DDP example on rank 0.
Running basic DDP example on rank 1.
-------------fold:2 training-------------
Epoch: [1][0/1564] Elapsed 0m 1s (remain 38m 43s) Loss: 9.6307(9.6307) 
Epoch: [1][100/1564] Elapsed 1m 57s (remain 28m 17s) Loss: 0.7089(2.1021) 
Epoch: [1][200/1564] Elapsed 3m 56s (remain 26m 45s) Loss: 0.2595(1.2202) 
Epoch: [1][300/1564] Elapsed 5m 53s (remain 24m 42s) Loss: 0.1086(0.9051) 
Epoch: [1][400/1564] Elapsed 7m 48s (remain 22m 38s) Loss: 0.3467(0.7502) 
Epoch: [1][500/1564] Elapsed 9m 46s (remain 20m 45s) Loss: 0.1080(0.6461) 
Epoch: [1][600/1564] Elapsed 11m 44s (remain 18m 49s) Loss: 0.3001(0.5801) 
Epoch: [1][700/1564] Elapsed 13m 39s (remain 16m 49s) Loss: 0.5437(0.5293) 
EVAL: [0/196] Elapsed 0m 0s (remain 0m 47s) Loss: 0.1039(0.1039) 
EVAL: [100/196] Elapsed 0m 49s (remain 0m 46s) Loss: 0.3336(0.3279) 
EVAL: [195/196] Elapsed 1m 39s (remain 0m 0s) Loss: 0.0621(0.3255) 
Epoch 1 Step 780 - avg_train_loss: 0.4733  avg_val_loss: 0.3143
Epoch 1 Step 780 - Score: 0.5579
Epoch 1 Step 780 - Save Best Score: 0.5579 Model
Epoch: [1][800/1564] Elapsed 17m 20s (remain 16m 31s) Loss: 0.4194(0.4933) 
Epoch: [1][900/1564] Elapsed 19m 17s (remain 14m 11s) Loss: 0.2848(0.4636) 
Epoch: [1][1000/1564] Elapsed 21m 11s (remain 11m 55s) Loss: 0.2400(0.4418) 
Epoch: [1][1100/1564] Elapsed 23m 8s (remain 9m 44s) Loss: 0.1440(0.4197) 
Epoch: [1][1200/1564] Elapsed 25m 4s (remain 7m 34s) Loss: 0.1172(0.4043) 
Epoch: [1][1300/1564] Elapsed 27m 4s (remain 5m 28s) Loss: 0.1990(0.3919) 
Epoch: [1][1400/1564] Elapsed 29m 1s (remain 3m 22s) Loss: 0.2273(0.3799) 
Epoch: [1][1500/1564] Elapsed 31m 0s (remain 1m 18s) Loss: 0.3526(0.3709) 
EVAL: [0/196] Elapsed 0m 0s (remain 0m 47s) Loss: 0.1624(0.1624) 
EVAL: [100/196] Elapsed 0m 47s (remain 0m 44s) Loss: 0.2747(0.2200) 
EVAL: [195/196] Elapsed 1m 37s (remain 0m 0s) Loss: 0.1739(0.2288) 
Epoch 1 Step 1560 - avg_train_loss: 0.3530  avg_val_loss: 0.2229
Epoch 1 Step 1560 - Score: 0.4713
Epoch 1 Step 1560 - Save Best Score: 0.4713 Model
Epoch: [1][1563/1564] Elapsed 34m 11s (remain 0m 0s) Loss: 0.2468(0.3650) 
Epoch 1 - avg_train_loss: 0.3528  avg_val_loss: 0.2229  time: 2052s
Epoch 1 - Score: 0.4713
Epoch: [2][0/1564] Elapsed 0m 1s (remain 31m 4s) Loss: 0.6890(0.6890) 
Epoch: [2][100/1564] Elapsed 1m 58s (remain 28m 37s) Loss: 0.2458(0.2526) 
Epoch: [2][200/1564] Elapsed 3m 58s (remain 26m 54s) Loss: 0.2893(0.2429) 
Epoch: [2][300/1564] Elapsed 5m 52s (remain 24m 41s) Loss: 0.1266(0.2380) 
Epoch: [2][400/1564] Elapsed 7m 51s (remain 22m 47s) Loss: 0.2857(0.2335) 
Epoch: [2][500/1564] Elapsed 9m 48s (remain 20m 47s) Loss: 0.0946(0.2279) 
Epoch: [2][600/1564] Elapsed 11m 45s (remain 18m 49s) Loss: 0.4019(0.2253) 
Epoch: [2][700/1564] Elapsed 13m 42s (remain 16m 52s) Loss: 0.5267(0.2193) 
EVAL: [0/196] Elapsed 0m 0s (remain 0m 50s) Loss: 0.1108(0.1108) 
EVAL: [100/196] Elapsed 0m 55s (remain 0m 51s) Loss: 0.2536(0.2585) 
EVAL: [195/196] Elapsed 1m 44s (remain 0m 0s) Loss: 0.0550(0.2604) 
Epoch 2 Step 780 - avg_train_loss: 0.2107  avg_val_loss: 0.2502
Epoch 2 Step 780 - Score: 0.4980
Epoch: [2][800/1564] Elapsed 17m 29s (remain 16m 39s) Loss: 0.4707(0.2170) 
Epoch: [2][900/1564] Elapsed 19m 27s (remain 14m 18s) Loss: 0.1532(0.2128) 
Epoch: [2][1000/1564] Elapsed 21m 25s (remain 12m 2s) Loss: 0.1872(0.2120) 
Epoch: [2][1100/1564] Elapsed 23m 19s (remain 9m 48s) Loss: 0.1590(0.2088) 
Epoch: [2][1200/1564] Elapsed 25m 17s (remain 7m 38s) Loss: 0.1307(0.2077) 
Epoch: [2][1300/1564] Elapsed 27m 14s (remain 5m 30s) Loss: 0.1156(0.2072) 
Epoch: [2][1400/1564] Elapsed 29m 9s (remain 3m 23s) Loss: 0.1706(0.2058) 
Epoch: [2][1500/1564] Elapsed 31m 6s (remain 1m 18s) Loss: 0.2265(0.2044) 
EVAL: [0/196] Elapsed 0m 0s (remain 0m 48s) Loss: 0.2479(0.2479) 
EVAL: [100/196] Elapsed 0m 50s (remain 0m 47s) Loss: 0.2961(0.2374) 
EVAL: [195/196] Elapsed 1m 40s (remain 0m 0s) Loss: 0.2382(0.2489) 
Epoch 2 Step 1560 - avg_train_loss: 0.2015  avg_val_loss: 0.2425
Epoch 2 Step 1560 - Score: 0.4915
Epoch: [2][1563/1564] Elapsed 34m 5s (remain 0m 0s) Loss: 0.1286(0.2038) 
Epoch 2 - avg_train_loss: 0.2015  avg_val_loss: 0.2425  time: 2045s
Epoch 2 - Score: 0.4915
Epoch: [3][0/1564] Elapsed 0m 1s (remain 30m 59s) Loss: 0.9274(0.9274) 
Epoch: [3][100/1564] Elapsed 1m 59s (remain 28m 57s) Loss: 0.2159(0.2156) 
Epoch: [3][200/1564] Elapsed 4m 0s (remain 27m 12s) Loss: 0.2433(0.2015) 
Epoch: [3][300/1564] Elapsed 5m 56s (remain 24m 57s) Loss: 0.1752(0.1946) 
Epoch: [3][400/1564] Elapsed 7m 53s (remain 22m 53s) Loss: 0.1640(0.1893) 
Epoch: [3][500/1564] Elapsed 9m 52s (remain 20m 56s) Loss: 0.0791(0.1876) 
Epoch: [3][600/1564] Elapsed 11m 50s (remain 18m 58s) Loss: 0.2149(0.1846) 
Epoch: [3][700/1564] Elapsed 13m 48s (remain 17m 0s) Loss: 0.4647(0.1798) 
EVAL: [0/196] Elapsed 0m 0s (remain 1m 35s) Loss: 0.1227(0.1227) 
EVAL: [100/196] Elapsed 0m 53s (remain 0m 49s) Loss: 0.2272(0.2414) 
EVAL: [195/196] Elapsed 1m 41s (remain 0m 0s) Loss: 0.0516(0.2452) 
Epoch 3 Step 780 - avg_train_loss: 0.1763  avg_val_loss: 0.2358
Epoch 3 Step 780 - Score: 0.4840
Epoch: [3][800/1564] Elapsed 17m 37s (remain 16m 47s) Loss: 0.3638(0.1765) 
Epoch: [3][900/1564] Elapsed 19m 35s (remain 14m 25s) Loss: 0.0978(0.1719) 
Epoch: [3][1000/1564] Elapsed 21m 33s (remain 12m 7s) Loss: 0.1618(0.1704) 
Epoch: [3][1100/1564] Elapsed 23m 30s (remain 9m 53s) Loss: 0.1488(0.1681) 
Epoch: [3][1200/1564] Elapsed 25m 27s (remain 7m 41s) Loss: 0.1363(0.1673) 
Epoch: [3][1300/1564] Elapsed 27m 22s (remain 5m 31s) Loss: 0.0799(0.1658) 
Epoch: [3][1400/1564] Elapsed 29m 18s (remain 3m 24s) Loss: 0.1448(0.1642) 
Epoch: [3][1500/1564] Elapsed 31m 15s (remain 1m 18s) Loss: 0.1077(0.1623) 
EVAL: [0/196] Elapsed 0m 0s (remain 2m 14s) Loss: 0.2484(0.2484) 
EVAL: [100/196] Elapsed 0m 48s (remain 0m 45s) Loss: 0.3192(0.2615) 
EVAL: [195/196] Elapsed 1m 37s (remain 0m 0s) Loss: 0.1962(0.2682) 
Epoch 3 Step 1560 - avg_train_loss: 0.1616  avg_val_loss: 0.2625
Epoch 3 Step 1560 - Score: 0.5114
Epoch: [3][1563/1564] Elapsed 34m 15s (remain 0m 0s) Loss: 0.1296(0.1616) 
Epoch 3 - avg_train_loss: 0.1615  avg_val_loss: 0.2625  time: 2055s
Epoch 3 - Score: 0.5114
Epoch: [4][0/1564] Elapsed 0m 0s (remain 21m 45s) Loss: 0.7704(0.7704) 
Epoch: [4][100/1564] Elapsed 1m 56s (remain 28m 8s) Loss: 0.1734(0.1682) 
Epoch: [4][200/1564] Elapsed 3m 55s (remain 26m 36s) Loss: 0.1680(0.1475) 
Epoch: [4][300/1564] Elapsed 5m 51s (remain 24m 33s) Loss: 0.2143(0.1441) 
Epoch: [4][400/1564] Elapsed 7m 45s (remain 22m 28s) Loss: 0.0854(0.1470) 
Epoch: [4][500/1564] Elapsed 9m 43s (remain 20m 38s) Loss: 0.0894(0.1458) 
Epoch: [4][600/1564] Elapsed 11m 41s (remain 18m 43s) Loss: 0.0317(0.1437) 
Epoch: [4][700/1564] Elapsed 13m 36s (remain 16m 45s) Loss: 0.2085(0.1425) 
EVAL: [0/196] Elapsed 0m 0s (remain 1m 32s) Loss: 0.1527(0.1527) 
EVAL: [100/196] Elapsed 0m 50s (remain 0m 47s) Loss: 0.2412(0.2314) 
EVAL: [195/196] Elapsed 1m 39s (remain 0m 0s) Loss: 0.0627(0.2377) 
Epoch 4 Step 780 - avg_train_loss: 0.1412  avg_val_loss: 0.2298
Epoch 4 Step 780 - Score: 0.4783
Epoch: [4][800/1564] Elapsed 17m 22s (remain 16m 33s) Loss: 0.2083(0.1396) 
Epoch: [4][900/1564] Elapsed 19m 19s (remain 14m 13s) Loss: 0.0685(0.1350) 
Epoch: [4][1000/1564] Elapsed 21m 14s (remain 11m 56s) Loss: 0.1221(0.1335) 
Epoch: [4][1100/1564] Elapsed 23m 12s (remain 9m 45s) Loss: 0.1503(0.1322) 
Epoch: [4][1200/1564] Elapsed 25m 9s (remain 7m 36s) Loss: 0.1957(0.1311) 
Epoch: [4][1300/1564] Elapsed 27m 8s (remain 5m 29s) Loss: 0.0876(0.1298) 
Epoch: [4][1400/1564] Elapsed 29m 7s (remain 3m 23s) Loss: 0.1261(0.1286) 
Epoch: [4][1500/1564] Elapsed 31m 4s (remain 1m 18s) Loss: 0.1119(0.1270) 
EVAL: [0/196] Elapsed 0m 0s (remain 0m 54s) Loss: 0.2967(0.2967) 
EVAL: [100/196] Elapsed 0m 48s (remain 0m 45s) Loss: 0.4359(0.2576) 
EVAL: [195/196] Elapsed 1m 38s (remain 0m 0s) Loss: 0.2129(0.2685) 
Epoch 4 Step 1560 - avg_train_loss: 0.1276  avg_val_loss: 0.2594
Epoch 4 Step 1560 - Score: 0.5087
Epoch: [4][1563/1564] Elapsed 34m 8s (remain 0m 0s) Loss: 0.0960(0.1267) 
Epoch 4 - avg_train_loss: 0.1276  avg_val_loss: 0.2594  time: 2048s
Epoch 4 - Score: 0.5087
========== fold: 2 result ==========
Score: 0.4713
Running basic DDP example on rank 0.
Running basic DDP example on rank 1.
-------------fold:3 training-------------
Epoch: [1][0/1564] Elapsed 0m 1s (remain 48m 0s) Loss: 9.8976(9.8976) 
Epoch: [1][100/1564] Elapsed 2m 0s (remain 29m 12s) Loss: 0.3545(2.0350) 
Epoch: [1][200/1564] Elapsed 3m 59s (remain 27m 4s) Loss: 0.2623(1.1585) 
Epoch: [1][300/1564] Elapsed 5m 57s (remain 24m 59s) Loss: 0.1981(0.8468) 
Epoch: [1][400/1564] Elapsed 7m 54s (remain 22m 56s) Loss: 0.0720(0.6954) 
Epoch: [1][500/1564] Elapsed 9m 54s (remain 21m 1s) Loss: 0.5399(0.6063) 
Epoch: [1][600/1564] Elapsed 11m 51s (remain 19m 0s) Loss: 0.2749(0.5487) 
Epoch: [1][700/1564] Elapsed 13m 47s (remain 16m 58s) Loss: 0.1059(0.5037) 
EVAL: [0/196] Elapsed 0m 0s (remain 1m 1s) Loss: 0.2597(0.2597) 
EVAL: [100/196] Elapsed 0m 54s (remain 0m 50s) Loss: 0.0622(0.2436) 
EVAL: [195/196] Elapsed 1m 46s (remain 0m 0s) Loss: 0.1219(0.2466) 
Epoch 1 Step 780 - avg_train_loss: 0.4810  avg_val_loss: 0.2512
Epoch 1 Step 780 - Score: 0.5007
Epoch 1 Step 780 - Save Best Score: 0.5007 Model
Epoch: [1][800/1564] Elapsed 17m 32s (remain 16m 42s) Loss: 0.0663(0.4687) 
Epoch: [1][900/1564] Elapsed 19m 33s (remain 14m 23s) Loss: 0.1043(0.4423) 
Epoch: [1][1000/1564] Elapsed 21m 27s (remain 12m 4s) Loss: 0.1529(0.4201) 
Epoch: [1][1100/1564] Elapsed 23m 25s (remain 9m 51s) Loss: 0.3167(0.4061) 
Epoch: [1][1200/1564] Elapsed 25m 22s (remain 7m 40s) Loss: 0.5582(0.3900) 
Epoch: [1][1300/1564] Elapsed 27m 19s (remain 5m 31s) Loss: 0.1025(0.3771) 
Epoch: [1][1400/1564] Elapsed 29m 16s (remain 3m 24s) Loss: 0.1770(0.3671) 
Epoch: [1][1500/1564] Elapsed 31m 14s (remain 1m 18s) Loss: 0.1807(0.3576) 
EVAL: [0/196] Elapsed 0m 0s (remain 2m 28s) Loss: 0.5133(0.5133) 
EVAL: [100/196] Elapsed 0m 54s (remain 0m 50s) Loss: 0.0898(0.2248) 
EVAL: [195/196] Elapsed 1m 41s (remain 0m 0s) Loss: 0.0739(0.2285) 
Epoch 1 Step 1560 - avg_train_loss: 0.3584  avg_val_loss: 0.2419
Epoch 1 Step 1560 - Score: 0.4911
Epoch 1 Step 1560 - Save Best Score: 0.4911 Model
Epoch: [1][1563/1564] Elapsed 34m 17s (remain 0m 0s) Loss: 0.0699(0.3531) 
Epoch 1 - avg_train_loss: 0.3580  avg_val_loss: 0.2419  time: 2058s
Epoch 1 - Score: 0.4911
Epoch: [2][0/1564] Elapsed 0m 1s (remain 28m 40s) Loss: 0.2592(0.2592) 
Epoch: [2][100/1564] Elapsed 2m 0s (remain 29m 11s) Loss: 0.3954(0.2492) 
Epoch: [2][200/1564] Elapsed 3m 57s (remain 26m 53s) Loss: 0.1476(0.2218) 
Epoch: [2][300/1564] Elapsed 5m 55s (remain 24m 53s) Loss: 0.1946(0.2091) 
Epoch: [2][400/1564] Elapsed 7m 52s (remain 22m 51s) Loss: 0.0802(0.2029) 
Epoch: [2][500/1564] Elapsed 9m 52s (remain 20m 57s) Loss: 0.3685(0.2061) 
Epoch: [2][600/1564] Elapsed 11m 52s (remain 19m 1s) Loss: 0.2992(0.2102) 
Epoch: [2][700/1564] Elapsed 13m 46s (remain 16m 57s) Loss: 0.1290(0.2075) 
EVAL: [0/196] Elapsed 0m 0s (remain 2m 27s) Loss: 0.5756(0.5756) 
EVAL: [100/196] Elapsed 0m 54s (remain 0m 51s) Loss: 0.1568(0.2024) 
EVAL: [195/196] Elapsed 1m 44s (remain 0m 0s) Loss: 0.0704(0.2169) 
Epoch 2 Step 780 - avg_train_loss: 0.2061  avg_val_loss: 0.2285
Epoch 2 Step 780 - Score: 0.4763
Epoch 2 Step 780 - Save Best Score: 0.4763 Model
Epoch: [2][800/1564] Elapsed 17m 36s (remain 16m 46s) Loss: 0.0723(0.2049) 
Epoch: [2][900/1564] Elapsed 19m 35s (remain 14m 25s) Loss: 0.0883(0.2036) 
Epoch: [2][1000/1564] Elapsed 21m 33s (remain 12m 7s) Loss: 0.1077(0.2016) 
Epoch: [2][1100/1564] Elapsed 23m 33s (remain 9m 54s) Loss: 0.2731(0.2041) 
Epoch: [2][1200/1564] Elapsed 25m 30s (remain 7m 42s) Loss: 0.2915(0.2028) 
Epoch: [2][1300/1564] Elapsed 27m 25s (remain 5m 32s) Loss: 0.0902(0.2013) 
Epoch: [2][1400/1564] Elapsed 29m 23s (remain 3m 25s) Loss: 0.1435(0.2005) 
Epoch: [2][1500/1564] Elapsed 31m 20s (remain 1m 18s) Loss: 0.1484(0.1997) 
EVAL: [0/196] Elapsed 0m 0s (remain 1m 4s) Loss: 0.4926(0.4926) 
EVAL: [100/196] Elapsed 0m 51s (remain 0m 48s) Loss: 0.0908(0.2026) 
EVAL: [195/196] Elapsed 1m 40s (remain 0m 0s) Loss: 0.1139(0.2098) 
Epoch 2 Step 1560 - avg_train_loss: 0.2011  avg_val_loss: 0.2206
Epoch 2 Step 1560 - Score: 0.4692
Epoch 2 Step 1560 - Save Best Score: 0.4692 Model
Epoch: [2][1563/1564] Elapsed 34m 23s (remain 0m 0s) Loss: 0.0675(0.1998) 
Epoch 2 - avg_train_loss: 0.2010  avg_val_loss: 0.2206  time: 2064s
Epoch 2 - Score: 0.4692
Epoch: [3][0/1564] Elapsed 0m 1s (remain 30m 50s) Loss: 0.2804(0.2804) 
Epoch: [3][100/1564] Elapsed 2m 0s (remain 29m 0s) Loss: 0.3368(0.1999) 
Epoch: [3][200/1564] Elapsed 3m 56s (remain 26m 45s) Loss: 0.0893(0.1797) 
Epoch: [3][300/1564] Elapsed 5m 52s (remain 24m 39s) Loss: 0.1904(0.1737) 
Epoch: [3][400/1564] Elapsed 7m 48s (remain 22m 40s) Loss: 0.0606(0.1697) 
Epoch: [3][500/1564] Elapsed 9m 43s (remain 20m 39s) Loss: 0.2903(0.1721) 
Epoch: [3][600/1564] Elapsed 11m 41s (remain 18m 44s) Loss: 0.1892(0.1747) 
Epoch: [3][700/1564] Elapsed 13m 37s (remain 16m 46s) Loss: 0.1046(0.1718) 
EVAL: [0/196] Elapsed 0m 0s (remain 1m 13s) Loss: 0.7304(0.7304) 
EVAL: [100/196] Elapsed 0m 53s (remain 0m 50s) Loss: 0.1670(0.2317) 
EVAL: [195/196] Elapsed 1m 43s (remain 0m 0s) Loss: 0.0585(0.2477) 
Epoch 3 Step 780 - avg_train_loss: 0.1699  avg_val_loss: 0.2630
Epoch 3 Step 780 - Score: 0.5102
Epoch: [3][800/1564] Elapsed 17m 18s (remain 16m 29s) Loss: 0.0871(0.1687) 
Epoch: [3][900/1564] Elapsed 19m 15s (remain 14m 10s) Loss: 0.0769(0.1661) 
Epoch: [3][1000/1564] Elapsed 21m 11s (remain 11m 55s) Loss: 0.1249(0.1626) 
Epoch: [3][1100/1564] Elapsed 23m 10s (remain 9m 44s) Loss: 0.1658(0.1633) 
Epoch: [3][1200/1564] Elapsed 25m 6s (remain 7m 35s) Loss: 0.1669(0.1622) 
Epoch: [3][1300/1564] Elapsed 27m 2s (remain 5m 28s) Loss: 0.0629(0.1602) 
Epoch: [3][1400/1564] Elapsed 28m 59s (remain 3m 22s) Loss: 0.1005(0.1591) 
Epoch: [3][1500/1564] Elapsed 30m 57s (remain 1m 17s) Loss: 0.1263(0.1579) 
EVAL: [0/196] Elapsed 0m 0s (remain 2m 28s) Loss: 0.3976(0.3976) 
EVAL: [100/196] Elapsed 0m 52s (remain 0m 49s) Loss: 0.0873(0.2032) 
EVAL: [195/196] Elapsed 1m 42s (remain 0m 0s) Loss: 0.1481(0.2114) 
Epoch 3 Step 1560 - avg_train_loss: 0.1580  avg_val_loss: 0.2186
Epoch 3 Step 1560 - Score: 0.4671
Epoch 3 Step 1560 - Save Best Score: 0.4671 Model
Epoch: [3][1563/1564] Elapsed 33m 58s (remain 0m 0s) Loss: 0.0734(0.1573) 
Epoch 3 - avg_train_loss: 0.1580  avg_val_loss: 0.2186  time: 2039s
Epoch 3 - Score: 0.4671
Epoch: [4][0/1564] Elapsed 0m 0s (remain 21m 3s) Loss: 0.3834(0.3834) 
Epoch: [4][100/1564] Elapsed 1m 59s (remain 28m 45s) Loss: 0.1953(0.1421) 
Epoch: [4][200/1564] Elapsed 3m 56s (remain 26m 41s) Loss: 0.0715(0.1318) 
Epoch: [4][300/1564] Elapsed 5m 53s (remain 24m 45s) Loss: 0.1506(0.1296) 
Epoch: [4][400/1564] Elapsed 7m 50s (remain 22m 45s) Loss: 0.1577(0.1284) 
Epoch: [4][500/1564] Elapsed 9m 51s (remain 20m 53s) Loss: 0.2095(0.1310) 
Epoch: [4][600/1564] Elapsed 11m 46s (remain 18m 51s) Loss: 0.1787(0.1332) 
Epoch: [4][700/1564] Elapsed 13m 42s (remain 16m 52s) Loss: 0.0779(0.1315) 
EVAL: [0/196] Elapsed 0m 0s (remain 0m 58s) Loss: 0.6572(0.6572) 
EVAL: [100/196] Elapsed 0m 53s (remain 0m 50s) Loss: 0.1430(0.2290) 
EVAL: [195/196] Elapsed 1m 45s (remain 0m 0s) Loss: 0.0528(0.2418) 
Epoch 4 Step 780 - avg_train_loss: 0.1302  avg_val_loss: 0.2574
Epoch 4 Step 780 - Score: 0.5042
Epoch: [4][800/1564] Elapsed 17m 24s (remain 16m 35s) Loss: 0.0752(0.1331) 
Epoch: [4][900/1564] Elapsed 19m 22s (remain 14m 15s) Loss: 0.0724(0.1323) 
Epoch: [4][1000/1564] Elapsed 21m 17s (remain 11m 58s) Loss: 0.1757(0.1284) 
Epoch: [4][1100/1564] Elapsed 23m 16s (remain 9m 47s) Loss: 0.1468(0.1290) 
Epoch: [4][1200/1564] Elapsed 25m 14s (remain 7m 37s) Loss: 0.1043(0.1277) 
Epoch: [4][1300/1564] Elapsed 27m 9s (remain 5m 29s) Loss: 0.0387(0.1256) 
Epoch: [4][1400/1564] Elapsed 29m 6s (remain 3m 23s) Loss: 0.0854(0.1250) 
Epoch: [4][1500/1564] Elapsed 31m 7s (remain 1m 18s) Loss: 0.0896(0.1243) 
EVAL: [0/196] Elapsed 0m 0s (remain 1m 56s) Loss: 0.2970(0.2970) 
EVAL: [100/196] Elapsed 0m 51s (remain 0m 48s) Loss: 0.0907(0.2189) 
EVAL: [195/196] Elapsed 1m 40s (remain 0m 0s) Loss: 0.3292(0.2279) 
Epoch 4 Step 1560 - avg_train_loss: 0.1233  avg_val_loss: 0.2301
Epoch 4 Step 1560 - Score: 0.4788
Epoch: [4][1563/1564] Elapsed 34m 7s (remain 0m 0s) Loss: 0.0766(0.1240) 
Epoch 4 - avg_train_loss: 0.1232  avg_val_loss: 0.2301  time: 2047s
Epoch 4 - Score: 0.4788
========== fold: 3 result ==========
Score: 0.4671
Running basic DDP example on rank 0.
Running basic DDP example on rank 1.
-------------fold:4 training-------------
Epoch: [1][0/1564] Elapsed 0m 1s (remain 49m 21s) Loss: 16.0514(16.0514) 
Epoch: [1][100/1564] Elapsed 1m 57s (remain 28m 25s) Loss: 1.2015(2.1517) 
Epoch: [1][200/1564] Elapsed 3m 52s (remain 26m 16s) Loss: 0.0962(1.2275) 
Epoch: [1][300/1564] Elapsed 5m 47s (remain 24m 17s) Loss: 0.0750(0.9220) 
Epoch: [1][400/1564] Elapsed 7m 43s (remain 22m 25s) Loss: 0.1505(0.7575) 
Epoch: [1][500/1564] Elapsed 9m 43s (remain 20m 37s) Loss: 0.0386(0.6548) 
Epoch: [1][600/1564] Elapsed 11m 43s (remain 18m 46s) Loss: 0.4396(0.5853) 
Epoch: [1][700/1564] Elapsed 13m 40s (remain 16m 50s) Loss: 0.1384(0.5304) 
EVAL: [0/196] Elapsed 0m 0s (remain 1m 46s) Loss: 0.1188(0.1188) 
EVAL: [100/196] Elapsed 0m 53s (remain 0m 50s) Loss: 0.3543(0.2586) 
EVAL: [195/196] Elapsed 1m 44s (remain 0m 0s) Loss: 0.2558(0.2559) 
Epoch 1 Step 780 - avg_train_loss: 0.4945  avg_val_loss: 0.2461
Epoch 1 Step 780 - Score: 0.4931
Epoch 1 Step 780 - Save Best Score: 0.4931 Model
Epoch: [1][800/1564] Elapsed 17m 23s (remain 16m 33s) Loss: 0.2268(0.4987) 
Epoch: [1][900/1564] Elapsed 19m 22s (remain 14m 15s) Loss: 0.0248(0.4683) 
Epoch: [1][1000/1564] Elapsed 21m 19s (remain 11m 59s) Loss: 0.0950(0.4451) 
Epoch: [1][1100/1564] Elapsed 23m 15s (remain 9m 46s) Loss: 0.1008(0.4244) 
Epoch: [1][1200/1564] Elapsed 25m 13s (remain 7m 37s) Loss: 0.2636(0.4093) 
Epoch: [1][1300/1564] Elapsed 27m 11s (remain 5m 29s) Loss: 0.1413(0.3955) 
Epoch: [1][1400/1564] Elapsed 29m 6s (remain 3m 23s) Loss: 0.2842(0.3826) 
Epoch: [1][1500/1564] Elapsed 31m 1s (remain 1m 18s) Loss: 0.4299(0.3720) 
EVAL: [0/196] Elapsed 0m 0s (remain 1m 49s) Loss: 0.1241(0.1241) 
EVAL: [100/196] Elapsed 0m 46s (remain 0m 43s) Loss: 0.2300(0.2359) 
EVAL: [195/196] Elapsed 1m 39s (remain 0m 0s) Loss: 0.4288(0.2237) 
Epoch 1 Step 1560 - avg_train_loss: 0.3667  avg_val_loss: 0.2237
Epoch 1 Step 1560 - Score: 0.4724
Epoch 1 Step 1560 - Save Best Score: 0.4724 Model
Epoch: [1][1563/1564] Elapsed 34m 2s (remain 0m 0s) Loss: 0.2081(0.3650) 
Epoch 1 - avg_train_loss: 0.3665  avg_val_loss: 0.2237  time: 2043s
Epoch 1 - Score: 0.4724
Epoch: [2][0/1564] Elapsed 0m 1s (remain 30m 49s) Loss: 0.0512(0.0512) 
Epoch: [2][100/1564] Elapsed 1m 59s (remain 28m 52s) Loss: 0.4336(0.2046) 
Epoch: [2][200/1564] Elapsed 3m 57s (remain 26m 50s) Loss: 0.1032(0.2123) 
Epoch: [2][300/1564] Elapsed 5m 52s (remain 24m 39s) Loss: 0.0595(0.2199) 
Epoch: [2][400/1564] Elapsed 7m 49s (remain 22m 41s) Loss: 0.1004(0.2173) 
Epoch: [2][500/1564] Elapsed 9m 50s (remain 20m 51s) Loss: 0.0460(0.2146) 
Epoch: [2][600/1564] Elapsed 11m 47s (remain 18m 53s) Loss: 0.3198(0.2104) 
Epoch: [2][700/1564] Elapsed 13m 44s (remain 16m 55s) Loss: 0.1523(0.2046) 
EVAL: [0/196] Elapsed 0m 0s (remain 1m 52s) Loss: 0.0924(0.0924) 
EVAL: [100/196] Elapsed 0m 53s (remain 0m 50s) Loss: 0.2796(0.2261) 
EVAL: [195/196] Elapsed 1m 43s (remain 0m 0s) Loss: 0.2307(0.2167) 
Epoch 2 Step 780 - avg_train_loss: 0.2087  avg_val_loss: 0.2134
Epoch 2 Step 780 - Score: 0.4608
Epoch 2 Step 780 - Save Best Score: 0.4608 Model
Epoch: [2][800/1564] Elapsed 17m 33s (remain 16m 43s) Loss: 0.2659(0.2064) 
Epoch: [2][900/1564] Elapsed 19m 30s (remain 14m 20s) Loss: 0.0323(0.2031) 
Epoch: [2][1000/1564] Elapsed 21m 27s (remain 12m 3s) Loss: 0.1678(0.2013) 
Epoch: [2][1100/1564] Elapsed 23m 23s (remain 9m 50s) Loss: 0.1156(0.2005) 
Epoch: [2][1200/1564] Elapsed 25m 21s (remain 7m 40s) Loss: 0.1040(0.2005) 
Epoch: [2][1300/1564] Elapsed 27m 18s (remain 5m 31s) Loss: 0.0926(0.2003) 
Epoch: [2][1400/1564] Elapsed 29m 12s (remain 3m 23s) Loss: 0.2042(0.1983) 
Epoch: [2][1500/1564] Elapsed 31m 8s (remain 1m 18s) Loss: 0.2402(0.1974) 
EVAL: [0/196] Elapsed 0m 0s (remain 1m 38s) Loss: 0.1198(0.1198) 
EVAL: [100/196] Elapsed 0m 50s (remain 0m 47s) Loss: 0.1910(0.2408) 
EVAL: [195/196] Elapsed 1m 41s (remain 0m 0s) Loss: 0.5955(0.2280) 
Epoch 2 Step 1560 - avg_train_loss: 0.2023  avg_val_loss: 0.2314
Epoch 2 Step 1560 - Score: 0.4801
Epoch: [2][1563/1564] Elapsed 34m 3s (remain 0m 0s) Loss: 0.1705(0.1961) 
Epoch 2 - avg_train_loss: 0.2022  avg_val_loss: 0.2314  time: 2044s
Epoch 2 - Score: 0.4801
Epoch: [3][0/1564] Elapsed 0m 1s (remain 28m 44s) Loss: 0.0886(0.0886) 
Epoch: [3][100/1564] Elapsed 1m 55s (remain 27m 58s) Loss: 0.5192(0.1801) 
Epoch: [3][200/1564] Elapsed 3m 51s (remain 26m 9s) Loss: 0.1127(0.1859) 
Epoch: [3][300/1564] Elapsed 5m 47s (remain 24m 19s) Loss: 0.0419(0.1844) 
Epoch: [3][400/1564] Elapsed 7m 42s (remain 22m 21s) Loss: 0.0896(0.1835) 
Epoch: [3][500/1564] Elapsed 9m 40s (remain 20m 32s) Loss: 0.0635(0.1789) 
Epoch: [3][600/1564] Elapsed 11m 37s (remain 18m 37s) Loss: 0.2534(0.1747) 
Epoch: [3][700/1564] Elapsed 13m 32s (remain 16m 40s) Loss: 0.1716(0.1709) 
EVAL: [0/196] Elapsed 0m 0s (remain 0m 29s) Loss: 0.0784(0.0784) 
EVAL: [100/196] Elapsed 0m 52s (remain 0m 49s) Loss: 0.2658(0.2224) 
EVAL: [195/196] Elapsed 1m 45s (remain 0m 0s) Loss: 0.3028(0.2094) 
Epoch 3 Step 780 - avg_train_loss: 0.1714  avg_val_loss: 0.2094
Epoch 3 Step 780 - Score: 0.4571
Epoch 3 Step 780 - Save Best Score: 0.4571 Model
Epoch: [3][800/1564] Elapsed 17m 24s (remain 16m 34s) Loss: 0.2190(0.1690) 
Epoch: [3][900/1564] Elapsed 19m 20s (remain 14m 13s) Loss: 0.0422(0.1661) 
Epoch: [3][1000/1564] Elapsed 21m 18s (remain 11m 58s) Loss: 0.0995(0.1631) 
Epoch: [3][1100/1564] Elapsed 23m 12s (remain 9m 45s) Loss: 0.1262(0.1629) 
Epoch: [3][1200/1564] Elapsed 25m 8s (remain 7m 36s) Loss: 0.0374(0.1625) 
Epoch: [3][1300/1564] Elapsed 27m 4s (remain 5m 28s) Loss: 0.0705(0.1624) 
Epoch: [3][1400/1564] Elapsed 28m 59s (remain 3m 22s) Loss: 0.1102(0.1598) 
Epoch: [3][1500/1564] Elapsed 30m 58s (remain 1m 17s) Loss: 0.0898(0.1581) 
EVAL: [0/196] Elapsed 0m 0s (remain 1m 51s) Loss: 0.1442(0.1442) 
EVAL: [100/196] Elapsed 0m 50s (remain 0m 47s) Loss: 0.1478(0.2616) 
EVAL: [195/196] Elapsed 1m 42s (remain 0m 0s) Loss: 0.7286(0.2480) 
Epoch 3 Step 1560 - avg_train_loss: 0.1595  avg_val_loss: 0.2557
Epoch 3 Step 1560 - Score: 0.5041
Epoch: [3][1563/1564] Elapsed 33m 52s (remain 0m 0s) Loss: 0.0686(0.1568) 
Epoch 3 - avg_train_loss: 0.1594  avg_val_loss: 0.2557  time: 2033s
Epoch 3 - Score: 0.5041
Epoch: [4][0/1564] Elapsed 0m 0s (remain 24m 37s) Loss: 0.1705(0.1705) 
Epoch: [4][100/1564] Elapsed 2m 0s (remain 29m 5s) Loss: 0.4415(0.1275) 
Epoch: [4][200/1564] Elapsed 3m 56s (remain 26m 44s) Loss: 0.1247(0.1339) 
Epoch: [4][300/1564] Elapsed 5m 52s (remain 24m 37s) Loss: 0.0265(0.1324) 
Epoch: [4][400/1564] Elapsed 7m 48s (remain 22m 39s) Loss: 0.0825(0.1310) 
Epoch: [4][500/1564] Elapsed 9m 46s (remain 20m 44s) Loss: 0.0529(0.1272) 
Epoch: [4][600/1564] Elapsed 11m 44s (remain 18m 48s) Loss: 0.1597(0.1256) 
Epoch: [4][700/1564] Elapsed 13m 39s (remain 16m 49s) Loss: 0.1199(0.1289) 
EVAL: [0/196] Elapsed 0m 0s (remain 0m 25s) Loss: 0.0929(0.0929) 
EVAL: [100/196] Elapsed 0m 50s (remain 0m 47s) Loss: 0.1956(0.2471) 
EVAL: [195/196] Elapsed 1m 41s (remain 0m 0s) Loss: 0.4378(0.2299) 
Epoch 4 Step 780 - avg_train_loss: 0.1289  avg_val_loss: 0.2341
Epoch 4 Step 780 - Score: 0.4836
Epoch: [4][800/1564] Elapsed 17m 19s (remain 16m 30s) Loss: 0.1602(0.1290) 
Epoch: [4][900/1564] Elapsed 19m 15s (remain 14m 10s) Loss: 0.0211(0.1269) 
Epoch: [4][1000/1564] Elapsed 21m 11s (remain 11m 55s) Loss: 0.0424(0.1264) 
Epoch: [4][1100/1564] Elapsed 23m 7s (remain 9m 43s) Loss: 0.1932(0.1263) 
Epoch: [4][1200/1564] Elapsed 25m 6s (remain 7m 35s) Loss: 0.0275(0.1256) 
Epoch: [4][1300/1564] Elapsed 27m 3s (remain 5m 28s) Loss: 0.0407(0.1254) 
Epoch: [4][1400/1564] Elapsed 28m 58s (remain 3m 22s) Loss: 0.1706(0.1239) 
Epoch: [4][1500/1564] Elapsed 30m 54s (remain 1m 17s) Loss: 0.0707(0.1235) 
EVAL: [0/196] Elapsed 0m 0s (remain 1m 45s) Loss: 0.1037(0.1037) 
EVAL: [100/196] Elapsed 0m 54s (remain 0m 50s) Loss: 0.2067(0.2380) 
EVAL: [195/196] Elapsed 1m 48s (remain 0m 0s) Loss: 0.4240(0.2227) 
Epoch 4 Step 1560 - avg_train_loss: 0.1218  avg_val_loss: 0.2224
Epoch 4 Step 1560 - Score: 0.4711
Epoch: [4][1563/1564] Elapsed 33m 57s (remain 0m 0s) Loss: 0.0184(0.1225) 
Epoch 4 - avg_train_loss: 0.1217  avg_val_loss: 0.2224  time: 2038s
Epoch 4 - Score: 0.4711
========== fold: 4 result ==========
Score: 0.4571
========== CV ==========
Score: 0.4615
