We have available 2, GPUs! but using 2 GPUs
Running basic DDP example on rank 0.
Running basic DDP example on rank 1.
-------------fold:0 training-------------
Epoch: [1][0/733] Elapsed 0m 1s (remain 15m 8s) Loss: 2.7512(2.7512) 
Epoch: [1][100/733] Elapsed 1m 3s (remain 6m 40s) Loss: 0.3123(0.6139) 
Epoch: [1][200/733] Elapsed 2m 3s (remain 5m 27s) Loss: 0.0826(0.3720) 
Epoch: [1][300/733] Elapsed 3m 6s (remain 4m 27s) Loss: 0.1348(0.2899) 
EVAL: [0/123] Elapsed 0m 0s (remain 1m 1s) Loss: 0.1290(0.1290) 
EVAL: [100/123] Elapsed 0m 51s (remain 0m 11s) Loss: 0.0811(0.1227) 
EVAL: [122/123] Elapsed 0m 59s (remain 0m 0s) Loss: 0.0850(0.1191) 
Epoch 1 Step 366 - avg_train_loss: 0.2566  avg_val_loss: 0.1195
Epoch 1 Step 366 - Score: 0.4904
Epoch 1 Step 366 - Save Best Score: 0.4904 Model
Epoch: [1][400/733] Elapsed 5m 11s (remain 4m 18s) Loss: 0.1419(0.2489) 
Epoch: [1][500/733] Elapsed 6m 14s (remain 2m 53s) Loss: 0.1101(0.2257) 
Epoch: [1][600/733] Elapsed 7m 16s (remain 1m 35s) Loss: 0.0888(0.2065) 
Epoch: [1][700/733] Elapsed 8m 18s (remain 0m 22s) Loss: 0.1289(0.1964) 
Epoch: [1][732/733] Elapsed 8m 36s (remain 0m 0s) Loss: 0.0753(0.1927) 
EVAL: [0/123] Elapsed 0m 0s (remain 1m 1s) Loss: 0.1377(0.1377) 
EVAL: [100/123] Elapsed 0m 51s (remain 0m 11s) Loss: 0.0783(0.1134) 
EVAL: [122/123] Elapsed 1m 2s (remain 0m 0s) Loss: 0.0934(0.1102) 
Epoch 1 Step 732 - avg_train_loss: 0.1891  avg_val_loss: 0.1108
Epoch 1 Step 732 - Score: 0.4714
Epoch 1 Step 732 - Save Best Score: 0.4714 Model
Epoch 1 - avg_train_loss: 0.1891  avg_val_loss: 0.1108  time: 582s
Epoch 1 - Score: 0.4714
Epoch: [2][0/733] Elapsed 0m 0s (remain 9m 32s) Loss: 0.0693(0.0693) 
Epoch: [2][100/733] Elapsed 0m 59s (remain 6m 15s) Loss: 0.1660(0.1146) 
Epoch: [2][200/733] Elapsed 2m 3s (remain 5m 26s) Loss: 0.0597(0.1077) 
Epoch: [2][300/733] Elapsed 3m 6s (remain 4m 27s) Loss: 0.1053(0.1058) 
EVAL: [0/123] Elapsed 0m 0s (remain 1m 0s) Loss: 0.1417(0.1417) 
EVAL: [100/123] Elapsed 0m 48s (remain 0m 10s) Loss: 0.0737(0.1162) 
EVAL: [122/123] Elapsed 0m 57s (remain 0m 0s) Loss: 0.1193(0.1119) 
Epoch 2 Step 366 - avg_train_loss: 0.1039  avg_val_loss: 0.1124
Epoch 2 Step 366 - Score: 0.4754
Epoch: [2][400/733] Elapsed 5m 2s (remain 4m 10s) Loss: 0.1053(0.1058) 
Epoch: [2][500/733] Elapsed 6m 4s (remain 2m 48s) Loss: 0.1130(0.1066) 
Epoch: [2][600/733] Elapsed 7m 6s (remain 1m 33s) Loss: 0.0655(0.1048) 
Epoch: [2][700/733] Elapsed 8m 6s (remain 0m 22s) Loss: 0.1257(0.1065) 
Epoch: [2][732/733] Elapsed 8m 26s (remain 0m 0s) Loss: 0.0553(0.1062) 
EVAL: [0/123] Elapsed 0m 0s (remain 1m 2s) Loss: 0.1432(0.1432) 
EVAL: [100/123] Elapsed 0m 46s (remain 0m 10s) Loss: 0.0783(0.1113) 
EVAL: [122/123] Elapsed 0m 56s (remain 0m 0s) Loss: 0.1158(0.1081) 
Epoch 2 Step 732 - avg_train_loss: 0.1042  avg_val_loss: 0.1090
Epoch 2 Step 732 - Score: 0.4673
Epoch 2 Step 732 - Save Best Score: 0.4673 Model
Epoch 2 - avg_train_loss: 0.1042  avg_val_loss: 0.1090  time: 571s
Epoch 2 - Score: 0.4673
Epoch: [3][0/733] Elapsed 0m 0s (remain 9m 48s) Loss: 0.0718(0.0718) 
Epoch: [3][100/733] Elapsed 1m 0s (remain 6m 19s) Loss: 0.1110(0.1013) 
Epoch: [3][200/733] Elapsed 2m 0s (remain 5m 18s) Loss: 0.0353(0.0967) 
Epoch: [3][300/733] Elapsed 3m 2s (remain 4m 21s) Loss: 0.0892(0.0952) 
EVAL: [0/123] Elapsed 0m 0s (remain 1m 2s) Loss: 0.1366(0.1366) 
EVAL: [100/123] Elapsed 0m 47s (remain 0m 10s) Loss: 0.0696(0.1104) 
EVAL: [122/123] Elapsed 0m 58s (remain 0m 0s) Loss: 0.1235(0.1074) 
Epoch 3 Step 366 - avg_train_loss: 0.0932  avg_val_loss: 0.1083
Epoch 3 Step 366 - Score: 0.4662
Epoch 3 Step 366 - Save Best Score: 0.4662 Model
Epoch: [3][400/733] Elapsed 5m 6s (remain 4m 13s) Loss: 0.0891(0.0948) 
Epoch: [3][500/733] Elapsed 6m 8s (remain 2m 50s) Loss: 0.1009(0.0942) 
Epoch: [3][600/733] Elapsed 7m 8s (remain 1m 34s) Loss: 0.0439(0.0922) 
Epoch: [3][700/733] Elapsed 8m 11s (remain 0m 22s) Loss: 0.1296(0.0933) 
Epoch: [3][732/733] Elapsed 8m 32s (remain 0m 0s) Loss: 0.0457(0.0929) 
EVAL: [0/123] Elapsed 0m 0s (remain 0m 51s) Loss: 0.1473(0.1473) 
EVAL: [100/123] Elapsed 0m 48s (remain 0m 10s) Loss: 0.0802(0.1111) 
EVAL: [122/123] Elapsed 0m 59s (remain 0m 0s) Loss: 0.1318(0.1084) 
Epoch 3 Step 732 - avg_train_loss: 0.0914  avg_val_loss: 0.1094
Epoch 3 Step 732 - Score: 0.4684
Epoch 3 - avg_train_loss: 0.0914  avg_val_loss: 0.1094  time: 575s
Epoch 3 - Score: 0.4684
Epoch: [4][0/733] Elapsed 0m 0s (remain 10m 22s) Loss: 0.0699(0.0699) 
Epoch: [4][100/733] Elapsed 0m 58s (remain 6m 6s) Loss: 0.0633(0.0879) 
Epoch: [4][200/733] Elapsed 1m 59s (remain 5m 16s) Loss: 0.0160(0.0854) 
Epoch: [4][300/733] Elapsed 2m 59s (remain 4m 17s) Loss: 0.0781(0.0840) 
EVAL: [0/123] Elapsed 0m 0s (remain 0m 20s) Loss: 0.1329(0.1329) 
EVAL: [100/123] Elapsed 0m 52s (remain 0m 11s) Loss: 0.0817(0.1089) 
EVAL: [122/123] Elapsed 1m 4s (remain 0m 0s) Loss: 0.1108(0.1078) 
Epoch 4 Step 366 - avg_train_loss: 0.0819  avg_val_loss: 0.1088
Epoch 4 Step 366 - Score: 0.4673
Epoch: [4][400/733] Elapsed 5m 7s (remain 4m 14s) Loss: 0.0782(0.0836) 
Epoch: [4][500/733] Elapsed 6m 7s (remain 2m 50s) Loss: 0.0767(0.0818) 
Epoch: [4][600/733] Elapsed 7m 11s (remain 1m 34s) Loss: 0.0326(0.0796) 
Epoch: [4][700/733] Elapsed 8m 12s (remain 0m 22s) Loss: 0.1250(0.0796) 
Epoch: [4][732/733] Elapsed 8m 32s (remain 0m 0s) Loss: 0.0419(0.0793) 
EVAL: [0/123] Elapsed 0m 0s (remain 1m 1s) Loss: 0.1556(0.1556) 
EVAL: [100/123] Elapsed 0m 48s (remain 0m 10s) Loss: 0.0898(0.1166) 
EVAL: [122/123] Elapsed 0m 58s (remain 0m 0s) Loss: 0.1431(0.1140) 
Epoch 4 Step 732 - avg_train_loss: 0.0779  avg_val_loss: 0.0500
Epoch 4 Step 732 - Score: 2.2871
Epoch 4 - avg_train_loss: 0.0779  avg_val_loss: 0.0500  time: 571s
Epoch 4 - Score: 2.2871
========== fold: 0 result ==========
Score: 0.4662
Running basic DDP example on rank 0.
Running basic DDP example on rank 1.
-------------fold:1 training-------------
Epoch: [1][0/733] Elapsed 0m 1s (remain 14m 58s) Loss: 2.2693(2.2693) 
Epoch: [1][100/733] Elapsed 1m 2s (remain 6m 31s) Loss: 0.1746(0.6111) 
Epoch: [1][200/733] Elapsed 2m 5s (remain 5m 31s) Loss: 0.1036(0.3780) 
Epoch: [1][300/733] Elapsed 3m 6s (remain 4m 27s) Loss: 0.1272(0.2946) 
EVAL: [0/123] Elapsed 0m 0s (remain 1m 14s) Loss: 0.1349(0.1349) 
EVAL: [100/123] Elapsed 0m 45s (remain 0m 9s) Loss: 0.0797(0.1300) 
EVAL: [122/123] Elapsed 0m 56s (remain 0m 0s) Loss: 0.1186(0.1325) 
Epoch 1 Step 366 - avg_train_loss: 0.2598  avg_val_loss: 0.1384
Epoch 1 Step 366 - Score: 0.5267
Epoch 1 Step 366 - Save Best Score: 0.5267 Model
Epoch: [1][400/733] Elapsed 5m 13s (remain 4m 19s) Loss: 0.0938(0.2501) 
Epoch: [1][500/733] Elapsed 6m 14s (remain 2m 53s) Loss: 0.0459(0.2241) 
Epoch: [1][600/733] Elapsed 7m 19s (remain 1m 36s) Loss: 0.0849(0.2052) 
Epoch: [1][700/733] Elapsed 8m 19s (remain 0m 22s) Loss: 0.1276(0.1927) 
Epoch: [1][732/733] Elapsed 8m 39s (remain 0m 0s) Loss: 0.1159(0.1894) 
EVAL: [0/123] Elapsed 0m 0s (remain 1m 18s) Loss: 0.1119(0.1119) 
EVAL: [100/123] Elapsed 0m 51s (remain 0m 11s) Loss: 0.1143(0.1070) 
EVAL: [122/123] Elapsed 1m 2s (remain 0m 0s) Loss: 0.0347(0.1085) 
Epoch 1 Step 732 - avg_train_loss: 0.1884  avg_val_loss: 0.1105
Epoch 1 Step 732 - Score: 0.4707
Epoch 1 Step 732 - Save Best Score: 0.4707 Model
Epoch 1 - avg_train_loss: 0.1884  avg_val_loss: 0.1105  time: 587s
Epoch 1 - Score: 0.4707
Epoch: [2][0/733] Elapsed 0m 0s (remain 7m 19s) Loss: 0.0752(0.0752) 
Epoch: [2][100/733] Elapsed 0m 58s (remain 6m 5s) Loss: 0.1288(0.1148) 
Epoch: [2][200/733] Elapsed 2m 0s (remain 5m 19s) Loss: 0.0727(0.1104) 
Epoch: [2][300/733] Elapsed 3m 1s (remain 4m 19s) Loss: 0.1119(0.1098) 
EVAL: [0/123] Elapsed 0m 0s (remain 0m 29s) Loss: 0.1125(0.1125) 
EVAL: [100/123] Elapsed 0m 45s (remain 0m 9s) Loss: 0.0868(0.1159) 
EVAL: [122/123] Elapsed 0m 56s (remain 0m 0s) Loss: 0.0832(0.1178) 
Epoch 2 Step 366 - avg_train_loss: 0.1078  avg_val_loss: 0.1214
Epoch 2 Step 366 - Score: 0.4929
Epoch: [2][400/733] Elapsed 5m 4s (remain 4m 12s) Loss: 0.1046(0.1072) 
Epoch: [2][500/733] Elapsed 6m 7s (remain 2m 49s) Loss: 0.0558(0.1065) 
Epoch: [2][600/733] Elapsed 7m 12s (remain 1m 34s) Loss: 0.0872(0.1051) 
Epoch: [2][700/733] Elapsed 8m 12s (remain 0m 22s) Loss: 0.1329(0.1041) 
Epoch: [2][732/733] Elapsed 8m 33s (remain 0m 0s) Loss: 0.0850(0.1041) 
EVAL: [0/123] Elapsed 0m 0s (remain 0m 23s) Loss: 0.1169(0.1169) 
EVAL: [100/123] Elapsed 0m 47s (remain 0m 10s) Loss: 0.1166(0.1090) 
EVAL: [122/123] Elapsed 0m 59s (remain 0m 0s) Loss: 0.0331(0.1103) 
Epoch 2 Step 732 - avg_train_loss: 0.1045  avg_val_loss: 0.1120
Epoch 2 Step 732 - Score: 0.4741
Epoch 2 - avg_train_loss: 0.1045  avg_val_loss: 0.1120  time: 573s
Epoch 2 - Score: 0.4741
Epoch: [3][0/733] Elapsed 0m 0s (remain 10m 39s) Loss: 0.0690(0.0690) 
Epoch: [3][100/733] Elapsed 1m 1s (remain 6m 23s) Loss: 0.1119(0.1014) 
Epoch: [3][200/733] Elapsed 2m 2s (remain 5m 23s) Loss: 0.0691(0.0973) 
Epoch: [3][300/733] Elapsed 3m 5s (remain 4m 25s) Loss: 0.1108(0.0979) 
EVAL: [0/123] Elapsed 0m 0s (remain 1m 7s) Loss: 0.1126(0.1126) 
EVAL: [100/123] Elapsed 0m 49s (remain 0m 10s) Loss: 0.1144(0.1125) 
EVAL: [122/123] Elapsed 1m 0s (remain 0m 0s) Loss: 0.0557(0.1137) 
Epoch 3 Step 366 - avg_train_loss: 0.0964  avg_val_loss: 0.1148
Epoch 3 Step 366 - Score: 0.4796
Epoch: [3][400/733] Elapsed 5m 9s (remain 4m 16s) Loss: 0.0840(0.0957) 
Epoch: [3][500/733] Elapsed 6m 13s (remain 2m 52s) Loss: 0.0423(0.0945) 
Epoch: [3][600/733] Elapsed 7m 15s (remain 1m 35s) Loss: 0.0805(0.0935) 
Epoch: [3][700/733] Elapsed 8m 17s (remain 0m 22s) Loss: 0.1252(0.0922) 
Epoch: [3][732/733] Elapsed 8m 37s (remain 0m 0s) Loss: 0.0570(0.0921) 
EVAL: [0/123] Elapsed 0m 0s (remain 1m 14s) Loss: 0.1205(0.1205) 
EVAL: [100/123] Elapsed 0m 50s (remain 0m 10s) Loss: 0.1225(0.1122) 
EVAL: [122/123] Elapsed 1m 1s (remain 0m 0s) Loss: 0.0344(0.1129) 
Epoch 3 Step 732 - avg_train_loss: 0.0926  avg_val_loss: 0.1147
Epoch 3 Step 732 - Score: 0.4800
Epoch 3 - avg_train_loss: 0.0926  avg_val_loss: 0.1147  time: 579s
Epoch 3 - Score: 0.4800
Epoch: [4][0/733] Elapsed 0m 0s (remain 10m 29s) Loss: 0.0672(0.0672) 
Epoch: [4][100/733] Elapsed 1m 3s (remain 6m 34s) Loss: 0.0965(0.0867) 
Epoch: [4][200/733] Elapsed 2m 4s (remain 5m 29s) Loss: 0.0705(0.0844) 
Epoch: [4][300/733] Elapsed 3m 8s (remain 4m 30s) Loss: 0.1052(0.0855) 
EVAL: [0/123] Elapsed 0m 0s (remain 1m 18s) Loss: 0.1374(0.1374) 
EVAL: [100/123] Elapsed 0m 53s (remain 0m 11s) Loss: 0.1911(0.1229) 
EVAL: [122/123] Elapsed 1m 4s (remain 0m 0s) Loss: 0.0156(0.1230) 
Epoch 4 Step 366 - avg_train_loss: 0.0845  avg_val_loss: 0.1201
Epoch 4 Step 366 - Score: 0.4912
Epoch: [4][400/733] Elapsed 5m 16s (remain 4m 22s) Loss: 0.0753(0.0846) 
Epoch: [4][500/733] Elapsed 6m 18s (remain 2m 55s) Loss: 0.0330(0.0828) 
Epoch: [4][600/733] Elapsed 7m 21s (remain 1m 36s) Loss: 0.0772(0.0821) 
Epoch: [4][700/733] Elapsed 8m 24s (remain 0m 23s) Loss: 0.1142(0.0811) 
Epoch: [4][732/733] Elapsed 8m 44s (remain 0m 0s) Loss: 0.0424(0.0808) 
EVAL: [0/123] Elapsed 0m 0s (remain 0m 35s) Loss: 0.1347(0.1347) 
EVAL: [100/123] Elapsed 0m 49s (remain 0m 10s) Loss: 0.1561(0.1143) 
EVAL: [122/123] Elapsed 0m 59s (remain 0m 0s) Loss: 0.0266(0.1139) 
Epoch 4 Step 732 - avg_train_loss: 0.0810  avg_val_loss: 0.1141
Epoch 4 Step 732 - Score: 0.4788
Epoch 4 - avg_train_loss: 0.0810  avg_val_loss: 0.1141  time: 585s
Epoch 4 - Score: 0.4788
========== fold: 1 result ==========
Score: 0.4707
Running basic DDP example on rank 1.
Running basic DDP example on rank 0.
-------------fold:2 training-------------
Epoch: [1][0/733] Elapsed 0m 1s (remain 12m 21s) Loss: 2.3834(2.3834) 
Epoch: [1][100/733] Elapsed 1m 1s (remain 6m 22s) Loss: 0.0319(0.6459) 
Epoch: [1][200/733] Elapsed 2m 0s (remain 5m 19s) Loss: 0.0695(0.3936) 
Epoch: [1][300/733] Elapsed 2m 59s (remain 4m 17s) Loss: 0.1108(0.3059) 
EVAL: [0/123] Elapsed 0m 0s (remain 0m 18s) Loss: 0.1053(0.1053) 
EVAL: [100/123] Elapsed 0m 47s (remain 0m 10s) Loss: 0.0927(0.1491) 
EVAL: [122/123] Elapsed 0m 57s (remain 0m 0s) Loss: 0.2357(0.1529) 
Epoch 1 Step 366 - avg_train_loss: 0.2688  avg_val_loss: 0.1540
Epoch 1 Step 366 - Score: 0.5565
Epoch 1 Step 366 - Save Best Score: 0.5565 Model
Epoch: [1][400/733] Elapsed 5m 3s (remain 4m 10s) Loss: 0.0829(0.2649) 
Epoch: [1][500/733] Elapsed 6m 0s (remain 2m 47s) Loss: 0.1102(0.2354) 
Epoch: [1][600/733] Elapsed 7m 0s (remain 1m 32s) Loss: 0.0469(0.2166) 
Epoch: [1][700/733] Elapsed 8m 2s (remain 0m 22s) Loss: 0.0565(0.2028) 
Epoch: [1][732/733] Elapsed 8m 21s (remain 0m 0s) Loss: 0.0525(0.1987) 
EVAL: [0/123] Elapsed 0m 0s (remain 0m 25s) Loss: 0.0930(0.0930) 
EVAL: [100/123] Elapsed 0m 48s (remain 0m 10s) Loss: 0.0922(0.1065) 
EVAL: [122/123] Elapsed 0m 59s (remain 0m 0s) Loss: 0.0917(0.1095) 
Epoch 1 Step 732 - avg_train_loss: 0.1942  avg_val_loss: 0.1082
Epoch 1 Step 732 - Score: 0.4658
Epoch 1 Step 732 - Save Best Score: 0.4658 Model
Epoch 1 - avg_train_loss: 0.1942  avg_val_loss: 0.1082  time: 563s
Epoch 1 - Score: 0.4658
Epoch: [2][0/733] Elapsed 0m 0s (remain 2m 41s) Loss: 0.0472(0.0472) 
Epoch: [2][100/733] Elapsed 0m 59s (remain 6m 11s) Loss: 0.0541(0.1171) 
Epoch: [2][200/733] Elapsed 2m 2s (remain 5m 23s) Loss: 0.0726(0.1108) 
Epoch: [2][300/733] Elapsed 3m 1s (remain 4m 21s) Loss: 0.0845(0.1106) 
EVAL: [0/123] Elapsed 0m 0s (remain 0m 20s) Loss: 0.1122(0.1122) 
EVAL: [100/123] Elapsed 0m 49s (remain 0m 10s) Loss: 0.0800(0.1289) 
EVAL: [122/123] Elapsed 1m 0s (remain 0m 0s) Loss: 0.1577(0.1331) 
Epoch 2 Step 366 - avg_train_loss: 0.1135  avg_val_loss: 0.1337
Epoch 2 Step 366 - Score: 0.5183
Epoch: [2][400/733] Elapsed 5m 5s (remain 4m 12s) Loss: 0.0891(0.1131) 
Epoch: [2][500/733] Elapsed 6m 7s (remain 2m 50s) Loss: 0.0889(0.1107) 
Epoch: [2][600/733] Elapsed 7m 9s (remain 1m 34s) Loss: 0.0394(0.1097) 
Epoch: [2][700/733] Elapsed 8m 11s (remain 0m 22s) Loss: 0.0415(0.1089) 
Epoch: [2][732/733] Elapsed 8m 31s (remain 0m 0s) Loss: 0.0509(0.1084) 
EVAL: [0/123] Elapsed 0m 0s (remain 0m 42s) Loss: 0.1153(0.1153) 
EVAL: [100/123] Elapsed 0m 48s (remain 0m 10s) Loss: 0.0942(0.1048) 
EVAL: [122/123] Elapsed 0m 59s (remain 0m 0s) Loss: 0.0879(0.1081) 
Epoch 2 Step 732 - avg_train_loss: 0.1087  avg_val_loss: 0.1060
Epoch 2 Step 732 - Score: 0.4613
Epoch 2 Step 732 - Save Best Score: 0.4613 Model
Epoch 2 - avg_train_loss: 0.1087  avg_val_loss: 0.1060  time: 578s
Epoch 2 - Score: 0.4613
Epoch: [3][0/733] Elapsed 0m 0s (remain 7m 16s) Loss: 0.0460(0.0460) 
Epoch: [3][100/733] Elapsed 1m 5s (remain 6m 48s) Loss: 0.0496(0.1053) 
Epoch: [3][200/733] Elapsed 2m 8s (remain 5m 40s) Loss: 0.0767(0.1008) 
Epoch: [3][300/733] Elapsed 3m 11s (remain 4m 34s) Loss: 0.0576(0.1001) 
EVAL: [0/123] Elapsed 0m 0s (remain 1m 13s) Loss: 0.1321(0.1321) 
EVAL: [100/123] Elapsed 0m 50s (remain 0m 11s) Loss: 0.0706(0.1203) 
EVAL: [122/123] Elapsed 1m 1s (remain 0m 0s) Loss: 0.1271(0.1250) 
Epoch 3 Step 366 - avg_train_loss: 0.1018  avg_val_loss: 0.1254
Epoch 3 Step 366 - Score: 0.5019
Epoch: [3][400/733] Elapsed 5m 15s (remain 4m 21s) Loss: 0.0904(0.1010) 
Epoch: [3][500/733] Elapsed 6m 17s (remain 2m 55s) Loss: 0.0816(0.0987) 
Epoch: [3][600/733] Elapsed 7m 21s (remain 1m 37s) Loss: 0.0388(0.0976) 
Epoch: [3][700/733] Elapsed 8m 21s (remain 0m 22s) Loss: 0.0375(0.0968) 
Epoch: [3][732/733] Elapsed 8m 40s (remain 0m 0s) Loss: 0.0552(0.0963) 
EVAL: [0/123] Elapsed 0m 0s (remain 1m 17s) Loss: 0.1356(0.1356) 
EVAL: [100/123] Elapsed 0m 50s (remain 0m 10s) Loss: 0.0919(0.1091) 
EVAL: [122/123] Elapsed 1m 1s (remain 0m 0s) Loss: 0.0950(0.1128) 
Epoch 3 Step 732 - avg_train_loss: 0.0970  avg_val_loss: 0.1112
Epoch 3 Step 732 - Score: 0.4727
Epoch 3 - avg_train_loss: 0.0970  avg_val_loss: 0.1112  time: 582s
Epoch 3 - Score: 0.4727
Epoch: [4][0/733] Elapsed 0m 0s (remain 7m 29s) Loss: 0.0457(0.0457) 
Epoch: [4][100/733] Elapsed 1m 5s (remain 6m 52s) Loss: 0.0567(0.0948) 
Epoch: [4][200/733] Elapsed 2m 8s (remain 5m 40s) Loss: 0.0748(0.0914) 
Epoch: [4][300/733] Elapsed 3m 11s (remain 4m 34s) Loss: 0.0465(0.0898) 
EVAL: [0/123] Elapsed 0m 0s (remain 1m 13s) Loss: 0.1343(0.1343) 
EVAL: [100/123] Elapsed 0m 51s (remain 0m 11s) Loss: 0.0596(0.1092) 
EVAL: [122/123] Elapsed 1m 2s (remain 0m 0s) Loss: 0.1013(0.1140) 
Epoch 4 Step 366 - avg_train_loss: 0.0906  avg_val_loss: 0.1137
Epoch 4 Step 366 - Score: 0.4779
Epoch: [4][400/733] Elapsed 5m 14s (remain 4m 20s) Loss: 0.0860(0.0895) 
Epoch: [4][500/733] Elapsed 6m 14s (remain 2m 53s) Loss: 0.0796(0.0870) 
Epoch: [4][600/733] Elapsed 7m 18s (remain 1m 36s) Loss: 0.0444(0.0862) 
Epoch: [4][700/733] Elapsed 8m 22s (remain 0m 22s) Loss: 0.0402(0.0853) 
Epoch: [4][732/733] Elapsed 8m 42s (remain 0m 0s) Loss: 0.0497(0.0847) 
EVAL: [0/123] Elapsed 0m 0s (remain 1m 14s) Loss: 0.1639(0.1639) 
EVAL: [100/123] Elapsed 0m 49s (remain 0m 10s) Loss: 0.0925(0.1223) 
EVAL: [122/123] Elapsed 1m 0s (remain 0m 0s) Loss: 0.1078(0.1267) 
Epoch 4 Step 732 - avg_train_loss: 0.0858  avg_val_loss: 0.1270
Epoch 4 Step 732 - Score: 0.5062
Epoch 4 - avg_train_loss: 0.0858  avg_val_loss: 0.1270  time: 584s
Epoch 4 - Score: 0.5062
========== fold: 2 result ==========
Score: 0.4613
Running basic DDP example on rank 0.
Running basic DDP example on rank 1.
-------------fold:3 training-------------
Epoch: [1][0/733] Elapsed 0m 1s (remain 16m 12s) Loss: 2.5594(2.5594) 
Epoch: [1][100/733] Elapsed 1m 2s (remain 6m 30s) Loss: 0.1814(0.6301) 
Epoch: [1][200/733] Elapsed 2m 5s (remain 5m 32s) Loss: 0.0286(0.3863) 
Epoch: [1][300/733] Elapsed 3m 9s (remain 4m 31s) Loss: 0.0593(0.3002) 
EVAL: [0/123] Elapsed 0m 0s (remain 0m 15s) Loss: 0.1511(0.1511) 
EVAL: [100/123] Elapsed 0m 49s (remain 0m 10s) Loss: 0.0813(0.1171) 
EVAL: [122/123] Elapsed 1m 1s (remain 0m 0s) Loss: 0.0584(0.1165) 
Epoch 1 Step 366 - avg_train_loss: 0.2681  avg_val_loss: 0.1209
Epoch 1 Step 366 - Score: 0.4935
Epoch 1 Step 366 - Save Best Score: 0.4935 Model
Epoch: [1][400/733] Elapsed 5m 17s (remain 4m 22s) Loss: 0.0752(0.2538) 
Epoch: [1][500/733] Elapsed 6m 17s (remain 2m 54s) Loss: 0.2441(0.2275) 
Epoch: [1][600/733] Elapsed 7m 23s (remain 1m 37s) Loss: 0.0681(0.2096) 
Epoch: [1][700/733] Elapsed 8m 25s (remain 0m 23s) Loss: 0.0941(0.1963) 
Epoch: [1][732/733] Elapsed 8m 43s (remain 0m 0s) Loss: 0.1378(0.1941) 
EVAL: [0/123] Elapsed 0m 0s (remain 1m 7s) Loss: 0.1325(0.1325) 
EVAL: [100/123] Elapsed 0m 49s (remain 0m 10s) Loss: 0.0808(0.1102) 
EVAL: [122/123] Elapsed 0m 58s (remain 0m 0s) Loss: 0.0493(0.1104) 
Epoch 1 Step 732 - avg_train_loss: 0.1940  avg_val_loss: 0.1152
Epoch 1 Step 732 - Score: 0.4809
Epoch 1 Step 732 - Save Best Score: 0.4809 Model
Epoch 1 - avg_train_loss: 0.1940  avg_val_loss: 0.1152  time: 591s
Epoch 1 - Score: 0.4809
Epoch: [2][0/733] Elapsed 0m 0s (remain 4m 16s) Loss: 0.0479(0.0479) 
Epoch: [2][100/733] Elapsed 1m 3s (remain 6m 38s) Loss: 0.1470(0.1088) 
Epoch: [2][200/733] Elapsed 2m 6s (remain 5m 33s) Loss: 0.0282(0.1120) 
Epoch: [2][300/733] Elapsed 3m 10s (remain 4m 32s) Loss: 0.0585(0.1113) 
EVAL: [0/123] Elapsed 0m 0s (remain 1m 9s) Loss: 0.1576(0.1576) 
EVAL: [100/123] Elapsed 0m 45s (remain 0m 9s) Loss: 0.0815(0.1076) 
EVAL: [122/123] Elapsed 0m 56s (remain 0m 0s) Loss: 0.0659(0.1075) 
Epoch 2 Step 366 - avg_train_loss: 0.1099  avg_val_loss: 0.1108
Epoch 2 Step 366 - Score: 0.4719
Epoch 2 Step 366 - Save Best Score: 0.4719 Model
Epoch: [2][400/733] Elapsed 5m 17s (remain 4m 22s) Loss: 0.0666(0.1089) 
Epoch: [2][500/733] Elapsed 6m 17s (remain 2m 54s) Loss: 0.2485(0.1077) 
Epoch: [2][600/733] Elapsed 7m 22s (remain 1m 37s) Loss: 0.0561(0.1076) 
Epoch: [2][700/733] Elapsed 8m 25s (remain 0m 23s) Loss: 0.0804(0.1071) 
Epoch: [2][732/733] Elapsed 8m 43s (remain 0m 0s) Loss: 0.1255(0.1082) 
EVAL: [0/123] Elapsed 0m 0s (remain 1m 3s) Loss: 0.1230(0.1230) 
EVAL: [100/123] Elapsed 0m 46s (remain 0m 10s) Loss: 0.0816(0.1008) 
EVAL: [122/123] Elapsed 0m 59s (remain 0m 0s) Loss: 0.0565(0.1012) 
Epoch 2 Step 732 - avg_train_loss: 0.1081  avg_val_loss: 0.1060
Epoch 2 Step 732 - Score: 0.4611
Epoch 2 Step 732 - Save Best Score: 0.4611 Model
Epoch 2 - avg_train_loss: 0.1081  avg_val_loss: 0.1060  time: 588s
Epoch 2 - Score: 0.4611
Epoch: [3][0/733] Elapsed 0m 0s (remain 4m 50s) Loss: 0.0498(0.0498) 
Epoch: [3][100/733] Elapsed 0m 59s (remain 6m 15s) Loss: 0.1069(0.1005) 
Epoch: [3][200/733] Elapsed 2m 0s (remain 5m 18s) Loss: 0.0388(0.1014) 
Epoch: [3][300/733] Elapsed 3m 2s (remain 4m 22s) Loss: 0.0551(0.1010) 
EVAL: [0/123] Elapsed 0m 0s (remain 0m 11s) Loss: 0.1527(0.1527) 
EVAL: [100/123] Elapsed 0m 47s (remain 0m 10s) Loss: 0.0842(0.1040) 
EVAL: [122/123] Elapsed 0m 57s (remain 0m 0s) Loss: 0.0709(0.1039) 
Epoch 3 Step 366 - avg_train_loss: 0.0996  avg_val_loss: 0.1070
Epoch 3 Step 366 - Score: 0.4635
Epoch: [3][400/733] Elapsed 5m 8s (remain 4m 15s) Loss: 0.0753(0.0991) 
Epoch: [3][500/733] Elapsed 6m 10s (remain 2m 51s) Loss: 0.2399(0.0978) 
Epoch: [3][600/733] Elapsed 7m 13s (remain 1m 35s) Loss: 0.0489(0.0977) 
Epoch: [3][700/733] Elapsed 8m 16s (remain 0m 22s) Loss: 0.0676(0.0970) 
Epoch: [3][732/733] Elapsed 8m 35s (remain 0m 0s) Loss: 0.0996(0.0975) 
EVAL: [0/123] Elapsed 0m 0s (remain 1m 3s) Loss: 0.1153(0.1153) 
EVAL: [100/123] Elapsed 0m 52s (remain 0m 11s) Loss: 0.0895(0.1038) 
EVAL: [122/123] Elapsed 1m 4s (remain 0m 0s) Loss: 0.0653(0.1043) 
Epoch 3 Step 732 - avg_train_loss: 0.0975  avg_val_loss: 0.1088
Epoch 3 Step 732 - Score: 0.4675
Epoch 3 - avg_train_loss: 0.0975  avg_val_loss: 0.1088  time: 581s
Epoch 3 - Score: 0.4675
Epoch: [4][0/733] Elapsed 0m 0s (remain 9m 54s) Loss: 0.0506(0.0506) 
Epoch: [4][100/733] Elapsed 1m 3s (remain 6m 40s) Loss: 0.0907(0.0917) 
Epoch: [4][200/733] Elapsed 2m 5s (remain 5m 31s) Loss: 0.0468(0.0910) 
Epoch: [4][300/733] Elapsed 3m 7s (remain 4m 28s) Loss: 0.0477(0.0909) 
EVAL: [0/123] Elapsed 0m 0s (remain 1m 3s) Loss: 0.1438(0.1438) 
EVAL: [100/123] Elapsed 0m 50s (remain 0m 10s) Loss: 0.0882(0.1032) 
EVAL: [122/123] Elapsed 1m 2s (remain 0m 0s) Loss: 0.0712(0.1031) 
Epoch 4 Step 366 - avg_train_loss: 0.0894  avg_val_loss: 0.1058
Epoch 4 Step 366 - Score: 0.4607
Epoch 4 Step 366 - Save Best Score: 0.4607 Model
Epoch: [4][400/733] Elapsed 5m 13s (remain 4m 19s) Loss: 0.0864(0.0888) 
Epoch: [4][500/733] Elapsed 6m 10s (remain 2m 51s) Loss: 0.1999(0.0872) 
Epoch: [4][600/733] Elapsed 7m 12s (remain 1m 34s) Loss: 0.0431(0.0867) 
Epoch: [4][700/733] Elapsed 8m 16s (remain 0m 22s) Loss: 0.0445(0.0865) 
Epoch: [4][732/733] Elapsed 8m 35s (remain 0m 0s) Loss: 0.1006(0.0866) 
EVAL: [0/123] Elapsed 0m 0s (remain 0m 9s) Loss: 0.1254(0.1254) 
EVAL: [100/123] Elapsed 0m 51s (remain 0m 11s) Loss: 0.1095(0.1169) 
EVAL: [122/123] Elapsed 1m 2s (remain 0m 0s) Loss: 0.0974(0.1176) 
Epoch 4 Step 732 - avg_train_loss: 0.0868  avg_val_loss: 0.0599
Epoch 4 Step 732 - Score: 2.2585
Epoch 4 - avg_train_loss: 0.0868  avg_val_loss: 0.0599  time: 579s
Epoch 4 - Score: 2.2585
========== fold: 3 result ==========
Score: 0.4607
========== CV ==========
Score: 0.4648
