We have available 2, GPUs! but using 2 GPUs
Running basic DDP example on rank 0.
Running basic DDP example on rank 1.
-------------fold:0 training-------------
We have available 2, GPUs! but using 2 GPUs
Running basic DDP example on rank 1.
Running basic DDP example on rank 0.
-------------fold:0 training-------------
Epoch: [1][0/366] Elapsed 0m 0s (remain 4m 30s) Loss: 2.4677(2.4677) 
Epoch: [1][100/366] Elapsed 1m 14s (remain 3m 16s) Loss: 0.1188(0.5712) 
EVAL: [0/62] Elapsed 0m 0s (remain 0m 30s) Loss: 0.0984(0.0984) 
EVAL: [61/62] Elapsed 0m 41s (remain 0m 0s) Loss: 0.0529(0.1196) 
Epoch 1 Step 182 - avg_train_loss: 0.3807  avg_val_loss: 0.1205
Epoch 1 Step 182 - Score: 0.4924
Epoch 1 Step 182 - Save Best Score: 0.4924 Model
Epoch: [1][200/366] Elapsed 3m 9s (remain 2m 35s) Loss: 0.1387(0.3477) 
Epoch: [1][300/366] Elapsed 4m 22s (remain 0m 56s) Loss: 0.1974(0.2745) 
EVAL: [0/62] Elapsed 0m 0s (remain 0m 55s) Loss: 0.0963(0.0963) 
EVAL: [61/62] Elapsed 0m 42s (remain 0m 0s) Loss: 0.0534(0.1112) 
Epoch 1 Step 364 - avg_train_loss: 0.2521  avg_val_loss: 0.1098
Epoch 1 Step 364 - Score: 0.4698
Epoch 1 Step 364 - Save Best Score: 0.4698 Model
Epoch: [1][365/366] Elapsed 5m 52s (remain 0m 0s) Loss: 0.1226(0.2453) 
Epoch 1 - avg_train_loss: 0.2518  avg_val_loss: 0.1098  time: 353s
Epoch 1 - Score: 0.4698
Epoch: [2][0/366] Elapsed 0m 0s (remain 3m 44s) Loss: 0.0749(0.0749) 
Epoch: [2][100/366] Elapsed 1m 11s (remain 3m 7s) Loss: 0.1087(0.1090) 
EVAL: [0/62] Elapsed 0m 0s (remain 0m 29s) Loss: 0.0912(0.0912) 
EVAL: [61/62] Elapsed 0m 42s (remain 0m 0s) Loss: 0.0585(0.1108) 
Epoch 2 Step 182 - avg_train_loss: 0.1098  avg_val_loss: 0.1114
Epoch 2 Step 182 - Score: 0.4729
Epoch: [2][200/366] Elapsed 3m 4s (remain 2m 31s) Loss: 0.0856(0.1045) 
Epoch: [2][300/366] Elapsed 4m 18s (remain 0m 55s) Loss: 0.1433(0.1054) 
EVAL: [0/62] Elapsed 0m 0s (remain 0m 46s) Loss: 0.1003(0.1003) 
EVAL: [61/62] Elapsed 0m 40s (remain 0m 0s) Loss: 0.0558(0.1097) 
Epoch 2 Step 364 - avg_train_loss: 0.1082  avg_val_loss: 0.1084
Epoch 2 Step 364 - Score: 0.4666
Epoch 2 Step 364 - Save Best Score: 0.4666 Model
Epoch: [2][365/366] Elapsed 5m 48s (remain 0m 0s) Loss: 0.1339(0.1045) 
Epoch 2 - avg_train_loss: 0.1083  avg_val_loss: 0.1084  time: 348s
Epoch 2 - Score: 0.4666
Epoch: [3][0/366] Elapsed 0m 0s (remain 2m 43s) Loss: 0.0591(0.0591) 
Epoch: [3][100/366] Elapsed 1m 15s (remain 3m 18s) Loss: 0.0962(0.0980) 
EVAL: [0/62] Elapsed 0m 0s (remain 0m 31s) Loss: 0.0961(0.0961) 
EVAL: [61/62] Elapsed 0m 40s (remain 0m 0s) Loss: 0.0594(0.1088) 
Epoch 3 Step 182 - avg_train_loss: 0.0991  avg_val_loss: 0.1093
Epoch 3 Step 182 - Score: 0.4680
Epoch: [3][200/366] Elapsed 3m 9s (remain 2m 35s) Loss: 0.0703(0.0943) 
Epoch: [3][300/366] Elapsed 4m 19s (remain 0m 56s) Loss: 0.1104(0.0953) 
EVAL: [0/62] Elapsed 0m 0s (remain 0m 35s) Loss: 0.1002(0.1002) 
EVAL: [61/62] Elapsed 0m 42s (remain 0m 0s) Loss: 0.0538(0.1085) 
Epoch 3 Step 364 - avg_train_loss: 0.0986  avg_val_loss: 0.1076
Epoch 3 Step 364 - Score: 0.4649
Epoch 3 Step 364 - Save Best Score: 0.4649 Model
Epoch: [3][365/366] Elapsed 5m 53s (remain 0m 0s) Loss: 0.1344(0.0948) 
Epoch 3 - avg_train_loss: 0.0986  avg_val_loss: 0.1076  time: 354s
Epoch 3 - Score: 0.4649
Epoch: [4][0/366] Elapsed 0m 0s (remain 1m 35s) Loss: 0.0632(0.0632) 
Epoch: [4][100/366] Elapsed 1m 12s (remain 3m 9s) Loss: 0.0901(0.0919) 
EVAL: [0/62] Elapsed 0m 0s (remain 0m 29s) Loss: 0.0987(0.0987) 
EVAL: [61/62] Elapsed 0m 40s (remain 0m 0s) Loss: 0.0560(0.1095) 
Epoch 4 Step 182 - avg_train_loss: 0.0919  avg_val_loss: 0.1099
Epoch 4 Step 182 - Score: 0.4691
Epoch: [4][200/366] Elapsed 3m 5s (remain 2m 32s) Loss: 0.0599(0.0878) 
Epoch: [4][300/366] Elapsed 4m 19s (remain 0m 56s) Loss: 0.0827(0.0880) 
EVAL: [0/62] Elapsed 0m 0s (remain 0m 48s) Loss: 0.0987(0.0987) 
EVAL: [61/62] Elapsed 0m 42s (remain 0m 0s) Loss: 0.0502(0.1088) 
Epoch 4 Step 364 - avg_train_loss: 0.0912  avg_val_loss: 0.1083
Epoch 4 Step 364 - Score: 0.4664
Epoch: [4][365/366] Elapsed 5m 50s (remain 0m 0s) Loss: 0.1300(0.0877) 
Epoch 4 - avg_train_loss: 0.0913  avg_val_loss: 0.1083  time: 351s
Epoch 4 - Score: 0.4664
========== fold: 0 result ==========
Score: 0.4649
Running basic DDP example on rank 1.
Running basic DDP example on rank 0.
-------------fold:1 training-------------
Epoch: [1][0/366] Elapsed 0m 1s (remain 6m 40s) Loss: 1.9499(1.9499) 
Epoch: [1][100/366] Elapsed 1m 12s (remain 3m 10s) Loss: 0.0774(0.5992) 
EVAL: [0/62] Elapsed 0m 0s (remain 0m 54s) Loss: 0.0776(0.0776) 
EVAL: [61/62] Elapsed 0m 38s (remain 0m 0s) Loss: 0.1007(0.1216) 
Epoch 1 Step 182 - avg_train_loss: 0.3930  avg_val_loss: 0.1153
Epoch 1 Step 182 - Score: 0.4811
Epoch 1 Step 182 - Save Best Score: 0.4811 Model
Epoch: [1][200/366] Elapsed 3m 13s (remain 2m 38s) Loss: 0.1872(0.3641) 
Epoch: [1][300/366] Elapsed 4m 27s (remain 0m 57s) Loss: 0.0947(0.2834) 
EVAL: [0/62] Elapsed 0m 0s (remain 0m 57s) Loss: 0.0882(0.0882) 
EVAL: [61/62] Elapsed 0m 43s (remain 0m 0s) Loss: 0.0801(0.1142) 
Epoch 1 Step 364 - avg_train_loss: 0.2568  avg_val_loss: 0.1107
Epoch 1 Step 364 - Score: 0.4708
Epoch 1 Step 364 - Save Best Score: 0.4708 Model
Epoch: [1][365/366] Elapsed 5m 59s (remain 0m 0s) Loss: 0.1097(0.2536) 
Epoch 1 - avg_train_loss: 0.2564  avg_val_loss: 0.1107  time: 360s
Epoch 1 - Score: 0.4708
Epoch: [2][0/366] Elapsed 0m 0s (remain 3m 35s) Loss: 0.1149(0.1149) 
Epoch: [2][100/366] Elapsed 1m 12s (remain 3m 9s) Loss: 0.0583(0.1072) 
EVAL: [0/62] Elapsed 0m 0s (remain 0m 58s) Loss: 0.0703(0.0703) 
EVAL: [61/62] Elapsed 0m 40s (remain 0m 0s) Loss: 0.0817(0.1269) 
Epoch 2 Step 182 - avg_train_loss: 0.1093  avg_val_loss: 0.1184
Epoch 2 Step 182 - Score: 0.4875
Epoch: [2][200/366] Elapsed 3m 6s (remain 2m 33s) Loss: 0.1906(0.1066) 
Epoch: [2][300/366] Elapsed 4m 20s (remain 0m 56s) Loss: 0.0718(0.1063) 
EVAL: [0/62] Elapsed 0m 0s (remain 0m 56s) Loss: 0.0663(0.0663) 
EVAL: [61/62] Elapsed 0m 40s (remain 0m 0s) Loss: 0.0682(0.1111) 
Epoch 2 Step 364 - avg_train_loss: 0.1082  avg_val_loss: 0.1056
Epoch 2 Step 364 - Score: 0.4601
Epoch 2 Step 364 - Save Best Score: 0.4601 Model
Epoch: [2][365/366] Elapsed 5m 53s (remain 0m 0s) Loss: 0.1042(0.1062) 
Epoch 2 - avg_train_loss: 0.1082  avg_val_loss: 0.1056  time: 353s
Epoch 2 - Score: 0.4601
Epoch: [3][0/366] Elapsed 0m 0s (remain 3m 50s) Loss: 0.1256(0.1256) 
Epoch: [3][100/366] Elapsed 1m 13s (remain 3m 11s) Loss: 0.0548(0.0992) 
EVAL: [0/62] Elapsed 0m 0s (remain 0m 56s) Loss: 0.0783(0.0783) 
EVAL: [61/62] Elapsed 0m 39s (remain 0m 0s) Loss: 0.0814(0.1449) 
Epoch 3 Step 182 - avg_train_loss: 0.1024  avg_val_loss: 0.1350
Epoch 3 Step 182 - Score: 0.5213
Epoch: [3][200/366] Elapsed 3m 9s (remain 2m 35s) Loss: 0.1704(0.0998) 
Epoch: [3][300/366] Elapsed 4m 22s (remain 0m 56s) Loss: 0.0707(0.0992) 
EVAL: [0/62] Elapsed 0m 0s (remain 0m 30s) Loss: 0.0636(0.0636) 
EVAL: [61/62] Elapsed 0m 41s (remain 0m 0s) Loss: 0.0694(0.1133) 
Epoch 3 Step 364 - avg_train_loss: 0.1015  avg_val_loss: 0.1074
Epoch 3 Step 364 - Score: 0.4641
Epoch: [3][365/366] Elapsed 5m 53s (remain 0m 0s) Loss: 0.1045(0.0990) 
Epoch 3 - avg_train_loss: 0.1014  avg_val_loss: 0.1074  time: 353s
Epoch 3 - Score: 0.4641
Epoch: [4][0/366] Elapsed 0m 0s (remain 3m 28s) Loss: 0.1333(0.1333) 
Epoch: [4][100/366] Elapsed 1m 15s (remain 3m 17s) Loss: 0.0559(0.0910) 
EVAL: [0/62] Elapsed 0m 0s (remain 0m 30s) Loss: 0.0622(0.0622) 
EVAL: [61/62] Elapsed 0m 39s (remain 0m 0s) Loss: 0.0808(0.1185) 
Epoch 4 Step 182 - avg_train_loss: 0.0953  avg_val_loss: 0.1118
Epoch 4 Step 182 - Score: 0.4736
Epoch: [4][200/366] Elapsed 3m 11s (remain 2m 36s) Loss: 0.1022(0.0920) 
We have available 2, GPUs! but using 2 GPUs
Running basic DDP example on rank 1.
Running basic DDP example on rank 0.
-------------fold:0 training-------------
Epoch: [1][0/733] Elapsed 0m 1s (remain 22m 24s) Loss: 2.6835(2.6835) 
We have available 2, GPUs! but using 2 GPUs
Running basic DDP example on rank 0.
Running basic DDP example on rank 1.
-------------fold:0 training-------------
Epoch: [1][0/733] Elapsed 0m 1s (remain 20m 41s) Loss: 2.6835(2.6835) 
Epoch: [1][100/733] Elapsed 2m 3s (remain 12m 52s) Loss: 0.4742(1.0936) 
EVAL: [0/123] Elapsed 0m 0s (remain 1m 3s) Loss: 0.6199(0.6199) 
EVAL: [100/123] Elapsed 1m 10s (remain 0m 15s) Loss: 0.3625(0.5004) 
EVAL: [122/123] Elapsed 1m 26s (remain 0m 0s) Loss: 0.3017(0.4993) 
Epoch 1 Step 182 - avg_train_loss: 0.8581  avg_val_loss: 0.4995
Epoch 1 Step 182 - Score: 0.5088
Epoch 1 Step 182 - Save Best Score: 0.5088 Model
Epoch: [1][200/733] Elapsed 5m 32s (remain 14m 40s) Loss: 0.5670(0.8091) 
Epoch: [1][300/733] Elapsed 7m 33s (remain 10m 51s) Loss: 0.3521(0.6967) 
EVAL: [0/123] Elapsed 0m 0s (remain 1m 41s) Loss: 0.5863(0.5863) 
EVAL: [100/123] Elapsed 1m 10s (remain 0m 15s) Loss: 0.3491(0.4888) 
EVAL: [122/123] Elapsed 1m 26s (remain 0m 0s) Loss: 0.3729(0.4879) 
Epoch 1 Step 364 - avg_train_loss: 0.6709  avg_val_loss: 0.4842
Epoch 1 Step 364 - Score: 0.4923
Epoch 1 Step 364 - Save Best Score: 0.4923 Model
Epoch: [1][400/733] Elapsed 11m 9s (remain 9m 14s) Loss: 0.4198(0.6413) 
Epoch: [1][500/733] Elapsed 13m 12s (remain 6m 7s) Loss: 0.5281(0.6113) 
EVAL: [0/123] Elapsed 0m 0s (remain 1m 52s) Loss: 0.5411(0.5411) 
EVAL: [100/123] Elapsed 1m 16s (remain 0m 16s) Loss: 0.3558(0.4756) 
EVAL: [122/123] Elapsed 1m 34s (remain 0m 0s) Loss: 0.3295(0.4730) 
Epoch 1 Step 546 - avg_train_loss: 0.6056  avg_val_loss: 0.4658
Epoch 1 Step 546 - Score: 0.4737
Epoch 1 Step 546 - Save Best Score: 0.4737 Model
Epoch: [1][600/733] Elapsed 16m 56s (remain 3m 43s) Loss: 0.2311(0.5857) 
Epoch: [1][700/733] Elapsed 19m 0s (remain 0m 52s) Loss: 0.3170(0.5688) 
EVAL: [0/123] Elapsed 0m 0s (remain 1m 55s) Loss: 0.5366(0.5366) 
EVAL: [100/123] Elapsed 1m 12s (remain 0m 15s) Loss: 0.3523(0.4737) 
EVAL: [122/123] Elapsed 1m 28s (remain 0m 0s) Loss: 0.3147(0.4699) 
Epoch 1 Step 728 - avg_train_loss: 0.5734  avg_val_loss: 0.4657
Epoch 1 Step 728 - Score: 0.4743
Epoch: [1][732/733] Elapsed 21m 9s (remain 0m 0s) Loss: 0.7771(0.5653) 
Epoch 1 - avg_train_loss: 0.5728  avg_val_loss: 0.4657  time: 1270s
Epoch 1 - Score: 0.4743
Epoch: [2][0/733] Elapsed 0m 1s (remain 13m 15s) Loss: 0.3413(0.3413) 
Epoch: [2][100/733] Elapsed 2m 4s (remain 12m 59s) Loss: 0.3926(0.4570) 
EVAL: [0/123] Elapsed 0m 0s (remain 1m 42s) Loss: 0.5751(0.5751) 
EVAL: [100/123] Elapsed 1m 17s (remain 0m 16s) Loss: 0.3710(0.4723) 
EVAL: [122/123] Elapsed 1m 33s (remain 0m 0s) Loss: 0.3167(0.4704) 
Epoch 2 Step 182 - avg_train_loss: 0.4563  avg_val_loss: 0.4682
Epoch 2 Step 182 - Score: 0.4763
Epoch: [2][200/733] Elapsed 5m 42s (remain 15m 5s) Loss: 0.4516(0.4472) 
Epoch: [2][300/733] Elapsed 7m 50s (remain 11m 15s) Loss: 0.4274(0.4411) 
EVAL: [0/123] Elapsed 0m 0s (remain 1m 55s) Loss: 0.4815(0.4815) 
EVAL: [100/123] Elapsed 1m 16s (remain 0m 16s) Loss: 0.3558(0.4734) 
EVAL: [122/123] Elapsed 1m 33s (remain 0m 0s) Loss: 0.3567(0.4731) 
Epoch 2 Step 364 - avg_train_loss: 0.4483  avg_val_loss: 0.4764
Epoch 2 Step 364 - Score: 0.4827
Epoch: [2][400/733] Elapsed 11m 27s (remain 9m 29s) Loss: 0.4188(0.4410) 
Epoch: [2][500/733] Elapsed 13m 31s (remain 6m 15s) Loss: 0.6016(0.4445) 
EVAL: [0/123] Elapsed 0m 0s (remain 0m 59s) Loss: 0.5260(0.5260) 
EVAL: [100/123] Elapsed 1m 19s (remain 0m 17s) Loss: 0.3468(0.4656) 
EVAL: [122/123] Elapsed 1m 36s (remain 0m 0s) Loss: 0.3193(0.4620) 
Epoch 2 Step 546 - avg_train_loss: 0.4484  avg_val_loss: 0.4582
Epoch 2 Step 546 - Score: 0.4656
Epoch 2 Step 546 - Save Best Score: 0.4656 Model
Epoch: [2][600/733] Elapsed 17m 23s (remain 3m 49s) Loss: 0.2235(0.4392) 
Epoch: [2][700/733] Elapsed 19m 25s (remain 0m 53s) Loss: 0.2961(0.4375) 
EVAL: [0/123] Elapsed 0m 0s (remain 1m 56s) Loss: 0.5477(0.5477) 
EVAL: [100/123] Elapsed 1m 17s (remain 0m 16s) Loss: 0.4185(0.4716) 
EVAL: [122/123] Elapsed 1m 34s (remain 0m 0s) Loss: 0.2807(0.4663) 
Epoch 2 Step 728 - avg_train_loss: 0.4450  avg_val_loss: 0.4618
Epoch 2 Step 728 - Score: 0.4695
Epoch: [2][732/733] Elapsed 21m 39s (remain 0m 0s) Loss: 0.6476(0.4375) 
Epoch 2 - avg_train_loss: 0.4451  avg_val_loss: 0.4618  time: 1299s
Epoch 2 - Score: 0.4695
Epoch: [3][0/733] Elapsed 0m 0s (remain 12m 4s) Loss: 0.2622(0.2622) 
Epoch: [3][100/733] Elapsed 2m 5s (remain 13m 8s) Loss: 0.3934(0.4240) 
EVAL: [0/123] Elapsed 0m 0s (remain 1m 20s) Loss: 0.5749(0.5749) 
EVAL: [100/123] Elapsed 1m 14s (remain 0m 16s) Loss: 0.4221(0.4828) 
EVAL: [122/123] Elapsed 1m 31s (remain 0m 0s) Loss: 0.3207(0.4799) 
Epoch 3 Step 182 - avg_train_loss: 0.4201  avg_val_loss: 0.4762
Epoch 3 Step 182 - Score: 0.4844
Epoch: [3][200/733] Elapsed 5m 41s (remain 15m 4s) Loss: 0.4454(0.4123) 
Epoch: [3][300/733] Elapsed 7m 45s (remain 11m 7s) Loss: 0.3575(0.4032) 
EVAL: [0/123] Elapsed 0m 0s (remain 1m 49s) Loss: 0.4719(0.4719) 
EVAL: [100/123] Elapsed 1m 16s (remain 0m 16s) Loss: 0.4103(0.4917) 
EVAL: [122/123] Elapsed 1m 33s (remain 0m 0s) Loss: 0.4194(0.4920) 
Epoch 3 Step 364 - avg_train_loss: 0.4126  avg_val_loss: 0.4977
Epoch 3 Step 364 - Score: 0.5043
Epoch: [3][400/733] Elapsed 11m 20s (remain 9m 23s) Loss: 0.4362(0.4067) 
Epoch: [3][500/733] Elapsed 13m 23s (remain 6m 11s) Loss: 0.7194(0.4115) 
EVAL: [0/123] Elapsed 0m 0s (remain 1m 56s) Loss: 0.4987(0.4987) 
EVAL: [100/123] Elapsed 1m 15s (remain 0m 16s) Loss: 0.3526(0.4671) 
EVAL: [122/123] Elapsed 1m 33s (remain 0m 0s) Loss: 0.3317(0.4637) 
Epoch 3 Step 546 - avg_train_loss: 0.4165  avg_val_loss: 0.4645
Epoch 3 Step 546 - Score: 0.4722
Epoch: [3][600/733] Elapsed 17m 0s (remain 3m 44s) Loss: 0.2384(0.4051) 
Epoch: [3][700/733] Elapsed 19m 6s (remain 0m 52s) Loss: 0.3459(0.4038) 
EVAL: [0/123] Elapsed 0m 0s (remain 0m 57s) Loss: 0.5123(0.5123) 
EVAL: [100/123] Elapsed 1m 14s (remain 0m 16s) Loss: 0.4274(0.4747) 
EVAL: [122/123] Elapsed 1m 29s (remain 0m 0s) Loss: 0.2936(0.4692) 
Epoch 3 Step 728 - avg_train_loss: 0.4107  avg_val_loss: 0.4669
Epoch 3 Step 728 - Score: 0.4743
Epoch: [3][732/733] Elapsed 21m 17s (remain 0m 0s) Loss: 0.4845(0.4030) 
Epoch 3 - avg_train_loss: 0.4108  avg_val_loss: 0.4669  time: 1278s
Epoch 3 - Score: 0.4743
Epoch: [4][0/733] Elapsed 0m 0s (remain 11m 49s) Loss: 0.2607(0.2607) 
Epoch: [4][100/733] Elapsed 2m 4s (remain 13m 0s) Loss: 0.4181(0.3792) 
EVAL: [0/123] Elapsed 0m 0s (remain 1m 48s) Loss: 0.5770(0.5770) 
EVAL: [100/123] Elapsed 1m 15s (remain 0m 16s) Loss: 0.4874(0.5102) 
EVAL: [122/123] Elapsed 1m 32s (remain 0m 0s) Loss: 0.3560(0.5051) 
Epoch 4 Step 182 - avg_train_loss: 0.3764  avg_val_loss: 0.5005
Epoch 4 Step 182 - Score: 0.5097
Epoch: [4][200/733] Elapsed 5m 38s (remain 14m 56s) Loss: 0.4574(0.3737) 
Epoch: [4][300/733] Elapsed 7m 41s (remain 11m 2s) Loss: 0.3437(0.3690) 
EVAL: [0/123] Elapsed 0m 0s (remain 1m 0s) Loss: 0.5555(0.5555) 
EVAL: [100/123] Elapsed 1m 17s (remain 0m 16s) Loss: 0.4160(0.4820) 
EVAL: [122/123] Elapsed 1m 35s (remain 0m 0s) Loss: 0.3366(0.4806) 
Epoch 4 Step 364 - avg_train_loss: 0.3760  avg_val_loss: 0.4824
Epoch 4 Step 364 - Score: 0.4902
Epoch: [4][400/733] Elapsed 11m 18s (remain 9m 21s) Loss: 0.3628(0.3708) 
Epoch: [4][500/733] Elapsed 13m 18s (remain 6m 9s) Loss: 0.6842(0.3791) 
EVAL: [0/123] Elapsed 0m 0s (remain 1m 52s) Loss: 0.5439(0.5439) 
EVAL: [100/123] Elapsed 1m 16s (remain 0m 16s) Loss: 0.4262(0.4808) 
EVAL: [122/123] Elapsed 1m 34s (remain 0m 0s) Loss: 0.3038(0.4761) 
Epoch 4 Step 546 - avg_train_loss: 0.3830  avg_val_loss: 0.4752
Epoch 4 Step 546 - Score: 0.4834
Epoch: [4][600/733] Elapsed 16m 58s (remain 3m 43s) Loss: 0.2543(0.3717) 
Epoch: [4][700/733] Elapsed 18m 59s (remain 0m 52s) Loss: 0.3220(0.3683) 
EVAL: [0/123] Elapsed 0m 0s (remain 1m 0s) Loss: 0.4731(0.4731) 
EVAL: [100/123] Elapsed 1m 13s (remain 0m 15s) Loss: 0.4148(0.4741) 
EVAL: [122/123] Elapsed 1m 31s (remain 0m 0s) Loss: 0.3377(0.4682) 
Epoch 4 Step 728 - avg_train_loss: 0.3744  avg_val_loss: 0.4684
Epoch 4 Step 728 - Score: 0.4764
Epoch: [4][732/733] Elapsed 21m 10s (remain 0m 0s) Loss: 0.4527(0.3681) 
Epoch 4 - avg_train_loss: 0.3744  avg_val_loss: 0.4684  time: 1271s
Epoch 4 - Score: 0.4764
Epoch: [5][0/733] Elapsed 0m 1s (remain 13m 29s) Loss: 0.2632(0.2632) 
Epoch: [5][100/733] Elapsed 2m 9s (remain 13m 28s) Loss: 0.3438(0.3386) 
EVAL: [0/123] Elapsed 0m 0s (remain 1m 55s) Loss: 0.4662(0.4662) 
EVAL: [100/123] Elapsed 1m 14s (remain 0m 16s) Loss: 0.3908(0.4727) 
EVAL: [122/123] Elapsed 1m 32s (remain 0m 0s) Loss: 0.3815(0.4690) 
Epoch 5 Step 182 - avg_train_loss: 0.3430  avg_val_loss: 0.4701
Epoch 5 Step 182 - Score: 0.4777
Epoch: [5][200/733] Elapsed 5m 44s (remain 15m 12s) Loss: 0.3636(0.3419) 
Epoch: [5][300/733] Elapsed 7m 48s (remain 11m 11s) Loss: 0.2948(0.3438) 
EVAL: [0/123] Elapsed 0m 0s (remain 1m 30s) Loss: 0.4929(0.4929) 
EVAL: [100/123] Elapsed 1m 15s (remain 0m 16s) Loss: 0.3489(0.4634) 
EVAL: [122/123] Elapsed 1m 33s (remain 0m 0s) Loss: 0.3330(0.4614) 
Epoch 5 Step 364 - avg_train_loss: 0.3444  avg_val_loss: 0.4658
Epoch 5 Step 364 - Score: 0.4727
Epoch: [5][400/733] Elapsed 11m 25s (remain 9m 27s) Loss: 0.3674(0.3405) 
Epoch: [5][500/733] Elapsed 13m 29s (remain 6m 14s) Loss: 0.2679(0.3444) 
EVAL: [0/123] Elapsed 0m 0s (remain 0m 59s) Loss: 0.5117(0.5117) 
EVAL: [100/123] Elapsed 1m 17s (remain 0m 16s) Loss: 0.3871(0.4766) 
EVAL: [122/123] Elapsed 1m 34s (remain 0m 0s) Loss: 0.3099(0.4708) 
Epoch 5 Step 546 - avg_train_loss: 0.3467  avg_val_loss: 0.4709
Epoch 5 Step 546 - Score: 0.4791
Epoch: [5][600/733] Elapsed 17m 4s (remain 3m 45s) Loss: 0.2380(0.3378) 
Epoch: [5][700/733] Elapsed 19m 5s (remain 0m 52s) Loss: 0.2328(0.3326) 
EVAL: [0/123] Elapsed 0m 0s (remain 1m 56s) Loss: 0.5022(0.5022) 
EVAL: [100/123] Elapsed 1m 15s (remain 0m 16s) Loss: 0.4136(0.4766) 
EVAL: [122/123] Elapsed 1m 31s (remain 0m 0s) Loss: 0.3065(0.4690) 
Epoch 5 Step 728 - avg_train_loss: 0.3370  avg_val_loss: 0.4680
Epoch 5 Step 728 - Score: 0.4757
Epoch: [5][732/733] Elapsed 21m 15s (remain 0m 0s) Loss: 0.4198(0.3319) 
Epoch 5 - avg_train_loss: 0.3370  avg_val_loss: 0.4680  time: 1276s
Epoch 5 - Score: 0.4757
========== fold: 0 result ==========
Score: 0.4656
Running basic DDP example on rank 0.
Running basic DDP example on rank 1.
-------------fold:1 training-------------
Epoch: [1][0/733] Elapsed 0m 1s (remain 20m 12s) Loss: 1.6354(1.6354) 
Epoch: [1][100/733] Elapsed 2m 8s (remain 13m 23s) Loss: 0.4827(1.1772) 
EVAL: [0/123] Elapsed 0m 0s (remain 1m 20s) Loss: 0.3135(0.3135) 
EVAL: [100/123] Elapsed 1m 15s (remain 0m 16s) Loss: 0.6304(0.4940) 
EVAL: [122/123] Elapsed 1m 30s (remain 0m 0s) Loss: 0.4181(0.4940) 
Epoch 1 Step 182 - avg_train_loss: 0.8940  avg_val_loss: 0.4855
Epoch 1 Step 182 - Score: 0.4931
Epoch 1 Step 182 - Save Best Score: 0.4931 Model
Epoch: [1][200/733] Elapsed 5m 41s (remain 15m 4s) Loss: 0.3092(0.8467) 
We have available 2, GPUs! but using 2 GPUs
Running basic DDP example on rank 0.
Running basic DDP example on rank 1.
-------------fold:0 training-------------
We have available 2, GPUs! but using 2 GPUs
Running basic DDP example on rank 0.
Running basic DDP example on rank 1.
We have available 2, GPUs! but using 2 GPUs
Running basic DDP example on rank 1.
Running basic DDP example on rank 0.
-------------fold:0 training-------------
We have available 2, GPUs! but using 2 GPUs
Running basic DDP example on rank 0.
Running basic DDP example on rank 1.
-------------fold:0 training-------------
##########
microsoft/deberta-v3-large : START !!
##########
We have available 2, GPUs! but using 2 GPUs
Running basic DDP example on rank 1.
Running basic DDP example on rank 0.
-------------fold:0 training-------------
##########
##########
microsoft/deberta-v3-large : START !!
##########
We have available 2, GPUs! but using 2 GPUs
##########
microsoft/deberta-v3-large : START !!
##########
We have available 2, GPUs! but using 2 GPUs
Running basic DDP example on rank 0.
Running basic DDP example on rank 1.
-------------fold:0 training-------------
##########
microsoft/deberta-v3-large : START !!
##########
We have available 2, GPUs! but using 2 GPUs
Running basic DDP example on rank 0.
Running basic DDP example on rank 1.
-------------fold:0 training-------------
Epoch: [1][0/48] Elapsed 0m 1s (remain 1m 24s) Loss: 2.9183(2.9183) 
Epoch: [1][8/48] Elapsed 0m 13s (remain 1m 0s) Loss: 2.1544(2.9053) 
Epoch: [1][16/48] Elapsed 0m 25s (remain 0m 47s) Loss: 1.4406(2.5988) 
EVAL: [0/8] Elapsed 0m 0s (remain 0m 2s) Loss: 2.1797(2.1797) 
EVAL: [7/8] Elapsed 0m 3s (remain 0m 0s) Loss: 1.5192(2.0681) 
Epoch 1 Step 23 - avg_train_loss: 2.5186  avg_val_loss: 2.1903
Epoch 1 Step 23 - Score: 2.2058
Epoch 1 Step 23 - Save Best Score: 2.2058 Model
##########
microsoft/deberta-v3-large : START !!
##########
We have available 2, GPUs! but using 2 GPUs
Running basic DDP example on rank 0.
Running basic DDP example on rank 1.
-------------fold:0 training-------------
Epoch: [1][0/48] Elapsed 0m 2s (remain 1m 41s) Loss: 2.9183(2.9183) 
Epoch: [1][8/48] Elapsed 0m 14s (remain 1m 1s) Loss: 2.1544(2.9052) 
Epoch: [1][16/48] Elapsed 0m 25s (remain 0m 47s) Loss: 1.4416(2.5985) 
Epoch: [1][24/48] Elapsed 0m 37s (remain 0m 34s) Loss: 2.8277(2.5431) 
Epoch: [1][32/48] Elapsed 0m 49s (remain 0m 22s) Loss: 2.2512(2.4440) 
Epoch: [1][40/48] Elapsed 1m 0s (remain 0m 10s) Loss: 2.7002(2.3852) 
Epoch: [1][47/48] Elapsed 1m 11s (remain 0m 0s) Loss: 1.5290(2.2433) 
EVAL: [0/8] Elapsed 0m 0s (remain 0m 3s) Loss: 1.1372(1.1372) 
EVAL: [7/8] Elapsed 0m 4s (remain 0m 0s) Loss: 0.7011(1.1542) 
Epoch 1 - avg_train_loss: 2.2582  avg_val_loss: 1.2346  time: 76s
Epoch 1 - Score: 1.2668
Epoch 1 - Save Best Score: 1.2668 Model
========== fold: 0 result ==========
Score: 1.2668
Running basic DDP example on rank 0.
Running basic DDP example on rank 1.
-------------fold:1 training-------------
Epoch: [1][0/48] Elapsed 0m 2s (remain 1m 39s) Loss: 2.9183(2.9183) 
Epoch: [1][8/48] Elapsed 0m 13s (remain 1m 0s) Loss: 2.1488(2.5862) 
Epoch: [1][16/48] Elapsed 0m 26s (remain 0m 47s) Loss: 1.4465(2.4137) 
Epoch: [1][24/48] Elapsed 0m 37s (remain 0m 34s) Loss: 2.9098(2.4190) 
Epoch: [1][32/48] Elapsed 0m 50s (remain 0m 22s) Loss: 2.4538(2.3607) 
Epoch: [1][40/48] Elapsed 1m 1s (remain 0m 10s) Loss: 3.1540(2.3234) 
Epoch: [1][47/48] Elapsed 1m 11s (remain 0m 0s) Loss: 2.0999(2.2377) 
EVAL: [0/8] Elapsed 0m 0s (remain 0m 1s) Loss: 2.5697(2.5697) 
EVAL: [7/8] Elapsed 0m 3s (remain 0m 0s) Loss: 1.9489(1.7560) 
Epoch 1 - avg_train_loss: 2.2568  avg_val_loss: 1.5689  time: 75s
Epoch 1 - Score: 1.6103
Epoch 1 - Save Best Score: 1.6103 Model
========== fold: 1 result ==========
Score: 1.6103
Running basic DDP example on rank 0.
Running basic DDP example on rank 1.
-------------fold:2 training-------------
Epoch: [1][0/48] Elapsed 0m 1s (remain 1m 25s) Loss: 2.9183(2.9183) 
Epoch: [1][8/48] Elapsed 0m 13s (remain 0m 57s) Loss: 2.1372(2.5536) 
Epoch: [1][16/48] Elapsed 0m 25s (remain 0m 46s) Loss: 1.3563(2.3087) 
Epoch: [1][24/48] Elapsed 0m 37s (remain 0m 34s) Loss: 2.5199(2.3656) 
Epoch: [1][32/48] Elapsed 0m 50s (remain 0m 22s) Loss: 1.6506(2.2768) 
Epoch: [1][40/48] Elapsed 1m 2s (remain 0m 10s) Loss: 1.9729(2.1271) 
Epoch: [1][47/48] Elapsed 1m 13s (remain 0m 0s) Loss: 1.2294(2.0159) 
EVAL: [0/8] Elapsed 0m 0s (remain 0m 4s) Loss: 0.7399(0.7399) 
EVAL: [7/8] Elapsed 0m 3s (remain 0m 0s) Loss: 1.3644(0.8058) 
Epoch 1 - avg_train_loss: 1.9635  avg_val_loss: 0.8624  time: 77s
Epoch 1 - Score: 0.9519
Epoch 1 - Save Best Score: 0.9519 Model
========== fold: 2 result ==========
Score: 0.9519
Running basic DDP example on rank 0.
Running basic DDP example on rank 1.
-------------fold:3 training-------------
##########
microsoft/deberta-v3-large : START !!
##########
We have available 2, GPUs! but using 2 GPUs
Running basic DDP example on rank 0.
Running basic DDP example on rank 1.
-------------fold:0 training-------------
Epoch: [1][0/24] Elapsed 0m 2s (remain 0m 58s) Loss: 1.5688(1.5688) 
Epoch: [1][8/24] Elapsed 0m 14s (remain 0m 24s) Loss: 1.7562(2.2581) 
Epoch: [1][16/24] Elapsed 0m 26s (remain 0m 10s) Loss: 3.0168(2.4459) 
Epoch: [1][23/24] Elapsed 0m 36s (remain 0m 0s) Loss: 1.9956(2.4146) 
EVAL: [0/4] Elapsed 0m 0s (remain 0m 1s) Loss: 2.1712(2.1712) 
EVAL: [3/4] Elapsed 0m 2s (remain 0m 0s) Loss: 2.2637(2.2034) 
Epoch 1 - avg_train_loss: 2.4916  avg_val_loss: 2.3148  time: 39s
Epoch 1 - Score: 2.3403
Epoch 1 - Save Best Score: 2.3403 Model
========== fold: 0 result ==========
Score: 2.3403
Running basic DDP example on rank 0.
Running basic DDP example on rank 1.
-------------fold:1 training-------------
Epoch: [1][0/24] Elapsed 0m 2s (remain 0m 58s) Loss: 1.5688(1.5688) 
Epoch: [1][8/24] Elapsed 0m 14s (remain 0m 24s) Loss: 1.9494(2.0998) 
Epoch: [1][16/24] Elapsed 0m 26s (remain 0m 10s) Loss: 2.3500(2.3639) 
Epoch: [1][23/24] Elapsed 0m 37s (remain 0m 0s) Loss: 2.0129(2.3510) 
EVAL: [0/4] Elapsed 0m 0s (remain 0m 1s) Loss: 3.1729(3.1729) 
EVAL: [3/4] Elapsed 0m 1s (remain 0m 0s) Loss: 1.9587(2.7748) 
Epoch 1 - avg_train_loss: 2.4449  avg_val_loss: 2.4391  time: 40s
Epoch 1 - Score: 2.4621
Epoch 1 - Save Best Score: 2.4621 Model
========== fold: 1 result ==========
Score: 2.4621
Running basic DDP example on rank 0.
Running basic DDP example on rank 1.
-------------fold:2 training-------------
Epoch: [1][0/24] Elapsed 0m 1s (remain 0m 41s) Loss: 1.5688(1.5688) 
Epoch: [1][8/24] Elapsed 0m 14s (remain 0m 23s) Loss: 1.9430(2.4452) 
Epoch: [1][16/24] Elapsed 0m 26s (remain 0m 10s) Loss: 2.3389(2.5075) 
Epoch: [1][23/24] Elapsed 0m 36s (remain 0m 0s) Loss: 1.7626(2.5726) 
EVAL: [0/4] Elapsed 0m 0s (remain 0m 1s) Loss: 2.1800(2.1800) 
EVAL: [3/4] Elapsed 0m 2s (remain 0m 0s) Loss: 1.6899(2.0131) 
Epoch 1 - avg_train_loss: 2.4974  avg_val_loss: 2.1279  time: 39s
Epoch 1 - Score: 2.1205
Epoch 1 - Save Best Score: 2.1205 Model
========== fold: 2 result ==========
Score: 2.1205
Running basic DDP example on rank 0.
Running basic DDP example on rank 1.
-------------fold:3 training-------------
Epoch: [1][0/24] Elapsed 0m 2s (remain 0m 57s) Loss: 2.8012(2.8012) 
Epoch: [1][8/24] Elapsed 0m 14s (remain 0m 23s) Loss: 1.7506(2.5518) 
Epoch: [1][16/24] Elapsed 0m 26s (remain 0m 10s) Loss: 2.3836(2.5602) 
Epoch: [1][23/24] Elapsed 0m 37s (remain 0m 0s) Loss: 1.8763(2.5230) 
EVAL: [0/4] Elapsed 0m 0s (remain 0m 0s) Loss: 1.8892(1.8892) 
EVAL: [3/4] Elapsed 0m 1s (remain 0m 0s) Loss: 3.0024(2.4923) 
Epoch 1 - avg_train_loss: 2.4755  avg_val_loss: 2.4213  time: 39s
Epoch 1 - Score: 2.4358
Epoch 1 - Save Best Score: 2.4358 Model
========== fold: 3 result ==========
Score: 2.4358
========== CV ==========
Score: 2.3453
##########
microsoft/deberta-v3-base : START !!
##########
We have available 2, GPUs! but using 2 GPUs
Running basic DDP example on rank 0.
##########
microsoft/deberta-v3-large : START !!
##########
We have available 2, GPUs! but using 2 GPUs
Running basic DDP example on rank 0.
##########
microsoft/deberta-v3-large : START !!
##########
We have available 2, GPUs! but using 2 GPUs
Running basic DDP example on rank 0.
Running basic DDP example on rank 1.
-------------fold:0 training-------------
Epoch: [1][0/1467] Elapsed 0m 2s (remain 52m 0s) Loss: 2.5477(2.5477) 
Epoch: [1][100/1467] Elapsed 2m 30s (remain 34m 1s) Loss: 0.9274(1.1134) 
Epoch: [1][200/1467] Elapsed 5m 2s (remain 31m 44s) Loss: 0.4634(0.8122) 
Epoch: [1][300/1467] Elapsed 7m 33s (remain 29m 18s) Loss: 0.4111(0.7017) 
Epoch: [1][400/1467] Elapsed 10m 2s (remain 26m 40s) Loss: 0.4653(0.6451) 
Epoch: [1][500/1467] Elapsed 12m 31s (remain 24m 9s) Loss: 0.3073(0.6102) 
Epoch: [1][600/1467] Elapsed 15m 1s (remain 21m 38s) Loss: 0.4148(0.5848) 
Epoch: [1][700/1467] Elapsed 17m 28s (remain 19m 6s) Loss: 0.7009(0.5648) 
Epoch: [1][800/1467] Elapsed 19m 56s (remain 16m 35s) Loss: 0.3345(0.5514) 
Epoch: [1][900/1467] Elapsed 22m 27s (remain 14m 6s) Loss: 0.3877(0.5424) 
Epoch: [1][1000/1467] Elapsed 24m 57s (remain 11m 37s) Loss: 0.1139(0.5338) 
Epoch: [1][1100/1467] Elapsed 27m 28s (remain 9m 8s) Loss: 0.2648(0.5242) 
Epoch: [1][1200/1467] Elapsed 30m 0s (remain 6m 38s) Loss: 0.2989(0.5187) 
Epoch: [1][1300/1467] Elapsed 32m 32s (remain 4m 9s) Loss: 0.3247(0.5144) 
Epoch: [1][1400/1467] Elapsed 35m 4s (remain 1m 39s) Loss: 0.4208(0.5097) 
Epoch: [1][1466/1467] Elapsed 36m 44s (remain 0m 0s) Loss: 0.4245(0.5068) 
EVAL: [0/245] Elapsed 0m 0s (remain 1m 57s) Loss: 0.4881(0.4881) 
EVAL: [100/245] Elapsed 0m 54s (remain 1m 17s) Loss: 0.3768(0.4695) 
EVAL: [200/245] Elapsed 1m 47s (remain 0m 23s) Loss: 0.3174(0.4735) 
EVAL: [244/245] Elapsed 2m 8s (remain 0m 0s) Loss: 0.4052(0.4710) 
Epoch 1 - avg_train_loss: 0.5157  avg_val_loss: 0.4695  time: 2333s
Epoch 1 - Score: 0.4867
Epoch 1 - Save Best Score: 0.4867 Model
========== fold: 0 result ==========
Score: 0.4867
Running basic DDP example on rank 0.
Running basic DDP example on rank 1.
-------------fold:1 training-------------
Epoch: [1][0/1466] Elapsed 0m 2s (remain 51m 55s) Loss: 1.4726(1.4726) 
Epoch: [1][100/1466] Elapsed 2m 31s (remain 34m 13s) Loss: 0.3322(1.2312) 
Epoch: [1][200/1466] Elapsed 5m 4s (remain 31m 58s) Loss: 0.5697(0.8641) 
Epoch: [1][300/1466] Elapsed 7m 36s (remain 29m 28s) Loss: 0.4323(0.7367) 
Epoch: [1][400/1466] Elapsed 10m 6s (remain 26m 50s) Loss: 0.2479(0.6729) 
Epoch: [1][500/1466] Elapsed 12m 36s (remain 24m 17s) Loss: 0.6424(0.6320) 
Epoch: [1][600/1466] Elapsed 15m 5s (remain 21m 43s) Loss: 0.3585(0.6012) 
Epoch: [1][700/1466] Elapsed 17m 37s (remain 19m 14s) Loss: 0.5283(0.5831) 
Epoch: [1][800/1466] Elapsed 20m 9s (remain 16m 43s) Loss: 0.5145(0.5663) 
Epoch: [1][900/1466] Elapsed 22m 39s (remain 14m 12s) Loss: 0.4386(0.5551) 
Epoch: [1][1000/1466] Elapsed 25m 10s (remain 11m 41s) Loss: 0.1477(0.5442) 
Epoch: [1][1100/1466] Elapsed 27m 40s (remain 9m 10s) Loss: 0.2925(0.5349) 
Epoch: [1][1200/1466] Elapsed 30m 11s (remain 6m 39s) Loss: 0.3984(0.5272) 
Epoch: [1][1300/1466] Elapsed 32m 42s (remain 4m 8s) Loss: 0.7537(0.5204) 
Epoch: [1][1400/1466] Elapsed 35m 12s (remain 1m 38s) Loss: 0.4328(0.5148) 
Epoch: [1][1465/1466] Elapsed 36m 49s (remain 0m 0s) Loss: 0.4078(0.5127) 
EVAL: [0/245] Elapsed 0m 0s (remain 2m 14s) Loss: 0.3670(0.3670) 
EVAL: [100/245] Elapsed 0m 54s (remain 1m 17s) Loss: 0.4957(0.4922) 
EVAL: [200/245] Elapsed 1m 47s (remain 0m 23s) Loss: 0.5541(0.4972) 
EVAL: [244/245] Elapsed 2m 8s (remain 0m 0s) Loss: 0.3587(0.5008) 
Epoch 1 - avg_train_loss: 0.5159  avg_val_loss: 0.4840  time: 2341s
Epoch 1 - Score: 0.5006
Epoch 1 - Save Best Score: 0.5006 Model
========== fold: 1 result ==========
Score: 0.5006
Running basic DDP example on rank 0.
Running basic DDP example on rank 1.
-------------fold:2 training-------------
Epoch: [1][0/1466] Elapsed 0m 1s (remain 43m 29s) Loss: 2.8741(2.8741) 
Epoch: [1][100/1466] Elapsed 2m 32s (remain 34m 25s) Loss: 0.4350(1.2406) 
Epoch: [1][200/1466] Elapsed 5m 3s (remain 31m 49s) Loss: 0.5639(0.8863) 
Epoch: [1][300/1466] Elapsed 7m 34s (remain 29m 17s) Loss: 0.5420(0.7568) 
Epoch: [1][400/1466] Elapsed 10m 7s (remain 26m 53s) Loss: 0.1759(0.6940) 
Epoch: [1][500/1466] Elapsed 12m 37s (remain 24m 18s) Loss: 0.3877(0.6538) 
Epoch: [1][600/1466] Elapsed 15m 6s (remain 21m 45s) Loss: 0.2828(0.6202) 
Epoch: [1][700/1466] Elapsed 17m 41s (remain 19m 18s) Loss: 0.4598(0.5997) 
Epoch: [1][800/1466] Elapsed 20m 11s (remain 16m 46s) Loss: 0.2710(0.5812) 
Epoch: [1][900/1466] Elapsed 22m 38s (remain 14m 11s) Loss: 0.5088(0.5649) 
Epoch: [1][1000/1466] Elapsed 25m 10s (remain 11m 41s) Loss: 0.3828(0.5540) 
Epoch: [1][1100/1466] Elapsed 27m 40s (remain 9m 10s) Loss: 0.7959(0.5458) 
Epoch: [1][1200/1466] Elapsed 30m 13s (remain 6m 40s) Loss: 0.9899(0.5403) 
Epoch: [1][1300/1466] Elapsed 32m 43s (remain 4m 9s) Loss: 0.4642(0.5345) 
Epoch: [1][1400/1466] Elapsed 35m 14s (remain 1m 38s) Loss: 0.6431(0.5275) 
Epoch: [1][1465/1466] Elapsed 36m 52s (remain 0m 0s) Loss: 0.3985(0.5235) 
EVAL: [0/245] Elapsed 0m 0s (remain 2m 16s) Loss: 0.5459(0.5459) 
EVAL: [100/245] Elapsed 0m 52s (remain 1m 14s) Loss: 0.4564(0.4525) 
EVAL: [200/245] Elapsed 1m 42s (remain 0m 22s) Loss: 0.4049(0.4475) 
EVAL: [244/245] Elapsed 2m 6s (remain 0m 0s) Loss: 0.4993(0.4499) 
Epoch 1 - avg_train_loss: 0.5250  avg_val_loss: 0.4450  time: 2342s
Epoch 1 - Score: 0.4615
Epoch 1 - Save Best Score: 0.4615 Model
========== fold: 2 result ==========
Score: 0.4615
Running basic DDP example on rank 0.
Running basic DDP example on rank 1.
-------------fold:3 training-------------
Epoch: [1][0/1466] Elapsed 0m 2s (remain 52m 3s) Loss: 2.1811(2.1811) 
Epoch: [1][100/1466] Elapsed 2m 32s (remain 34m 24s) Loss: 0.3003(1.2738) 
Epoch: [1][200/1466] Elapsed 5m 3s (remain 31m 46s) Loss: 1.4460(0.9169) 
Epoch: [1][300/1466] Elapsed 7m 31s (remain 29m 7s) Loss: 0.6694(0.7798) 
Epoch: [1][400/1466] Elapsed 10m 3s (remain 26m 42s) Loss: 0.4297(0.6987) 
Epoch: [1][500/1466] Elapsed 12m 31s (remain 24m 6s) Loss: 0.3948(0.6502) 
Epoch: [1][600/1466] Elapsed 15m 2s (remain 21m 38s) Loss: 0.4156(0.6194) 
Epoch: [1][700/1466] Elapsed 17m 31s (remain 19m 8s) Loss: 0.3366(0.5950) 
Epoch: [1][800/1466] Elapsed 20m 4s (remain 16m 39s) Loss: 0.5626(0.5812) 
Epoch: [1][900/1466] Elapsed 22m 36s (remain 14m 10s) Loss: 0.3773(0.5646) 
Epoch: [1][1000/1466] Elapsed 25m 8s (remain 11m 40s) Loss: 0.4956(0.5552) 
Epoch: [1][1100/1466] Elapsed 27m 36s (remain 9m 9s) Loss: 0.4425(0.5486) 
Epoch: [1][1200/1466] Elapsed 30m 7s (remain 6m 38s) Loss: 0.2925(0.5394) 
Epoch: [1][1300/1466] Elapsed 32m 41s (remain 4m 8s) Loss: 0.3773(0.5320) 
Epoch: [1][1400/1466] Elapsed 35m 12s (remain 1m 38s) Loss: 0.3109(0.5258) 
Epoch: [1][1465/1466] Elapsed 36m 47s (remain 0m 0s) Loss: 0.5414(0.5218) 
EVAL: [0/245] Elapsed 0m 0s (remain 0m 31s) Loss: 0.4230(0.4230) 
EVAL: [100/245] Elapsed 0m 52s (remain 1m 15s) Loss: 0.4860(0.4340) 
EVAL: [200/245] Elapsed 1m 41s (remain 0m 22s) Loss: 0.4140(0.4413) 
EVAL: [244/245] Elapsed 2m 3s (remain 0m 0s) Loss: 0.6518(0.4500) 
Epoch 1 - avg_train_loss: 0.5226  avg_val_loss: 0.4502  time: 2334s
Epoch 1 - Score: 0.4655
Epoch 1 - Save Best Score: 0.4655 Model
========== fold: 3 result ==========
Score: 0.4655
========== CV ==========
Score: 0.4790
##########
microsoft/deberta-v3-base : START !!
##########
We have available 2, GPUs! but using 2 GPUs
Running basic DDP example on rank 0.
Running basic DDP example on rank 1.
-------------fold:0 training-------------
Epoch: [1][0/1467] Elapsed 0m 1s (remain 24m 52s) Loss: 3.0691(3.0691) 
Epoch: [1][100/1467] Elapsed 1m 25s (remain 19m 17s) Loss: 1.0774(1.5146) 
Epoch: [1][200/1467] Elapsed 2m 50s (remain 17m 56s) Loss: 0.4296(1.0163) 
Epoch: [1][300/1467] Elapsed 4m 15s (remain 16m 31s) Loss: 0.2900(0.8464) 
Epoch: [1][400/1467] Elapsed 5m 42s (remain 15m 10s) Loss: 0.4595(0.7600) 
Epoch: [1][500/1467] Elapsed 7m 8s (remain 13m 45s) Loss: 0.3061(0.7037) 
Epoch: [1][600/1467] Elapsed 8m 32s (remain 12m 18s) Loss: 0.4749(0.6643) 
Epoch: [1][700/1467] Elapsed 9m 58s (remain 10m 53s) Loss: 0.3898(0.6333) 
Epoch: [1][800/1467] Elapsed 11m 22s (remain 9m 27s) Loss: 0.4056(0.6138) 
Epoch: [1][900/1467] Elapsed 12m 47s (remain 8m 1s) Loss: 0.4572(0.5989) 
Epoch: [1][1000/1467] Elapsed 14m 11s (remain 6m 36s) Loss: 0.0956(0.5844) 
Epoch: [1][1100/1467] Elapsed 15m 34s (remain 5m 10s) Loss: 0.2445(0.5717) 
Epoch: [1][1200/1467] Elapsed 16m 59s (remain 3m 45s) Loss: 0.2840(0.5648) 
Epoch: [1][1300/1467] Elapsed 18m 24s (remain 2m 20s) Loss: 0.2812(0.5576) 
Epoch: [1][1400/1467] Elapsed 19m 49s (remain 0m 56s) Loss: 0.4446(0.5507) 
Epoch: [1][1466/1467] Elapsed 20m 45s (remain 0m 0s) Loss: 0.5233(0.5461) 
EVAL: [0/245] Elapsed 0m 0s (remain 0m 26s) Loss: 0.5820(0.5820) 
EVAL: [100/245] Elapsed 0m 43s (remain 1m 2s) Loss: 0.3742(0.4746) 
EVAL: [200/245] Elapsed 1m 29s (remain 0m 19s) Loss: 0.3376(0.4817) 
EVAL: [244/245] Elapsed 1m 49s (remain 0m 0s) Loss: 0.3549(0.4798) 
Epoch 1 - avg_train_loss: 0.5551  avg_val_loss: 0.4760  time: 1357s
Epoch 1 - Score: 0.4939
Epoch 1 - Save Best Score: 0.4939 Model
========== fold: 0 result ==========
Score: 0.4939
Running basic DDP example on rank 0.
Running basic DDP example on rank 1.
-------------fold:1 training-------------
Epoch: [1][0/1466] Elapsed 0m 1s (remain 25m 56s) Loss: 1.9650(1.9650) 
Epoch: [1][100/1466] Elapsed 1m 23s (remain 18m 50s) Loss: 0.6724(1.5753) 
Epoch: [1][200/1466] Elapsed 2m 49s (remain 17m 47s) Loss: 0.8647(1.0657) 
Epoch: [1][300/1466] Elapsed 4m 13s (remain 16m 19s) Loss: 0.5106(0.8899) 
Epoch: [1][400/1466] Elapsed 5m 38s (remain 14m 59s) Loss: 0.2558(0.7900) 
Epoch: [1][500/1466] Elapsed 7m 5s (remain 13m 38s) Loss: 0.7157(0.7290) 
Epoch: [1][600/1466] Elapsed 8m 29s (remain 12m 13s) Loss: 0.5098(0.6842) 
Epoch: [1][700/1466] Elapsed 9m 54s (remain 10m 49s) Loss: 0.6212(0.6556) 
Epoch: [1][800/1466] Elapsed 11m 19s (remain 9m 24s) Loss: 0.4145(0.6314) 
Epoch: [1][900/1466] Elapsed 12m 43s (remain 7m 58s) Loss: 0.4096(0.6132) 
Epoch: [1][1000/1466] Elapsed 14m 9s (remain 6m 34s) Loss: 0.1419(0.5984) 
Epoch: [1][1100/1466] Elapsed 15m 32s (remain 5m 9s) Loss: 0.3474(0.5849) 
Epoch: [1][1200/1466] Elapsed 16m 57s (remain 3m 44s) Loss: 0.4489(0.5750) 
Epoch: [1][1300/1466] Elapsed 18m 21s (remain 2m 19s) Loss: 0.7411(0.5672) 
Epoch: [1][1400/1466] Elapsed 19m 44s (remain 0m 54s) Loss: 0.4202(0.5584) 
Epoch: [1][1465/1466] Elapsed 20m 40s (remain 0m 0s) Loss: 0.3039(0.5545) 
EVAL: [0/245] Elapsed 0m 0s (remain 2m 0s) Loss: 0.3555(0.3555) 
EVAL: [100/245] Elapsed 0m 43s (remain 1m 2s) Loss: 0.5182(0.5135) 
EVAL: [200/245] Elapsed 1m 26s (remain 0m 18s) Loss: 0.6033(0.5050) 
EVAL: [244/245] Elapsed 1m 46s (remain 0m 0s) Loss: 0.4087(0.5115) 
Epoch 1 - avg_train_loss: 0.5576  avg_val_loss: 0.4947  time: 1348s
Epoch 1 - Score: 0.5125
Epoch 1 - Save Best Score: 0.5125 Model
========== fold: 1 result ==========
Score: 0.5125
Running basic DDP example on rank 0.
Running basic DDP example on rank 1.
-------------fold:2 training-------------
Epoch: [1][0/1466] Elapsed 0m 1s (remain 30m 0s) Loss: 3.3544(3.3544) 
Epoch: [1][100/1466] Elapsed 1m 28s (remain 19m 50s) Loss: 0.4163(1.6420) 
Epoch: [1][200/1466] Elapsed 2m 50s (remain 17m 51s) Loss: 0.4927(1.0909) 
Epoch: [1][300/1466] Elapsed 4m 15s (remain 16m 28s) Loss: 0.6331(0.8993) 
Epoch: [1][400/1466] Elapsed 5m 42s (remain 15m 8s) Loss: 0.2984(0.8050) 
Epoch: [1][500/1466] Elapsed 7m 6s (remain 13m 42s) Loss: 0.4431(0.7444) 
Epoch: [1][600/1466] Elapsed 8m 29s (remain 12m 13s) Loss: 0.2302(0.6952) 
Epoch: [1][700/1466] Elapsed 9m 53s (remain 10m 47s) Loss: 0.2702(0.6649) 
Epoch: [1][800/1466] Elapsed 11m 16s (remain 9m 22s) Loss: 0.4364(0.6399) 
Epoch: [1][900/1466] Elapsed 12m 42s (remain 7m 58s) Loss: 0.4304(0.6190) 
Epoch: [1][1000/1466] Elapsed 14m 9s (remain 6m 34s) Loss: 0.3471(0.6033) 
Epoch: [1][1100/1466] Elapsed 15m 32s (remain 5m 8s) Loss: 0.8326(0.5906) 
Epoch: [1][1200/1466] Elapsed 16m 55s (remain 3m 44s) Loss: 1.0134(0.5822) 
Epoch: [1][1300/1466] Elapsed 18m 19s (remain 2m 19s) Loss: 0.5909(0.5724) 
Epoch: [1][1400/1466] Elapsed 19m 45s (remain 0m 55s) Loss: 0.6102(0.5631) 
Epoch: [1][1465/1466] Elapsed 20m 41s (remain 0m 0s) Loss: 0.3396(0.5577) 
EVAL: [0/245] Elapsed 0m 0s (remain 0m 27s) Loss: 0.5090(0.5090) 
EVAL: [100/245] Elapsed 0m 44s (remain 1m 3s) Loss: 0.4851(0.4760) 
EVAL: [200/245] Elapsed 1m 32s (remain 0m 20s) Loss: 0.4220(0.4667) 
EVAL: [244/245] Elapsed 1m 53s (remain 0m 0s) Loss: 0.5310(0.4669) 
Epoch 1 - avg_train_loss: 0.5592  avg_val_loss: 0.4600  time: 1356s
Epoch 1 - Score: 0.4773
Epoch 1 - Save Best Score: 0.4773 Model
========== fold: 2 result ==========
Score: 0.4773
Running basic DDP example on rank 0.
Running basic DDP example on rank 1.
-------------fold:3 training-------------
Epoch: [1][0/1466] Elapsed 0m 1s (remain 28m 55s) Loss: 2.7245(2.7245) 
Epoch: [1][100/1466] Elapsed 1m 27s (remain 19m 45s) Loss: 0.4987(1.5555) 
Epoch: [1][200/1466] Elapsed 2m 53s (remain 18m 13s) Loss: 1.1493(1.0783) 
Epoch: [1][300/1466] Elapsed 4m 18s (remain 16m 41s) Loss: 0.5650(0.8904) 
Epoch: [1][400/1466] Elapsed 5m 43s (remain 15m 13s) Loss: 0.4882(0.7894) 
Epoch: [1][500/1466] Elapsed 7m 8s (remain 13m 45s) Loss: 0.3660(0.7313) 
Epoch: [1][600/1466] Elapsed 8m 32s (remain 12m 17s) Loss: 0.3444(0.6873) 
Epoch: [1][700/1466] Elapsed 9m 57s (remain 10m 52s) Loss: 0.3754(0.6567) 
Epoch: [1][800/1466] Elapsed 11m 23s (remain 9m 27s) Loss: 0.4597(0.6362) 
Epoch: [1][900/1466] Elapsed 12m 46s (remain 8m 0s) Loss: 0.4007(0.6143) 
Epoch: [1][1000/1466] Elapsed 14m 7s (remain 6m 33s) Loss: 0.4107(0.5998) 
Epoch: [1][1100/1466] Elapsed 15m 34s (remain 5m 9s) Loss: 0.4127(0.5904) 
Epoch: [1][1200/1466] Elapsed 16m 59s (remain 3m 44s) Loss: 0.3533(0.5782) 
Epoch: [1][1300/1466] Elapsed 18m 25s (remain 2m 20s) Loss: 0.3619(0.5687) 
Epoch: [1][1400/1466] Elapsed 19m 50s (remain 0m 55s) Loss: 0.3615(0.5612) 
Epoch: [1][1465/1466] Elapsed 20m 44s (remain 0m 0s) Loss: 0.5655(0.5556) 
EVAL: [0/245] Elapsed 0m 0s (remain 1m 59s) Loss: 0.5179(0.5179) 
EVAL: [100/245] Elapsed 0m 46s (remain 1m 5s) Loss: 0.5433(0.4478) 
EVAL: [200/245] Elapsed 1m 31s (remain 0m 20s) Loss: 0.3838(0.4564) 
EVAL: [244/245] Elapsed 1m 53s (remain 0m 0s) Loss: 0.7219(0.4656) 
Epoch 1 - avg_train_loss: 0.5550  avg_val_loss: 0.4645  time: 1359s
Epoch 1 - Score: 0.4816
Epoch 1 - Save Best Score: 0.4816 Model
========== fold: 3 result ==========
Score: 0.4816
========== CV ==========
Score: 0.4917
##########
microsoft/deberta-v3-xsmall : START !!
##########
We have available 2, GPUs! but using 2 GPUs
Running basic DDP example on rank 0.
Running basic DDP example on rank 1.
-------------fold:0 training-------------
Epoch: [1][0/1467] Elapsed 0m 0s (remain 19m 1s) Loss: 3.3354(3.3354) 
Epoch: [1][100/1467] Elapsed 1m 1s (remain 13m 50s) Loss: 1.5103(2.3078) 
Epoch: [1][200/1467] Elapsed 1m 59s (remain 12m 32s) Loss: 0.4925(1.4787) 
Epoch: [1][300/1467] Elapsed 2m 57s (remain 11m 26s) Loss: 0.5153(1.1711) 
Epoch: [1][400/1467] Elapsed 3m 57s (remain 10m 30s) Loss: 0.4703(1.0068) 
Epoch: [1][500/1467] Elapsed 4m 55s (remain 9m 28s) Loss: 0.2835(0.9050) 
Epoch: [1][600/1467] Elapsed 5m 53s (remain 8m 29s) Loss: 0.3584(0.8346) 
Epoch: [1][700/1467] Elapsed 6m 51s (remain 7m 29s) Loss: 0.4645(0.7809) 
Epoch: [1][800/1467] Elapsed 7m 48s (remain 6m 29s) Loss: 0.5095(0.7397) 
Epoch: [1][900/1467] Elapsed 8m 44s (remain 5m 29s) Loss: 0.3805(0.7107) 
Epoch: [1][1000/1467] Elapsed 9m 43s (remain 4m 31s) Loss: 0.1159(0.6869) 
Epoch: [1][1100/1467] Elapsed 10m 41s (remain 3m 33s) Loss: 0.2359(0.6638) 
Epoch: [1][1200/1467] Elapsed 11m 39s (remain 2m 34s) Loss: 0.1960(0.6474) 
Epoch: [1][1300/1467] Elapsed 12m 39s (remain 1m 36s) Loss: 0.2010(0.6334) 
Epoch: [1][1400/1467] Elapsed 13m 35s (remain 0m 38s) Loss: 0.5181(0.6199) 
Epoch: [1][1466/1467] Elapsed 14m 14s (remain 0m 0s) Loss: 0.5387(0.6121) 
EVAL: [0/245] Elapsed 0m 0s (remain 1m 56s) Loss: 0.5100(0.5100) 
EVAL: [100/245] Elapsed 0m 43s (remain 1m 2s) Loss: 0.4086(0.4790) 
EVAL: [200/245] Elapsed 1m 29s (remain 0m 19s) Loss: 0.3522(0.4853) 
EVAL: [244/245] Elapsed 1m 47s (remain 0m 0s) Loss: 0.3501(0.4829) 
Epoch 1 - avg_train_loss: 0.6222  avg_val_loss: 0.4811  time: 963s
Epoch 1 - Score: 0.5008
Epoch 1 - Save Best Score: 0.5008 Model
========== fold: 0 result ==========
Score: 0.5008
Running basic DDP example on rank 0.
Running basic DDP example on rank 1.
-------------fold:1 training-------------
Epoch: [1][0/1466] Elapsed 0m 0s (remain 15m 10s) Loss: 2.2922(2.2922) 
Epoch: [1][100/1466] Elapsed 0m 56s (remain 12m 47s) Loss: 1.2071(2.2374) 
Epoch: [1][200/1466] Elapsed 1m 55s (remain 12m 6s) Loss: 0.4764(1.4157) 
Epoch: [1][300/1466] Elapsed 2m 53s (remain 11m 9s) Loss: 0.6412(1.1336) 
Epoch: [1][400/1466] Elapsed 3m 45s (remain 9m 58s) Loss: 0.4283(0.9799) 
Epoch: [1][500/1466] Elapsed 4m 44s (remain 9m 8s) Loss: 0.5341(0.8851) 
Epoch: [1][600/1466] Elapsed 5m 42s (remain 8m 12s) Loss: 0.5620(0.8163) 
Epoch: [1][700/1466] Elapsed 6m 39s (remain 7m 16s) Loss: 0.4799(0.7660) 
Epoch: [1][800/1466] Elapsed 7m 41s (remain 6m 22s) Loss: 0.4085(0.7293) 
Epoch: [1][900/1466] Elapsed 8m 38s (remain 5m 25s) Loss: 0.4410(0.7003) 
Epoch: [1][1000/1466] Elapsed 9m 36s (remain 4m 27s) Loss: 0.1909(0.6759) 
Epoch: [1][1100/1466] Elapsed 10m 31s (remain 3m 29s) Loss: 0.4318(0.6548) 
Epoch: [1][1200/1466] Elapsed 11m 30s (remain 2m 32s) Loss: 0.3611(0.6395) 
Epoch: [1][1300/1466] Elapsed 12m 28s (remain 1m 34s) Loss: 0.6160(0.6251) 
Epoch: [1][1400/1466] Elapsed 13m 26s (remain 0m 37s) Loss: 0.4376(0.6127) 
Epoch: [1][1465/1466] Elapsed 14m 4s (remain 0m 0s) Loss: 0.2747(0.6064) 
EVAL: [0/245] Elapsed 0m 0s (remain 1m 52s) Loss: 0.3413(0.3413) 
EVAL: [100/245] Elapsed 0m 43s (remain 1m 2s) Loss: 0.4283(0.4773) 
EVAL: [200/245] Elapsed 1m 28s (remain 0m 19s) Loss: 0.7472(0.4757) 
EVAL: [244/245] Elapsed 1m 46s (remain 0m 0s) Loss: 0.3449(0.4800) 
Epoch 1 - avg_train_loss: 0.6087  avg_val_loss: 0.4632  time: 951s
Epoch 1 - Score: 0.4790
Epoch 1 - Save Best Score: 0.4790 Model
========== fold: 1 result ==========
Score: 0.4790
Running basic DDP example on rank 0.
Running basic DDP example on rank 1.
-------------fold:2 training-------------
Epoch: [1][0/1466] Elapsed 0m 0s (remain 18m 43s) Loss: 3.6682(3.6682) 
Epoch: [1][100/1466] Elapsed 0m 58s (remain 13m 15s) Loss: 0.5671(2.3375) 
Epoch: [1][200/1466] Elapsed 1m 56s (remain 12m 13s) Loss: 0.5238(1.4945) 
Epoch: [1][300/1466] Elapsed 2m 56s (remain 11m 21s) Loss: 0.5491(1.1873) 
Epoch: [1][400/1466] Elapsed 3m 52s (remain 10m 16s) Loss: 0.3243(1.0277) 
Epoch: [1][500/1466] Elapsed 4m 49s (remain 9m 18s) Loss: 0.4655(0.9217) 
Epoch: [1][600/1466] Elapsed 5m 47s (remain 8m 20s) Loss: 0.3349(0.8433) 
Epoch: [1][700/1466] Elapsed 6m 48s (remain 7m 25s) Loss: 0.2239(0.7941) 
Epoch: [1][800/1466] Elapsed 7m 46s (remain 6m 27s) Loss: 0.4058(0.7533) 
Epoch: [1][900/1466] Elapsed 8m 45s (remain 5m 29s) Loss: 0.2967(0.7202) 
Epoch: [1][1000/1466] Elapsed 9m 43s (remain 4m 31s) Loss: 0.2997(0.6940) 
Epoch: [1][1100/1466] Elapsed 10m 39s (remain 3m 32s) Loss: 0.8008(0.6731) 
Epoch: [1][1200/1466] Elapsed 11m 38s (remain 2m 34s) Loss: 0.8760(0.6573) 
Epoch: [1][1300/1466] Elapsed 12m 33s (remain 1m 35s) Loss: 0.5071(0.6420) 
Epoch: [1][1400/1466] Elapsed 13m 31s (remain 0m 37s) Loss: 0.4398(0.6275) 
Epoch: [1][1465/1466] Elapsed 14m 12s (remain 0m 0s) Loss: 0.4838(0.6191) 
EVAL: [0/245] Elapsed 0m 0s (remain 0m 9s) Loss: 0.4763(0.4763) 
EVAL: [100/245] Elapsed 0m 39s (remain 0m 56s) Loss: 0.4887(0.4689) 
EVAL: [200/245] Elapsed 1m 23s (remain 0m 18s) Loss: 0.3646(0.4597) 
EVAL: [244/245] Elapsed 1m 41s (remain 0m 0s) Loss: 0.5546(0.4639) 
Epoch 1 - avg_train_loss: 0.6212  avg_val_loss: 0.4575  time: 958s
Epoch 1 - Score: 0.4768
Epoch 1 - Save Best Score: 0.4768 Model
========== fold: 2 result ==========
Score: 0.4768
Running basic DDP example on rank 0.
Running basic DDP example on rank 1.
-------------fold:3 training-------------
Epoch: [1][0/1466] Elapsed 0m 0s (remain 8m 56s) Loss: 2.9525(2.9525) 
Epoch: [1][100/1466] Elapsed 0m 59s (remain 13m 20s) Loss: 1.3652(2.4739) 
Epoch: [1][200/1466] Elapsed 1m 57s (remain 12m 16s) Loss: 1.4887(1.5804) 
Epoch: [1][300/1466] Elapsed 2m 55s (remain 11m 19s) Loss: 0.5657(1.2460) 
Epoch: [1][400/1466] Elapsed 3m 54s (remain 10m 22s) Loss: 0.4367(1.0635) 
Epoch: [1][500/1466] Elapsed 4m 57s (remain 9m 32s) Loss: 0.3992(0.9510) 
Epoch: [1][600/1466] Elapsed 5m 54s (remain 8m 30s) Loss: 0.2893(0.8701) 
Epoch: [1][700/1466] Elapsed 6m 52s (remain 7m 30s) Loss: 0.3622(0.8134) 
Epoch: [1][800/1466] Elapsed 7m 52s (remain 6m 32s) Loss: 0.5425(0.7720) 
Epoch: [1][900/1466] Elapsed 8m 51s (remain 5m 33s) Loss: 0.3303(0.7361) 
Epoch: [1][1000/1466] Elapsed 9m 51s (remain 4m 34s) Loss: 0.3729(0.7090) 
Epoch: [1][1100/1466] Elapsed 10m 52s (remain 3m 36s) Loss: 0.3889(0.6889) 
Epoch: [1][1200/1466] Elapsed 11m 52s (remain 2m 37s) Loss: 0.3578(0.6669) 
Epoch: [1][1300/1466] Elapsed 12m 51s (remain 1m 37s) Loss: 0.3738(0.6504) 
Epoch: [1][1400/1466] Elapsed 13m 52s (remain 0m 38s) Loss: 0.3717(0.6383) 
Epoch: [1][1465/1466] Elapsed 14m 32s (remain 0m 0s) Loss: 0.5435(0.6293) 
EVAL: [0/245] Elapsed 0m 0s (remain 0m 25s) Loss: 0.4399(0.4399) 
EVAL: [100/245] Elapsed 0m 46s (remain 1m 6s) Loss: 0.5273(0.4533) 
EVAL: [200/245] Elapsed 1m 29s (remain 0m 19s) Loss: 0.3867(0.4564) 
EVAL: [244/245] Elapsed 1m 47s (remain 0m 0s) Loss: 0.5899(0.4675) 
Epoch 1 - avg_train_loss: 0.6270  avg_val_loss: 0.4657  time: 980s
Epoch 1 - Score: 0.4870
Epoch 1 - Save Best Score: 0.4870 Model
========== fold: 3 result ==========
Score: 0.4870
========== CV ==========
Score: 0.4861
##########
microsoft/deberta-v3-small : START !!
##########
We have available 2, GPUs! but using 2 GPUs
Running basic DDP example on rank 0.
Running basic DDP example on rank 1.
-------------fold:0 training-------------
Epoch: [1][0/1467] Elapsed 0m 0s (remain 20m 39s) Loss: 3.2858(3.2858) 
Epoch: [1][100/1467] Elapsed 1m 12s (remain 16m 17s) Loss: 0.9242(2.0576) 
Epoch: [1][200/1467] Elapsed 2m 26s (remain 15m 19s) Loss: 0.4574(1.3034) 
Epoch: [1][300/1467] Elapsed 3m 36s (remain 13m 59s) Loss: 0.5982(1.0554) 
Epoch: [1][400/1467] Elapsed 4m 49s (remain 12m 48s) Loss: 0.4645(0.9206) 
Epoch: [1][500/1467] Elapsed 6m 5s (remain 11m 44s) Loss: 0.4494(0.8361) 
Epoch: [1][600/1467] Elapsed 7m 19s (remain 10m 33s) Loss: 0.4769(0.7741) 
Epoch: [1][700/1467] Elapsed 8m 34s (remain 9m 21s) Loss: 0.2906(0.7283) 
Epoch: [1][800/1467] Elapsed 9m 49s (remain 8m 9s) Loss: 0.4568(0.6973) 
Epoch: [1][900/1467] Elapsed 11m 5s (remain 6m 58s) Loss: 0.3564(0.6742) 
Epoch: [1][1000/1467] Elapsed 12m 21s (remain 5m 45s) Loss: 0.1416(0.6534) 
Epoch: [1][1100/1467] Elapsed 13m 36s (remain 4m 31s) Loss: 0.2673(0.6343) 
Epoch: [1][1200/1467] Elapsed 14m 49s (remain 3m 17s) Loss: 0.1966(0.6218) 
Epoch: [1][1300/1467] Elapsed 16m 5s (remain 2m 3s) Loss: 0.3445(0.6103) 
Epoch: [1][1400/1467] Elapsed 17m 20s (remain 0m 48s) Loss: 0.4708(0.5995) 
Epoch: [1][1466/1467] Elapsed 18m 9s (remain 0m 0s) Loss: 0.5308(0.5928) 
EVAL: [0/245] Elapsed 0m 0s (remain 0m 26s) Loss: 0.4259(0.4259) 
EVAL: [100/245] Elapsed 0m 45s (remain 1m 5s) Loss: 0.3499(0.4763) 
EVAL: [200/245] Elapsed 1m 29s (remain 0m 19s) Loss: 0.3962(0.4845) 
EVAL: [244/245] Elapsed 1m 49s (remain 0m 0s) Loss: 0.3011(0.4813) 
Epoch 1 - avg_train_loss: 0.5996  avg_val_loss: 0.4773  time: 1200s
Epoch 1 - Score: 0.4944
Epoch 1 - Save Best Score: 0.4944 Model
========== fold: 0 result ==========
Score: 0.4944
Running basic DDP example on rank 0.
Running basic DDP example on rank 1.
-------------fold:1 training-------------
Epoch: [1][0/1466] Elapsed 0m 0s (remain 20m 48s) Loss: 2.1972(2.1972) 
Epoch: [1][100/1466] Elapsed 1m 13s (remain 16m 36s) Loss: 0.5478(1.9799) 
Epoch: [1][200/1466] Elapsed 2m 28s (remain 15m 32s) Loss: 0.6750(1.2647) 
Epoch: [1][300/1466] Elapsed 3m 42s (remain 14m 21s) Loss: 0.5846(1.0285) 
Epoch: [1][400/1466] Elapsed 4m 55s (remain 13m 4s) Loss: 0.4057(0.9041) 
Epoch: [1][500/1466] Elapsed 6m 7s (remain 11m 48s) Loss: 0.4819(0.8277) 
Epoch: [1][600/1466] Elapsed 7m 20s (remain 10m 33s) Loss: 0.5389(0.7736) 
Epoch: [1][700/1466] Elapsed 8m 34s (remain 9m 21s) Loss: 0.6672(0.7320) 
Epoch: [1][800/1466] Elapsed 9m 49s (remain 8m 9s) Loss: 0.5157(0.6993) 
Epoch: [1][900/1466] Elapsed 10m 59s (remain 6m 53s) Loss: 0.4266(0.6755) 
Epoch: [1][1000/1466] Elapsed 12m 13s (remain 5m 40s) Loss: 0.1791(0.6546) 
Epoch: [1][1100/1466] Elapsed 13m 25s (remain 4m 27s) Loss: 0.4013(0.6365) 
Epoch: [1][1200/1466] Elapsed 14m 39s (remain 3m 14s) Loss: 0.4621(0.6227) 
Epoch: [1][1300/1466] Elapsed 15m 53s (remain 2m 0s) Loss: 0.6186(0.6106) 
Epoch: [1][1400/1466] Elapsed 17m 7s (remain 0m 47s) Loss: 0.4937(0.5996) 
Epoch: [1][1465/1466] Elapsed 17m 57s (remain 0m 0s) Loss: 0.3214(0.5943) 
EVAL: [0/245] Elapsed 0m 0s (remain 2m 9s) Loss: 0.3134(0.3134) 
EVAL: [100/245] Elapsed 0m 42s (remain 1m 0s) Loss: 0.5476(0.5186) 
EVAL: [200/245] Elapsed 1m 27s (remain 0m 19s) Loss: 0.6701(0.5200) 
EVAL: [244/245] Elapsed 1m 47s (remain 0m 0s) Loss: 0.3675(0.5269) 
Epoch 1 - avg_train_loss: 0.5990  avg_val_loss: 0.5090  time: 1187s
Epoch 1 - Score: 0.5273
Epoch 1 - Save Best Score: 0.5273 Model
========== fold: 1 result ==========
Score: 0.5273
Running basic DDP example on rank 0.
Running basic DDP example on rank 1.
-------------fold:2 training-------------
Epoch: [1][0/1466] Elapsed 0m 0s (remain 14m 7s) Loss: 3.5685(3.5685) 
Epoch: [1][100/1466] Elapsed 1m 15s (remain 16m 59s) Loss: 0.5795(2.0885) 
Epoch: [1][200/1466] Elapsed 2m 29s (remain 15m 39s) Loss: 0.7143(1.3397) 
Epoch: [1][300/1466] Elapsed 3m 41s (remain 14m 18s) Loss: 0.5283(1.0843) 
Epoch: [1][400/1466] Elapsed 4m 54s (remain 13m 3s) Loss: 0.3166(0.9535) 
Epoch: [1][500/1466] Elapsed 6m 8s (remain 11m 49s) Loss: 0.5876(0.8631) 
Epoch: [1][600/1466] Elapsed 7m 24s (remain 10m 39s) Loss: 0.3330(0.7991) 
Epoch: [1][700/1466] Elapsed 8m 39s (remain 9m 27s) Loss: 0.2464(0.7568) 
Epoch: [1][800/1466] Elapsed 9m 53s (remain 8m 13s) Loss: 0.3659(0.7209) 
Epoch: [1][900/1466] Elapsed 11m 10s (remain 7m 0s) Loss: 0.3866(0.6911) 
Epoch: [1][1000/1466] Elapsed 12m 26s (remain 5m 46s) Loss: 0.3620(0.6698) 
Epoch: [1][1100/1466] Elapsed 13m 41s (remain 4m 32s) Loss: 0.8615(0.6529) 
Epoch: [1][1200/1466] Elapsed 14m 56s (remain 3m 17s) Loss: 0.9759(0.6402) 
Epoch: [1][1300/1466] Elapsed 16m 11s (remain 2m 3s) Loss: 0.6409(0.6267) 
Epoch: [1][1400/1466] Elapsed 17m 26s (remain 0m 48s) Loss: 0.5961(0.6145) 
Epoch: [1][1465/1466] Elapsed 18m 13s (remain 0m 0s) Loss: 0.3911(0.6069) 
EVAL: [0/245] Elapsed 0m 0s (remain 0m 11s) Loss: 0.5275(0.5275) 
EVAL: [100/245] Elapsed 0m 44s (remain 1m 2s) Loss: 0.4760(0.4774) 
EVAL: [200/245] Elapsed 1m 26s (remain 0m 19s) Loss: 0.4249(0.4675) 
EVAL: [244/245] Elapsed 1m 47s (remain 0m 0s) Loss: 0.6008(0.4712) 
Epoch 1 - avg_train_loss: 0.6065  avg_val_loss: 0.2449  time: 1201s
Epoch 1 - Score: 2.2539
Epoch 1 - Save Best Score: 2.2539 Model
========== fold: 2 result ==========
Score: 2.2539
Running basic DDP example on rank 0.
Running basic DDP example on rank 1.
-------------fold:3 training-------------
Epoch: [1][0/1466] Elapsed 0m 1s (remain 24m 35s) Loss: 2.9534(2.9534) 
Epoch: [1][100/1466] Elapsed 1m 14s (remain 16m 52s) Loss: 0.6325(2.3168) 
Epoch: [1][200/1466] Elapsed 2m 27s (remain 15m 27s) Loss: 1.2846(1.4531) 
Epoch: [1][300/1466] Elapsed 3m 40s (remain 14m 14s) Loss: 0.5910(1.1549) 
Epoch: [1][400/1466] Elapsed 4m 54s (remain 13m 1s) Loss: 0.4982(0.9913) 
Epoch: [1][500/1466] Elapsed 6m 7s (remain 11m 47s) Loss: 0.3546(0.8894) 
Epoch: [1][600/1466] Elapsed 7m 19s (remain 10m 32s) Loss: 0.2557(0.8178) 
Epoch: [1][700/1466] Elapsed 8m 35s (remain 9m 23s) Loss: 0.3152(0.7685) 
Epoch: [1][800/1466] Elapsed 9m 51s (remain 8m 11s) Loss: 0.4945(0.7357) 
Epoch: [1][900/1466] Elapsed 11m 6s (remain 6m 58s) Loss: 0.4073(0.7043) 
Epoch: [1][1000/1466] Elapsed 12m 20s (remain 5m 43s) Loss: 0.4498(0.6803) 
Epoch: [1][1100/1466] Elapsed 13m 36s (remain 4m 30s) Loss: 0.4031(0.6637) 
Epoch: [1][1200/1466] Elapsed 14m 49s (remain 3m 16s) Loss: 0.3384(0.6464) 
Epoch: [1][1300/1466] Elapsed 16m 3s (remain 2m 2s) Loss: 0.3005(0.6326) 
Epoch: [1][1400/1466] Elapsed 17m 17s (remain 0m 48s) Loss: 0.3328(0.6211) 
Epoch: [1][1465/1466] Elapsed 18m 6s (remain 0m 0s) Loss: 0.4729(0.6128) 
EVAL: [0/245] Elapsed 0m 0s (remain 2m 11s) Loss: 0.4848(0.4848) 
EVAL: [100/245] Elapsed 0m 43s (remain 1m 2s) Loss: 0.5551(0.4448) 
EVAL: [200/245] Elapsed 1m 27s (remain 0m 19s) Loss: 0.4159(0.4557) 
EVAL: [244/245] Elapsed 1m 47s (remain 0m 0s) Loss: 0.6485(0.4636) 
Epoch 1 - avg_train_loss: 0.6128  avg_val_loss: 0.4687  time: 1196s
Epoch 1 - Score: 0.4862
Epoch 1 - Save Best Score: 0.4862 Model
========== fold: 3 result ==========
Score: 0.4862
========== CV ==========
Score: 1.2087
