Train samples per fold:
11.0    157
21.0    157
1.0     157
7.0     157
20.0    157
14.0    157
19.0    157
12.0    157
23.0    157
3.0     157
6.0     157
5.0     156
13.0    156
22.0    156
0.0     156
15.0    156
24.0    156
17.0    156
9.0     156
8.0     156
4.0     156
2.0     156
18.0    156
10.0    156
16.0    156
Name: FOLD, dtype: int64
Train samples per fold:
14.0    261
9.0     261
5.0     261
12.0    261
10.0    261
8.0     261
0.0     261
6.0     261
2.0     261
1.0     261
11.0    261
4.0     260
7.0     260
3.0     260
13.0    260
Name: FOLD, dtype: int64
Train samples per fold:
14.0    261
9.0     261
5.0     261
12.0    261
10.0    261
8.0     261
0.0     261
6.0     261
2.0     261
1.0     261
11.0    261
4.0     260
7.0     260
3.0     260
13.0    260
Name: FOLD, dtype: int64
