We have available 2, GPUs! but using 2 GPUs
Running basic DDP example on rank 1.
Running basic DDP example on rank 0.
-------------fold:0 training-------------
Epoch: [1][0/464] Elapsed 0m 1s (remain 15m 15s) Loss: 11.1597(11.1597) 
Epoch: [1][100/464] Elapsed 2m 2s (remain 7m 18s) Loss: 0.4240(1.6066) 
Epoch: [1][200/464] Elapsed 4m 2s (remain 5m 17s) Loss: 0.2686(0.9266) 
EVAL: [0/13] Elapsed 0m 0s (remain 0m 10s) Loss: 0.1750(0.1750) 
EVAL: [12/13] Elapsed 0m 7s (remain 0m 0s) Loss: 0.2693(0.2514) 
Epoch 1 Step 230 - avg_train_loss: 0.8153  avg_val_loss: 0.2390
Epoch 1 Step 230 - Score: 0.4876
Epoch 1 Step 230 - Save Best Score: 0.4876 Model
Epoch: [1][300/464] Elapsed 6m 11s (remain 3m 21s) Loss: 0.5575(0.6948) 
Epoch: [1][400/464] Elapsed 8m 12s (remain 1m 17s) Loss: 0.1705(0.5813) 
EVAL: [0/13] Elapsed 0m 0s (remain 0m 10s) Loss: 0.2314(0.2314) 
EVAL: [12/13] Elapsed 0m 8s (remain 0m 0s) Loss: 0.3662(0.2653) 
Epoch 1 Step 460 - avg_train_loss: 0.5239  avg_val_loss: 0.2571
Epoch 1 Step 460 - Score: 0.5063
Epoch: [1][463/464] Elapsed 9m 38s (remain 0m 0s) Loss: 0.1145(0.5315) 
Epoch 1 - avg_train_loss: 0.5216  avg_val_loss: 0.2571  time: 578s
Epoch 1 - Score: 0.5063
Epoch: [2][0/464] Elapsed 0m 1s (remain 9m 23s) Loss: 0.3144(0.3144) 
Epoch: [2][100/464] Elapsed 2m 3s (remain 7m 24s) Loss: 0.2108(0.2239) 
Epoch: [2][200/464] Elapsed 4m 6s (remain 5m 22s) Loss: 0.2664(0.2122) 
EVAL: [0/13] Elapsed 0m 0s (remain 0m 9s) Loss: 0.1884(0.1884) 
EVAL: [12/13] Elapsed 0m 9s (remain 0m 0s) Loss: 0.2995(0.2428) 
Epoch 2 Step 230 - avg_train_loss: 0.2109  avg_val_loss: 0.2318
Epoch 2 Step 230 - Score: 0.4804
Epoch 2 Step 230 - Save Best Score: 0.4804 Model
Epoch: [2][300/464] Elapsed 6m 28s (remain 3m 30s) Loss: 0.3847(0.2065) 
Epoch: [2][400/464] Elapsed 8m 29s (remain 1m 19s) Loss: 0.1754(0.2053) 
EVAL: [0/13] Elapsed 0m 0s (remain 0m 9s) Loss: 0.2299(0.2299) 
EVAL: [12/13] Elapsed 0m 8s (remain 0m 0s) Loss: 0.3417(0.2603) 
Epoch 2 Step 460 - avg_train_loss: 0.2039  avg_val_loss: 0.2542
Epoch 2 Step 460 - Score: 0.5033
Epoch: [2][463/464] Elapsed 9m 53s (remain 0m 0s) Loss: 0.0989(0.2027) 
Epoch 2 - avg_train_loss: 0.2035  avg_val_loss: 0.2542  time: 594s
Epoch 2 - Score: 0.5033
Epoch: [3][0/464] Elapsed 0m 1s (remain 9m 16s) Loss: 0.2840(0.2840) 
Epoch: [3][100/464] Elapsed 2m 2s (remain 7m 21s) Loss: 0.1273(0.1914) 
Epoch: [3][200/464] Elapsed 4m 4s (remain 5m 20s) Loss: 0.2408(0.1790) 
EVAL: [0/13] Elapsed 0m 0s (remain 0m 5s) Loss: 0.1998(0.1998) 
EVAL: [12/13] Elapsed 0m 9s (remain 0m 0s) Loss: 0.3578(0.2506) 
Epoch 3 Step 230 - avg_train_loss: 0.1776  avg_val_loss: 0.2381
Epoch 3 Step 230 - Score: 0.4867
Epoch: [3][300/464] Elapsed 6m 17s (remain 3m 24s) Loss: 0.2600(0.1733) 
Epoch: [3][400/464] Elapsed 8m 18s (remain 1m 18s) Loss: 0.1505(0.1701) 
EVAL: [0/13] Elapsed 0m 0s (remain 0m 6s) Loss: 0.2658(0.2658) 
EVAL: [12/13] Elapsed 0m 9s (remain 0m 0s) Loss: 0.3996(0.2921) 
Epoch 3 Step 460 - avg_train_loss: 0.1694  avg_val_loss: 0.2803
Epoch 3 Step 460 - Score: 0.5274
Epoch: [3][463/464] Elapsed 9m 44s (remain 0m 0s) Loss: 0.1008(0.1674) 
Epoch 3 - avg_train_loss: 0.1693  avg_val_loss: 0.2803  time: 584s
Epoch 3 - Score: 0.5274
Epoch: [4][0/464] Elapsed 0m 1s (remain 8m 7s) Loss: 0.2766(0.2766) 
Epoch: [4][100/464] Elapsed 2m 4s (remain 7m 25s) Loss: 0.0694(0.1530) 
Epoch: [4][200/464] Elapsed 4m 5s (remain 5m 20s) Loss: 0.1559(0.1399) 
EVAL: [0/13] Elapsed 0m 0s (remain 0m 11s) Loss: 0.2541(0.2541) 
EVAL: [12/13] Elapsed 0m 9s (remain 0m 0s) Loss: 0.5835(0.3007) 
Epoch 4 Step 230 - avg_train_loss: 0.1373  avg_val_loss: 0.2780
Epoch 4 Step 230 - Score: 0.5262
Epoch: [4][300/464] Elapsed 6m 17s (remain 3m 24s) Loss: 0.2081(0.1370) 
Epoch: [4][400/464] Elapsed 8m 19s (remain 1m 18s) Loss: 0.1211(0.1396) 
EVAL: [0/13] Elapsed 0m 0s (remain 0m 10s) Loss: 0.1523(0.1523) 
EVAL: [12/13] Elapsed 0m 10s (remain 0m 0s) Loss: 0.2606(0.2413) 
Epoch 4 Step 460 - avg_train_loss: 0.1394  avg_val_loss: 0.2371
Epoch 4 Step 460 - Score: 0.4859
Epoch: [4][463/464] Elapsed 9m 45s (remain 0m 0s) Loss: 0.0686(0.1394) 
Epoch 4 - avg_train_loss: 0.1392  avg_val_loss: 0.2371  time: 586s
Epoch 4 - Score: 0.4859
========== fold: 0 result ==========
Score: 0.4804
Running basic DDP example on rank 0.
Running basic DDP example on rank 1.
-------------fold:1 training-------------
Epoch: [1][0/464] Elapsed 0m 1s (remain 15m 16s) Loss: 9.5809(9.5809) 
Epoch: [1][100/464] Elapsed 1m 59s (remain 7m 10s) Loss: 0.4385(1.3918) 
Epoch: [1][200/464] Elapsed 4m 1s (remain 5m 16s) Loss: 0.1537(0.8218) 
EVAL: [0/13] Elapsed 0m 0s (remain 0m 10s) Loss: 0.4009(0.4009) 
EVAL: [12/13] Elapsed 0m 8s (remain 0m 0s) Loss: 0.1762(0.2495) 
Epoch 1 Step 230 - avg_train_loss: 0.7493  avg_val_loss: 0.2290
Epoch 1 Step 230 - Score: 0.4782
Epoch 1 Step 230 - Save Best Score: 0.4782 Model
Epoch: [1][300/464] Elapsed 6m 17s (remain 3m 24s) Loss: 0.2618(0.6284) 
Epoch: [1][400/464] Elapsed 8m 21s (remain 1m 18s) Loss: 0.1158(0.5274) 
EVAL: [0/13] Elapsed 0m 0s (remain 0m 10s) Loss: 0.3231(0.3231) 
EVAL: [12/13] Elapsed 0m 9s (remain 0m 0s) Loss: 0.2461(0.2533) 
Epoch 1 Step 460 - avg_train_loss: 0.4923  avg_val_loss: 0.2397
Epoch 1 Step 460 - Score: 0.4871
Epoch: [1][463/464] Elapsed 9m 49s (remain 0m 0s) Loss: 0.3920(0.4905) 
Epoch 1 - avg_train_loss: 0.4909  avg_val_loss: 0.2397  time: 589s
Epoch 1 - Score: 0.4871
Epoch: [2][0/464] Elapsed 0m 1s (remain 10m 11s) Loss: 0.1217(0.1217) 
Epoch: [2][100/464] Elapsed 2m 0s (remain 7m 14s) Loss: 0.3227(0.2118) 
Epoch: [2][200/464] Elapsed 4m 1s (remain 5m 16s) Loss: 0.1309(0.2046) 
EVAL: [0/13] Elapsed 0m 0s (remain 0m 6s) Loss: 0.3716(0.3716) 
EVAL: [12/13] Elapsed 0m 9s (remain 0m 0s) Loss: 0.1452(0.2332) 
Epoch 2 Step 230 - avg_train_loss: 0.2078  avg_val_loss: 0.2194
Epoch 2 Step 230 - Score: 0.4681
Epoch 2 Step 230 - Save Best Score: 0.4681 Model
Epoch: [2][300/464] Elapsed 6m 21s (remain 3m 26s) Loss: 0.1952(0.2040) 
Epoch: [2][400/464] Elapsed 8m 25s (remain 1m 19s) Loss: 0.1131(0.2013) 
EVAL: [0/13] Elapsed 0m 0s (remain 0m 9s) Loss: 0.3059(0.3059) 
EVAL: [12/13] Elapsed 0m 8s (remain 0m 0s) Loss: 0.2209(0.2357) 
Epoch 2 Step 460 - avg_train_loss: 0.2038  avg_val_loss: 0.2235
Epoch 2 Step 460 - Score: 0.4719
Epoch: [2][463/464] Elapsed 9m 49s (remain 0m 0s) Loss: 0.3305(0.2040) 
Epoch 2 - avg_train_loss: 0.2041  avg_val_loss: 0.2235  time: 589s
Epoch 2 - Score: 0.4719
Epoch: [3][0/464] Elapsed 0m 1s (remain 9m 31s) Loss: 0.1253(0.1253) 
Epoch: [3][100/464] Elapsed 2m 0s (remain 7m 14s) Loss: 0.2450(0.1820) 
Epoch: [3][200/464] Elapsed 4m 3s (remain 5m 18s) Loss: 0.1497(0.1725) 
EVAL: [0/13] Elapsed 0m 0s (remain 0m 10s) Loss: 0.3483(0.3483) 
EVAL: [12/13] Elapsed 0m 9s (remain 0m 0s) Loss: 0.1470(0.2358) 
Epoch 3 Step 230 - avg_train_loss: 0.1754  avg_val_loss: 0.2234
Epoch 3 Step 230 - Score: 0.4722
Epoch: [3][300/464] Elapsed 6m 15s (remain 3m 23s) Loss: 0.1425(0.1695) 
Epoch: [3][400/464] Elapsed 8m 18s (remain 1m 18s) Loss: 0.0895(0.1657) 
EVAL: [0/13] Elapsed 0m 0s (remain 0m 5s) Loss: 0.3297(0.3297) 
EVAL: [12/13] Elapsed 0m 8s (remain 0m 0s) Loss: 0.1787(0.2274) 
Epoch 3 Step 460 - avg_train_loss: 0.1665  avg_val_loss: 0.2129
Epoch 3 Step 460 - Score: 0.4616
Epoch 3 Step 460 - Save Best Score: 0.4616 Model
Epoch: [3][463/464] Elapsed 9m 50s (remain 0m 0s) Loss: 0.1718(0.1665) 
Epoch 3 - avg_train_loss: 0.1665  avg_val_loss: 0.2129  time: 591s
Epoch 3 - Score: 0.4616
Epoch: [4][0/464] Elapsed 0m 1s (remain 7m 55s) Loss: 0.0914(0.0914) 
Epoch: [4][100/464] Elapsed 2m 1s (remain 7m 16s) Loss: 0.1546(0.1553) 
Epoch: [4][200/464] Elapsed 4m 2s (remain 5m 17s) Loss: 0.1576(0.1428) 
EVAL: [0/13] Elapsed 0m 0s (remain 0m 10s) Loss: 0.2841(0.2841) 
EVAL: [12/13] Elapsed 0m 9s (remain 0m 0s) Loss: 0.2235(0.2687) 
Epoch 4 Step 230 - avg_train_loss: 0.1437  avg_val_loss: 0.2552
Epoch 4 Step 230 - Score: 0.5041
Epoch: [4][300/464] Elapsed 6m 14s (remain 3m 22s) Loss: 0.1198(0.1437) 
Epoch: [4][400/464] Elapsed 8m 15s (remain 1m 17s) Loss: 0.0867(0.1376) 
EVAL: [0/13] Elapsed 0m 0s (remain 0m 10s) Loss: 0.4270(0.4270) 
EVAL: [12/13] Elapsed 0m 9s (remain 0m 0s) Loss: 0.1538(0.2837) 
Epoch 4 Step 460 - avg_train_loss: 0.1376  avg_val_loss: 0.2729
Epoch 4 Step 460 - Score: 0.5225
Epoch: [4][463/464] Elapsed 9m 44s (remain 0m 0s) Loss: 0.0572(0.1381) 
Epoch 4 - avg_train_loss: 0.1377  avg_val_loss: 0.2729  time: 584s
Epoch 4 - Score: 0.5225
========== fold: 1 result ==========
Score: 0.4616
Running basic DDP example on rank 1.
Running basic DDP example on rank 0.
-------------fold:2 training-------------
Epoch: [1][0/464] Elapsed 0m 1s (remain 12m 26s) Loss: 10.3150(10.3150) 
Epoch: [1][100/464] Elapsed 2m 0s (remain 7m 14s) Loss: 0.3941(1.5263) 
Epoch: [1][200/464] Elapsed 4m 4s (remain 5m 20s) Loss: 0.3011(0.9066) 
EVAL: [0/13] Elapsed 0m 0s (remain 0m 5s) Loss: 0.2505(0.2505) 
EVAL: [12/13] Elapsed 0m 8s (remain 0m 0s) Loss: 0.2360(0.2228) 
Epoch 1 Step 230 - avg_train_loss: 0.7714  avg_val_loss: 0.2311
Epoch 1 Step 230 - Score: 0.4791
Epoch 1 Step 230 - Save Best Score: 0.4791 Model
Epoch: [1][300/464] Elapsed 6m 16s (remain 3m 23s) Loss: 0.1788(0.6884) 
Epoch: [1][400/464] Elapsed 8m 20s (remain 1m 18s) Loss: 0.2447(0.5751) 
EVAL: [0/13] Elapsed 0m 0s (remain 0m 10s) Loss: 0.1881(0.1881) 
EVAL: [12/13] Elapsed 0m 8s (remain 0m 0s) Loss: 0.1449(0.2238) 
Epoch 1 Step 460 - avg_train_loss: 0.5028  avg_val_loss: 0.2375
Epoch 1 Step 460 - Score: 0.4856
Epoch: [1][463/464] Elapsed 9m 47s (remain 0m 0s) Loss: 0.2539(0.5285) 
Epoch 1 - avg_train_loss: 0.5009  avg_val_loss: 0.2375  time: 588s
Epoch 1 - Score: 0.4856
Epoch: [2][0/464] Elapsed 0m 1s (remain 9m 42s) Loss: 0.1736(0.1736) 
Epoch: [2][100/464] Elapsed 2m 1s (remain 7m 15s) Loss: 0.2049(0.2102) 
Epoch: [2][200/464] Elapsed 4m 4s (remain 5m 19s) Loss: 0.3231(0.2152) 
EVAL: [0/13] Elapsed 0m 0s (remain 0m 5s) Loss: 0.2310(0.2310) 
EVAL: [12/13] Elapsed 0m 9s (remain 0m 0s) Loss: 0.1864(0.2201) 
Epoch 2 Step 230 - avg_train_loss: 0.2059  avg_val_loss: 0.2265
Epoch 2 Step 230 - Score: 0.4749
Epoch 2 Step 230 - Save Best Score: 0.4749 Model
Epoch: [2][300/464] Elapsed 6m 23s (remain 3m 27s) Loss: 0.1828(0.2146) 
Epoch: [2][400/464] Elapsed 8m 26s (remain 1m 19s) Loss: 0.2221(0.2107) 
EVAL: [0/13] Elapsed 0m 0s (remain 0m 10s) Loss: 0.1917(0.1917) 
EVAL: [12/13] Elapsed 0m 10s (remain 0m 0s) Loss: 0.1307(0.2198) 
Epoch 2 Step 460 - avg_train_loss: 0.2030  avg_val_loss: 0.2287
Epoch 2 Step 460 - Score: 0.4771
Epoch: [2][463/464] Elapsed 9m 55s (remain 0m 0s) Loss: 0.2025(0.2098) 
Epoch 2 - avg_train_loss: 0.2029  avg_val_loss: 0.2287  time: 595s
Epoch 2 - Score: 0.4771
Epoch: [3][0/464] Elapsed 0m 1s (remain 8m 46s) Loss: 0.1872(0.1872) 
Epoch: [3][100/464] Elapsed 2m 4s (remain 7m 28s) Loss: 0.1654(0.1818) 
Epoch: [3][200/464] Elapsed 4m 7s (remain 5m 23s) Loss: 0.2813(0.1793) 
EVAL: [0/13] Elapsed 0m 0s (remain 0m 5s) Loss: 0.2261(0.2261) 
EVAL: [12/13] Elapsed 0m 8s (remain 0m 0s) Loss: 0.1792(0.2366) 
Epoch 3 Step 230 - avg_train_loss: 0.1715  avg_val_loss: 0.2405
Epoch 3 Step 230 - Score: 0.4894
Epoch: [3][300/464] Elapsed 6m 20s (remain 3m 26s) Loss: 0.1729(0.1767) 
Epoch: [3][400/464] Elapsed 8m 20s (remain 1m 18s) Loss: 0.1960(0.1733) 
EVAL: [0/13] Elapsed 0m 0s (remain 0m 10s) Loss: 0.2088(0.2088) 
EVAL: [12/13] Elapsed 0m 10s (remain 0m 0s) Loss: 0.1247(0.2307) 
Epoch 3 Step 460 - avg_train_loss: 0.1677  avg_val_loss: 0.2360
Epoch 3 Step 460 - Score: 0.4844
Epoch: [3][463/464] Elapsed 9m 48s (remain 0m 0s) Loss: 0.1661(0.1718) 
Epoch 3 - avg_train_loss: 0.1676  avg_val_loss: 0.2360  time: 588s
Epoch 3 - Score: 0.4844
Epoch: [4][0/464] Elapsed 0m 1s (remain 7m 47s) Loss: 0.2318(0.2318) 
Epoch: [4][100/464] Elapsed 2m 3s (remain 7m 23s) Loss: 0.1309(0.1430) 
Epoch: [4][200/464] Elapsed 4m 7s (remain 5m 23s) Loss: 0.1365(0.1401) 
EVAL: [0/13] Elapsed 0m 0s (remain 0m 5s) Loss: 0.2228(0.2228) 
EVAL: [12/13] Elapsed 0m 8s (remain 0m 0s) Loss: 0.1705(0.2477) 
Epoch 4 Step 230 - avg_train_loss: 0.1387  avg_val_loss: 0.2577
Epoch 4 Step 230 - Score: 0.5043
Epoch: [4][300/464] Elapsed 6m 20s (remain 3m 26s) Loss: 0.1493(0.1392) 
Epoch: [4][400/464] Elapsed 8m 25s (remain 1m 19s) Loss: 0.1370(0.1372) 
EVAL: [0/13] Elapsed 0m 0s (remain 0m 5s) Loss: 0.2553(0.2553) 
EVAL: [12/13] Elapsed 0m 8s (remain 0m 0s) Loss: 0.1103(0.2482) 
Epoch 4 Step 460 - avg_train_loss: 0.1345  avg_val_loss: 0.2490
Epoch 4 Step 460 - Score: 0.4972
Epoch: [4][463/464] Elapsed 9m 50s (remain 0m 0s) Loss: 0.1492(0.1351) 
Epoch 4 - avg_train_loss: 0.1344  avg_val_loss: 0.2490  time: 591s
Epoch 4 - Score: 0.4972
========== fold: 2 result ==========
Score: 0.4749
Running basic DDP example on rank 1.
Running basic DDP example on rank 0.
-------------fold:3 training-------------
Epoch: [1][0/464] Elapsed 0m 1s (remain 15m 25s) Loss: 8.5572(8.5572) 
Epoch: [1][100/464] Elapsed 2m 5s (remain 7m 32s) Loss: 0.3287(1.4211) 
Epoch: [1][200/464] Elapsed 4m 7s (remain 5m 24s) Loss: 0.1550(0.8446) 
EVAL: [0/13] Elapsed 0m 0s (remain 0m 5s) Loss: 0.3652(0.3652) 
EVAL: [12/13] Elapsed 0m 8s (remain 0m 0s) Loss: 0.2954(0.2508) 
Epoch 1 Step 230 - avg_train_loss: 0.7902  avg_val_loss: 0.2363
Epoch 1 Step 230 - Score: 0.4825
Epoch 1 Step 230 - Save Best Score: 0.4825 Model
Epoch: [1][300/464] Elapsed 6m 21s (remain 3m 26s) Loss: 0.2049(0.6382) 
Epoch: [1][400/464] Elapsed 8m 24s (remain 1m 19s) Loss: 0.1825(0.5375) 
EVAL: [0/13] Elapsed 0m 0s (remain 0m 5s) Loss: 0.1951(0.1951) 
EVAL: [12/13] Elapsed 0m 9s (remain 0m 0s) Loss: 0.1203(0.2070) 
Epoch 1 Step 460 - avg_train_loss: 0.5093  avg_val_loss: 0.2309
Epoch 1 Step 460 - Score: 0.4786
Epoch 1 Step 460 - Save Best Score: 0.4786 Model
Epoch: [1][463/464] Elapsed 9m 54s (remain 0m 0s) Loss: 0.2190(0.4940) 
Epoch 1 - avg_train_loss: 0.5075  avg_val_loss: 0.2309  time: 595s
Epoch 1 - Score: 0.4786
Epoch: [2][0/464] Elapsed 0m 1s (remain 9m 57s) Loss: 0.3873(0.3873) 
Epoch: [2][100/464] Elapsed 2m 1s (remain 7m 15s) Loss: 0.2591(0.2293) 
Epoch: [2][200/464] Elapsed 4m 3s (remain 5m 18s) Loss: 0.1223(0.2153) 
EVAL: [0/13] Elapsed 0m 0s (remain 0m 9s) Loss: 0.2751(0.2751) 
EVAL: [12/13] Elapsed 0m 10s (remain 0m 0s) Loss: 0.2127(0.2179) 
Epoch 2 Step 230 - avg_train_loss: 0.2116  avg_val_loss: 0.2230
Epoch 2 Step 230 - Score: 0.4689
Epoch 2 Step 230 - Save Best Score: 0.4689 Model
Epoch: [2][300/464] Elapsed 6m 26s (remain 3m 29s) Loss: 0.1851(0.2053) 
Epoch: [2][400/464] Elapsed 8m 27s (remain 1m 19s) Loss: 0.1350(0.2045) 
EVAL: [0/13] Elapsed 0m 0s (remain 0m 11s) Loss: 0.1878(0.1878) 
EVAL: [12/13] Elapsed 0m 10s (remain 0m 0s) Loss: 0.1104(0.2062) 
Epoch 2 Step 460 - avg_train_loss: 0.2023  avg_val_loss: 0.2481
Epoch 2 Step 460 - Score: 0.4960
Epoch: [2][463/464] Elapsed 9m 53s (remain 0m 0s) Loss: 0.1294(0.2017) 
Epoch 2 - avg_train_loss: 0.2022  avg_val_loss: 0.2481  time: 593s
Epoch 2 - Score: 0.4960
Epoch: [3][0/464] Elapsed 0m 0s (remain 7m 9s) Loss: 0.3842(0.3842) 
Epoch: [3][100/464] Elapsed 2m 1s (remain 7m 15s) Loss: 0.2582(0.1933) 
Epoch: [3][200/464] Elapsed 4m 1s (remain 5m 15s) Loss: 0.1015(0.1763) 
EVAL: [0/13] Elapsed 0m 0s (remain 0m 5s) Loss: 0.2393(0.2393) 
EVAL: [12/13] Elapsed 0m 8s (remain 0m 0s) Loss: 0.1651(0.2140) 
Epoch 3 Step 230 - avg_train_loss: 0.1724  avg_val_loss: 0.2419
Epoch 3 Step 230 - Score: 0.4891
Epoch: [3][300/464] Elapsed 6m 11s (remain 3m 21s) Loss: 0.1742(0.1660) 
Epoch: [3][400/464] Elapsed 8m 15s (remain 1m 17s) Loss: 0.0891(0.1642) 
EVAL: [0/13] Elapsed 0m 0s (remain 0m 9s) Loss: 0.2148(0.2148) 
EVAL: [12/13] Elapsed 0m 9s (remain 0m 0s) Loss: 0.1379(0.2297) 
Epoch 3 Step 460 - avg_train_loss: 0.1609  avg_val_loss: 0.2836
Epoch 3 Step 460 - Score: 0.5291
Epoch: [3][463/464] Elapsed 9m 40s (remain 0m 0s) Loss: 0.1098(0.1613) 
Epoch 3 - avg_train_loss: 0.1608  avg_val_loss: 0.2836  time: 580s
Epoch 3 - Score: 0.5291
Epoch: [4][0/464] Elapsed 0m 1s (remain 9m 47s) Loss: 0.4409(0.4409) 
Epoch: [4][100/464] Elapsed 2m 2s (remain 7m 19s) Loss: 0.1841(0.1480) 
Epoch: [4][200/464] Elapsed 4m 2s (remain 5m 17s) Loss: 0.1042(0.1300) 
EVAL: [0/13] Elapsed 0m 0s (remain 0m 9s) Loss: 0.2918(0.2918) 
EVAL: [12/13] Elapsed 0m 9s (remain 0m 0s) Loss: 0.1695(0.2944) 
Epoch 4 Step 230 - avg_train_loss: 0.1314  avg_val_loss: 0.3715
Epoch 4 Step 230 - Score: 0.6044
Epoch: [4][300/464] Elapsed 6m 15s (remain 3m 23s) Loss: 0.1711(0.1301) 
Epoch: [4][400/464] Elapsed 8m 16s (remain 1m 18s) Loss: 0.1530(0.1309) 
EVAL: [0/13] Elapsed 0m 0s (remain 0m 10s) Loss: 0.2702(0.2702) 
EVAL: [12/13] Elapsed 0m 8s (remain 0m 0s) Loss: 0.2817(0.2480) 
Epoch 4 Step 460 - avg_train_loss: 0.1293  avg_val_loss: 0.2560
Epoch 4 Step 460 - Score: 0.5031
Epoch: [4][463/464] Elapsed 9m 43s (remain 0m 0s) Loss: 0.1848(0.1301) 
Epoch 4 - avg_train_loss: 0.1296  avg_val_loss: 0.2560  time: 583s
Epoch 4 - Score: 0.5031
========== fold: 3 result ==========
Score: 0.4689
Running basic DDP example on rank 0.
Running basic DDP example on rank 1.
-------------fold:4 training-------------
Epoch: [1][0/464] Elapsed 0m 1s (remain 12m 23s) Loss: 14.1843(14.1843) 
Epoch: [1][100/464] Elapsed 2m 3s (remain 7m 23s) Loss: 0.3173(1.6210) 
Epoch: [1][200/464] Elapsed 4m 4s (remain 5m 19s) Loss: 0.2925(0.9420) 
EVAL: [0/13] Elapsed 0m 0s (remain 0m 10s) Loss: 0.2075(0.2075) 
EVAL: [12/13] Elapsed 0m 9s (remain 0m 0s) Loss: 0.2361(0.2195) 
Epoch 1 Step 230 - avg_train_loss: 0.8154  avg_val_loss: 0.2404
Epoch 1 Step 230 - Score: 0.4889
Epoch 1 Step 230 - Save Best Score: 0.4889 Model
Epoch: [1][300/464] Elapsed 6m 15s (remain 3m 23s) Loss: 0.1312(0.7096) 
Epoch: [1][400/464] Elapsed 8m 16s (remain 1m 18s) Loss: 0.2277(0.5945) 
EVAL: [0/13] Elapsed 0m 0s (remain 0m 5s) Loss: 0.2328(0.2328) 
EVAL: [12/13] Elapsed 0m 8s (remain 0m 0s) Loss: 0.2772(0.2086) 
Epoch 1 Step 460 - avg_train_loss: 0.5259  avg_val_loss: 0.2273
Epoch 1 Step 460 - Score: 0.4740
Epoch 1 Step 460 - Save Best Score: 0.4740 Model
Epoch: [1][463/464] Elapsed 9m 50s (remain 0m 0s) Loss: 0.1403(0.5443) 
Epoch 1 - avg_train_loss: 0.5240  avg_val_loss: 0.2273  time: 590s
Epoch 1 - Score: 0.4740
Epoch: [2][0/464] Elapsed 0m 1s (remain 8m 12s) Loss: 0.1940(0.1940) 
Epoch: [2][100/464] Elapsed 2m 3s (remain 7m 23s) Loss: 0.2900(0.2243) 
Epoch: [2][200/464] Elapsed 4m 3s (remain 5m 18s) Loss: 0.2803(0.2172) 
EVAL: [0/13] Elapsed 0m 0s (remain 0m 5s) Loss: 0.1922(0.1922) 
EVAL: [12/13] Elapsed 0m 8s (remain 0m 0s) Loss: 0.2593(0.2076) 
Epoch 2 Step 230 - avg_train_loss: 0.2102  avg_val_loss: 0.2224
Epoch 2 Step 230 - Score: 0.4700
Epoch 2 Step 230 - Save Best Score: 0.4700 Model
Epoch: [2][300/464] Elapsed 6m 19s (remain 3m 25s) Loss: 0.1086(0.2120) 
Epoch: [2][400/464] Elapsed 8m 23s (remain 1m 19s) Loss: 0.2164(0.2122) 
EVAL: [0/13] Elapsed 0m 0s (remain 0m 10s) Loss: 0.2281(0.2281) 
EVAL: [12/13] Elapsed 0m 10s (remain 0m 0s) Loss: 0.2467(0.2054) 
Epoch 2 Step 460 - avg_train_loss: 0.2047  avg_val_loss: 0.2214
Epoch 2 Step 460 - Score: 0.4682
Epoch 2 Step 460 - Save Best Score: 0.4682 Model
Epoch: [2][463/464] Elapsed 9m 58s (remain 0m 0s) Loss: 0.1173(0.2086) 
Epoch 2 - avg_train_loss: 0.2046  avg_val_loss: 0.2214  time: 599s
Epoch 2 - Score: 0.4682
Epoch: [3][0/464] Elapsed 0m 1s (remain 9m 43s) Loss: 0.1807(0.1807) 
Epoch: [3][100/464] Elapsed 2m 3s (remain 7m 22s) Loss: 0.2448(0.1932) 
Epoch: [3][200/464] Elapsed 4m 5s (remain 5m 20s) Loss: 0.2449(0.1842) 
EVAL: [0/13] Elapsed 0m 0s (remain 0m 9s) Loss: 0.1856(0.1856) 
EVAL: [12/13] Elapsed 0m 10s (remain 0m 0s) Loss: 0.2928(0.2114) 
Epoch 3 Step 230 - avg_train_loss: 0.1767  avg_val_loss: 0.2243
Epoch 3 Step 230 - Score: 0.4715
Epoch: [3][300/464] Elapsed 6m 17s (remain 3m 24s) Loss: 0.1034(0.1760) 
Epoch: [3][400/464] Elapsed 8m 21s (remain 1m 18s) Loss: 0.1695(0.1753) 
EVAL: [0/13] Elapsed 0m 0s (remain 0m 5s) Loss: 0.2401(0.2401) 
EVAL: [12/13] Elapsed 0m 8s (remain 0m 0s) Loss: 0.2368(0.2151) 
Epoch 3 Step 460 - avg_train_loss: 0.1684  avg_val_loss: 0.2283
Epoch 3 Step 460 - Score: 0.4752
Epoch: [3][463/464] Elapsed 9m 46s (remain 0m 0s) Loss: 0.0988(0.1710) 
Epoch 3 - avg_train_loss: 0.1682  avg_val_loss: 0.2283  time: 587s
Epoch 3 - Score: 0.4752
Epoch: [4][0/464] Elapsed 0m 1s (remain 8m 46s) Loss: 0.2295(0.2295) 
Epoch: [4][100/464] Elapsed 2m 4s (remain 7m 26s) Loss: 0.1929(0.1553) 
Epoch: [4][200/464] Elapsed 4m 6s (remain 5m 21s) Loss: 0.2103(0.1453) 
EVAL: [0/13] Elapsed 0m 0s (remain 0m 5s) Loss: 0.1627(0.1627) 
EVAL: [12/13] Elapsed 0m 8s (remain 0m 0s) Loss: 0.3985(0.2363) 
Epoch 4 Step 230 - avg_train_loss: 0.1355  avg_val_loss: 0.2477
Epoch 4 Step 230 - Score: 0.4930
Epoch: [4][300/464] Elapsed 6m 17s (remain 3m 24s) Loss: 0.1535(0.1402) 
Epoch: [4][400/464] Elapsed 8m 18s (remain 1m 18s) Loss: 0.1199(0.1449) 
EVAL: [0/13] Elapsed 0m 0s (remain 0m 5s) Loss: 0.3775(0.3775) 
EVAL: [12/13] Elapsed 0m 9s (remain 0m 0s) Loss: 0.2500(0.2765) 
Epoch 4 Step 460 - avg_train_loss: 0.1375  avg_val_loss: 0.2908
Epoch 4 Step 460 - Score: 0.5351
Epoch: [4][463/464] Elapsed 9m 42s (remain 0m 0s) Loss: 0.2370(0.1413) 
Epoch 4 - avg_train_loss: 0.1378  avg_val_loss: 0.2908  time: 582s
Epoch 4 - Score: 0.5351
========== fold: 4 result ==========
Score: 0.4682
Running basic DDP example on rank 0.
Running basic DDP example on rank 1.
-------------fold:5 training-------------
Epoch: [1][0/464] Elapsed 0m 1s (remain 12m 31s) Loss: 10.5456(10.5456) 
Epoch: [1][100/464] Elapsed 2m 0s (remain 7m 12s) Loss: 0.2096(1.4739) 
Epoch: [1][200/464] Elapsed 4m 0s (remain 5m 14s) Loss: 0.1657(0.8625) 
EVAL: [0/13] Elapsed 0m 0s (remain 0m 6s) Loss: 0.2004(0.2004) 
EVAL: [12/13] Elapsed 0m 9s (remain 0m 0s) Loss: 0.2610(0.2315) 
Epoch 1 Step 230 - avg_train_loss: 0.7558  avg_val_loss: 0.2272
Epoch 1 Step 230 - Score: 0.4743
Epoch 1 Step 230 - Save Best Score: 0.4743 Model
Epoch: [1][300/464] Elapsed 6m 13s (remain 3m 22s) Loss: 0.1781(0.6514) 
Epoch: [1][400/464] Elapsed 8m 17s (remain 1m 18s) Loss: 0.2043(0.5460) 
EVAL: [0/13] Elapsed 0m 0s (remain 0m 5s) Loss: 0.1883(0.1883) 
EVAL: [12/13] Elapsed 0m 8s (remain 0m 0s) Loss: 0.1534(0.2135) 
Epoch 1 Step 460 - avg_train_loss: 0.4950  avg_val_loss: 0.2057
Epoch 1 Step 460 - Score: 0.4519
Epoch 1 Step 460 - Save Best Score: 0.4519 Model
Epoch: [1][463/464] Elapsed 9m 51s (remain 0m 0s) Loss: 0.3523(0.5028) 
Epoch 1 - avg_train_loss: 0.4934  avg_val_loss: 0.2057  time: 592s
Epoch 1 - Score: 0.4519
Epoch: [2][0/464] Elapsed 0m 1s (remain 10m 9s) Loss: 0.1840(0.1840) 
Epoch: [2][100/464] Elapsed 1m 59s (remain 7m 10s) Loss: 0.1979(0.2299) 
Epoch: [2][200/464] Elapsed 4m 0s (remain 5m 14s) Loss: 0.1424(0.2156) 
EVAL: [0/13] Elapsed 0m 0s (remain 0m 5s) Loss: 0.1950(0.1950) 
EVAL: [12/13] Elapsed 0m 8s (remain 0m 0s) Loss: 0.2665(0.2290) 
Epoch 2 Step 230 - avg_train_loss: 0.2147  avg_val_loss: 0.2204
Epoch 2 Step 230 - Score: 0.4676
Epoch: [2][300/464] Elapsed 6m 9s (remain 3m 20s) Loss: 0.1223(0.2067) 
Epoch: [2][400/464] Elapsed 8m 10s (remain 1m 17s) Loss: 0.1395(0.2045) 
EVAL: [0/13] Elapsed 0m 0s (remain 0m 10s) Loss: 0.1851(0.1851) 
EVAL: [12/13] Elapsed 0m 8s (remain 0m 0s) Loss: 0.1392(0.2092) 
Epoch 2 Step 460 - avg_train_loss: 0.2080  avg_val_loss: 0.2006
Epoch 2 Step 460 - Score: 0.4465
Epoch 2 Step 460 - Save Best Score: 0.4465 Model
Epoch: [2][463/464] Elapsed 9m 47s (remain 0m 0s) Loss: 0.2572(0.2041) 
Epoch 2 - avg_train_loss: 0.2080  avg_val_loss: 0.2006  time: 588s
Epoch 2 - Score: 0.4465
Epoch: [3][0/464] Elapsed 0m 1s (remain 8m 0s) Loss: 0.1546(0.1546) 
Epoch: [3][100/464] Elapsed 2m 4s (remain 7m 25s) Loss: 0.1902(0.1927) 
Epoch: [3][200/464] Elapsed 4m 4s (remain 5m 19s) Loss: 0.1147(0.1809) 
EVAL: [0/13] Elapsed 0m 0s (remain 0m 6s) Loss: 0.1773(0.1773) 
EVAL: [12/13] Elapsed 0m 8s (remain 0m 0s) Loss: 0.2219(0.2232) 
Epoch 3 Step 230 - avg_train_loss: 0.1817  avg_val_loss: 0.2160
Epoch 3 Step 230 - Score: 0.4636
Epoch: [3][300/464] Elapsed 6m 16s (remain 3m 23s) Loss: 0.0897(0.1722) 
Epoch: [3][400/464] Elapsed 8m 16s (remain 1m 18s) Loss: 0.0956(0.1707) 
EVAL: [0/13] Elapsed 0m 0s (remain 0m 10s) Loss: 0.1949(0.1949) 
EVAL: [12/13] Elapsed 0m 10s (remain 0m 0s) Loss: 0.0910(0.2161) 
Epoch 3 Step 460 - avg_train_loss: 0.1753  avg_val_loss: 0.2119
Epoch 3 Step 460 - Score: 0.4581
Epoch: [3][463/464] Elapsed 9m 44s (remain 0m 0s) Loss: 0.1750(0.1709) 
Epoch 3 - avg_train_loss: 0.1752  avg_val_loss: 0.2119  time: 585s
Epoch 3 - Score: 0.4581
Epoch: [4][0/464] Elapsed 0m 1s (remain 9m 54s) Loss: 0.0951(0.0951) 
Epoch: [4][100/464] Elapsed 2m 3s (remain 7m 23s) Loss: 0.1741(0.1516) 
Epoch: [4][200/464] Elapsed 4m 5s (remain 5m 20s) Loss: 0.1110(0.1463) 
EVAL: [0/13] Elapsed 0m 0s (remain 0m 10s) Loss: 0.1926(0.1926) 
EVAL: [12/13] Elapsed 0m 9s (remain 0m 0s) Loss: 0.1333(0.2344) 
Epoch 4 Step 230 - avg_train_loss: 0.1458  avg_val_loss: 0.2367
Epoch 4 Step 230 - Score: 0.4839
Epoch: [4][300/464] Elapsed 6m 14s (remain 3m 22s) Loss: 0.1082(0.1383) 
Epoch: [4][400/464] Elapsed 8m 16s (remain 1m 17s) Loss: 0.0570(0.1451) 
EVAL: [0/13] Elapsed 0m 0s (remain 0m 5s) Loss: 0.1476(0.1476) 
EVAL: [12/13] Elapsed 0m 8s (remain 0m 0s) Loss: 0.1526(0.2052) 
Epoch 4 Step 460 - avg_train_loss: 0.1514  avg_val_loss: 0.2020
Epoch 4 Step 460 - Score: 0.4483
Epoch: [4][463/464] Elapsed 9m 40s (remain 0m 0s) Loss: 0.1237(0.1480) 
Epoch 4 - avg_train_loss: 0.1513  avg_val_loss: 0.2020  time: 581s
Epoch 4 - Score: 0.4483
========== fold: 5 result ==========
Score: 0.4465
Running basic DDP example on rank 1.
Running basic DDP example on rank 0.
-------------fold:6 training-------------
Epoch: [1][0/464] Elapsed 0m 1s (remain 14m 59s) Loss: 8.4528(8.4528) 
Epoch: [1][100/464] Elapsed 2m 5s (remain 7m 29s) Loss: 0.1613(1.4213) 
Epoch: [1][200/464] Elapsed 4m 6s (remain 5m 22s) Loss: 0.3374(0.8384) 
EVAL: [0/13] Elapsed 0m 0s (remain 0m 10s) Loss: 0.2321(0.2321) 
EVAL: [12/13] Elapsed 0m 10s (remain 0m 0s) Loss: 0.2482(0.2707) 
Epoch 1 Step 230 - avg_train_loss: 0.7494  avg_val_loss: 0.2733
Epoch 1 Step 230 - Score: 0.5190
Epoch 1 Step 230 - Save Best Score: 0.5190 Model
Epoch: [1][300/464] Elapsed 6m 20s (remain 3m 26s) Loss: 0.1360(0.6464) 
Epoch: [1][400/464] Elapsed 8m 22s (remain 1m 18s) Loss: 0.3469(0.5476) 
EVAL: [0/13] Elapsed 0m 0s (remain 0m 10s) Loss: 0.2322(0.2322) 
EVAL: [12/13] Elapsed 0m 8s (remain 0m 0s) Loss: 0.3579(0.2260) 
Epoch 1 Step 460 - avg_train_loss: 0.4955  avg_val_loss: 0.2269
Epoch 1 Step 460 - Score: 0.4761
Epoch 1 Step 460 - Save Best Score: 0.4761 Model
Epoch: [1][463/464] Elapsed 10m 7s (remain 0m 0s) Loss: 0.2221(0.5034) 
Epoch 1 - avg_train_loss: 0.4937  avg_val_loss: 0.2269  time: 607s
Epoch 1 - Score: 0.4761
Epoch: [2][0/464] Elapsed 0m 1s (remain 9m 2s) Loss: 0.2722(0.2722) 
Epoch: [2][100/464] Elapsed 2m 4s (remain 7m 26s) Loss: 0.1772(0.2185) 
Epoch: [2][200/464] Elapsed 4m 7s (remain 5m 23s) Loss: 0.3061(0.2147) 
EVAL: [0/13] Elapsed 0m 0s (remain 0m 10s) Loss: 0.2246(0.2246) 
EVAL: [12/13] Elapsed 0m 9s (remain 0m 0s) Loss: 0.2682(0.2343) 
Epoch 2 Step 230 - avg_train_loss: 0.2134  avg_val_loss: 0.2372
Epoch 2 Step 230 - Score: 0.4855
Epoch: [2][300/464] Elapsed 6m 16s (remain 3m 24s) Loss: 0.1580(0.2146) 
Epoch: [2][400/464] Elapsed 8m 18s (remain 1m 18s) Loss: 0.3172(0.2138) 
EVAL: [0/13] Elapsed 0m 0s (remain 0m 10s) Loss: 0.2298(0.2298) 
EVAL: [12/13] Elapsed 0m 9s (remain 0m 0s) Loss: 0.3699(0.2228) 
Epoch 2 Step 460 - avg_train_loss: 0.2073  avg_val_loss: 0.2237
Epoch 2 Step 460 - Score: 0.4729
Epoch 2 Step 460 - Save Best Score: 0.4729 Model
Epoch: [2][463/464] Elapsed 9m 52s (remain 0m 0s) Loss: 0.1896(0.2106) 
Epoch 2 - avg_train_loss: 0.2073  avg_val_loss: 0.2237  time: 592s
Epoch 2 - Score: 0.4729
Epoch: [3][0/464] Elapsed 0m 1s (remain 10m 6s) Loss: 0.1609(0.1609) 
Epoch: [3][100/464] Elapsed 2m 4s (remain 7m 27s) Loss: 0.1449(0.1903) 
Epoch: [3][200/464] Elapsed 4m 5s (remain 5m 21s) Loss: 0.2402(0.1869) 
EVAL: [0/13] Elapsed 0m 0s (remain 0m 11s) Loss: 0.2295(0.2295) 
EVAL: [12/13] Elapsed 0m 8s (remain 0m 0s) Loss: 0.3150(0.2276) 
Epoch 3 Step 230 - avg_train_loss: 0.1846  avg_val_loss: 0.2318
Epoch 3 Step 230 - Score: 0.4809
Epoch: [3][300/464] Elapsed 6m 15s (remain 3m 23s) Loss: 0.1521(0.1824) 
Epoch: [3][400/464] Elapsed 8m 16s (remain 1m 18s) Loss: 0.2718(0.1803) 
EVAL: [0/13] Elapsed 0m 0s (remain 0m 10s) Loss: 0.2353(0.2353) 
EVAL: [12/13] Elapsed 0m 9s (remain 0m 0s) Loss: 0.4100(0.2283) 
Epoch 3 Step 460 - avg_train_loss: 0.1740  avg_val_loss: 0.2311
Epoch 3 Step 460 - Score: 0.4806
Epoch: [3][463/464] Elapsed 9m 42s (remain 0m 0s) Loss: 0.1596(0.1767) 
Epoch 3 - avg_train_loss: 0.1740  avg_val_loss: 0.2311  time: 583s
Epoch 3 - Score: 0.4806
Epoch: [4][0/464] Elapsed 0m 1s (remain 9m 0s) Loss: 0.0989(0.0989) 
Epoch: [4][100/464] Elapsed 2m 5s (remain 7m 31s) Loss: 0.0968(0.1518) 
Epoch: [4][200/464] Elapsed 4m 7s (remain 5m 23s) Loss: 0.1928(0.1522) 
EVAL: [0/13] Elapsed 0m 0s (remain 0m 11s) Loss: 0.3186(0.3186) 
EVAL: [12/13] Elapsed 0m 9s (remain 0m 0s) Loss: 0.4082(0.2540) 
Epoch 4 Step 230 - avg_train_loss: 0.1504  avg_val_loss: 0.2633
Epoch 4 Step 230 - Score: 0.5128
Epoch: [4][300/464] Elapsed 6m 18s (remain 3m 24s) Loss: 0.1434(0.1473) 
Epoch: [4][400/464] Elapsed 8m 18s (remain 1m 18s) Loss: 0.1479(0.1455) 
EVAL: [0/13] Elapsed 0m 0s (remain 0m 10s) Loss: 0.2422(0.2422) 
EVAL: [12/13] Elapsed 0m 10s (remain 0m 0s) Loss: 0.4235(0.2324) 
Epoch 4 Step 460 - avg_train_loss: 0.1398  avg_val_loss: 0.2347
Epoch 4 Step 460 - Score: 0.4845
Epoch: [4][463/464] Elapsed 9m 46s (remain 0m 0s) Loss: 0.1260(0.1412) 
Epoch 4 - avg_train_loss: 0.1395  avg_val_loss: 0.2347  time: 587s
Epoch 4 - Score: 0.4845
========== fold: 6 result ==========
Score: 0.4729
Running basic DDP example on rank 1.
Running basic DDP example on rank 0.
-------------fold:7 training-------------
Epoch: [1][0/464] Elapsed 0m 1s (remain 14m 48s) Loss: 14.2359(14.2359) 
Epoch: [1][100/464] Elapsed 2m 3s (remain 7m 23s) Loss: 0.1420(1.4276) 
Epoch: [1][200/464] Elapsed 4m 5s (remain 5m 20s) Loss: 0.2021(0.8421) 
EVAL: [0/13] Elapsed 0m 0s (remain 0m 6s) Loss: 0.3767(0.3767) 
EVAL: [12/13] Elapsed 0m 8s (remain 0m 0s) Loss: 0.2264(0.2383) 
Epoch 1 Step 230 - avg_train_loss: 0.7813  avg_val_loss: 0.2217
Epoch 1 Step 230 - Score: 0.4652
Epoch 1 Step 230 - Save Best Score: 0.4652 Model
Epoch: [1][300/464] Elapsed 6m 17s (remain 3m 24s) Loss: 0.3656(0.6420) 
Epoch: [1][400/464] Elapsed 8m 18s (remain 1m 18s) Loss: 0.1466(0.5402) 
EVAL: [0/13] Elapsed 0m 0s (remain 0m 10s) Loss: 0.3124(0.3124) 
EVAL: [12/13] Elapsed 0m 8s (remain 0m 0s) Loss: 0.1603(0.2247) 
Epoch 1 Step 460 - avg_train_loss: 0.5054  avg_val_loss: 0.2044
Epoch 1 Step 460 - Score: 0.4480
Epoch 1 Step 460 - Save Best Score: 0.4480 Model
Epoch: [1][463/464] Elapsed 9m 53s (remain 0m 0s) Loss: 0.1589(0.4983) 
Epoch 1 - avg_train_loss: 0.5035  avg_val_loss: 0.2044  time: 593s
Epoch 1 - Score: 0.4480
Epoch: [2][0/464] Elapsed 0m 1s (remain 8m 26s) Loss: 0.1676(0.1676) 
Epoch: [2][100/464] Elapsed 2m 2s (remain 7m 20s) Loss: 0.1948(0.2120) 
Epoch: [2][200/464] Elapsed 4m 3s (remain 5m 18s) Loss: 0.1694(0.2094) 
EVAL: [0/13] Elapsed 0m 0s (remain 0m 11s) Loss: 0.3638(0.3638) 
EVAL: [12/13] Elapsed 0m 10s (remain 0m 0s) Loss: 0.2306(0.2317) 
Epoch 2 Step 230 - avg_train_loss: 0.2134  avg_val_loss: 0.2138
Epoch 2 Step 230 - Score: 0.4575
Epoch: [2][300/464] Elapsed 6m 14s (remain 3m 22s) Loss: 0.2682(0.2070) 
Epoch: [2][400/464] Elapsed 8m 13s (remain 1m 17s) Loss: 0.1216(0.2053) 
EVAL: [0/13] Elapsed 0m 0s (remain 0m 10s) Loss: 0.2958(0.2958) 
EVAL: [12/13] Elapsed 0m 9s (remain 0m 0s) Loss: 0.2363(0.2331) 
Epoch 2 Step 460 - avg_train_loss: 0.2041  avg_val_loss: 0.2068
Epoch 2 Step 460 - Score: 0.4514
Epoch: [2][463/464] Elapsed 9m 38s (remain 0m 0s) Loss: 0.1336(0.2038) 
Epoch 2 - avg_train_loss: 0.2040  avg_val_loss: 0.2068  time: 579s
Epoch 2 - Score: 0.4514
Epoch: [3][0/464] Elapsed 0m 1s (remain 9m 46s) Loss: 0.1668(0.1668) 
Epoch: [3][100/464] Elapsed 2m 1s (remain 7m 16s) Loss: 0.1505(0.1801) 
Epoch: [3][200/464] Elapsed 4m 3s (remain 5m 17s) Loss: 0.1563(0.1783) 
EVAL: [0/13] Elapsed 0m 0s (remain 0m 10s) Loss: 0.3378(0.3378) 
EVAL: [12/13] Elapsed 0m 9s (remain 0m 0s) Loss: 0.2560(0.2310) 
Epoch 3 Step 230 - avg_train_loss: 0.1796  avg_val_loss: 0.2149
Epoch 3 Step 230 - Score: 0.4600
Epoch: [3][300/464] Elapsed 6m 12s (remain 3m 21s) Loss: 0.2179(0.1736) 
Epoch: [3][400/464] Elapsed 8m 15s (remain 1m 17s) Loss: 0.1076(0.1707) 
EVAL: [0/13] Elapsed 0m 0s (remain 0m 5s) Loss: 0.2918(0.2918) 
EVAL: [12/13] Elapsed 0m 9s (remain 0m 0s) Loss: 0.4286(0.2593) 
Epoch 3 Step 460 - avg_train_loss: 0.1691  avg_val_loss: 0.2302
Epoch 3 Step 460 - Score: 0.4772
Epoch: [3][463/464] Elapsed 9m 41s (remain 0m 0s) Loss: 0.0801(0.1691) 
Epoch 3 - avg_train_loss: 0.1690  avg_val_loss: 0.2302  time: 582s
Epoch 3 - Score: 0.4772
Epoch: [4][0/464] Elapsed 0m 1s (remain 9m 49s) Loss: 0.1552(0.1552) 
Epoch: [4][100/464] Elapsed 2m 3s (remain 7m 25s) Loss: 0.1083(0.1463) 
Epoch: [4][200/464] Elapsed 4m 5s (remain 5m 20s) Loss: 0.1513(0.1549) 
EVAL: [0/13] Elapsed 0m 0s (remain 0m 11s) Loss: 0.2988(0.2988) 
EVAL: [12/13] Elapsed 0m 9s (remain 0m 0s) Loss: 0.3581(0.2318) 
Epoch 4 Step 230 - avg_train_loss: 0.1521  avg_val_loss: 0.2139
Epoch 4 Step 230 - Score: 0.4604
Epoch: [4][300/464] Elapsed 6m 11s (remain 3m 21s) Loss: 0.1394(0.1452) 
Epoch: [4][400/464] Elapsed 8m 14s (remain 1m 17s) Loss: 0.1276(0.1448) 
EVAL: [0/13] Elapsed 0m 0s (remain 0m 9s) Loss: 0.3721(0.3721) 
EVAL: [12/13] Elapsed 0m 9s (remain 0m 0s) Loss: 0.1953(0.2596) 
Epoch 4 Step 460 - avg_train_loss: 0.1436  avg_val_loss: 0.2440
Epoch 4 Step 460 - Score: 0.4911
Epoch: [4][463/464] Elapsed 9m 39s (remain 0m 0s) Loss: 0.1106(0.1437) 
Epoch 4 - avg_train_loss: 0.1436  avg_val_loss: 0.2440  time: 580s
Epoch 4 - Score: 0.4911
========== fold: 7 result ==========
Score: 0.4480
Running basic DDP example on rank 1.
Running basic DDP example on rank 0.
-------------fold:8 training-------------
Epoch: [1][0/464] Elapsed 0m 1s (remain 14m 4s) Loss: 10.8913(10.8913) 
Epoch: [1][100/464] Elapsed 2m 4s (remain 7m 25s) Loss: 0.2860(1.4966) 
Epoch: [1][200/464] Elapsed 4m 7s (remain 5m 24s) Loss: 0.1271(0.8768) 
EVAL: [0/13] Elapsed 0m 0s (remain 0m 5s) Loss: 0.2096(0.2096) 
EVAL: [12/13] Elapsed 0m 8s (remain 0m 0s) Loss: 0.2785(0.2170) 
Epoch 1 Step 230 - avg_train_loss: 0.7684  avg_val_loss: 0.2249
Epoch 1 Step 230 - Score: 0.4717
Epoch 1 Step 230 - Save Best Score: 0.4717 Model
Epoch: [1][300/464] Elapsed 6m 21s (remain 3m 26s) Loss: 0.4869(0.6661) 
Epoch: [1][400/464] Elapsed 8m 22s (remain 1m 18s) Loss: 0.1992(0.5584) 
EVAL: [0/13] Elapsed 0m 0s (remain 0m 10s) Loss: 0.3208(0.3208) 
EVAL: [12/13] Elapsed 0m 8s (remain 0m 0s) Loss: 0.4203(0.2374) 
Epoch 1 Step 460 - avg_train_loss: 0.4992  avg_val_loss: 0.2523
Epoch 1 Step 460 - Score: 0.5003
Epoch: [1][463/464] Elapsed 9m 49s (remain 0m 0s) Loss: 0.1347(0.5110) 
Epoch 1 - avg_train_loss: 0.4973  avg_val_loss: 0.2523  time: 589s
Epoch 1 - Score: 0.5003
Epoch: [2][0/464] Elapsed 0m 1s (remain 9m 48s) Loss: 0.2199(0.2199) 
Epoch: [2][100/464] Elapsed 2m 3s (remain 7m 23s) Loss: 0.1997(0.2171) 
Epoch: [2][200/464] Elapsed 4m 5s (remain 5m 20s) Loss: 0.0984(0.2121) 
EVAL: [0/13] Elapsed 0m 0s (remain 0m 5s) Loss: 0.2781(0.2781) 
EVAL: [12/13] Elapsed 0m 9s (remain 0m 0s) Loss: 0.3495(0.2155) 
Epoch 2 Step 230 - avg_train_loss: 0.2140  avg_val_loss: 0.2220
Epoch 2 Step 230 - Score: 0.4676
Epoch 2 Step 230 - Save Best Score: 0.4676 Model
Epoch: [2][300/464] Elapsed 6m 26s (remain 3m 29s) Loss: 0.3788(0.2105) 
Epoch: [2][400/464] Elapsed 8m 27s (remain 1m 19s) Loss: 0.1829(0.2077) 
EVAL: [0/13] Elapsed 0m 0s (remain 0m 10s) Loss: 0.2466(0.2466) 
EVAL: [12/13] Elapsed 0m 9s (remain 0m 0s) Loss: 0.3157(0.2021) 
Epoch 2 Step 460 - avg_train_loss: 0.2060  avg_val_loss: 0.2155
Epoch 2 Step 460 - Score: 0.4627
Epoch 2 Step 460 - Save Best Score: 0.4627 Model
Epoch: [2][463/464] Elapsed 10m 3s (remain 0m 0s) Loss: 0.1288(0.2055) 
Epoch 2 - avg_train_loss: 0.2057  avg_val_loss: 0.2155  time: 604s
Epoch 2 - Score: 0.4627
Epoch: [3][0/464] Elapsed 0m 1s (remain 9m 12s) Loss: 0.2035(0.2035) 
Epoch: [3][100/464] Elapsed 2m 1s (remain 7m 15s) Loss: 0.1961(0.1933) 
Epoch: [3][200/464] Elapsed 4m 3s (remain 5m 19s) Loss: 0.0937(0.1833) 
EVAL: [0/13] Elapsed 0m 0s (remain 0m 5s) Loss: 0.2641(0.2641) 
EVAL: [12/13] Elapsed 0m 9s (remain 0m 0s) Loss: 0.3472(0.2110) 
Epoch 3 Step 230 - avg_train_loss: 0.1827  avg_val_loss: 0.2188
Epoch 3 Step 230 - Score: 0.4648
Epoch: [3][300/464] Elapsed 6m 17s (remain 3m 24s) Loss: 0.2811(0.1791) 
Epoch: [3][400/464] Elapsed 8m 19s (remain 1m 18s) Loss: 0.1623(0.1750) 
EVAL: [0/13] Elapsed 0m 0s (remain 0m 5s) Loss: 0.1726(0.1726) 
EVAL: [12/13] Elapsed 0m 8s (remain 0m 0s) Loss: 0.2469(0.2011) 
Epoch 3 Step 460 - avg_train_loss: 0.1744  avg_val_loss: 0.2143
Epoch 3 Step 460 - Score: 0.4609
Epoch 3 Step 460 - Save Best Score: 0.4609 Model
Epoch: [3][463/464] Elapsed 9m 53s (remain 0m 0s) Loss: 0.1530(0.1750) 
Epoch 3 - avg_train_loss: 0.1743  avg_val_loss: 0.2143  time: 594s
Epoch 3 - Score: 0.4609
Epoch: [4][0/464] Elapsed 0m 0s (remain 7m 31s) Loss: 0.1843(0.1843) 
Epoch: [4][100/464] Elapsed 2m 5s (remain 7m 29s) Loss: 0.1631(0.1669) 
Epoch: [4][200/464] Elapsed 4m 8s (remain 5m 25s) Loss: 0.0686(0.1493) 
EVAL: [0/13] Elapsed 0m 0s (remain 0m 10s) Loss: 0.1825(0.1825) 
EVAL: [12/13] Elapsed 0m 9s (remain 0m 0s) Loss: 0.3503(0.1897) 
Epoch 4 Step 230 - avg_train_loss: 0.1470  avg_val_loss: 0.2056
Epoch 4 Step 230 - Score: 0.4518
Epoch 4 Step 230 - Save Best Score: 0.4518 Model
Epoch: [4][300/464] Elapsed 6m 27s (remain 3m 29s) Loss: 0.2052(0.1461) 
Epoch: [4][400/464] Elapsed 8m 28s (remain 1m 19s) Loss: 0.1640(0.1466) 
EVAL: [0/13] Elapsed 0m 0s (remain 0m 10s) Loss: 0.1934(0.1934) 
EVAL: [12/13] Elapsed 0m 10s (remain 0m 0s) Loss: 0.2621(0.2235) 
Epoch 4 Step 460 - avg_train_loss: 0.1473  avg_val_loss: 0.2364
Epoch 4 Step 460 - Score: 0.4842
Epoch: [4][463/464] Elapsed 9m 57s (remain 0m 0s) Loss: 0.2041(0.1480) 
Epoch 4 - avg_train_loss: 0.1474  avg_val_loss: 0.2364  time: 597s
Epoch 4 - Score: 0.4842
========== fold: 8 result ==========
Score: 0.4518
Running basic DDP example on rank 0.
Running basic DDP example on rank 1.
-------------fold:9 training-------------
Epoch: [1][0/464] Elapsed 0m 1s (remain 15m 14s) Loss: 10.1942(10.1942) 
Epoch: [1][100/464] Elapsed 2m 3s (remain 7m 24s) Loss: 0.2130(1.4535) 
Epoch: [1][200/464] Elapsed 4m 4s (remain 5m 20s) Loss: 0.2824(0.8653) 
EVAL: [0/13] Elapsed 0m 0s (remain 0m 10s) Loss: 0.1722(0.1722) 
EVAL: [12/13] Elapsed 0m 9s (remain 0m 0s) Loss: 0.1232(0.2051) 
Epoch 1 Step 230 - avg_train_loss: 0.7697  avg_val_loss: 0.2174
Epoch 1 Step 230 - Score: 0.4662
Epoch 1 Step 230 - Save Best Score: 0.4662 Model
Epoch: [1][300/464] Elapsed 6m 15s (remain 3m 23s) Loss: 0.2191(0.6571) 
Epoch: [1][400/464] Elapsed 8m 14s (remain 1m 17s) Loss: 0.1744(0.5479) 
EVAL: [0/13] Elapsed 0m 0s (remain 0m 10s) Loss: 0.1799(0.1799) 
EVAL: [12/13] Elapsed 0m 9s (remain 0m 0s) Loss: 0.1457(0.1907) 
Epoch 1 Step 460 - avg_train_loss: 0.5030  avg_val_loss: 0.2040
Epoch 1 Step 460 - Score: 0.4516
Epoch 1 Step 460 - Save Best Score: 0.4516 Model
Epoch: [1][463/464] Elapsed 9m 49s (remain 0m 0s) Loss: 0.2054(0.5045) 
Epoch 1 - avg_train_loss: 0.5014  avg_val_loss: 0.2040  time: 590s
Epoch 1 - Score: 0.4516
Epoch: [2][0/464] Elapsed 0m 0s (remain 7m 12s) Loss: 0.3270(0.3270) 
Epoch: [2][100/464] Elapsed 2m 1s (remain 7m 15s) Loss: 0.2196(0.2069) 
Epoch: [2][200/464] Elapsed 4m 2s (remain 5m 17s) Loss: 0.2521(0.2159) 
EVAL: [0/13] Elapsed 0m 0s (remain 0m 10s) Loss: 0.1852(0.1852) 
EVAL: [12/13] Elapsed 0m 8s (remain 0m 0s) Loss: 0.1314(0.1989) 
Epoch 2 Step 230 - avg_train_loss: 0.2126  avg_val_loss: 0.2097
Epoch 2 Step 230 - Score: 0.4576
Epoch: [2][300/464] Elapsed 6m 9s (remain 3m 20s) Loss: 0.1855(0.2100) 
Epoch: [2][400/464] Elapsed 8m 12s (remain 1m 17s) Loss: 0.1405(0.2055) 
EVAL: [0/13] Elapsed 0m 0s (remain 0m 7s) Loss: 0.1845(0.1845) 
EVAL: [12/13] Elapsed 0m 10s (remain 0m 0s) Loss: 0.1426(0.1869) 
Epoch 2 Step 460 - avg_train_loss: 0.2065  avg_val_loss: 0.1997
Epoch 2 Step 460 - Score: 0.4466
Epoch 2 Step 460 - Save Best Score: 0.4466 Model
Epoch: [2][463/464] Elapsed 9m 49s (remain 0m 0s) Loss: 0.1907(0.2037) 
Epoch 2 - avg_train_loss: 0.2065  avg_val_loss: 0.1997  time: 589s
Epoch 2 - Score: 0.4466
Epoch: [3][0/464] Elapsed 0m 1s (remain 9m 43s) Loss: 0.3284(0.3284) 
Epoch: [3][100/464] Elapsed 2m 2s (remain 7m 20s) Loss: 0.1854(0.1712) 
Epoch: [3][200/464] Elapsed 4m 4s (remain 5m 20s) Loss: 0.2149(0.1777) 
EVAL: [0/13] Elapsed 0m 0s (remain 0m 6s) Loss: 0.1916(0.1916) 
EVAL: [12/13] Elapsed 0m 9s (remain 0m 0s) Loss: 0.1590(0.2013) 
Epoch 3 Step 230 - avg_train_loss: 0.1758  avg_val_loss: 0.2130
Epoch 3 Step 230 - Score: 0.4611
Epoch: [3][300/464] Elapsed 6m 17s (remain 3m 24s) Loss: 0.1742(0.1716) 
Epoch: [3][400/464] Elapsed 8m 17s (remain 1m 18s) Loss: 0.1117(0.1678) 
EVAL: [0/13] Elapsed 0m 0s (remain 0m 10s) Loss: 0.2136(0.2136) 
EVAL: [12/13] Elapsed 0m 10s (remain 0m 0s) Loss: 0.1470(0.1921) 
Epoch 3 Step 460 - avg_train_loss: 0.1672  avg_val_loss: 0.2091
Epoch 3 Step 460 - Score: 0.4570
Epoch: [3][463/464] Elapsed 9m 45s (remain 0m 0s) Loss: 0.1570(0.1647) 
Epoch 3 - avg_train_loss: 0.1671  avg_val_loss: 0.2091  time: 585s
Epoch 3 - Score: 0.4570
Epoch: [4][0/464] Elapsed 0m 0s (remain 7m 35s) Loss: 0.3338(0.3338) 
Epoch: [4][100/464] Elapsed 2m 1s (remain 7m 16s) Loss: 0.1235(0.1277) 
Epoch: [4][200/464] Elapsed 4m 0s (remain 5m 14s) Loss: 0.1101(0.1355) 
EVAL: [0/13] Elapsed 0m 0s (remain 0m 9s) Loss: 0.2158(0.2158) 
EVAL: [12/13] Elapsed 0m 8s (remain 0m 0s) Loss: 0.1606(0.2075) 
Epoch 4 Step 230 - avg_train_loss: 0.1358  avg_val_loss: 0.2234
Epoch 4 Step 230 - Score: 0.4719
Epoch: [4][300/464] Elapsed 6m 13s (remain 3m 22s) Loss: 0.1588(0.1315) 
Epoch: [4][400/464] Elapsed 8m 15s (remain 1m 17s) Loss: 0.1416(0.1312) 
EVAL: [0/13] Elapsed 0m 0s (remain 0m 9s) Loss: 0.2229(0.2229) 
EVAL: [12/13] Elapsed 0m 8s (remain 0m 0s) Loss: 0.2065(0.2056) 
Epoch 4 Step 460 - avg_train_loss: 0.1304  avg_val_loss: 0.2232
Epoch 4 Step 460 - Score: 0.4719
Epoch: [4][463/464] Elapsed 9m 42s (remain 0m 0s) Loss: 0.1085(0.1294) 
Epoch 4 - avg_train_loss: 0.1302  avg_val_loss: 0.2232  time: 582s
Epoch 4 - Score: 0.4719
========== fold: 9 result ==========
Score: 0.4466
Running basic DDP example on rank 1.
Running basic DDP example on rank 0.
-------------fold:10 training-------------
Epoch: [1][0/464] Elapsed 0m 1s (remain 12m 50s) Loss: 9.2104(9.2104) 
Epoch: [1][100/464] Elapsed 2m 3s (remain 7m 22s) Loss: 0.1983(1.4931) 
Epoch: [1][200/464] Elapsed 4m 5s (remain 5m 21s) Loss: 0.4050(0.8777) 
EVAL: [0/13] Elapsed 0m 0s (remain 0m 9s) Loss: 0.2346(0.2346) 
EVAL: [12/13] Elapsed 0m 9s (remain 0m 0s) Loss: 0.2753(0.2441) 
Epoch 1 Step 230 - avg_train_loss: 0.7950  avg_val_loss: 0.2333
Epoch 1 Step 230 - Score: 0.4823
Epoch 1 Step 230 - Save Best Score: 0.4823 Model
Epoch: [1][300/464] Elapsed 6m 21s (remain 3m 26s) Loss: 0.2328(0.6688) 
Epoch: [1][400/464] Elapsed 8m 24s (remain 1m 19s) Loss: 0.2907(0.5586) 
EVAL: [0/13] Elapsed 0m 0s (remain 0m 5s) Loss: 0.2210(0.2210) 
EVAL: [12/13] Elapsed 0m 9s (remain 0m 0s) Loss: 0.1014(0.2502) 
Epoch 1 Step 460 - avg_train_loss: 0.5153  avg_val_loss: 0.2329
Epoch 1 Step 460 - Score: 0.4818
Epoch 1 Step 460 - Save Best Score: 0.4818 Model
Epoch: [1][463/464] Elapsed 9m 58s (remain 0m 0s) Loss: 0.2665(0.5160) 
Epoch 1 - avg_train_loss: 0.5138  avg_val_loss: 0.2329  time: 599s
Epoch 1 - Score: 0.4818
Epoch: [2][0/464] Elapsed 0m 1s (remain 9m 59s) Loss: 0.2130(0.2130) 
Epoch: [2][100/464] Elapsed 2m 4s (remain 7m 26s) Loss: 0.1253(0.1991) 
Epoch: [2][200/464] Elapsed 4m 8s (remain 5m 24s) Loss: 0.3071(0.2086) 
EVAL: [0/13] Elapsed 0m 0s (remain 0m 5s) Loss: 0.2215(0.2215) 
EVAL: [12/13] Elapsed 0m 8s (remain 0m 0s) Loss: 0.2183(0.2303) 
Epoch 2 Step 230 - avg_train_loss: 0.2111  avg_val_loss: 0.2195
Epoch 2 Step 230 - Score: 0.4679
Epoch 2 Step 230 - Save Best Score: 0.4679 Model
Epoch: [2][300/464] Elapsed 6m 26s (remain 3m 29s) Loss: 0.1383(0.2094) 
Epoch: [2][400/464] Elapsed 8m 28s (remain 1m 19s) Loss: 0.2712(0.2061) 
EVAL: [0/13] Elapsed 0m 0s (remain 0m 10s) Loss: 0.2249(0.2249) 
EVAL: [12/13] Elapsed 0m 9s (remain 0m 0s) Loss: 0.1402(0.2355) 
Epoch 2 Step 460 - avg_train_loss: 0.2071  avg_val_loss: 0.2205
Epoch 2 Step 460 - Score: 0.4690
Epoch: [2][463/464] Elapsed 9m 55s (remain 0m 0s) Loss: 0.2265(0.2074) 
Epoch 2 - avg_train_loss: 0.2074  avg_val_loss: 0.2205  time: 596s
Epoch 2 - Score: 0.4690
Epoch: [3][0/464] Elapsed 0m 1s (remain 9m 28s) Loss: 0.2047(0.2047) 
Epoch: [3][100/464] Elapsed 2m 4s (remain 7m 27s) Loss: 0.1159(0.1747) 
Epoch: [3][200/464] Elapsed 4m 5s (remain 5m 20s) Loss: 0.2530(0.1802) 
EVAL: [0/13] Elapsed 0m 0s (remain 0m 5s) Loss: 0.2390(0.2390) 
EVAL: [12/13] Elapsed 0m 8s (remain 0m 0s) Loss: 0.1986(0.2363) 
Epoch 3 Step 230 - avg_train_loss: 0.1812  avg_val_loss: 0.2237
Epoch 3 Step 230 - Score: 0.4723
Epoch: [3][300/464] Elapsed 6m 15s (remain 3m 23s) Loss: 0.0813(0.1775) 
Epoch: [3][400/464] Elapsed 8m 17s (remain 1m 18s) Loss: 0.2410(0.1744) 
EVAL: [0/13] Elapsed 0m 0s (remain 0m 10s) Loss: 0.2588(0.2588) 
EVAL: [12/13] Elapsed 0m 9s (remain 0m 0s) Loss: 0.2555(0.2363) 
Epoch 3 Step 460 - avg_train_loss: 0.1741  avg_val_loss: 0.2248
Epoch 3 Step 460 - Score: 0.4736
Epoch: [3][463/464] Elapsed 9m 42s (remain 0m 0s) Loss: 0.1727(0.1750) 
Epoch 3 - avg_train_loss: 0.1742  avg_val_loss: 0.2248  time: 583s
Epoch 3 - Score: 0.4736
Epoch: [4][0/464] Elapsed 0m 1s (remain 9m 19s) Loss: 0.1825(0.1825) 
Epoch: [4][100/464] Elapsed 2m 2s (remain 7m 19s) Loss: 0.1267(0.1470) 
Epoch: [4][200/464] Elapsed 4m 6s (remain 5m 22s) Loss: 0.2034(0.1489) 
EVAL: [0/13] Elapsed 0m 0s (remain 0m 10s) Loss: 0.2702(0.2702) 
EVAL: [12/13] Elapsed 0m 9s (remain 0m 0s) Loss: 0.2000(0.2436) 
Epoch 4 Step 230 - avg_train_loss: 0.1510  avg_val_loss: 0.2236
Epoch 4 Step 230 - Score: 0.4724
Epoch: [4][300/464] Elapsed 6m 16s (remain 3m 23s) Loss: 0.0567(0.1454) 
Epoch: [4][400/464] Elapsed 8m 17s (remain 1m 18s) Loss: 0.1279(0.1476) 
EVAL: [0/13] Elapsed 0m 0s (remain 0m 10s) Loss: 0.3198(0.3198) 
EVAL: [12/13] Elapsed 0m 10s (remain 0m 0s) Loss: 0.4490(0.2913) 
Epoch 4 Step 460 - avg_train_loss: 0.1482  avg_val_loss: 0.2825
Epoch 4 Step 460 - Score: 0.5310
Epoch: [4][463/464] Elapsed 9m 44s (remain 0m 0s) Loss: 0.2246(0.1476) 
Epoch 4 - avg_train_loss: 0.1487  avg_val_loss: 0.2825  time: 584s
Epoch 4 - Score: 0.5310
========== fold: 10 result ==========
Score: 0.4679
Running basic DDP example on rank 0.
Running basic DDP example on rank 1.
-------------fold:11 training-------------
Epoch: [1][0/464] Elapsed 0m 1s (remain 12m 9s) Loss: 9.5763(9.5763) 
Epoch: [1][100/464] Elapsed 2m 2s (remain 7m 18s) Loss: 0.1263(1.4421) 
Epoch: [1][200/464] Elapsed 4m 3s (remain 5m 18s) Loss: 0.1328(0.8550) 
EVAL: [0/13] Elapsed 0m 0s (remain 0m 5s) Loss: 0.1927(0.1927) 
EVAL: [12/13] Elapsed 0m 8s (remain 0m 0s) Loss: 0.1564(0.2547) 
Epoch 1 Step 230 - avg_train_loss: 0.7783  avg_val_loss: 0.2490
Epoch 1 Step 230 - Score: 0.4986
Epoch 1 Step 230 - Save Best Score: 0.4986 Model
Epoch: [1][300/464] Elapsed 6m 16s (remain 3m 24s) Loss: 0.2387(0.6510) 
Epoch: [1][400/464] Elapsed 8m 14s (remain 1m 17s) Loss: 0.2360(0.5452) 
EVAL: [0/13] Elapsed 0m 0s (remain 0m 10s) Loss: 0.2231(0.2231) 
EVAL: [12/13] Elapsed 0m 10s (remain 0m 0s) Loss: 0.1157(0.2352) 
Epoch 1 Step 460 - avg_train_loss: 0.5080  avg_val_loss: 0.2553
Epoch 1 Step 460 - Score: 0.5049
Epoch: [1][463/464] Elapsed 9m 40s (remain 0m 0s) Loss: 0.2440(0.5029) 
Epoch 1 - avg_train_loss: 0.5066  avg_val_loss: 0.2553  time: 581s
Epoch 1 - Score: 0.5049
Epoch: [2][0/464] Elapsed 0m 1s (remain 8m 41s) Loss: 0.1685(0.1685) 
Epoch: [2][100/464] Elapsed 2m 3s (remain 7m 23s) Loss: 0.1328(0.2012) 
Epoch: [2][200/464] Elapsed 4m 4s (remain 5m 19s) Loss: 0.1625(0.2070) 
EVAL: [0/13] Elapsed 0m 0s (remain 0m 5s) Loss: 0.2622(0.2622) 
EVAL: [12/13] Elapsed 0m 9s (remain 0m 0s) Loss: 0.2174(0.2787) 
Epoch 2 Step 230 - avg_train_loss: 0.2126  avg_val_loss: 0.2692
Epoch 2 Step 230 - Score: 0.5167
Epoch: [2][300/464] Elapsed 6m 16s (remain 3m 24s) Loss: 0.2026(0.2065) 
Epoch: [2][400/464] Elapsed 8m 16s (remain 1m 18s) Loss: 0.1932(0.2040) 
EVAL: [0/13] Elapsed 0m 0s (remain 0m 11s) Loss: 0.2505(0.2505) 
EVAL: [12/13] Elapsed 0m 10s (remain 0m 0s) Loss: 0.1439(0.2308) 
Epoch 2 Step 460 - avg_train_loss: 0.2093  avg_val_loss: 0.2456
Epoch 2 Step 460 - Score: 0.4952
Epoch 2 Step 460 - Save Best Score: 0.4952 Model
Epoch: [2][463/464] Elapsed 9m 59s (remain 0m 0s) Loss: 0.2168(0.2047) 
Epoch 2 - avg_train_loss: 0.2096  avg_val_loss: 0.2456  time: 600s
Epoch 2 - Score: 0.4952
Epoch: [3][0/464] Elapsed 0m 1s (remain 9m 21s) Loss: 0.1611(0.1611) 
Epoch: [3][100/464] Elapsed 2m 3s (remain 7m 22s) Loss: 0.1443(0.1746) 
Epoch: [3][200/464] Elapsed 4m 5s (remain 5m 21s) Loss: 0.1283(0.1764) 
EVAL: [0/13] Elapsed 0m 0s (remain 0m 10s) Loss: 0.2908(0.2908) 
EVAL: [12/13] Elapsed 0m 9s (remain 0m 0s) Loss: 0.3227(0.3147) 
Epoch 3 Step 230 - avg_train_loss: 0.1792  avg_val_loss: 0.3053
Epoch 3 Step 230 - Score: 0.5488
Epoch: [3][300/464] Elapsed 6m 17s (remain 3m 24s) Loss: 0.1623(0.1747) 
Epoch: [3][400/464] Elapsed 8m 18s (remain 1m 18s) Loss: 0.1556(0.1720) 
EVAL: [0/13] Elapsed 0m 0s (remain 0m 10s) Loss: 0.2507(0.2507) 
EVAL: [12/13] Elapsed 0m 9s (remain 0m 0s) Loss: 0.1576(0.2262) 
Epoch 3 Step 460 - avg_train_loss: 0.1757  avg_val_loss: 0.2355
Epoch 3 Step 460 - Score: 0.4847
Epoch 3 Step 460 - Save Best Score: 0.4847 Model
Epoch: [3][463/464] Elapsed 9m 53s (remain 0m 0s) Loss: 0.1499(0.1724) 
Epoch 3 - avg_train_loss: 0.1759  avg_val_loss: 0.2355  time: 593s
Epoch 3 - Score: 0.4847
Epoch: [4][0/464] Elapsed 0m 0s (remain 6m 24s) Loss: 0.1683(0.1683) 
Epoch: [4][100/464] Elapsed 2m 1s (remain 7m 15s) Loss: 0.1310(0.1416) 
Epoch: [4][200/464] Elapsed 4m 2s (remain 5m 16s) Loss: 0.1078(0.1423) 
EVAL: [0/13] Elapsed 0m 0s (remain 0m 5s) Loss: 0.1512(0.1512) 
EVAL: [12/13] Elapsed 0m 10s (remain 0m 0s) Loss: 0.0562(0.1980) 
Epoch 4 Step 230 - avg_train_loss: 0.1458  avg_val_loss: 0.2037
Epoch 4 Step 230 - Score: 0.4514
Epoch 4 Step 230 - Save Best Score: 0.4514 Model
Epoch: [4][300/464] Elapsed 6m 20s (remain 3m 26s) Loss: 0.1404(0.1423) 
Epoch: [4][400/464] Elapsed 8m 20s (remain 1m 18s) Loss: 0.1353(0.1403) 
EVAL: [0/13] Elapsed 0m 0s (remain 0m 10s) Loss: 0.2313(0.2313) 
EVAL: [12/13] Elapsed 0m 9s (remain 0m 0s) Loss: 0.1721(0.2271) 
Epoch 4 Step 460 - avg_train_loss: 0.1405  avg_val_loss: 0.2241
Epoch 4 Step 460 - Score: 0.4731
Epoch: [4][463/464] Elapsed 9m 48s (remain 0m 0s) Loss: 0.1006(0.1390) 
Epoch 4 - avg_train_loss: 0.1405  avg_val_loss: 0.2241  time: 588s
Epoch 4 - Score: 0.4731
========== fold: 11 result ==========
Score: 0.4514
Running basic DDP example on rank 0.
Running basic DDP example on rank 1.
-------------fold:12 training-------------
Epoch: [1][0/464] Elapsed 0m 1s (remain 12m 43s) Loss: 11.5559(11.5559) 
Epoch: [1][100/464] Elapsed 2m 1s (remain 7m 18s) Loss: 0.4783(1.5588) 
Epoch: [1][200/464] Elapsed 4m 3s (remain 5m 19s) Loss: 0.2744(0.9101) 
EVAL: [0/13] Elapsed 0m 0s (remain 0m 10s) Loss: 0.1842(0.1842) 
EVAL: [12/13] Elapsed 0m 10s (remain 0m 0s) Loss: 0.1896(0.2287) 
Epoch 1 Step 230 - avg_train_loss: 0.8017  avg_val_loss: 0.2331
Epoch 1 Step 230 - Score: 0.4827
Epoch 1 Step 230 - Save Best Score: 0.4827 Model
Epoch: [1][300/464] Elapsed 6m 18s (remain 3m 24s) Loss: 0.0982(0.6937) 
Epoch: [1][400/464] Elapsed 8m 20s (remain 1m 18s) Loss: 0.1959(0.5737) 
EVAL: [0/13] Elapsed 0m 0s (remain 0m 10s) Loss: 0.1515(0.1515) 
EVAL: [12/13] Elapsed 0m 9s (remain 0m 0s) Loss: 0.1949(0.2005) 
Epoch 1 Step 460 - avg_train_loss: 0.5169  avg_val_loss: 0.2082
Epoch 1 Step 460 - Score: 0.4561
Epoch 1 Step 460 - Save Best Score: 0.4561 Model
Epoch: [1][463/464] Elapsed 9m 57s (remain 0m 0s) Loss: 0.1107(0.5258) 
Epoch 1 - avg_train_loss: 0.5148  avg_val_loss: 0.2082  time: 598s
Epoch 1 - Score: 0.4561
Epoch: [2][0/464] Elapsed 0m 0s (remain 7m 34s) Loss: 0.2414(0.2414) 
Epoch: [2][100/464] Elapsed 2m 1s (remain 7m 16s) Loss: 0.3349(0.2289) 
Epoch: [2][200/464] Elapsed 4m 5s (remain 5m 21s) Loss: 0.2136(0.2186) 
EVAL: [0/13] Elapsed 0m 0s (remain 0m 9s) Loss: 0.1562(0.1562) 
EVAL: [12/13] Elapsed 0m 8s (remain 0m 0s) Loss: 0.1974(0.2035) 
Epoch 2 Step 230 - avg_train_loss: 0.2155  avg_val_loss: 0.2155
Epoch 2 Step 230 - Score: 0.4639
Epoch: [2][300/464] Elapsed 6m 15s (remain 3m 23s) Loss: 0.0801(0.2185) 
Epoch: [2][400/464] Elapsed 8m 15s (remain 1m 17s) Loss: 0.2216(0.2103) 
EVAL: [0/13] Elapsed 0m 0s (remain 0m 10s) Loss: 0.1507(0.1507) 
EVAL: [12/13] Elapsed 0m 9s (remain 0m 0s) Loss: 0.2123(0.1976) 
Epoch 2 Step 460 - avg_train_loss: 0.2081  avg_val_loss: 0.2105
Epoch 2 Step 460 - Score: 0.4583
Epoch: [2][463/464] Elapsed 9m 41s (remain 0m 0s) Loss: 0.0977(0.2088) 
Epoch 2 - avg_train_loss: 0.2079  avg_val_loss: 0.2105  time: 581s
Epoch 2 - Score: 0.4583
Epoch: [3][0/464] Elapsed 0m 1s (remain 8m 41s) Loss: 0.2215(0.2215) 
Epoch: [3][100/464] Elapsed 2m 3s (remain 7m 22s) Loss: 0.2482(0.1983) 
Epoch: [3][200/464] Elapsed 4m 5s (remain 5m 20s) Loss: 0.1711(0.1874) 
EVAL: [0/13] Elapsed 0m 0s (remain 0m 10s) Loss: 0.1503(0.1503) 
EVAL: [12/13] Elapsed 0m 9s (remain 0m 0s) Loss: 0.1850(0.2037) 
Epoch 3 Step 230 - avg_train_loss: 0.1837  avg_val_loss: 0.2183
Epoch 3 Step 230 - Score: 0.4664
Epoch: [3][300/464] Elapsed 6m 16s (remain 3m 23s) Loss: 0.0640(0.1844) 
Epoch: [3][400/464] Elapsed 8m 20s (remain 1m 18s) Loss: 0.2643(0.1777) 
EVAL: [0/13] Elapsed 0m 0s (remain 0m 10s) Loss: 0.1509(0.1509) 
EVAL: [12/13] Elapsed 0m 8s (remain 0m 0s) Loss: 0.2174(0.2075) 
Epoch 3 Step 460 - avg_train_loss: 0.1761  avg_val_loss: 0.2214
Epoch 3 Step 460 - Score: 0.4698
Epoch: [3][463/464] Elapsed 9m 45s (remain 0m 0s) Loss: 0.0976(0.1772) 
Epoch 3 - avg_train_loss: 0.1759  avg_val_loss: 0.2214  time: 585s
Epoch 3 - Score: 0.4698
Epoch: [4][0/464] Elapsed 0m 1s (remain 8m 19s) Loss: 0.2233(0.2233) 
Epoch: [4][100/464] Elapsed 2m 2s (remain 7m 21s) Loss: 0.2139(0.1639) 
Epoch: [4][200/464] Elapsed 4m 2s (remain 5m 16s) Loss: 0.0961(0.1489) 
EVAL: [0/13] Elapsed 0m 0s (remain 0m 10s) Loss: 0.1489(0.1489) 
EVAL: [12/13] Elapsed 0m 9s (remain 0m 0s) Loss: 0.1828(0.2358) 
Epoch 4 Step 230 - avg_train_loss: 0.1468  avg_val_loss: 0.2359
Epoch 4 Step 230 - Score: 0.4843
Epoch: [4][300/464] Elapsed 6m 12s (remain 3m 21s) Loss: 0.0738(0.1468) 
Epoch: [4][400/464] Elapsed 8m 13s (remain 1m 17s) Loss: 0.1443(0.1475) 
EVAL: [0/13] Elapsed 0m 0s (remain 0m 10s) Loss: 0.1249(0.1249) 
EVAL: [12/13] Elapsed 0m 9s (remain 0m 0s) Loss: 0.1740(0.2092) 
Epoch 4 Step 460 - avg_train_loss: 0.1443  avg_val_loss: 0.2125
Epoch 4 Step 460 - Score: 0.4609
Epoch: [4][463/464] Elapsed 9m 37s (remain 0m 0s) Loss: 0.0830(0.1465) 
Epoch 4 - avg_train_loss: 0.1441  avg_val_loss: 0.2125  time: 578s
Epoch 4 - Score: 0.4609
========== fold: 12 result ==========
Score: 0.4561
Running basic DDP example on rank 0.
Running basic DDP example on rank 1.
-------------fold:13 training-------------
Epoch: [1][0/464] Elapsed 0m 1s (remain 15m 12s) Loss: 11.1896(11.1896) 
Epoch: [1][100/464] Elapsed 2m 4s (remain 7m 26s) Loss: 0.2576(1.3935) 
Epoch: [1][200/464] Elapsed 4m 5s (remain 5m 21s) Loss: 0.1938(0.8240) 
EVAL: [0/13] Elapsed 0m 0s (remain 0m 8s) Loss: 0.2136(0.2136) 
EVAL: [12/13] Elapsed 0m 9s (remain 0m 0s) Loss: 0.4639(0.2319) 
Epoch 1 Step 230 - avg_train_loss: 0.7683  avg_val_loss: 0.2497
Epoch 1 Step 230 - Score: 0.4986
Epoch 1 Step 230 - Save Best Score: 0.4986 Model
Epoch: [1][300/464] Elapsed 6m 16s (remain 3m 23s) Loss: 0.1817(0.6361) 
Epoch: [1][400/464] Elapsed 8m 15s (remain 1m 17s) Loss: 0.2092(0.5348) 
EVAL: [0/13] Elapsed 0m 0s (remain 0m 5s) Loss: 0.2044(0.2044) 
EVAL: [12/13] Elapsed 0m 8s (remain 0m 0s) Loss: 0.4299(0.2195) 
Epoch 1 Step 460 - avg_train_loss: 0.5036  avg_val_loss: 0.2222
Epoch 1 Step 460 - Score: 0.4705
Epoch 1 Step 460 - Save Best Score: 0.4705 Model
Epoch: [1][463/464] Elapsed 9m 55s (remain 0m 0s) Loss: 0.2723(0.4947) 
Epoch 1 - avg_train_loss: 0.5019  avg_val_loss: 0.2222  time: 595s
Epoch 1 - Score: 0.4705
Epoch: [2][0/464] Elapsed 0m 1s (remain 9m 36s) Loss: 0.1304(0.1304) 
Epoch: [2][100/464] Elapsed 2m 4s (remain 7m 26s) Loss: 0.2940(0.2202) 
Epoch: [2][200/464] Elapsed 4m 8s (remain 5m 24s) Loss: 0.1415(0.2138) 
EVAL: [0/13] Elapsed 0m 0s (remain 0m 9s) Loss: 0.1810(0.1810) 
EVAL: [12/13] Elapsed 0m 10s (remain 0m 0s) Loss: 0.3222(0.1923) 
Epoch 2 Step 230 - avg_train_loss: 0.2149  avg_val_loss: 0.2077
Epoch 2 Step 230 - Score: 0.4549
Epoch 2 Step 230 - Save Best Score: 0.4549 Model
Epoch: [2][300/464] Elapsed 6m 32s (remain 3m 32s) Loss: 0.1747(0.2150) 
Epoch: [2][400/464] Elapsed 8m 34s (remain 1m 20s) Loss: 0.1815(0.2110) 
EVAL: [0/13] Elapsed 0m 0s (remain 0m 10s) Loss: 0.2008(0.2008) 
EVAL: [12/13] Elapsed 0m 9s (remain 0m 0s) Loss: 0.3976(0.2106) 
Epoch 2 Step 460 - avg_train_loss: 0.2087  avg_val_loss: 0.2193
Epoch 2 Step 460 - Score: 0.4676
Epoch: [2][463/464] Elapsed 10m 1s (remain 0m 0s) Loss: 0.2037(0.2102) 
Epoch 2 - avg_train_loss: 0.2087  avg_val_loss: 0.2193  time: 601s
Epoch 2 - Score: 0.4676
Epoch: [3][0/464] Elapsed 0m 1s (remain 9m 37s) Loss: 0.1127(0.1127) 
Epoch: [3][100/464] Elapsed 2m 2s (remain 7m 21s) Loss: 0.2948(0.1909) 
Epoch: [3][200/464] Elapsed 4m 3s (remain 5m 18s) Loss: 0.1302(0.1858) 
EVAL: [0/13] Elapsed 0m 0s (remain 0m 10s) Loss: 0.2056(0.2056) 
EVAL: [12/13] Elapsed 0m 10s (remain 0m 0s) Loss: 0.2399(0.1955) 
Epoch 3 Step 230 - avg_train_loss: 0.1863  avg_val_loss: 0.2027
Epoch 3 Step 230 - Score: 0.4494
Epoch 3 Step 230 - Save Best Score: 0.4494 Model
Epoch: [3][300/464] Elapsed 6m 26s (remain 3m 29s) Loss: 0.1269(0.1830) 
Epoch: [3][400/464] Elapsed 8m 26s (remain 1m 19s) Loss: 0.1731(0.1787) 
EVAL: [0/13] Elapsed 0m 0s (remain 0m 10s) Loss: 0.1975(0.1975) 
EVAL: [12/13] Elapsed 0m 10s (remain 0m 0s) Loss: 0.4103(0.2163) 
Epoch 3 Step 460 - avg_train_loss: 0.1764  avg_val_loss: 0.2286
Epoch 3 Step 460 - Score: 0.4775
Epoch: [3][463/464] Elapsed 9m 54s (remain 0m 0s) Loss: 0.1403(0.1773) 
Epoch 3 - avg_train_loss: 0.1764  avg_val_loss: 0.2286  time: 595s
Epoch 3 - Score: 0.4775
Epoch: [4][0/464] Elapsed 0m 0s (remain 6m 35s) Loss: 0.1025(0.1025) 
Epoch: [4][100/464] Elapsed 2m 2s (remain 7m 20s) Loss: 0.2042(0.1546) 
Epoch: [4][200/464] Elapsed 4m 2s (remain 5m 17s) Loss: 0.1617(0.1567) 
EVAL: [0/13] Elapsed 0m 0s (remain 0m 5s) Loss: 0.2972(0.2972) 
EVAL: [12/13] Elapsed 0m 9s (remain 0m 0s) Loss: 0.1963(0.2394) 
Epoch 4 Step 230 - avg_train_loss: 0.1525  avg_val_loss: 0.2360
Epoch 4 Step 230 - Score: 0.4837
Epoch: [4][300/464] Elapsed 6m 13s (remain 3m 22s) Loss: 0.1031(0.1472) 
Epoch: [4][400/464] Elapsed 8m 13s (remain 1m 17s) Loss: 0.1789(0.1473) 
EVAL: [0/13] Elapsed 0m 0s (remain 0m 6s) Loss: 0.1908(0.1908) 
EVAL: [12/13] Elapsed 0m 8s (remain 0m 0s) Loss: 0.4462(0.2222) 
Epoch 4 Step 460 - avg_train_loss: 0.1461  avg_val_loss: 0.2341
Epoch 4 Step 460 - Score: 0.4836
Epoch: [4][463/464] Elapsed 9m 38s (remain 0m 0s) Loss: 0.1034(0.1465) 
Epoch 4 - avg_train_loss: 0.1459  avg_val_loss: 0.2341  time: 579s
Epoch 4 - Score: 0.4836
========== fold: 13 result ==========
Score: 0.4494
Running basic DDP example on rank 1.
Running basic DDP example on rank 0.
-------------fold:14 training-------------
Epoch: [1][0/464] Elapsed 0m 1s (remain 13m 4s) Loss: 9.3238(9.3238) 
Epoch: [1][100/464] Elapsed 2m 1s (remain 7m 16s) Loss: 0.3459(1.4306) 
Epoch: [1][200/464] Elapsed 4m 2s (remain 5m 17s) Loss: 0.4763(0.8416) 
EVAL: [0/13] Elapsed 0m 0s (remain 0m 8s) Loss: 0.2742(0.2742) 
EVAL: [12/13] Elapsed 0m 9s (remain 0m 0s) Loss: 0.3635(0.2198) 
Epoch 1 Step 230 - avg_train_loss: 0.7518  avg_val_loss: 0.2400
Epoch 1 Step 230 - Score: 0.4898
Epoch 1 Step 230 - Save Best Score: 0.4898 Model
Epoch: [1][300/464] Elapsed 6m 15s (remain 3m 23s) Loss: 0.2509(0.6444) 
Epoch: [1][400/464] Elapsed 8m 17s (remain 1m 18s) Loss: 0.3501(0.5426) 
EVAL: [0/13] Elapsed 0m 0s (remain 0m 9s) Loss: 0.2481(0.2481) 
EVAL: [12/13] Elapsed 0m 9s (remain 0m 0s) Loss: 0.2469(0.2224) 
Epoch 1 Step 460 - avg_train_loss: 0.4954  avg_val_loss: 0.2322
Epoch 1 Step 460 - Score: 0.4807
Epoch 1 Step 460 - Save Best Score: 0.4807 Model
Epoch: [1][463/464] Elapsed 9m 53s (remain 0m 0s) Loss: 0.2252(0.5013) 
Epoch 1 - avg_train_loss: 0.4936  avg_val_loss: 0.2322  time: 594s
Epoch 1 - Score: 0.4807
Epoch: [2][0/464] Elapsed 0m 1s (remain 9m 38s) Loss: 0.1008(0.1008) 
Epoch: [2][100/464] Elapsed 1m 59s (remain 7m 8s) Loss: 0.2667(0.2232) 
Epoch: [2][200/464] Elapsed 4m 2s (remain 5m 16s) Loss: 0.3044(0.2183) 
EVAL: [0/13] Elapsed 0m 0s (remain 0m 10s) Loss: 0.2620(0.2620) 
EVAL: [12/13] Elapsed 0m 8s (remain 0m 0s) Loss: 0.3282(0.2066) 
Epoch 2 Step 230 - avg_train_loss: 0.2167  avg_val_loss: 0.2245
Epoch 2 Step 230 - Score: 0.4737
Epoch 2 Step 230 - Save Best Score: 0.4737 Model
Epoch: [2][300/464] Elapsed 6m 21s (remain 3m 26s) Loss: 0.2090(0.2149) 
Epoch: [2][400/464] Elapsed 8m 23s (remain 1m 19s) Loss: 0.2477(0.2122) 
EVAL: [0/13] Elapsed 0m 0s (remain 0m 5s) Loss: 0.2643(0.2643) 
EVAL: [12/13] Elapsed 0m 9s (remain 0m 0s) Loss: 0.2412(0.2282) 
Epoch 2 Step 460 - avg_train_loss: 0.2102  avg_val_loss: 0.2376
Epoch 2 Step 460 - Score: 0.4858
Epoch: [2][463/464] Elapsed 9m 48s (remain 0m 0s) Loss: 0.1905(0.2110) 
Epoch 2 - avg_train_loss: 0.2101  avg_val_loss: 0.2376  time: 589s
Epoch 2 - Score: 0.4858
Epoch: [3][0/464] Elapsed 0m 1s (remain 8m 44s) Loss: 0.1086(0.1086) 
Epoch: [3][100/464] Elapsed 2m 2s (remain 7m 19s) Loss: 0.2289(0.1922) 
Epoch: [3][200/464] Elapsed 4m 4s (remain 5m 19s) Loss: 0.2112(0.1882) 
EVAL: [0/13] Elapsed 0m 0s (remain 0m 10s) Loss: 0.2720(0.2720) 
EVAL: [12/13] Elapsed 0m 8s (remain 0m 0s) Loss: 0.3027(0.2055) 
Epoch 3 Step 230 - avg_train_loss: 0.1855  avg_val_loss: 0.2244
Epoch 3 Step 230 - Score: 0.4733
Epoch 3 Step 230 - Save Best Score: 0.4733 Model
Epoch: [3][300/464] Elapsed 6m 21s (remain 3m 26s) Loss: 0.2357(0.1831) 
Epoch: [3][400/464] Elapsed 8m 25s (remain 1m 19s) Loss: 0.1662(0.1792) 
EVAL: [0/13] Elapsed 0m 0s (remain 0m 5s) Loss: 0.2953(0.2953) 
EVAL: [12/13] Elapsed 0m 7s (remain 0m 0s) Loss: 0.2520(0.2484) 
Epoch 3 Step 460 - avg_train_loss: 0.1781  avg_val_loss: 0.2569
Epoch 3 Step 460 - Score: 0.5046
Epoch: [3][463/464] Elapsed 9m 49s (remain 0m 0s) Loss: 0.1535(0.1787) 
Epoch 3 - avg_train_loss: 0.1780  avg_val_loss: 0.2569  time: 590s
Epoch 3 - Score: 0.5046
Epoch: [4][0/464] Elapsed 0m 1s (remain 8m 45s) Loss: 0.1254(0.1254) 
Epoch: [4][100/464] Elapsed 1m 58s (remain 7m 4s) Loss: 0.2176(0.1561) 
Epoch: [4][200/464] Elapsed 3m 57s (remain 5m 10s) Loss: 0.1704(0.1596) 
EVAL: [0/13] Elapsed 0m 0s (remain 0m 11s) Loss: 0.2331(0.2331) 
EVAL: [12/13] Elapsed 0m 9s (remain 0m 0s) Loss: 0.2339(0.2136) 
Epoch 4 Step 230 - avg_train_loss: 0.1550  avg_val_loss: 0.2307
Epoch 4 Step 230 - Score: 0.4796
Epoch: [4][300/464] Elapsed 6m 8s (remain 3m 19s) Loss: 0.1942(0.1518) 
Epoch: [4][400/464] Elapsed 8m 13s (remain 1m 17s) Loss: 0.1605(0.1472) 
EVAL: [0/13] Elapsed 0m 0s (remain 0m 10s) Loss: 0.2796(0.2796) 
EVAL: [12/13] Elapsed 0m 8s (remain 0m 0s) Loss: 0.2212(0.2286) 
Epoch 4 Step 460 - avg_train_loss: 0.1485  avg_val_loss: 0.2404
Epoch 4 Step 460 - Score: 0.4886
Epoch: [4][463/464] Elapsed 9m 39s (remain 0m 0s) Loss: 0.0820(0.1479) 
Epoch 4 - avg_train_loss: 0.1482  avg_val_loss: 0.2404  time: 579s
Epoch 4 - Score: 0.4886
========== fold: 14 result ==========
Score: 0.4733
Running basic DDP example on rank 0.
Running basic DDP example on rank 1.
-------------fold:15 training-------------
Epoch: [1][0/464] Elapsed 0m 1s (remain 15m 19s) Loss: 13.5668(13.5668) 
Epoch: [1][100/464] Elapsed 2m 2s (remain 7m 22s) Loss: 0.4411(1.4735) 
Epoch: [1][200/464] Elapsed 4m 4s (remain 5m 20s) Loss: 0.1426(0.8556) 
EVAL: [0/13] Elapsed 0m 0s (remain 0m 10s) Loss: 0.2007(0.2007) 
EVAL: [12/13] Elapsed 0m 11s (remain 0m 0s) Loss: 0.4754(0.2350) 
Epoch 1 Step 230 - avg_train_loss: 0.7753  avg_val_loss: 0.2473
Epoch 1 Step 230 - Score: 0.4935
Epoch 1 Step 230 - Save Best Score: 0.4935 Model
Epoch: [1][300/464] Elapsed 6m 19s (remain 3m 25s) Loss: 0.4205(0.6525) 
Epoch: [1][400/464] Elapsed 8m 22s (remain 1m 18s) Loss: 0.2016(0.5475) 
EVAL: [0/13] Elapsed 0m 0s (remain 0m 10s) Loss: 0.2071(0.2071) 
EVAL: [12/13] Elapsed 0m 9s (remain 0m 0s) Loss: 0.5712(0.2209) 
Epoch 1 Step 460 - avg_train_loss: 0.5064  avg_val_loss: 0.2262
Epoch 1 Step 460 - Score: 0.4737
Epoch 1 Step 460 - Save Best Score: 0.4737 Model
Epoch: [1][463/464] Elapsed 9m 58s (remain 0m 0s) Loss: 0.2350(0.5038) 
Epoch 1 - avg_train_loss: 0.5048  avg_val_loss: 0.2262  time: 598s
Epoch 1 - Score: 0.4737
Epoch: [2][0/464] Elapsed 0m 0s (remain 7m 40s) Loss: 0.3731(0.3731) 
Epoch: [2][100/464] Elapsed 2m 2s (remain 7m 20s) Loss: 0.3252(0.2204) 
Epoch: [2][200/464] Elapsed 4m 4s (remain 5m 20s) Loss: 0.1253(0.2051) 
EVAL: [0/13] Elapsed 0m 0s (remain 0m 8s) Loss: 0.1824(0.1824) 
EVAL: [12/13] Elapsed 0m 9s (remain 0m 0s) Loss: 0.3949(0.2224) 
Epoch 2 Step 230 - avg_train_loss: 0.2081  avg_val_loss: 0.2395
Epoch 2 Step 230 - Score: 0.4867
Epoch: [2][300/464] Elapsed 6m 16s (remain 3m 23s) Loss: 0.2927(0.2067) 
Epoch: [2][400/464] Elapsed 8m 16s (remain 1m 18s) Loss: 0.1889(0.2048) 
EVAL: [0/13] Elapsed 0m 0s (remain 0m 6s) Loss: 0.2047(0.2047) 
EVAL: [12/13] Elapsed 0m 9s (remain 0m 0s) Loss: 0.5605(0.2189) 
Epoch 2 Step 460 - avg_train_loss: 0.2056  avg_val_loss: 0.2239
Epoch 2 Step 460 - Score: 0.4714
Epoch 2 Step 460 - Save Best Score: 0.4714 Model
Epoch: [2][463/464] Elapsed 9m 51s (remain 0m 0s) Loss: 0.2153(0.2045) 
Epoch 2 - avg_train_loss: 0.2057  avg_val_loss: 0.2239  time: 592s
Epoch 2 - Score: 0.4714
Epoch: [3][0/464] Elapsed 0m 1s (remain 9m 56s) Loss: 0.3599(0.3599) 
Epoch: [3][100/464] Elapsed 2m 2s (remain 7m 19s) Loss: 0.2574(0.1891) 
Epoch: [3][200/464] Elapsed 4m 0s (remain 5m 15s) Loss: 0.1083(0.1763) 
EVAL: [0/13] Elapsed 0m 0s (remain 0m 10s) Loss: 0.1840(0.1840) 
EVAL: [12/13] Elapsed 0m 10s (remain 0m 0s) Loss: 0.3442(0.2184) 
Epoch 3 Step 230 - avg_train_loss: 0.1774  avg_val_loss: 0.2394
Epoch 3 Step 230 - Score: 0.4872
Epoch: [3][300/464] Elapsed 6m 11s (remain 3m 21s) Loss: 0.1726(0.1749) 
Epoch: [3][400/464] Elapsed 8m 15s (remain 1m 17s) Loss: 0.1539(0.1734) 
EVAL: [0/13] Elapsed 0m 0s (remain 0m 11s) Loss: 0.2019(0.2019) 
EVAL: [12/13] Elapsed 0m 9s (remain 0m 0s) Loss: 0.5148(0.2220) 
Epoch 3 Step 460 - avg_train_loss: 0.1730  avg_val_loss: 0.2266
Epoch 3 Step 460 - Score: 0.4744
Epoch: [3][463/464] Elapsed 9m 40s (remain 0m 0s) Loss: 0.1703(0.1723) 
Epoch 3 - avg_train_loss: 0.1731  avg_val_loss: 0.2266  time: 580s
Epoch 3 - Score: 0.4744
Epoch: [4][0/464] Elapsed 0m 1s (remain 10m 5s) Loss: 0.3459(0.3459) 
Epoch: [4][100/464] Elapsed 2m 4s (remain 7m 27s) Loss: 0.1616(0.1501) 
Epoch: [4][200/464] Elapsed 4m 6s (remain 5m 22s) Loss: 0.0889(0.1454) 
EVAL: [0/13] Elapsed 0m 0s (remain 0m 5s) Loss: 0.1956(0.1956) 
EVAL: [12/13] Elapsed 0m 9s (remain 0m 0s) Loss: 0.4560(0.2474) 
Epoch 4 Step 230 - avg_train_loss: 0.1451  avg_val_loss: 0.2587
Epoch 4 Step 230 - Score: 0.5058
Epoch: [4][300/464] Elapsed 6m 18s (remain 3m 24s) Loss: 0.1475(0.1442) 
Epoch: [4][400/464] Elapsed 8m 18s (remain 1m 18s) Loss: 0.0764(0.1449) 
EVAL: [0/13] Elapsed 0m 0s (remain 0m 11s) Loss: 0.2172(0.2172) 
EVAL: [12/13] Elapsed 0m 9s (remain 0m 0s) Loss: 0.4953(0.2346) 
Epoch 4 Step 460 - avg_train_loss: 0.1424  avg_val_loss: 0.2352
Epoch 4 Step 460 - Score: 0.4838
Epoch: [4][463/464] Elapsed 9m 45s (remain 0m 0s) Loss: 0.1752(0.1430) 
Epoch 4 - avg_train_loss: 0.1423  avg_val_loss: 0.2352  time: 585s
Epoch 4 - Score: 0.4838
========== fold: 15 result ==========
Score: 0.4714
Running basic DDP example on rank 0.
Running basic DDP example on rank 1.
-------------fold:16 training-------------
Epoch: [1][0/464] Elapsed 0m 1s (remain 12m 47s) Loss: 13.0653(13.0653) 
Epoch: [1][100/464] Elapsed 2m 3s (remain 7m 25s) Loss: 0.3418(1.5500) 
Epoch: [1][200/464] Elapsed 4m 4s (remain 5m 19s) Loss: 0.3604(0.8945) 
EVAL: [0/13] Elapsed 0m 0s (remain 0m 10s) Loss: 0.2362(0.2362) 
EVAL: [12/13] Elapsed 0m 8s (remain 0m 0s) Loss: 0.1616(0.2671) 
Epoch 1 Step 230 - avg_train_loss: 0.8045  avg_val_loss: 0.2542
Epoch 1 Step 230 - Score: 0.5038
Epoch 1 Step 230 - Save Best Score: 0.5038 Model
Epoch: [1][300/464] Elapsed 6m 17s (remain 3m 24s) Loss: 0.1477(0.6842) 
Epoch: [1][400/464] Elapsed 8m 19s (remain 1m 18s) Loss: 0.2851(0.5685) 
EVAL: [0/13] Elapsed 0m 0s (remain 0m 9s) Loss: 0.1672(0.1672) 
EVAL: [12/13] Elapsed 0m 8s (remain 0m 0s) Loss: 0.1340(0.2312) 
Epoch 1 Step 460 - avg_train_loss: 0.5201  avg_val_loss: 0.2282
Epoch 1 Step 460 - Score: 0.4777
Epoch 1 Step 460 - Save Best Score: 0.4777 Model
Epoch: [1][463/464] Elapsed 9m 51s (remain 0m 0s) Loss: 0.1781(0.5214) 
Epoch 1 - avg_train_loss: 0.5178  avg_val_loss: 0.2282  time: 592s
Epoch 1 - Score: 0.4777
Epoch: [2][0/464] Elapsed 0m 1s (remain 9m 31s) Loss: 0.2479(0.2479) 
Epoch: [2][100/464] Elapsed 2m 0s (remain 7m 13s) Loss: 0.2770(0.2342) 
Epoch: [2][200/464] Elapsed 4m 1s (remain 5m 16s) Loss: 0.3193(0.2122) 
EVAL: [0/13] Elapsed 0m 0s (remain 0m 10s) Loss: 0.1776(0.1776) 
EVAL: [12/13] Elapsed 0m 10s (remain 0m 0s) Loss: 0.1571(0.2427) 
Epoch 2 Step 230 - avg_train_loss: 0.2175  avg_val_loss: 0.2311
Epoch 2 Step 230 - Score: 0.4807
Epoch: [2][300/464] Elapsed 6m 13s (remain 3m 22s) Loss: 0.1563(0.2155) 
Epoch: [2][400/464] Elapsed 8m 10s (remain 1m 17s) Loss: 0.2106(0.2076) 
EVAL: [0/13] Elapsed 0m 0s (remain 0m 10s) Loss: 0.1491(0.1491) 
EVAL: [12/13] Elapsed 0m 10s (remain 0m 0s) Loss: 0.1320(0.2304) 
Epoch 2 Step 460 - avg_train_loss: 0.2084  avg_val_loss: 0.2243
Epoch 2 Step 460 - Score: 0.4737
Epoch 2 Step 460 - Save Best Score: 0.4737 Model
Epoch: [2][463/464] Elapsed 9m 45s (remain 0m 0s) Loss: 0.1231(0.2052) 
Epoch 2 - avg_train_loss: 0.2079  avg_val_loss: 0.2243  time: 586s
Epoch 2 - Score: 0.4737
Epoch: [3][0/464] Elapsed 0m 1s (remain 9m 57s) Loss: 0.2130(0.2130) 
Epoch: [3][100/464] Elapsed 2m 3s (remain 7m 22s) Loss: 0.2121(0.1931) 
Epoch: [3][200/464] Elapsed 4m 3s (remain 5m 19s) Loss: 0.3004(0.1760) 
EVAL: [0/13] Elapsed 0m 0s (remain 0m 10s) Loss: 0.1572(0.1572) 
EVAL: [12/13] Elapsed 0m 9s (remain 0m 0s) Loss: 0.1560(0.2431) 
Epoch 3 Step 230 - avg_train_loss: 0.1783  avg_val_loss: 0.2331
Epoch 3 Step 230 - Score: 0.4830
Epoch: [3][300/464] Elapsed 6m 17s (remain 3m 24s) Loss: 0.1921(0.1767) 
Epoch: [3][400/464] Elapsed 8m 23s (remain 1m 19s) Loss: 0.1369(0.1699) 
EVAL: [0/13] Elapsed 0m 0s (remain 0m 5s) Loss: 0.1503(0.1503) 
EVAL: [12/13] Elapsed 0m 9s (remain 0m 0s) Loss: 0.1835(0.2553) 
Epoch 3 Step 460 - avg_train_loss: 0.1699  avg_val_loss: 0.2391
Epoch 3 Step 460 - Score: 0.4888
Epoch: [3][463/464] Elapsed 9m 51s (remain 0m 0s) Loss: 0.0840(0.1672) 
Epoch 3 - avg_train_loss: 0.1695  avg_val_loss: 0.2391  time: 592s
Epoch 3 - Score: 0.4888
Epoch: [4][0/464] Elapsed 0m 1s (remain 10m 11s) Loss: 0.1833(0.1833) 
Epoch: [4][100/464] Elapsed 2m 4s (remain 7m 27s) Loss: 0.1349(0.1446) 
Epoch: [4][200/464] Elapsed 4m 8s (remain 5m 24s) Loss: 0.2016(0.1341) 
EVAL: [0/13] Elapsed 0m 0s (remain 0m 10s) Loss: 0.1526(0.1526) 
EVAL: [12/13] Elapsed 0m 10s (remain 0m 0s) Loss: 0.1633(0.2633) 
Epoch 4 Step 230 - avg_train_loss: 0.1333  avg_val_loss: 0.2532
Epoch 4 Step 230 - Score: 0.5033
Epoch: [4][300/464] Elapsed 6m 23s (remain 3m 27s) Loss: 0.1437(0.1370) 
Epoch: [4][400/464] Elapsed 8m 26s (remain 1m 19s) Loss: 0.0925(0.1317) 
EVAL: [0/13] Elapsed 0m 0s (remain 0m 6s) Loss: 0.1672(0.1672) 
EVAL: [12/13] Elapsed 0m 8s (remain 0m 0s) Loss: 0.3989(0.3073) 
Epoch 4 Step 460 - avg_train_loss: 0.1308  avg_val_loss: 0.2871
Epoch 4 Step 460 - Score: 0.5350
Epoch: [4][463/464] Elapsed 9m 56s (remain 0m 0s) Loss: 0.1078(0.1299) 
Epoch 4 - avg_train_loss: 0.1305  avg_val_loss: 0.2871  time: 596s
Epoch 4 - Score: 0.5350
========== fold: 16 result ==========
Score: 0.4737
Running basic DDP example on rank 1.
Running basic DDP example on rank 0.
-------------fold:17 training-------------
Epoch: [1][0/464] Elapsed 0m 1s (remain 12m 48s) Loss: 10.6475(10.6475) 
Epoch: [1][100/464] Elapsed 2m 7s (remain 7m 36s) Loss: 0.2495(1.4845) 
Epoch: [1][200/464] Elapsed 4m 10s (remain 5m 28s) Loss: 0.4637(0.8736) 
EVAL: [0/13] Elapsed 0m 0s (remain 0m 10s) Loss: 0.3058(0.3058) 
EVAL: [12/13] Elapsed 0m 8s (remain 0m 0s) Loss: 0.1825(0.2738) 
Epoch 1 Step 230 - avg_train_loss: 0.7666  avg_val_loss: 0.3014
Epoch 1 Step 230 - Score: 0.5467
Epoch 1 Step 230 - Save Best Score: 0.5467 Model
Epoch: [1][300/464] Elapsed 6m 22s (remain 3m 27s) Loss: 0.2262(0.6638) 
Epoch: [1][400/464] Elapsed 8m 23s (remain 1m 19s) Loss: 0.2337(0.5609) 
EVAL: [0/13] Elapsed 0m 0s (remain 0m 11s) Loss: 0.2121(0.2121) 
EVAL: [12/13] Elapsed 0m 9s (remain 0m 0s) Loss: 0.1621(0.2369) 
Epoch 1 Step 460 - avg_train_loss: 0.5067  avg_val_loss: 0.2656
Epoch 1 Step 460 - Score: 0.5144
Epoch 1 Step 460 - Save Best Score: 0.5144 Model
Epoch: [1][463/464] Elapsed 9m 59s (remain 0m 0s) Loss: 0.1587(0.5197) 
Epoch 1 - avg_train_loss: 0.5048  avg_val_loss: 0.2656  time: 600s
Epoch 1 - Score: 0.5144
Epoch: [2][0/464] Elapsed 0m 1s (remain 8m 12s) Loss: 0.1804(0.1804) 
Epoch: [2][100/464] Elapsed 2m 4s (remain 7m 26s) Loss: 0.2072(0.2172) 
Epoch: [2][200/464] Elapsed 4m 6s (remain 5m 23s) Loss: 0.3122(0.2154) 
EVAL: [0/13] Elapsed 0m 0s (remain 0m 10s) Loss: 0.2882(0.2882) 
EVAL: [12/13] Elapsed 0m 10s (remain 0m 0s) Loss: 0.1545(0.2502) 
Epoch 2 Step 230 - avg_train_loss: 0.2096  avg_val_loss: 0.2751
Epoch 2 Step 230 - Score: 0.5229
Epoch: [2][300/464] Elapsed 6m 20s (remain 3m 26s) Loss: 0.1470(0.2139) 
Epoch: [2][400/464] Elapsed 8m 23s (remain 1m 19s) Loss: 0.1974(0.2120) 
EVAL: [0/13] Elapsed 0m 0s (remain 0m 10s) Loss: 0.2061(0.2061) 
EVAL: [12/13] Elapsed 0m 8s (remain 0m 0s) Loss: 0.1270(0.2259) 
Epoch 2 Step 460 - avg_train_loss: 0.2088  avg_val_loss: 0.2495
Epoch 2 Step 460 - Score: 0.4990
Epoch 2 Step 460 - Save Best Score: 0.4990 Model
Epoch: [2][463/464] Elapsed 9m 59s (remain 0m 0s) Loss: 0.1660(0.2129) 
Epoch 2 - avg_train_loss: 0.2086  avg_val_loss: 0.2495  time: 600s
Epoch 2 - Score: 0.4990
Epoch: [3][0/464] Elapsed 0m 0s (remain 7m 31s) Loss: 0.2144(0.2144) 
Epoch: [3][100/464] Elapsed 2m 3s (remain 7m 24s) Loss: 0.1331(0.1910) 
Epoch: [3][200/464] Elapsed 4m 8s (remain 5m 24s) Loss: 0.2349(0.1849) 
EVAL: [0/13] Elapsed 0m 0s (remain 0m 9s) Loss: 0.2947(0.2947) 
EVAL: [12/13] Elapsed 0m 10s (remain 0m 0s) Loss: 0.1354(0.2415) 
Epoch 3 Step 230 - avg_train_loss: 0.1785  avg_val_loss: 0.2620
Epoch 3 Step 230 - Score: 0.5105
Epoch: [3][300/464] Elapsed 6m 23s (remain 3m 27s) Loss: 0.1278(0.1816) 
Epoch: [3][400/464] Elapsed 8m 28s (remain 1m 19s) Loss: 0.1690(0.1770) 
EVAL: [0/13] Elapsed 0m 0s (remain 0m 10s) Loss: 0.2244(0.2244) 
EVAL: [12/13] Elapsed 0m 9s (remain 0m 0s) Loss: 0.1187(0.2281) 
Epoch 3 Step 460 - avg_train_loss: 0.1725  avg_val_loss: 0.2447
Epoch 3 Step 460 - Score: 0.4942
Epoch 3 Step 460 - Save Best Score: 0.4942 Model
Epoch: [3][463/464] Elapsed 10m 3s (remain 0m 0s) Loss: 0.1752(0.1761) 
Epoch 3 - avg_train_loss: 0.1724  avg_val_loss: 0.2447  time: 604s
Epoch 3 - Score: 0.4942
Epoch: [4][0/464] Elapsed 0m 1s (remain 9m 45s) Loss: 0.2348(0.2348) 
Epoch: [4][100/464] Elapsed 2m 1s (remain 7m 15s) Loss: 0.0917(0.1552) 
Epoch: [4][200/464] Elapsed 4m 0s (remain 5m 14s) Loss: 0.1873(0.1499) 
EVAL: [0/13] Elapsed 0m 0s (remain 0m 5s) Loss: 0.2782(0.2782) 
EVAL: [12/13] Elapsed 0m 8s (remain 0m 0s) Loss: 0.1330(0.2366) 
Epoch 4 Step 230 - avg_train_loss: 0.1435  avg_val_loss: 0.2549
Epoch 4 Step 230 - Score: 0.5039
Epoch: [4][300/464] Elapsed 6m 11s (remain 3m 21s) Loss: 0.1322(0.1482) 
Epoch: [4][400/464] Elapsed 8m 13s (remain 1m 17s) Loss: 0.1255(0.1441) 
EVAL: [0/13] Elapsed 0m 0s (remain 0m 6s) Loss: 0.2254(0.2254) 
EVAL: [12/13] Elapsed 0m 9s (remain 0m 0s) Loss: 0.1455(0.2450) 
Epoch 4 Step 460 - avg_train_loss: 0.1397  avg_val_loss: 0.2565
Epoch 4 Step 460 - Score: 0.5056
Epoch: [4][463/464] Elapsed 9m 40s (remain 0m 0s) Loss: 0.2803(0.1424) 
Epoch 4 - avg_train_loss: 0.1399  avg_val_loss: 0.2565  time: 581s
Epoch 4 - Score: 0.5056
========== fold: 17 result ==========
Score: 0.4942
Running basic DDP example on rank 0.
Running basic DDP example on rank 1.
-------------fold:18 training-------------
Epoch: [1][0/464] Elapsed 0m 1s (remain 12m 54s) Loss: 12.9200(12.9200) 
Epoch: [1][100/464] Elapsed 2m 6s (remain 7m 35s) Loss: 0.3329(1.4366) 
Epoch: [1][200/464] Elapsed 4m 7s (remain 5m 23s) Loss: 0.3634(0.8549) 
EVAL: [0/13] Elapsed 0m 0s (remain 0m 10s) Loss: 0.2692(0.2692) 
EVAL: [12/13] Elapsed 0m 9s (remain 0m 0s) Loss: 0.2275(0.2244) 
Epoch 1 Step 230 - avg_train_loss: 0.7652  avg_val_loss: 0.2239
Epoch 1 Step 230 - Score: 0.4726
Epoch 1 Step 230 - Save Best Score: 0.4726 Model
Epoch: [1][300/464] Elapsed 6m 23s (remain 3m 27s) Loss: 0.2078(0.6525) 
Epoch: [1][400/464] Elapsed 8m 24s (remain 1m 19s) Loss: 0.0841(0.5488) 
EVAL: [0/13] Elapsed 0m 0s (remain 0m 5s) Loss: 0.2314(0.2314) 
EVAL: [12/13] Elapsed 0m 8s (remain 0m 0s) Loss: 0.2444(0.2215) 
Epoch 1 Step 460 - avg_train_loss: 0.5003  avg_val_loss: 0.2236
Epoch 1 Step 460 - Score: 0.4720
Epoch 1 Step 460 - Save Best Score: 0.4720 Model
Epoch: [1][463/464] Elapsed 9m 58s (remain 0m 0s) Loss: 0.1192(0.5029) 
Epoch 1 - avg_train_loss: 0.4987  avg_val_loss: 0.2236  time: 599s
Epoch 1 - Score: 0.4720
Epoch: [2][0/464] Elapsed 0m 1s (remain 10m 30s) Loss: 0.1383(0.1383) 
Epoch: [2][100/464] Elapsed 2m 2s (remain 7m 21s) Loss: 0.3404(0.2085) 
Epoch: [2][200/464] Elapsed 4m 3s (remain 5m 19s) Loss: 0.2878(0.2090) 
EVAL: [0/13] Elapsed 0m 0s (remain 0m 11s) Loss: 0.2159(0.2159) 
EVAL: [12/13] Elapsed 0m 10s (remain 0m 0s) Loss: 0.2184(0.2168) 
Epoch 2 Step 230 - avg_train_loss: 0.2077  avg_val_loss: 0.2180
Epoch 2 Step 230 - Score: 0.4659
Epoch 2 Step 230 - Save Best Score: 0.4659 Model
Epoch: [2][300/464] Elapsed 6m 25s (remain 3m 28s) Loss: 0.2293(0.2069) 
Epoch: [2][400/464] Elapsed 8m 29s (remain 1m 20s) Loss: 0.0865(0.2069) 
EVAL: [0/13] Elapsed 0m 0s (remain 0m 10s) Loss: 0.1952(0.1952) 
EVAL: [12/13] Elapsed 0m 9s (remain 0m 0s) Loss: 0.2470(0.2162) 
Epoch 2 Step 460 - avg_train_loss: 0.2030  avg_val_loss: 0.2210
Epoch 2 Step 460 - Score: 0.4691
Epoch: [2][463/464] Elapsed 9m 58s (remain 0m 0s) Loss: 0.1226(0.2038) 
Epoch 2 - avg_train_loss: 0.2032  avg_val_loss: 0.2210  time: 599s
Epoch 2 - Score: 0.4691
Epoch: [3][0/464] Elapsed 0m 1s (remain 10m 3s) Loss: 0.1445(0.1445) 
Epoch: [3][100/464] Elapsed 2m 3s (remain 7m 22s) Loss: 0.3673(0.1826) 
Epoch: [3][200/464] Elapsed 4m 4s (remain 5m 19s) Loss: 0.1885(0.1763) 
EVAL: [0/13] Elapsed 0m 0s (remain 0m 5s) Loss: 0.2111(0.2111) 
EVAL: [12/13] Elapsed 0m 8s (remain 0m 0s) Loss: 0.2411(0.2301) 
Epoch 3 Step 230 - avg_train_loss: 0.1768  avg_val_loss: 0.2328
Epoch 3 Step 230 - Score: 0.4810
Epoch: [3][300/464] Elapsed 6m 15s (remain 3m 23s) Loss: 0.2440(0.1717) 
Epoch: [3][400/464] Elapsed 8m 17s (remain 1m 18s) Loss: 0.0907(0.1718) 
EVAL: [0/13] Elapsed 0m 0s (remain 0m 10s) Loss: 0.1912(0.1912) 
EVAL: [12/13] Elapsed 0m 10s (remain 0m 0s) Loss: 0.2782(0.2187) 
Epoch 3 Step 460 - avg_train_loss: 0.1680  avg_val_loss: 0.2234
Epoch 3 Step 460 - Score: 0.4720
Epoch: [3][463/464] Elapsed 9m 46s (remain 0m 0s) Loss: 0.1143(0.1683) 
Epoch 3 - avg_train_loss: 0.1681  avg_val_loss: 0.2234  time: 587s
Epoch 3 - Score: 0.4720
Epoch: [4][0/464] Elapsed 0m 0s (remain 6m 38s) Loss: 0.1412(0.1412) 
Epoch: [4][100/464] Elapsed 2m 2s (remain 7m 19s) Loss: 0.3577(0.1461) 
Epoch: [4][200/464] Elapsed 4m 4s (remain 5m 19s) Loss: 0.1262(0.1368) 
EVAL: [0/13] Elapsed 0m 0s (remain 0m 5s) Loss: 0.2787(0.2787) 
EVAL: [12/13] Elapsed 0m 7s (remain 0m 0s) Loss: 0.2862(0.2957) 
Epoch 4 Step 230 - avg_train_loss: 0.1409  avg_val_loss: 0.2999
Epoch 4 Step 230 - Score: 0.5448
Epoch: [4][300/464] Elapsed 6m 18s (remain 3m 25s) Loss: 0.2462(0.1433) 
Epoch: [4][400/464] Elapsed 8m 21s (remain 1m 18s) Loss: 0.1050(0.1436) 
EVAL: [0/13] Elapsed 0m 0s (remain 0m 11s) Loss: 0.1749(0.1749) 
EVAL: [12/13] Elapsed 0m 10s (remain 0m 0s) Loss: 0.3060(0.2256) 
Epoch 4 Step 460 - avg_train_loss: 0.1408  avg_val_loss: 0.2335
Epoch 4 Step 460 - Score: 0.4826
Epoch: [4][463/464] Elapsed 9m 49s (remain 0m 0s) Loss: 0.1034(0.1406) 
Epoch 4 - avg_train_loss: 0.1407  avg_val_loss: 0.2335  time: 589s
Epoch 4 - Score: 0.4826
========== fold: 18 result ==========
Score: 0.4659
Running basic DDP example on rank 1.
Running basic DDP example on rank 0.
-------------fold:19 training-------------
Epoch: [1][0/464] Elapsed 0m 1s (remain 14m 32s) Loss: 12.9247(12.9247) 
Epoch: [1][100/464] Elapsed 2m 3s (remain 7m 25s) Loss: 0.5118(1.4205) 
Epoch: [1][200/464] Elapsed 4m 7s (remain 5m 24s) Loss: 0.0751(0.8402) 
EVAL: [0/13] Elapsed 0m 0s (remain 0m 11s) Loss: 0.3028(0.3028) 
EVAL: [12/13] Elapsed 0m 9s (remain 0m 0s) Loss: 0.2115(0.2665) 
Epoch 1 Step 230 - avg_train_loss: 0.7841  avg_val_loss: 0.2402
Epoch 1 Step 230 - Score: 0.4899
Epoch 1 Step 230 - Save Best Score: 0.4899 Model
Epoch: [1][300/464] Elapsed 6m 23s (remain 3m 27s) Loss: 0.2436(0.6428) 
Epoch: [1][400/464] Elapsed 8m 25s (remain 1m 19s) Loss: 0.2156(0.5364) 
EVAL: [0/13] Elapsed 0m 0s (remain 0m 6s) Loss: 0.2959(0.2959) 
EVAL: [12/13] Elapsed 0m 10s (remain 0m 0s) Loss: 0.1748(0.2351) 
Epoch 1 Step 460 - avg_train_loss: 0.5065  avg_val_loss: 0.2198
Epoch 1 Step 460 - Score: 0.4683
Epoch 1 Step 460 - Save Best Score: 0.4683 Model
Epoch: [1][463/464] Elapsed 10m 2s (remain 0m 0s) Loss: 0.1202(0.4918) 
Epoch 1 - avg_train_loss: 0.5042  avg_val_loss: 0.2198  time: 603s
Epoch 1 - Score: 0.4683
Epoch: [2][0/464] Elapsed 0m 1s (remain 9m 33s) Loss: 0.1592(0.1592) 
Epoch: [2][100/464] Elapsed 2m 6s (remain 7m 36s) Loss: 0.3184(0.2268) 
Epoch: [2][200/464] Elapsed 4m 10s (remain 5m 27s) Loss: 0.0610(0.2185) 
EVAL: [0/13] Elapsed 0m 0s (remain 0m 5s) Loss: 0.2595(0.2595) 
EVAL: [12/13] Elapsed 0m 8s (remain 0m 0s) Loss: 0.2337(0.2439) 
Epoch 2 Step 230 - avg_train_loss: 0.2213  avg_val_loss: 0.2189
Epoch 2 Step 230 - Score: 0.4679
Epoch 2 Step 230 - Save Best Score: 0.4679 Model
Epoch: [2][300/464] Elapsed 6m 31s (remain 3m 32s) Loss: 0.1859(0.2155) 
Epoch: [2][400/464] Elapsed 8m 38s (remain 1m 21s) Loss: 0.2120(0.2079) 
EVAL: [0/13] Elapsed 0m 0s (remain 0m 10s) Loss: 0.2822(0.2822) 
EVAL: [12/13] Elapsed 0m 10s (remain 0m 0s) Loss: 0.1734(0.2365) 
Epoch 2 Step 460 - avg_train_loss: 0.2081  avg_val_loss: 0.2215
Epoch 2 Step 460 - Score: 0.4701
Epoch: [2][463/464] Elapsed 10m 5s (remain 0m 0s) Loss: 0.0994(0.2046) 
Epoch 2 - avg_train_loss: 0.2077  avg_val_loss: 0.2215  time: 605s
Epoch 2 - Score: 0.4701
Epoch: [3][0/464] Elapsed 0m 1s (remain 9m 24s) Loss: 0.1395(0.1395) 
Epoch: [3][100/464] Elapsed 2m 6s (remain 7m 35s) Loss: 0.2730(0.1930) 
Epoch: [3][200/464] Elapsed 4m 8s (remain 5m 24s) Loss: 0.0608(0.1850) 
EVAL: [0/13] Elapsed 0m 0s (remain 0m 5s) Loss: 0.2589(0.2589) 
EVAL: [12/13] Elapsed 0m 9s (remain 0m 0s) Loss: 0.2285(0.2477) 
Epoch 3 Step 230 - avg_train_loss: 0.1863  avg_val_loss: 0.2191
Epoch 3 Step 230 - Score: 0.4680
Epoch: [3][300/464] Elapsed 6m 19s (remain 3m 25s) Loss: 0.1558(0.1834) 
Epoch: [3][400/464] Elapsed 8m 21s (remain 1m 18s) Loss: 0.2111(0.1759) 
EVAL: [0/13] Elapsed 0m 0s (remain 0m 6s) Loss: 0.2776(0.2776) 
EVAL: [12/13] Elapsed 0m 9s (remain 0m 0s) Loss: 0.1759(0.2527) 
Epoch 3 Step 460 - avg_train_loss: 0.1742  avg_val_loss: 0.2321
Epoch 3 Step 460 - Score: 0.4811
Epoch: [3][463/464] Elapsed 9m 49s (remain 0m 0s) Loss: 0.0882(0.1730) 
Epoch 3 - avg_train_loss: 0.1739  avg_val_loss: 0.2321  time: 589s
Epoch 3 - Score: 0.4811
Epoch: [4][0/464] Elapsed 0m 0s (remain 7m 38s) Loss: 0.1110(0.1110) 
Epoch: [4][100/464] Elapsed 2m 5s (remain 7m 30s) Loss: 0.2264(0.1485) 
Epoch: [4][200/464] Elapsed 4m 10s (remain 5m 27s) Loss: 0.1288(0.1428) 
EVAL: [0/13] Elapsed 0m 0s (remain 0m 5s) Loss: 0.3024(0.3024) 
EVAL: [12/13] Elapsed 0m 9s (remain 0m 0s) Loss: 0.3222(0.3371) 
Epoch 4 Step 230 - avg_train_loss: 0.1499  avg_val_loss: 0.3072
Epoch 4 Step 230 - Score: 0.5522
Epoch: [4][300/464] Elapsed 6m 23s (remain 3m 27s) Loss: 0.1469(0.1524) 
Epoch: [4][400/464] Elapsed 8m 27s (remain 1m 19s) Loss: 0.1238(0.1478) 
EVAL: [0/13] Elapsed 0m 0s (remain 0m 5s) Loss: 0.2867(0.2867) 
EVAL: [12/13] Elapsed 0m 9s (remain 0m 0s) Loss: 0.1565(0.2634) 
Epoch 4 Step 460 - avg_train_loss: 0.1434  avg_val_loss: 0.2346
Epoch 4 Step 460 - Score: 0.4837
Epoch: [4][463/464] Elapsed 9m 54s (remain 0m 0s) Loss: 0.0820(0.1431) 
Epoch 4 - avg_train_loss: 0.1430  avg_val_loss: 0.2346  time: 594s
Epoch 4 - Score: 0.4837
========== fold: 19 result ==========
Score: 0.4679
========== CV ==========
Score: 0.4652
